{Sat 08:24:32 Step:5} Server_Comm.py: Received a new packet while thinking!
{Sat 08:24:32 Step:7} Server_Comm.py: The agent lost 1 packet! Is syncmode enabled?
{Sat 08:24:32 Step:12} Server_Comm.py: Received a new packet while thinking!
{Sat 08:24:32 Step:14} Server_Comm.py: The agent lost 1 packet! Is syncmode enabled?
{Sat 08:24:32 Step:14} Server_Comm.py: Received a new packet while thinking!
{Sat 08:24:32 Step:16} Server_Comm.py: The agent lost 1 packet! Is syncmode enabled?
{Sat 08:24:33 Step:19} Server_Comm.py: Received a new packet while thinking!
{Sat 08:24:33 Step:21} Server_Comm.py: The agent lost 1 packet! Is syncmode enabled?
{Sat 08:24:33 Step:21} Server_Comm.py: Received a new packet while on world.update()!
{Sat 08:24:33 Step:29} Server_Comm.py: The agent lost 7 consecutive packets! Is syncmode disabled?
{Sat 08:24:33 Step:29} Server_Comm.py: Received a new packet while on world.update()!
{Sat 08:24:33 Step:33} Server_Comm.py: The agent lost 3 consecutive packets! Is syncmode disabled?
{Sat 08:24:33 Step:33} Server_Comm.py: Received a new packet while on world.update()!
{Sat 08:24:33 Step:38} Server_Comm.py: The agent lost 4 consecutive packets! Is syncmode disabled?
{Sat 08:24:33 Step:38} Server_Comm.py: Received a new packet while thinking!
{Sat 08:24:33 Step:40} Server_Comm.py: The agent lost 1 packet! Is syncmode enabled?
{Sat 08:24:36 Step:164} Server_Comm.py: The agent lost 1 packet! Is syncmode enabled?
{Sat 08:24:36 Step:167} Server_Comm.py: Received a new packet while thinking!
{Sat 08:24:36 Step:169} Server_Comm.py: The agent lost 1 packet! Is syncmode enabled?
{Sat 08:24:36 Step:169} Server_Comm.py: Received a new packet while on world.update()!
{Sat 08:24:36 Step:170} Server_Comm.py: Received a new packet while thinking!
{Sat 08:24:36 Step:171} Server_Comm.py: Received a new packet while thinking!
{Sat 08:24:36 Step:174} Server_Comm.py: Received a new packet while thinking!
{Sat 08:24:36 Step:177} Server_Comm.py: The agent lost 2 consecutive packets! Is syncmode disabled?
{Sat 08:24:36 Step:177} Server_Comm.py: Received a new packet while thinking!
{Sat 08:24:36 Step:191} Server_Comm.py: Received a new packet while on world.update()!
{Sat 08:24:36 Step:192} Server_Comm.py: Received a new packet while thinking!
{Sat 08:24:36 Step:194} Server_Comm.py: The agent lost 1 packet! Is syncmode enabled?
{Sat 08:24:36 Step:194} Server_Comm.py: Received a new packet while thinking!
{Sat 08:24:36 Step:195} Server_Comm.py: Received a new packet while thinking!
{Sat 08:24:36 Step:196} Server_Comm.py: Received a new packet while thinking!
{Sat 08:24:36 Step:198} Server_Comm.py: The agent lost 1 packet! Is syncmode enabled?
{Sat 08:24:36 Step:198} Server_Comm.py: Received a new packet while on world.update()!
{Sat 08:24:36 Step:199} Server_Comm.py: Received a new packet while thinking!
{Sat 08:24:36 Step:200} Server_Comm.py: Received a new packet while on world.update()!
{Sat 08:24:40 Step:356} Server_Comm.py: The agent lost 1 packet! Is syncmode enabled?
{Sat 08:24:40 Step:357} Server_Comm.py: Received a new packet while on world.update()!
{Sat 08:24:40 Step:359} Server_Comm.py: The agent lost 1 packet! Is syncmode enabled?
{Sat 08:24:42 Step:469} Server_Comm.py: Received a new packet while on world.update()!
{Sat 08:24:42 Step:472} Server_Comm.py: The agent lost 2 consecutive packets! Is syncmode disabled?
{Sat 08:24:43 Step:524} Server_Comm.py: Received a new packet while thinking!
{Sat 08:24:45 Step:608} Server_Comm.py: Received a new packet while thinking!
{Sat 08:24:45 Step:610} Server_Comm.py: The agent lost 1 packet! Is syncmode enabled?
{Sat 08:24:45 Step:613} Server_Comm.py: Received a new packet while thinking!
{Sat 08:24:45 Step:615} Server_Comm.py: The agent lost 1 packet! Is syncmode enabled?
{Sat 08:24:45 Step:615} Server_Comm.py: Received a new packet while on world.update()!
{Sat 08:24:45 Step:616} Server_Comm.py: Received a new packet while thinking!
{Sat 08:24:45 Step:617} Server_Comm.py: Received a new packet while on world.update()!
{Sat 08:24:45 Step:618} Server_Comm.py: Received a new packet while thinking!
{Sat 08:24:45 Step:620} Server_Comm.py: The agent lost 1 packet! Is syncmode enabled?
{Sat 08:24:45 Step:643} Server_Comm.py: The agent lost 1 packet! Is syncmode enabled?
{Sat 08:24:46 Step:650} Server_Comm.py: The agent lost 1 packet! Is syncmode enabled?
{Sat 08:24:46 Step:659} Server_Comm.py: Received a new packet while on world.update()!
{Sat 08:24:46 Step:661} Server_Comm.py: The agent lost 1 packet! Is syncmode enabled?
{Sat 08:24:46 Step:661} Server_Comm.py: Received a new packet while on world.update()!
{Sat 08:24:46 Step:662} Server_Comm.py: Received a new packet while thinking!
{Sat 08:24:46 Step:663} Server_Comm.py: Received a new packet while thinking!
{Sat 08:24:46 Step:666} Server_Comm.py: The agent lost 2 consecutive packets! Is syncmode disabled?
{Sat 08:24:46 Step:681} Server_Comm.py: The agent lost 2 consecutive packets! Is syncmode disabled?
{Sat 08:24:46 Step:681} Server_Comm.py: Received a new packet while thinking!
{Sat 08:24:49 Step:804} Server_Comm.py: Received a new packet while thinking!
{Sat 08:24:49 Step:807} Server_Comm.py: The agent lost 2 consecutive packets! Is syncmode disabled?
{Sat 08:24:49 Step:807} Server_Comm.py: Received a new packet while on world.update()!
{Sat 08:24:49 Step:809} Server_Comm.py: The agent lost 1 packet! Is syncmode enabled?
{Sat 08:24:49 Step:809} Server_Comm.py: Received a new packet while on world.update()!
{Sat 08:24:49 Step:812} Server_Comm.py: The agent lost 2 consecutive packets! Is syncmode disabled?
{Sat 08:24:49 Step:812} Server_Comm.py: Received a new packet while thinking!
{Sat 08:24:49 Step:814} Server_Comm.py: The agent lost 1 packet! Is syncmode enabled?
{Sat 08:24:49 Step:814} Server_Comm.py: Received a new packet while thinking!
{Sat 08:24:49 Step:816} Server_Comm.py: The agent lost 1 packet! Is syncmode enabled?
{Sat 08:24:49 Step:816} Server_Comm.py: Received a new packet while on world.update()!
{Sat 08:24:49 Step:821} Server_Comm.py: The agent lost 4 consecutive packets! Is syncmode disabled?
{Sat 08:24:49 Step:821} Server_Comm.py: Received a new packet while on world.update()!
{Sat 08:24:49 Step:824} Server_Comm.py: The agent lost 2 consecutive packets! Is syncmode disabled?
{Sat 08:24:49 Step:824} Server_Comm.py: Received a new packet while thinking!
{Sat 08:24:53 Step:978} Server_Comm.py: Received a new packet while thinking!
{Sat 08:24:53 Step:981} Server_Comm.py: The agent lost 2 consecutive packets! Is syncmode disabled?
{Sat 08:24:53 Step:987} Server_Comm.py: The agent lost 1 packet! Is syncmode enabled?
{Sat 08:24:53 Step:1001} Server_Comm.py: Received a new packet while thinking!
{Sat 08:24:53 Step:1004} Server_Comm.py: The agent lost 2 consecutive packets! Is syncmode disabled?
{Sat 08:24:53 Step:1004} Server_Comm.py: Received a new packet while thinking!
{Sat 08:24:53 Step:1006} Server_Comm.py: The agent lost 1 packet! Is syncmode enabled?
{Sat 08:24:55 Step:1081} Server_Comm.py: Received a new packet while on world.update()!
{Sat 08:24:55 Step:1084} Server_Comm.py: The agent lost 2 consecutive packets! Is syncmode disabled?
{Sat 08:24:56 Step:1125} Server_Comm.py: Received a new packet while thinking!
{Sat 08:24:56 Step:1126} Server_Comm.py: Received a new packet while thinking!
{Sat 08:24:56 Step:1128} Server_Comm.py: The agent lost 1 packet! Is syncmode enabled?
{Sat 08:24:56 Step:1128} Server_Comm.py: Received a new packet while thinking!
{Sat 08:24:56 Step:1129} Server_Comm.py: Received a new packet while thinking!
{Sat 08:24:56 Step:1133} Server_Comm.py: The agent lost 3 consecutive packets! Is syncmode disabled?
{Sat 08:24:56 Step:1133} Server_Comm.py: Received a new packet while on world.update()!
{Sat 08:24:56 Step:1135} Server_Comm.py: The agent lost 1 packet! Is syncmode enabled?
{Sat 08:24:56 Step:1135} Server_Comm.py: Received a new packet while thinking!
{Sat 08:24:59 Step:1306} Server_Comm.py: The agent lost 1 packet! Is syncmode enabled?
{Sat 08:25:00 Step:1315} Server_Comm.py: Received a new packet while on world.update()!
{Sat 08:25:00 Step:1318} Server_Comm.py: The agent lost 2 consecutive packets! Is syncmode disabled?
{Sat 08:25:00 Step:1322} Server_Comm.py: The agent lost 1 packet! Is syncmode enabled?
{Sat 08:25:00 Step:1325} Server_Comm.py: Received a new packet while on world.update()!
{Sat 08:25:00 Step:1328} Server_Comm.py: The agent lost 2 consecutive packets! Is syncmode disabled?
{Sat 08:25:00 Step:1328} Server_Comm.py: Received a new packet while thinking!
{Sat 08:25:00 Step:1330} Server_Comm.py: The agent lost 1 packet! Is syncmode enabled?
{Sat 08:25:00 Step:1330} Server_Comm.py: Received a new packet while thinking!
{Sat 08:25:00 Step:1331} Server_Comm.py: Received a new packet while thinking!
{Sat 08:25:02 Step:1443} Server_Comm.py: Received a new packet while thinking!
{Sat 08:25:02 Step:1445} Server_Comm.py: The agent lost 1 packet! Is syncmode enabled?
{Sat 08:25:02 Step:1445} Server_Comm.py: Received a new packet while on world.update()!
{Sat 08:25:02 Step:1446} Server_Comm.py: Received a new packet while thinking!
{Sat 08:25:02 Step:1447} Server_Comm.py: Received a new packet while on world.update()!
{Sat 08:25:02 Step:1448} Server_Comm.py: Received a new packet while thinking!
{Sat 08:25:02 Step:1449} Server_Comm.py: Received a new packet while on world.update()!
{Sat 08:25:03 Step:1475} Server_Comm.py: Received a new packet while on world.update()!
{Sat 08:25:03 Step:1477} Server_Comm.py: Received a new packet while thinking!
{Sat 08:25:03 Step:1479} Server_Comm.py: The agent lost 1 packet! Is syncmode enabled?
{Sat 08:25:03 Step:1479} Server_Comm.py: Received a new packet while on world.update()!
{Sat 08:25:03 Step:1480} Server_Comm.py: Received a new packet while thinking!
{Sat 08:25:03 Step:1484} Server_Comm.py: The agent lost 3 consecutive packets! Is syncmode disabled?
{Sat 08:25:03 Step:1493} Server_Comm.py: The agent lost 4 consecutive packets! Is syncmode disabled?
{Sat 08:25:04 Step:1506} Server_Comm.py: Received a new packet while thinking!
{Sat 08:25:04 Step:1508} Server_Comm.py: The agent lost 1 packet! Is syncmode enabled?
{Sat 08:25:04 Step:1511} Server_Comm.py: Received a new packet while thinking!
{Sat 08:25:04 Step:1513} Server_Comm.py: The agent lost 1 packet! Is syncmode enabled?
{Sat 08:25:04 Step:1519} Server_Comm.py: Received a new packet while on world.update()!
{Sat 08:25:04 Step:1522} Server_Comm.py: The agent lost 2 consecutive packets! Is syncmode disabled?
{Sat 08:25:04 Step:1522} Server_Comm.py: Received a new packet while on world.update()!
{Sat 08:25:04 Step:1524} Server_Comm.py: The agent lost 1 packet! Is syncmode enabled?
{Sat 08:25:04 Step:1533} Server_Comm.py: Received a new packet while thinking!
{Sat 08:25:04 Step:1536} Server_Comm.py: The agent lost 2 consecutive packets! Is syncmode disabled?
{Sat 08:25:06 Step:1627} Server_Comm.py: Received a new packet while thinking!
{Sat 08:25:06 Step:1630} Server_Comm.py: The agent lost 2 consecutive packets! Is syncmode disabled?
{Sat 08:25:06 Step:1630} Server_Comm.py: Received a new packet while thinking!
{Sat 08:25:06 Step:1631} Server_Comm.py: Received a new packet while on world.update()!
{Sat 08:25:07 Step:1653} Server_Comm.py: Received a new packet while on world.update()!
{Sat 08:25:07 Step:1662} Server_Comm.py: The agent lost 1 packet! Is syncmode enabled?
{Sat 08:25:07 Step:1663} Server_Comm.py: Received a new packet while on world.update()!
{Sat 08:25:07 Step:1666} Server_Comm.py: The agent lost 2 consecutive packets! Is syncmode disabled?
{Sat 08:25:07 Step:1666} Server_Comm.py: Received a new packet while thinking!
{Sat 08:25:07 Step:1668} Server_Comm.py: The agent lost 1 packet! Is syncmode enabled?
{Sat 08:25:07 Step:1668} Server_Comm.py: Received a new packet while on world.update()!
{Sat 08:25:07 Step:1669} Server_Comm.py: Received a new packet while on world.update()!
{Sat 08:25:07 Step:1673} Server_Comm.py: Received a new packet while thinking!
{Sat 08:25:07 Step:1675} Server_Comm.py: The agent lost 1 packet! Is syncmode enabled?
{Sat 08:25:07 Step:1675} Server_Comm.py: Received a new packet while thinking!
{Sat 08:25:07 Step:1677} Server_Comm.py: The agent lost 1 packet! Is syncmode enabled?
{Sat 08:25:07 Step:1677} Server_Comm.py: Received a new packet while thinking!
{Sat 08:25:09 Step:1774} Server_Comm.py: Received a new packet while thinking!
{Sat 08:25:09 Step:1776} Server_Comm.py: The agent lost 1 packet! Is syncmode enabled?
{Sat 08:25:09 Step:1776} Server_Comm.py: Received a new packet while on world.update()!
{Sat 08:25:09 Step:1778} Server_Comm.py: The agent lost 1 packet! Is syncmode enabled?
{Sat 08:25:14 Step:1988} Server_Comm.py: Received a new packet while thinking!
{Sat 08:25:14 Step:1989} Server_Comm.py: Received a new packet while on world.update()!
{Sat 08:25:14 Step:1993} Server_Comm.py: Received a new packet while thinking!
{Sat 08:25:14 Step:1995} Server_Comm.py: The agent lost 1 packet! Is syncmode enabled?
{Sat 08:25:14 Step:1995} Server_Comm.py: Received a new packet while thinking!
{Sat 08:25:14 Step:1999} Server_Comm.py: Received a new packet while on world.update()!
{Sat 08:25:14 Step:2003} Server_Comm.py: The agent lost 3 consecutive packets! Is syncmode disabled?
{Sat 08:25:14 Step:2003} Server_Comm.py: Received a new packet while on world.update()!
{Sat 08:25:14 Step:2004} Server_Comm.py: Received a new packet while thinking!
{Sat 08:25:14 Step:2007} Server_Comm.py: The agent lost 2 consecutive packets! Is syncmode disabled?
{Sat 08:25:14 Step:2007} Server_Comm.py: Received a new packet while on world.update()!
{Sat 08:25:14 Step:2011} Server_Comm.py: Received a new packet while on world.update()!
{Sat 08:25:14 Step:2013} Server_Comm.py: The agent lost 1 packet! Is syncmode enabled?
{Sat 08:25:14 Step:2013} Server_Comm.py: Received a new packet while on world.update()!
{Sat 08:25:14 Step:2014} Server_Comm.py: Received a new packet while on world.update()!
{Sat 08:25:15 Step:2025} Server_Comm.py: Received a new packet while thinking!
{Sat 08:25:15 Step:2027} Server_Comm.py: The agent lost 1 packet! Is syncmode enabled?
{Sat 08:25:15 Step:2027} Server_Comm.py: Received a new packet while on world.update()!
{Sat 08:25:15 Step:2028} Server_Comm.py: Received a new packet while thinking!
{Sat 08:25:15 Step:2030} Server_Comm.py: The agent lost 1 packet! Is syncmode enabled?
{Sat 08:25:15 Step:2030} Server_Comm.py: Received a new packet while thinking!
{Sat 08:25:15 Step:2032} Server_Comm.py: The agent lost 1 packet! Is syncmode enabled?
{Sat 08:25:15 Step:2032} Server_Comm.py: Received a new packet while thinking!
{Sat 08:25:15 Step:2033} Server_Comm.py: Received a new packet while thinking!
{Sat 08:25:15 Step:2034} Server_Comm.py: Received a new packet while thinking!
{Sat 08:25:15 Step:2036} Server_Comm.py: The agent lost 1 packet! Is syncmode enabled?
{Sat 08:25:18 Step:2204} Server_Comm.py: The agent lost 2 consecutive packets! Is syncmode disabled?
{Sat 08:25:18 Step:2204} Server_Comm.py: Received a new packet while thinking!
{Sat 08:25:18 Step:2205} Server_Comm.py: Received a new packet while on world.update()!
{Sat 08:25:18 Step:2207} Server_Comm.py: The agent lost 1 packet! Is syncmode enabled?
{Sat 08:25:18 Step:2207} Server_Comm.py: Received a new packet while thinking!
{Sat 08:25:18 Step:2209} Server_Comm.py: The agent lost 1 packet! Is syncmode enabled?
{Sat 08:25:18 Step:2209} Server_Comm.py: Received a new packet while on world.update()!
{Sat 08:25:18 Step:2210} Server_Comm.py: Received a new packet while thinking!
{Sat 08:25:18 Step:2212} Server_Comm.py: The agent lost 1 packet! Is syncmode enabled?
{Sat 08:25:21 Step:2318} Server_Comm.py: Received a new packet while thinking!
{Sat 08:25:21 Step:2320} Server_Comm.py: The agent lost 1 packet! Is syncmode enabled?
{Sat 08:25:21 Step:2320} Server_Comm.py: Received a new packet while on world.update()!
{Sat 08:25:21 Step:2322} Server_Comm.py: The agent lost 1 packet! Is syncmode enabled?
{Sat 08:25:21 Step:2322} Server_Comm.py: Received a new packet while thinking!
{Sat 08:25:21 Step:2323} Server_Comm.py: Received a new packet while on world.update()!
{Sat 08:25:21 Step:2324} Server_Comm.py: Received a new packet while thinking!
{Sat 08:25:21 Step:2326} Server_Comm.py: The agent lost 1 packet! Is syncmode enabled?
{Sat 08:25:21 Step:2328} Server_Comm.py: The agent lost 1 packet! Is syncmode enabled?
{Sat 08:25:21 Step:2328} Server_Comm.py: Received a new packet while thinking!
{Sat 08:25:21 Step:2330} Server_Comm.py: The agent lost 1 packet! Is syncmode enabled?
{Sat 08:25:21 Step:2331} Server_Comm.py: Received a new packet while thinking!
{Sat 08:25:21 Step:2332} Server_Comm.py: Received a new packet while on world.update()!
{Sat 08:25:21 Step:2333} Server_Comm.py: Received a new packet while on world.update()!
{Sat 08:25:21 Step:2334} Server_Comm.py: Received a new packet while thinking!
{Sat 08:25:21 Step:2336} Server_Comm.py: The agent lost 1 packet! Is syncmode enabled?
{Sat 08:25:21 Step:2351} Server_Comm.py: The agent lost 1 packet! Is syncmode enabled?
{Sat 08:25:21 Step:2353} Server_Comm.py: The agent lost 1 packet! Is syncmode enabled?
{Sat 08:25:22 Step:2385} Server_Comm.py: Received a new packet while thinking!
{Sat 08:25:25 Step:2519} Server_Comm.py: Received a new packet while thinking!
{Sat 08:25:25 Step:2521} Server_Comm.py: The agent lost 1 packet! Is syncmode enabled?
{Sat 08:25:25 Step:2523} Server_Comm.py: Received a new packet while thinking!
{Sat 08:25:25 Step:2526} Server_Comm.py: The agent lost 2 consecutive packets! Is syncmode disabled?
{Sat 08:25:25 Step:2528} Server_Comm.py: Received a new packet while thinking!
{Sat 08:25:25 Step:2531} Server_Comm.py: The agent lost 2 consecutive packets! Is syncmode disabled?
{Sat 08:25:25 Step:2545} Server_Comm.py: Received a new packet while thinking!
{Sat 08:25:25 Step:2547} Server_Comm.py: The agent lost 1 packet! Is syncmode enabled?
{Sat 08:25:25 Step:2547} Server_Comm.py: Received a new packet while on world.update()!
{Sat 08:25:25 Step:2548} Server_Comm.py: Received a new packet while thinking!
{Sat 08:25:25 Step:2550} Server_Comm.py: The agent lost 1 packet! Is syncmode enabled?
{Sat 08:25:25 Step:2550} Server_Comm.py: Received a new packet while thinking!
{Sat 08:25:25 Step:2552} Server_Comm.py: The agent lost 1 packet! Is syncmode enabled?
{Sat 08:25:28 Step:2674} Server_Comm.py: Received a new packet while on world.update()!
{Sat 08:25:28 Step:2676} Server_Comm.py: The agent lost 1 packet! Is syncmode enabled?
{Sat 08:25:28 Step:2676} Server_Comm.py: Received a new packet while thinking!
{Sat 08:25:28 Step:2679} Server_Comm.py: The agent lost 2 consecutive packets! Is syncmode disabled?
{Sat 08:25:28 Step:2679} Server_Comm.py: Received a new packet while on world.update()!
{Sat 08:25:28 Step:2680} Server_Comm.py: Received a new packet while thinking!
{Sat 08:25:28 Step:2685} Server_Comm.py: The agent lost 4 consecutive packets! Is syncmode disabled?
{Sat 08:25:28 Step:2685} Server_Comm.py: Received a new packet while thinking!
{Sat 08:25:28 Step:2692} Server_Comm.py: The agent lost 1 packet! Is syncmode enabled?
{Sat 08:25:29 Step:2701} Server_Comm.py: Received a new packet while on world.update()!
{Sat 08:25:31 Step:2824} Server_Comm.py: Received a new packet while thinking!
{Sat 08:25:31 Step:2826} Server_Comm.py: The agent lost 1 packet! Is syncmode enabled?
{Sat 08:25:31 Step:2826} Server_Comm.py: Received a new packet while thinking!
{Sat 08:25:31 Step:2827} Server_Comm.py: Received a new packet while thinking!
{Sat 08:25:31 Step:2828} Server_Comm.py: Received a new packet while thinking!
{Sat 08:25:32 Step:2835} Server_Comm.py: The agent lost 1 packet! Is syncmode enabled?
{Sat 08:25:32 Step:2837} Server_Comm.py: The agent lost 1 packet! Is syncmode enabled?
{Sat 08:25:32 Step:2837} Server_Comm.py: Received a new packet while thinking!
{Sat 08:25:32 Step:2839} Server_Comm.py: The agent lost 1 packet! Is syncmode enabled?
{Sat 08:25:32 Step:2848} Server_Comm.py: Received a new packet while thinking!
{Sat 08:25:32 Step:2851} Server_Comm.py: The agent lost 2 consecutive packets! Is syncmode disabled?
{Sat 08:25:32 Step:2858} Server_Comm.py: The agent lost 1 packet! Is syncmode enabled?
{Sat 08:25:32 Step:2861} Server_Comm.py: The agent lost 1 packet! Is syncmode enabled?
{Sat 08:25:32 Step:2865} Server_Comm.py: The agent lost 1 packet! Is syncmode enabled?
{Sat 08:25:32 Step:2865} Server_Comm.py: Received a new packet while thinking!
{Sat 08:25:32 Step:2867} Server_Comm.py: The agent lost 1 packet! Is syncmode enabled?
{Sat 08:25:32 Step:2867} Server_Comm.py: Received a new packet while on world.update()!
{Sat 08:25:32 Step:2868} Server_Comm.py: Received a new packet while thinking!
{Sat 08:25:32 Step:2870} Server_Comm.py: The agent lost 1 packet! Is syncmode enabled?
{Sat 08:25:34 Step:2979} Server_Comm.py: Received a new packet while thinking!
{Sat 08:25:34 Step:2982} Server_Comm.py: The agent lost 2 consecutive packets! Is syncmode disabled?
{Sat 08:25:35 Step:2988} Server_Comm.py: The agent lost 1 packet! Is syncmode enabled?
{Sat 08:25:35 Step:2991} Server_Comm.py: Received a new packet while thinking!
{Sat 08:25:35 Step:2993} Server_Comm.py: The agent lost 1 packet! Is syncmode enabled?
{Sat 08:25:35 Step:2993} Server_Comm.py: Received a new packet while on world.update()!
{Sat 08:25:35 Step:2994} Server_Comm.py: Received a new packet while thinking!
{Sat 08:25:36 Step:3047} Server_Comm.py: Received a new packet while thinking!
{Sat 08:25:36 Step:3049} Server_Comm.py: The agent lost 1 packet! Is syncmode enabled?
{Sat 08:25:36 Step:3055} Server_Comm.py: Received a new packet while thinking!
{Sat 08:25:36 Step:3056} Server_Comm.py: Received a new packet while thinking!
{Sat 08:25:36 Step:3060} Server_Comm.py: The agent lost 3 consecutive packets! Is syncmode disabled?
{Sat 08:25:36 Step:3060} Server_Comm.py: Received a new packet while thinking!
{Sat 08:25:36 Step:3062} Server_Comm.py: The agent lost 1 packet! Is syncmode enabled?
{Sat 08:25:36 Step:3063} Server_Comm.py: Received a new packet while thinking!
{Sat 08:25:36 Step:3067} Server_Comm.py: The agent lost 3 consecutive packets! Is syncmode disabled?
{Sat 08:25:36 Step:3067} Server_Comm.py: Received a new packet while thinking!
{Sat 08:25:39 Step:3197} Server_Comm.py: Received a new packet while thinking!
{Sat 08:25:39 Step:3199} Server_Comm.py: The agent lost 1 packet! Is syncmode enabled?
{Sat 08:25:39 Step:3199} Server_Comm.py: Received a new packet while thinking!
{Sat 08:25:39 Step:3201} Server_Comm.py: The agent lost 1 packet! Is syncmode enabled?
{Sat 08:25:39 Step:3201} Server_Comm.py: Received a new packet while on world.update()!
{Sat 08:25:39 Step:3203} Server_Comm.py: Received a new packet while on world.update()!
{Sat 08:25:39 Step:3205} Server_Comm.py: The agent lost 1 packet! Is syncmode enabled?
{Sat 08:25:39 Step:3205} Server_Comm.py: Received a new packet while on world.update()!
{Sat 08:25:39 Step:3207} Server_Comm.py: The agent lost 1 packet! Is syncmode enabled?
{Sat 08:25:39 Step:3207} Server_Comm.py: Received a new packet while on world.update()!
{Sat 08:25:40 Step:3222} Server_Comm.py: Received a new packet while thinking!
{Sat 08:25:40 Step:3226} Server_Comm.py: The agent lost 3 consecutive packets! Is syncmode disabled?
{Sat 08:25:40 Step:3226} Server_Comm.py: Received a new packet while thinking!
{Sat 08:25:40 Step:3228} Server_Comm.py: The agent lost 1 packet! Is syncmode enabled?
{Sat 08:25:40 Step:3228} Server_Comm.py: Received a new packet while thinking!
{Sat 08:25:40 Step:3230} Server_Comm.py: The agent lost 1 packet! Is syncmode enabled?
{Sat 08:25:40 Step:3230} Server_Comm.py: Received a new packet while thinking!
{Sat 08:25:40 Step:3233} Server_Comm.py: The agent lost 2 consecutive packets! Is syncmode disabled?
{Sat 08:25:40 Step:3233} Server_Comm.py: Received a new packet while on world.update()!
{Sat 08:25:40 Step:3236} Server_Comm.py: Received a new packet while thinking!
{Sat 08:25:40 Step:3239} Server_Comm.py: The agent lost 2 consecutive packets! Is syncmode disabled?
{Sat 08:25:40 Step:3239} Server_Comm.py: Received a new packet while on world.update()!
{Sat 08:25:42 Step:3345} Server_Comm.py: The agent lost 1 packet! Is syncmode enabled?
{Sat 08:25:42 Step:3345} Server_Comm.py: Received a new packet while thinking!
{Sat 08:25:42 Step:3350} Server_Comm.py: The agent lost 4 consecutive packets! Is syncmode disabled?
{Sat 08:25:42 Step:3359} Server_Comm.py: Received a new packet while thinking!
{Sat 08:25:42 Step:3362} Server_Comm.py: The agent lost 2 consecutive packets! Is syncmode disabled?
{Sat 08:25:42 Step:3365} Server_Comm.py: Received a new packet while on world.update()!
{Sat 08:25:42 Step:3367} Server_Comm.py: The agent lost 1 packet! Is syncmode enabled?
{Sat 08:25:42 Step:3367} Server_Comm.py: Received a new packet while on world.update()!
{Sat 08:25:42 Step:3368} Server_Comm.py: Received a new packet while thinking!
{Sat 08:25:42 Step:3369} Server_Comm.py: Received a new packet while on world.update()!
{Sat 08:25:43 Step:3370} Server_Comm.py: Received a new packet while thinking!
{Sat 08:25:43 Step:3371} Server_Comm.py: Received a new packet while on world.update()!
{Sat 08:25:43 Step:3402} Server_Comm.py: Received a new packet while thinking!
{Sat 08:25:43 Step:3403} Server_Comm.py: Received a new packet while on world.update()!
{Sat 08:25:43 Step:3408} Server_Comm.py: The agent lost 1 packet! Is syncmode enabled?
{Sat 08:25:45 Step:3489} Server_Comm.py: Received a new packet while thinking!
{Sat 08:25:45 Step:3491} Server_Comm.py: The agent lost 1 packet! Is syncmode enabled?
{Sat 08:25:45 Step:3491} Server_Comm.py: Received a new packet while on world.update()!
{Sat 08:25:45 Step:3492} Server_Comm.py: Received a new packet while on world.update()!
{Sat 08:25:45 Step:3493} Server_Comm.py: Received a new packet while on world.update()!
{Sat 08:25:45 Step:3497} Server_Comm.py: Received a new packet while thinking!
{Sat 08:25:45 Step:3499} Server_Comm.py: The agent lost 1 packet! Is syncmode enabled?
{Sat 08:25:45 Step:3499} Server_Comm.py: Received a new packet while on world.update()!
{Sat 08:25:45 Step:3500} Server_Comm.py: Received a new packet while thinking!
{Sat 08:25:45 Step:3501} Server_Comm.py: Received a new packet while thinking!
{Sat 08:25:47 Step:3557} Server_Comm.py: Received a new packet while on world.update()!
{Sat 08:25:47 Step:3558} Server_Comm.py: Received a new packet while on world.update()!
{Sat 08:25:47 Step:3559} Server_Comm.py: Received a new packet while on world.update()!
{Sat 08:25:48 Step:3580} Server_Comm.py: The agent lost 4 consecutive packets! Is syncmode disabled?
{Sat 08:25:50 Step:3685} Server_Comm.py: Received a new packet while on world.update()!
{Sat 08:25:50 Step:3688} Server_Comm.py: The agent lost 2 consecutive packets! Is syncmode disabled?
{Sat 08:25:50 Step:3688} Server_Comm.py: Received a new packet while thinking!
{Sat 08:25:50 Step:3690} Server_Comm.py: The agent lost 1 packet! Is syncmode enabled?
{Sat 08:25:50 Step:3690} Server_Comm.py: Received a new packet while thinking!
{Sat 08:25:50 Step:3691} Server_Comm.py: Received a new packet while on world.update()!
{Sat 08:25:50 Step:3693} Server_Comm.py: Received a new packet while thinking!
{Sat 08:25:50 Step:3696} Server_Comm.py: The agent lost 2 consecutive packets! Is syncmode disabled?
{Sat 08:25:50 Step:3696} Server_Comm.py: Received a new packet while thinking!
{Sat 08:25:50 Step:3698} Server_Comm.py: The agent lost 1 packet! Is syncmode enabled?
{Sat 08:25:50 Step:3699} Server_Comm.py: Received a new packet while thinking!
{Sat 08:25:50 Step:3702} Server_Comm.py: The agent lost 2 consecutive packets! Is syncmode disabled?
{Sat 08:25:53 Step:3830} Server_Comm.py: Received a new packet while thinking!
{Sat 08:25:53 Step:3832} Server_Comm.py: The agent lost 1 packet! Is syncmode enabled?
{Sat 08:25:54 Step:3840} Server_Comm.py: The agent lost 1 packet! Is syncmode enabled?
{Sat 08:25:54 Step:3840} Server_Comm.py: Received a new packet while on world.update()!
{Sat 08:25:54 Step:3841} Server_Comm.py: Received a new packet while on world.update()!
{Sat 08:25:54 Step:3849} Server_Comm.py: Received a new packet while thinking!
{Sat 08:25:54 Step:3851} Server_Comm.py: Received a new packet while thinking!
{Sat 08:25:54 Step:3852} Server_Comm.py: Received a new packet while thinking!
{Sat 08:25:54 Step:3854} Server_Comm.py: The agent lost 1 packet! Is syncmode enabled?
{Sat 08:25:54 Step:3854} Server_Comm.py: Received a new packet while thinking!
{Sat 08:25:54 Step:3856} Server_Comm.py: The agent lost 1 packet! Is syncmode enabled?
{Sat 08:25:54 Step:3862} Server_Comm.py: Received a new packet while thinking!
{Sat 08:25:54 Step:3866} Server_Comm.py: The agent lost 3 consecutive packets! Is syncmode disabled?
{Sat 08:25:54 Step:3870} Server_Comm.py: The agent lost 1 packet! Is syncmode enabled?
{Sat 08:25:54 Step:3871} Server_Comm.py: Received a new packet while thinking!
{Sat 08:25:54 Step:3875} Server_Comm.py: Received a new packet while thinking!
{Sat 08:25:55 Step:3876} Server_Comm.py: Received a new packet while thinking!
{Sat 08:25:55 Step:3877} Server_Comm.py: Received a new packet while on world.update()!
{Sat 08:25:55 Step:3888} Server_Comm.py: Received a new packet while thinking!
{Sat 08:25:55 Step:3890} Server_Comm.py: The agent lost 1 packet! Is syncmode enabled?
{Sat 08:25:55 Step:3890} Server_Comm.py: Received a new packet while on world.update()!
{Sat 08:25:55 Step:3891} Server_Comm.py: Received a new packet while on world.update()!
{Sat 08:25:55 Step:3894} Server_Comm.py: Received a new packet while thinking!
{Sat 08:25:55 Step:3895} Server_Comm.py: Received a new packet while thinking!
{Sat 08:25:55 Step:3898} Server_Comm.py: The agent lost 2 consecutive packets! Is syncmode disabled?
{Sat 08:25:58 Step:4019} Server_Comm.py: Received a new packet while thinking!
{Sat 08:25:58 Step:4023} Server_Comm.py: The agent lost 3 consecutive packets! Is syncmode disabled?
{Sat 08:25:58 Step:4023} Server_Comm.py: Received a new packet while thinking!
{Sat 08:25:58 Step:4032} Server_Comm.py: The agent lost 1 packet! Is syncmode enabled?
{Sat 08:25:58 Step:4035} Server_Comm.py: The agent lost 1 packet! Is syncmode enabled?
{Sat 08:25:58 Step:4038} Server_Comm.py: The agent lost 1 packet! Is syncmode enabled?
{Sat 08:25:58 Step:4043} Server_Comm.py: Received a new packet while thinking!
{Sat 08:25:58 Step:4045} Server_Comm.py: The agent lost 1 packet! Is syncmode enabled?
{Sat 08:25:58 Step:4047} Server_Comm.py: Received a new packet while thinking!
{Sat 08:25:58 Step:4048} Server_Comm.py: Received a new packet while thinking!
{Sat 08:25:58 Step:4050} Server_Comm.py: The agent lost 1 packet! Is syncmode enabled?
{Sat 08:25:58 Step:4056} Server_Comm.py: The agent lost 1 packet! Is syncmode enabled?
{Sat 08:26:01 Step:4174} Server_Comm.py: Received a new packet while thinking!
{Sat 08:26:01 Step:4177} Server_Comm.py: The agent lost 2 consecutive packets! Is syncmode disabled?
{Sat 08:26:01 Step:4177} Server_Comm.py: Received a new packet while thinking!
{Sat 08:26:01 Step:4179} Server_Comm.py: The agent lost 1 packet! Is syncmode enabled?
{Sat 08:26:01 Step:4179} Server_Comm.py: Received a new packet while on world.update()!
{Sat 08:26:01 Step:4184} Server_Comm.py: The agent lost 4 consecutive packets! Is syncmode disabled?
{Sat 08:26:01 Step:4184} Server_Comm.py: Received a new packet while on world.update()!
{Sat 08:26:01 Step:4187} Server_Comm.py: The agent lost 2 consecutive packets! Is syncmode disabled?
{Sat 08:26:01 Step:4187} Server_Comm.py: Received a new packet while thinking!
{Sat 08:26:04 Step:4313} Server_Comm.py: Received a new packet while thinking!
{Sat 08:26:04 Step:4316} Server_Comm.py: The agent lost 2 consecutive packets! Is syncmode disabled?
{Sat 08:26:04 Step:4323} Server_Comm.py: Received a new packet while on world.update()!
{Sat 08:26:04 Step:4325} Server_Comm.py: The agent lost 1 packet! Is syncmode enabled?
{Sat 08:26:04 Step:4325} Server_Comm.py: Received a new packet while thinking!
{Sat 08:26:04 Step:4327} Server_Comm.py: Received a new packet while thinking!
{Sat 08:26:04 Step:4332} Server_Comm.py: The agent lost 4 consecutive packets! Is syncmode disabled?
{Sat 08:26:04 Step:4332} Server_Comm.py: Received a new packet while thinking!
{Sat 08:26:04 Step:4334} Server_Comm.py: The agent lost 1 packet! Is syncmode enabled?
{Sat 08:26:04 Step:4334} Server_Comm.py: Received a new packet while on world.update()!
{Sat 08:26:04 Step:4335} Server_Comm.py: Received a new packet while thinking!
{Sat 08:26:04 Step:4337} Server_Comm.py: The agent lost 1 packet! Is syncmode enabled?
{Sat 08:26:04 Step:4337} Server_Comm.py: Received a new packet while on world.update()!
{Sat 08:26:07 Step:4449} Server_Comm.py: Received a new packet while thinking!
{Sat 08:26:07 Step:4452} Server_Comm.py: The agent lost 2 consecutive packets! Is syncmode disabled?
{Sat 08:26:07 Step:4452} Server_Comm.py: Received a new packet while thinking!
{Sat 08:26:07 Step:4453} Server_Comm.py: Received a new packet while on world.update()!
{Sat 08:26:07 Step:4459} Server_Comm.py: Received a new packet while thinking!
{Sat 08:26:07 Step:4461} Server_Comm.py: The agent lost 1 packet! Is syncmode enabled?
{Sat 08:26:07 Step:4461} Server_Comm.py: Received a new packet while on world.update()!
{Sat 08:26:07 Step:4462} Server_Comm.py: Received a new packet while thinking!
{Sat 08:26:07 Step:4463} Server_Comm.py: Received a new packet while on world.update()!
{Sat 08:26:07 Step:4464} Server_Comm.py: Received a new packet while thinking!
{Sat 08:26:07 Step:4466} Server_Comm.py: The agent lost 1 packet! Is syncmode enabled?
{Sat 08:26:07 Step:4467} Server_Comm.py: Received a new packet while thinking!
{Sat 08:26:07 Step:4471} Server_Comm.py: The agent lost 3 consecutive packets! Is syncmode disabled?
{Sat 08:26:07 Step:4471} Server_Comm.py: Received a new packet while on world.update()!
{Sat 08:26:07 Step:4472} Server_Comm.py: Received a new packet while on world.update()!
{Sat 08:26:07 Step:4474} Server_Comm.py: The agent lost 1 packet! Is syncmode enabled?
{Sat 08:26:11 Step:4643} Server_Comm.py: Received a new packet while thinking!
{Sat 08:26:11 Step:4645} Server_Comm.py: The agent lost 1 packet! Is syncmode enabled?
{Sat 08:26:11 Step:4645} Server_Comm.py: Received a new packet while on world.update()!
{Sat 08:26:11 Step:4646} Server_Comm.py: Received a new packet while thinking!
{Sat 08:26:11 Step:4648} Server_Comm.py: The agent lost 1 packet! Is syncmode enabled?
{Sat 08:26:13 Step:4757} Server_Comm.py: Received a new packet while on world.update()!
{Sat 08:26:14 Step:4758} Server_Comm.py: Received a new packet while thinking!
{Sat 08:26:14 Step:4760} Server_Comm.py: The agent lost 1 packet! Is syncmode enabled?
{Sat 08:26:14 Step:4760} Server_Comm.py: Received a new packet while thinking!
{Sat 08:26:14 Step:4762} Server_Comm.py: The agent lost 1 packet! Is syncmode enabled?
{Sat 08:26:14 Step:4762} Server_Comm.py: Received a new packet while thinking!
{Sat 08:26:14 Step:4764} Server_Comm.py: The agent lost 1 packet! Is syncmode enabled?
{Sat 08:26:14 Step:4764} Server_Comm.py: Received a new packet while thinking!
{Sat 08:26:14 Step:4766} Server_Comm.py: The agent lost 1 packet! Is syncmode enabled?
{Sat 08:26:14 Step:4766} Server_Comm.py: Received a new packet while on world.update()!
{Sat 08:26:14 Step:4770} Server_Comm.py: Received a new packet while thinking!
{Sat 08:26:14 Step:4771} Server_Comm.py: Received a new packet while on world.update()!
{Sat 08:26:14 Step:4776} Server_Comm.py: The agent lost 1 packet! Is syncmode enabled?
{Sat 08:26:14 Step:4784} Server_Comm.py: The agent lost 1 packet! Is syncmode enabled?
{Sat 08:26:16 Step:4892} Server_Comm.py: The agent lost 1 packet! Is syncmode enabled?
{Sat 08:26:17 Step:4904} Server_Comm.py: The agent lost 1 packet! Is syncmode enabled?
{Sat 08:26:17 Step:4906} Server_Comm.py: The agent lost 1 packet! Is syncmode enabled?
{Sat 08:26:17 Step:4907} Server_Comm.py: Received a new packet while thinking!
{Sat 08:26:17 Step:4910} Server_Comm.py: The agent lost 2 consecutive packets! Is syncmode disabled?
{Sat 08:26:17 Step:4911} Server_Comm.py: Received a new packet while thinking!
{Sat 08:26:17 Step:4914} Server_Comm.py: The agent lost 2 consecutive packets! Is syncmode disabled?
{Sat 08:26:17 Step:4914} Server_Comm.py: Received a new packet while on world.update()!
{Sat 08:26:17 Step:4916} Server_Comm.py: The agent lost 1 packet! Is syncmode enabled?
{Sat 08:26:17 Step:4916} Server_Comm.py: Received a new packet while thinking!
{Sat 08:26:17 Step:4918} Server_Comm.py: The agent lost 1 packet! Is syncmode enabled?
{Sat 08:26:18 Step:4991} Server_Comm.py: The agent lost 1 packet! Is syncmode enabled?
{Sat 08:26:19 Step:5023} Server_Comm.py: The agent lost 1 packet! Is syncmode enabled?
{Sat 08:26:19 Step:5031} Server_Comm.py: Received a new packet while thinking!
{Sat 08:26:19 Step:5033} Server_Comm.py: The agent lost 1 packet! Is syncmode enabled?
{Sat 08:26:19 Step:5033} Server_Comm.py: Received a new packet while on world.update()!
{Sat 08:26:19 Step:5041} Server_Comm.py: The agent lost 1 packet! Is syncmode enabled?
{Sat 08:26:20 Step:5043} Server_Comm.py: Received a new packet while thinking!
{Sat 08:26:20 Step:5045} Server_Comm.py: The agent lost 1 packet! Is syncmode enabled?
{Sat 08:26:20 Step:5048} Server_Comm.py: Received a new packet while thinking!
{Sat 08:26:20 Step:5049} Server_Comm.py: Received a new packet while on world.update()!
{Sat 08:26:20 Step:5050} Server_Comm.py: Received a new packet while on world.update()!
{Sat 08:26:20 Step:5053} Server_Comm.py: The agent lost 2 consecutive packets! Is syncmode disabled?
{Sat 08:26:20 Step:5053} Server_Comm.py: Received a new packet while thinking!
{Sat 08:26:20 Step:5057} Server_Comm.py: Received a new packet while thinking!
{Sat 08:26:20 Step:5059} Server_Comm.py: The agent lost 1 packet! Is syncmode enabled?
{Sat 08:26:20 Step:5059} Server_Comm.py: Received a new packet while on world.update()!
{Sat 08:26:20 Step:5060} Server_Comm.py: Received a new packet while on world.update()!
{Sat 08:26:20 Step:5061} Server_Comm.py: Received a new packet while on world.update()!
{Sat 08:26:20 Step:5063} Server_Comm.py: The agent lost 1 packet! Is syncmode enabled?
{Sat 08:26:20 Step:5063} Server_Comm.py: Received a new packet while on world.update()!
{Sat 08:26:20 Step:5064} Server_Comm.py: Received a new packet while thinking!
{Sat 08:26:20 Step:5067} Server_Comm.py: The agent lost 2 consecutive packets! Is syncmode disabled?
{Sat 08:26:20 Step:5067} Server_Comm.py: Received a new packet while on world.update()!
{Sat 08:26:20 Step:5068} Server_Comm.py: Received a new packet while thinking!
{Sat 08:26:20 Step:5070} Server_Comm.py: The agent lost 1 packet! Is syncmode enabled?
{Sat 08:26:20 Step:5073} Server_Comm.py: Received a new packet while thinking!
{Sat 08:26:20 Step:5076} Server_Comm.py: The agent lost 2 consecutive packets! Is syncmode disabled?
{Sat 08:26:21 Step:5076} Server_Comm.py: Received a new packet while thinking!
{Sat 08:26:21 Step:5077} Server_Comm.py: Received a new packet while on world.update()!
{Sat 08:26:21 Step:5079} Server_Comm.py: The agent lost 1 packet! Is syncmode enabled?
{Sat 08:26:21 Step:5079} Server_Comm.py: Received a new packet while thinking!
{Sat 08:26:23 Step:5196} Server_Comm.py: Received a new packet while on world.update()!
{Sat 08:26:23 Step:5198} Server_Comm.py: The agent lost 1 packet! Is syncmode enabled?
{Sat 08:26:23 Step:5199} Server_Comm.py: Received a new packet while on world.update()!
{Sat 08:26:23 Step:5204} Server_Comm.py: Received a new packet while thinking!
{Sat 08:26:24 Step:5206} Server_Comm.py: The agent lost 1 packet! Is syncmode enabled?
{Sat 08:26:24 Step:5207} Server_Comm.py: Received a new packet while thinking!
{Sat 08:26:24 Step:5208} Server_Comm.py: Received a new packet while on world.update()!
{Sat 08:26:24 Step:5212} Server_Comm.py: Received a new packet while thinking!
{Sat 08:26:24 Step:5214} Server_Comm.py: The agent lost 1 packet! Is syncmode enabled?
{Sat 08:26:24 Step:5217} Server_Comm.py: Received a new packet while thinking!
{Sat 08:26:24 Step:5218} Server_Comm.py: Received a new packet while thinking!
{Sat 08:26:24 Step:5219} Server_Comm.py: Received a new packet while thinking!
{Sat 08:26:24 Step:5246} Server_Comm.py: Received a new packet while thinking!
{Sat 08:26:25 Step:5247} Server_Comm.py: Received a new packet while on world.update()!
{Sat 08:26:25 Step:5270} Server_Comm.py: Received a new packet while thinking!
{Sat 08:26:25 Step:5271} Server_Comm.py: Received a new packet while on world.update()!
{Sat 08:26:25 Step:5272} Server_Comm.py: Received a new packet while thinking!
{Sat 08:26:25 Step:5274} Server_Comm.py: The agent lost 1 packet! Is syncmode enabled?
{Sat 08:26:25 Step:5274} Server_Comm.py: Received a new packet while on world.update()!
{Sat 08:26:25 Step:5275} Server_Comm.py: Received a new packet while thinking!
{Sat 08:26:25 Step:5276} Server_Comm.py: Received a new packet while thinking!
{Sat 08:26:26 Step:5299} Server_Comm.py: Received a new packet while thinking!
{Sat 08:26:26 Step:5302} Server_Comm.py: The agent lost 2 consecutive packets! Is syncmode disabled?
{Sat 08:26:26 Step:5302} Server_Comm.py: Received a new packet while on world.update()!
{Sat 08:26:26 Step:5303} Server_Comm.py: Received a new packet while on world.update()!
{Sat 08:26:26 Step:5304} Server_Comm.py: Received a new packet while thinking!
{Sat 08:26:26 Step:5308} Server_Comm.py: The agent lost 3 consecutive packets! Is syncmode disabled?
{Sat 08:26:26 Step:5308} Server_Comm.py: Received a new packet while thinking!
{Sat 08:26:26 Step:5309} Server_Comm.py: Received a new packet while thinking!
{Sat 08:26:26 Step:5315} Server_Comm.py: Received a new packet while on world.update()!
{Sat 08:26:26 Step:5318} Server_Comm.py: The agent lost 2 consecutive packets! Is syncmode disabled?
{Sat 08:26:26 Step:5318} Server_Comm.py: Received a new packet while thinking!
{Sat 08:26:26 Step:5319} Server_Comm.py: Received a new packet while on world.update()!
{Sat 08:26:26 Step:5321} Server_Comm.py: Received a new packet while on world.update()!
{Sat 08:26:26 Step:5322} Server_Comm.py: Received a new packet while thinking!
{Sat 08:26:27 Step:5356} Server_Comm.py: The agent lost 1 packet! Is syncmode enabled?
{Sat 08:26:27 Step:5360} Server_Comm.py: The agent lost 1 packet! Is syncmode enabled?
{Sat 08:26:28 Step:5417} Server_Comm.py: Received a new packet while thinking!
{Sat 08:26:28 Step:5420} Server_Comm.py: The agent lost 2 consecutive packets! Is syncmode disabled?
{Sat 08:26:29 Step:5452} Server_Comm.py: The agent lost 1 packet! Is syncmode enabled?
{Sat 08:26:29 Step:5454} Server_Comm.py: The agent lost 1 packet! Is syncmode enabled?
{Sat 08:26:29 Step:5454} Server_Comm.py: Received a new packet while thinking!
{Sat 08:26:29 Step:5457} Server_Comm.py: The agent lost 2 consecutive packets! Is syncmode disabled?
{Sat 08:26:29 Step:5457} Server_Comm.py: Received a new packet while thinking!
{Sat 08:26:29 Step:5459} Server_Comm.py: The agent lost 1 packet! Is syncmode enabled?
{Sat 08:26:29 Step:5459} Server_Comm.py: Received a new packet while thinking!
{Sat 08:26:29 Step:5462} Server_Comm.py: The agent lost 2 consecutive packets! Is syncmode disabled?
{Sat 08:26:29 Step:5462} Server_Comm.py: Received a new packet while thinking!
{Sat 08:26:29 Step:5464} Server_Comm.py: The agent lost 1 packet! Is syncmode enabled?
{Sat 08:26:29 Step:5467} Server_Comm.py: The agent lost 1 packet! Is syncmode enabled?
{Sat 08:26:30 Step:5474} Server_Comm.py: Received a new packet while thinking!
{Sat 08:26:30 Step:5476} Server_Comm.py: The agent lost 1 packet! Is syncmode enabled?
{Sat 08:26:30 Step:5476} Server_Comm.py: Received a new packet while on world.update()!
{Sat 08:26:30 Step:5477} Server_Comm.py: Received a new packet while thinking!
{Sat 08:26:30 Step:5479} Server_Comm.py: The agent lost 1 packet! Is syncmode enabled?
{Sat 08:26:32 Step:5619} Server_Comm.py: The agent lost 1 packet! Is syncmode enabled?
{Sat 08:26:33 Step:5621} Server_Comm.py: Received a new packet while thinking!
{Sat 08:26:33 Step:5624} Server_Comm.py: The agent lost 2 consecutive packets! Is syncmode disabled?
{Sat 08:26:33 Step:5650} Server_Comm.py: Received a new packet while thinking!
{Sat 08:26:33 Step:5654} Server_Comm.py: The agent lost 3 consecutive packets! Is syncmode disabled?
{Sat 08:26:33 Step:5654} Server_Comm.py: Received a new packet while thinking!
{Sat 08:26:33 Step:5655} Server_Comm.py: Received a new packet while on world.update()!
{Sat 08:26:34 Step:5701} Server_Comm.py: Received a new packet while thinking!
{Sat 08:26:34 Step:5703} Server_Comm.py: Received a new packet while on world.update()!
{Sat 08:26:34 Step:5704} Server_Comm.py: Received a new packet while thinking!
{Sat 08:26:36 Step:5769} Server_Comm.py: Received a new packet while thinking!
{Sat 08:26:36 Step:5772} Server_Comm.py: The agent lost 2 consecutive packets! Is syncmode disabled?
{Sat 08:26:36 Step:5772} Server_Comm.py: Received a new packet while thinking!
{Sat 08:26:36 Step:5773} Server_Comm.py: Received a new packet while on world.update()!
{Sat 08:26:36 Step:5774} Server_Comm.py: Received a new packet while on world.update()!
{Sat 08:26:36 Step:5775} Server_Comm.py: Received a new packet while thinking!
{Sat 08:26:37 Step:5810} Server_Comm.py: Received a new packet while thinking!
{Sat 08:26:37 Step:5813} Server_Comm.py: The agent lost 2 consecutive packets! Is syncmode disabled?
{Sat 08:26:37 Step:5813} Server_Comm.py: Received a new packet while on world.update()!
{Sat 08:26:37 Step:5814} Server_Comm.py: Received a new packet while thinking!
{Sat 08:26:37 Step:5845} Server_Comm.py: Received a new packet while thinking!
{Sat 08:26:37 Step:5847} Server_Comm.py: The agent lost 1 packet! Is syncmode enabled?
{Sat 08:26:37 Step:5847} Server_Comm.py: Received a new packet while on world.update()!
{Sat 08:26:39 Step:5933} Server_Comm.py: The agent lost 1 packet! Is syncmode enabled?
{Sat 08:26:39 Step:5935} Server_Comm.py: The agent lost 1 packet! Is syncmode enabled?
{Sat 08:26:40 Step:5965} Server_Comm.py: The agent lost 1 packet! Is syncmode enabled?
{Sat 08:26:41 Step:6035} Server_Comm.py: Received a new packet while thinking!
{Sat 08:26:41 Step:6037} Server_Comm.py: The agent lost 1 packet! Is syncmode enabled?
{Sat 08:26:41 Step:6037} Server_Comm.py: Received a new packet while on world.update()!
{Sat 08:26:41 Step:6040} Server_Comm.py: The agent lost 2 consecutive packets! Is syncmode disabled?
{Sat 08:26:41 Step:6041} Server_Comm.py: Received a new packet while thinking!
{Sat 08:26:41 Step:6044} Server_Comm.py: The agent lost 2 consecutive packets! Is syncmode disabled?
{Sat 08:26:41 Step:6044} Server_Comm.py: Received a new packet while thinking!
{Sat 08:26:41 Step:6046} Server_Comm.py: The agent lost 1 packet! Is syncmode enabled?
{Sat 08:26:43 Step:6138} Server_Comm.py: Received a new packet while thinking!
{Sat 08:26:43 Step:6141} Server_Comm.py: The agent lost 2 consecutive packets! Is syncmode disabled?
{Sat 08:26:43 Step:6141} Server_Comm.py: Received a new packet while on world.update()!
{Sat 08:26:43 Step:6143} Server_Comm.py: The agent lost 1 packet! Is syncmode enabled?
{Sat 08:26:43 Step:6143} Server_Comm.py: Received a new packet while on world.update()!
{Sat 08:26:43 Step:6144} Server_Comm.py: Received a new packet while thinking!
{Sat 08:26:44 Step:6146} Server_Comm.py: The agent lost 1 packet! Is syncmode enabled?
{Sat 08:26:44 Step:6149} Server_Comm.py: The agent lost 2 consecutive packets! Is syncmode disabled?
{Sat 08:26:44 Step:6149} Server_Comm.py: Received a new packet while on world.update()!
{Sat 08:26:44 Step:6151} Server_Comm.py: The agent lost 1 packet! Is syncmode enabled?
{Sat 08:26:44 Step:6151} Server_Comm.py: Received a new packet while on world.update()!
{Sat 08:26:44 Step:6152} Server_Comm.py: Received a new packet while thinking!
{Sat 08:26:44 Step:6154} Server_Comm.py: The agent lost 1 packet! Is syncmode enabled?
{Sat 08:26:44 Step:6154} Server_Comm.py: Received a new packet while thinking!
{Sat 08:26:44 Step:6156} Server_Comm.py: The agent lost 1 packet! Is syncmode enabled?
{Sat 08:26:44 Step:6156} Server_Comm.py: Received a new packet while thinking!
{Sat 08:26:44 Step:6158} Server_Comm.py: The agent lost 1 packet! Is syncmode enabled?
{Sat 08:26:44 Step:6158} Server_Comm.py: Received a new packet while thinking!
{Sat 08:26:44 Step:6160} Server_Comm.py: The agent lost 1 packet! Is syncmode enabled?
{Sat 08:26:44 Step:6160} Server_Comm.py: Received a new packet while thinking!
{Sat 08:26:44 Step:6161} Server_Comm.py: Received a new packet while thinking!
{Sat 08:26:44 Step:6162} Server_Comm.py: Received a new packet while on world.update()!
{Sat 08:26:44 Step:6163} Server_Comm.py: Received a new packet while thinking!
{Sat 08:26:44 Step:6164} Server_Comm.py: Received a new packet while thinking!
{Sat 08:26:44 Step:6165} Server_Comm.py: Received a new packet while thinking!
{Sat 08:26:44 Step:6167} Server_Comm.py: Received a new packet while on world.update()!
{Sat 08:26:44 Step:6172} Server_Comm.py: The agent lost 4 consecutive packets! Is syncmode disabled?
{Sat 08:26:47 Step:6321} Server_Comm.py: Received a new packet while thinking!
{Sat 08:26:47 Step:6324} Server_Comm.py: The agent lost 2 consecutive packets! Is syncmode disabled?
{Sat 08:26:47 Step:6324} Server_Comm.py: Received a new packet while thinking!
{Sat 08:26:47 Step:6325} Server_Comm.py: Received a new packet while thinking!
{Sat 08:26:47 Step:6326} Server_Comm.py: Received a new packet while thinking!
{Sat 08:26:47 Step:6331} Server_Comm.py: Received a new packet while thinking!
{Sat 08:26:47 Step:6332} Server_Comm.py: Received a new packet while thinking!
{Sat 08:26:48 Step:6333} Server_Comm.py: Received a new packet while on world.update()!
{Sat 08:26:48 Step:6335} Server_Comm.py: The agent lost 1 packet! Is syncmode enabled?
{Sat 08:26:48 Step:6335} Server_Comm.py: Received a new packet while on world.update()!
{Sat 08:26:48 Step:6336} Server_Comm.py: Received a new packet while thinking!
{Sat 08:26:48 Step:6339} Server_Comm.py: Received a new packet while on world.update()!
{Sat 08:26:48 Step:6341} Server_Comm.py: The agent lost 1 packet! Is syncmode enabled?
{Sat 08:26:48 Step:6341} Server_Comm.py: Received a new packet while on world.update()!
{Sat 08:26:48 Step:6342} Server_Comm.py: Received a new packet while thinking!
{Sat 08:26:48 Step:6343} Server_Comm.py: Received a new packet while thinking!
{Sat 08:26:50 Step:6452} Server_Comm.py: Received a new packet while thinking!
{Sat 08:26:50 Step:6454} Server_Comm.py: The agent lost 1 packet! Is syncmode enabled?
{Sat 08:26:50 Step:6454} Server_Comm.py: Received a new packet while thinking!
{Sat 08:26:50 Step:6455} Server_Comm.py: Received a new packet while thinking!
{Sat 08:26:51 Step:6481} Server_Comm.py: Received a new packet while thinking!
{Sat 08:26:51 Step:6484} Server_Comm.py: The agent lost 2 consecutive packets! Is syncmode disabled?
{Sat 08:26:51 Step:6488} Server_Comm.py: Received a new packet while thinking!
{Sat 08:26:51 Step:6490} Server_Comm.py: The agent lost 1 packet! Is syncmode enabled?
{Sat 08:26:51 Step:6515} Server_Comm.py: Received a new packet while thinking!
{Sat 08:26:51 Step:6517} Server_Comm.py: The agent lost 1 packet! Is syncmode enabled?
{Sat 08:26:51 Step:6517} Server_Comm.py: Received a new packet while thinking!
{Sat 08:26:51 Step:6519} Server_Comm.py: The agent lost 1 packet! Is syncmode enabled?
{Sat 08:26:51 Step:6519} Server_Comm.py: Received a new packet while thinking!
{Sat 08:26:53 Step:6604} Server_Comm.py: Received a new packet while thinking!
{Sat 08:26:53 Step:6606} Server_Comm.py: The agent lost 1 packet! Is syncmode enabled?
{Sat 08:26:53 Step:6606} Server_Comm.py: Received a new packet while thinking!
{Sat 08:26:53 Step:6607} Server_Comm.py: Received a new packet while thinking!
{Sat 08:26:54 Step:6639} Server_Comm.py: Received a new packet while on world.update()!
{Sat 08:26:54 Step:6640} Server_Comm.py: Received a new packet while thinking!
{Sat 08:26:54 Step:6642} Server_Comm.py: The agent lost 1 packet! Is syncmode enabled?
{Sat 08:26:54 Step:6642} Server_Comm.py: Received a new packet while thinking!
{Sat 08:26:54 Step:6643} Server_Comm.py: Received a new packet while thinking!
{Sat 08:26:54 Step:6645} Server_Comm.py: The agent lost 1 packet! Is syncmode enabled?
{Sat 08:26:54 Step:6645} Server_Comm.py: Received a new packet while on world.update()!
{Sat 08:26:55 Step:6713} Server_Comm.py: Received a new packet while thinking!
{Sat 08:26:55 Step:6719} Server_Comm.py: The agent lost 5 consecutive packets! Is syncmode disabled?
{Sat 08:26:56 Step:6735} Server_Comm.py: The agent lost 1 packet! Is syncmode enabled?
{Sat 08:26:56 Step:6735} Server_Comm.py: Received a new packet while thinking!
{Sat 08:26:56 Step:6738} Server_Comm.py: The agent lost 2 consecutive packets! Is syncmode disabled?
{Sat 08:26:56 Step:6738} Server_Comm.py: Received a new packet while thinking!
{Sat 08:26:56 Step:6740} Server_Comm.py: The agent lost 1 packet! Is syncmode enabled?
{Sat 08:26:56 Step:6740} Server_Comm.py: Received a new packet while thinking!
{Sat 08:26:56 Step:6743} Server_Comm.py: The agent lost 2 consecutive packets! Is syncmode disabled?
{Sat 08:26:56 Step:6747} Server_Comm.py: The agent lost 1 packet! Is syncmode enabled?
{Sat 08:26:56 Step:6747} Server_Comm.py: Received a new packet while on world.update()!
{Sat 08:26:56 Step:6751} Server_Comm.py: The agent lost 3 consecutive packets! Is syncmode disabled?
{Sat 08:26:56 Step:6751} Server_Comm.py: Received a new packet while on world.update()!
{Sat 08:26:56 Step:6753} Server_Comm.py: The agent lost 1 packet! Is syncmode enabled?
{Sat 08:26:56 Step:6755} Server_Comm.py: Received a new packet while thinking!
{Sat 08:26:56 Step:6759} Server_Comm.py: The agent lost 3 consecutive packets! Is syncmode disabled?
{Sat 08:26:56 Step:6759} Server_Comm.py: Received a new packet while on world.update()!
{Sat 08:26:56 Step:6761} Server_Comm.py: The agent lost 1 packet! Is syncmode enabled?
{Sat 08:26:56 Step:6761} Server_Comm.py: Received a new packet while thinking!
{Sat 08:26:56 Step:6762} Server_Comm.py: Received a new packet while thinking!
{Sat 08:26:57 Step:6781} Server_Comm.py: Received a new packet while thinking!
{Sat 08:26:57 Step:6783} Server_Comm.py: The agent lost 1 packet! Is syncmode enabled?
{Sat 08:26:57 Step:6783} Server_Comm.py: Received a new packet while thinking!
{Sat 08:26:57 Step:6785} Server_Comm.py: The agent lost 1 packet! Is syncmode enabled?
{Sat 08:26:57 Step:6785} Server_Comm.py: Received a new packet while thinking!
{Sat 08:27:01 Step:6947} Server_Comm.py: Received a new packet while thinking!
{Sat 08:27:01 Step:6951} Server_Comm.py: The agent lost 3 consecutive packets! Is syncmode disabled?
{Sat 08:27:03 Step:7045} Server_Comm.py: Received a new packet while on world.update()!
{Sat 08:27:03 Step:7048} Server_Comm.py: The agent lost 2 consecutive packets! Is syncmode disabled?
{Sat 08:27:03 Step:7048} Server_Comm.py: Received a new packet while thinking!
{Sat 08:27:03 Step:7050} Server_Comm.py: The agent lost 1 packet! Is syncmode enabled?
{Sat 08:27:03 Step:7075} Server_Comm.py: Received a new packet while thinking!
{Sat 08:27:03 Step:7077} Server_Comm.py: The agent lost 1 packet! Is syncmode enabled?
{Sat 08:27:03 Step:7077} Server_Comm.py: Received a new packet while on world.update()!
{Sat 08:27:04 Step:7099} Server_Comm.py: Received a new packet while thinking!
{Sat 08:27:04 Step:7101} Server_Comm.py: The agent lost 1 packet! Is syncmode enabled?
{Sat 08:27:04 Step:7101} Server_Comm.py: Received a new packet while on world.update()!
{Sat 08:27:04 Step:7103} Server_Comm.py: The agent lost 1 packet! Is syncmode enabled?
{Sat 08:27:04 Step:7103} Server_Comm.py: Received a new packet while on world.update()!
{Sat 08:27:04 Step:7104} Server_Comm.py: Received a new packet while thinking!
{Sat 08:27:04 Step:7106} Server_Comm.py: The agent lost 1 packet! Is syncmode enabled?
{Sat 08:27:04 Step:7110} Server_Comm.py: Received a new packet while thinking!
{Sat 08:27:04 Step:7113} Server_Comm.py: The agent lost 2 consecutive packets! Is syncmode disabled?
{Sat 08:27:05 Step:7159} Server_Comm.py: Received a new packet while thinking!
{Sat 08:27:05 Step:7162} Server_Comm.py: The agent lost 2 consecutive packets! Is syncmode disabled?
{Sat 08:27:05 Step:7162} Server_Comm.py: Received a new packet while on world.update()!
{Sat 08:27:05 Step:7164} Server_Comm.py: Received a new packet while thinking!
{Sat 08:27:05 Step:7166} Server_Comm.py: The agent lost 1 packet! Is syncmode enabled?
{Sat 08:27:05 Step:7166} Server_Comm.py: Received a new packet while thinking!
{Sat 08:27:05 Step:7168} Server_Comm.py: The agent lost 1 packet! Is syncmode enabled?
{Sat 08:27:05 Step:7168} Server_Comm.py: Received a new packet while thinking!
{Sat 08:27:05 Step:7169} Server_Comm.py: Received a new packet while on world.update()!
{Sat 08:27:05 Step:7170} Server_Comm.py: Received a new packet while thinking!
{Sat 08:27:05 Step:7172} Server_Comm.py: The agent lost 1 packet! Is syncmode enabled?
{Sat 08:27:05 Step:7172} Server_Comm.py: Received a new packet while thinking!
{Sat 08:27:05 Step:7174} Server_Comm.py: The agent lost 1 packet! Is syncmode enabled?
{Sat 08:27:06 Step:7188} Server_Comm.py: Received a new packet while on world.update()!
{Sat 08:27:06 Step:7190} Server_Comm.py: The agent lost 1 packet! Is syncmode enabled?
{Sat 08:27:06 Step:7190} Server_Comm.py: Received a new packet while on world.update()!
{Sat 08:27:06 Step:7196} Server_Comm.py: The agent lost 1 packet! Is syncmode enabled?
{Sat 08:27:07 Step:7236} Server_Comm.py: Received a new packet while thinking!
{Sat 08:27:07 Step:7238} Server_Comm.py: The agent lost 1 packet! Is syncmode enabled?
{Sat 08:27:07 Step:7238} Server_Comm.py: Received a new packet while thinking!
{Sat 08:27:07 Step:7251} Server_Comm.py: Received a new packet while thinking!
{Sat 08:27:07 Step:7252} Server_Comm.py: Received a new packet while thinking!
{Sat 08:27:07 Step:7259} Server_Comm.py: Received a new packet while thinking!
{Sat 08:27:07 Step:7262} Server_Comm.py: The agent lost 2 consecutive packets! Is syncmode disabled?
{Sat 08:27:08 Step:7297} Server_Comm.py: Received a new packet while thinking!
{Sat 08:27:08 Step:7300} Server_Comm.py: The agent lost 2 consecutive packets! Is syncmode disabled?
{Sat 08:27:10 Step:7399} Server_Comm.py: Received a new packet while thinking!
{Sat 08:27:10 Step:7402} Server_Comm.py: The agent lost 2 consecutive packets! Is syncmode disabled?
{Sat 08:27:10 Step:7402} Server_Comm.py: Received a new packet while thinking!
{Sat 08:27:10 Step:7404} Server_Comm.py: The agent lost 1 packet! Is syncmode enabled?
{Sat 08:27:10 Step:7408} Server_Comm.py: The agent lost 1 packet! Is syncmode enabled?
{Sat 08:27:10 Step:7408} Server_Comm.py: Received a new packet while thinking!
{Sat 08:27:10 Step:7409} Server_Comm.py: Received a new packet while thinking!
{Sat 08:27:11 Step:7419} Server_Comm.py: Received a new packet while thinking!
{Sat 08:27:11 Step:7421} Server_Comm.py: The agent lost 1 packet! Is syncmode enabled?
{Sat 08:27:11 Step:7421} Server_Comm.py: Received a new packet while on world.update()!
{Sat 08:27:11 Step:7423} Server_Comm.py: Received a new packet while thinking!
{Sat 08:27:11 Step:7426} Server_Comm.py: The agent lost 2 consecutive packets! Is syncmode disabled?
{Sat 08:27:11 Step:7430} Server_Comm.py: The agent lost 1 packet! Is syncmode enabled?
{Sat 08:27:11 Step:7436} Server_Comm.py: The agent lost 1 packet! Is syncmode enabled?
{Sat 08:27:16 Step:7703} Server_Comm.py: Received a new packet while thinking!
{Sat 08:27:16 Step:7706} Server_Comm.py: The agent lost 2 consecutive packets! Is syncmode disabled?
{Sat 08:27:17 Step:7723} Server_Comm.py: Received a new packet while thinking!
{Sat 08:27:17 Step:7725} Server_Comm.py: The agent lost 1 packet! Is syncmode enabled?
{Sat 08:27:17 Step:7725} Server_Comm.py: Received a new packet while on world.update()!
{Sat 08:27:17 Step:7727} Server_Comm.py: Received a new packet while thinking!
{Sat 08:27:17 Step:7729} Server_Comm.py: The agent lost 1 packet! Is syncmode enabled?
{Sat 08:27:17 Step:7733} Server_Comm.py: Received a new packet while thinking!
{Sat 08:27:17 Step:7735} Server_Comm.py: The agent lost 1 packet! Is syncmode enabled?
{Sat 08:27:17 Step:7735} Server_Comm.py: Received a new packet while thinking!
{Sat 08:27:17 Step:7736} Server_Comm.py: Received a new packet while thinking!
{Sat 08:27:17 Step:7737} Server_Comm.py: Received a new packet while thinking!
{Sat 08:27:17 Step:7742} Server_Comm.py: The agent lost 1 packet! Is syncmode enabled?
{Sat 08:27:20 Step:7871} Server_Comm.py: Received a new packet while thinking!
{Sat 08:27:20 Step:7873} Server_Comm.py: The agent lost 1 packet! Is syncmode enabled?
{Sat 08:27:20 Step:7884} Server_Comm.py: Received a new packet while on world.update()!
{Sat 08:27:20 Step:7886} Server_Comm.py: The agent lost 1 packet! Is syncmode enabled?
{Sat 08:27:20 Step:7886} Server_Comm.py: Received a new packet while thinking!
{Sat 08:27:20 Step:7887} Server_Comm.py: Received a new packet while on world.update()!
{Sat 08:27:20 Step:7888} Server_Comm.py: Received a new packet while thinking!
{Sat 08:27:20 Step:7889} Server_Comm.py: Received a new packet while on world.update()!
{Sat 08:27:21 Step:7911} Server_Comm.py: The agent lost 1 packet! Is syncmode enabled?
{Sat 08:27:21 Step:7924} Server_Comm.py: Received a new packet while thinking!
{Sat 08:27:21 Step:7928} Server_Comm.py: The agent lost 3 consecutive packets! Is syncmode disabled?
{Sat 08:27:21 Step:7928} Server_Comm.py: Received a new packet while thinking!
{Sat 08:27:21 Step:7930} Server_Comm.py: The agent lost 1 packet! Is syncmode enabled?
{Sat 08:27:21 Step:7930} Server_Comm.py: Received a new packet while thinking!
{Sat 08:27:21 Step:7931} Server_Comm.py: Received a new packet while thinking!
{Sat 08:27:21 Step:7932} Server_Comm.py: Received a new packet while thinking!
{Sat 08:27:21 Step:7933} Server_Comm.py: Received a new packet while on world.update()!
{Sat 08:27:21 Step:7934} Server_Comm.py: Received a new packet while thinking!
{Sat 08:27:21 Step:7936} Server_Comm.py: The agent lost 1 packet! Is syncmode enabled?
{Sat 08:27:21 Step:7936} Server_Comm.py: Received a new packet while thinking!
{Sat 08:27:21 Step:7939} Server_Comm.py: The agent lost 2 consecutive packets! Is syncmode disabled?
{Sat 08:27:21 Step:7939} Server_Comm.py: Received a new packet while thinking!
{Sat 08:27:21 Step:7940} Server_Comm.py: Received a new packet while thinking!
{Sat 08:27:21 Step:7941} Server_Comm.py: Received a new packet while on world.update()!
{Sat 08:27:21 Step:7946} Server_Comm.py: Received a new packet while thinking!
{Sat 08:27:21 Step:7948} Server_Comm.py: The agent lost 1 packet! Is syncmode enabled?
{Sat 08:27:22 Step:7948} Server_Comm.py: Received a new packet while thinking!
{Sat 08:27:22 Step:7950} Server_Comm.py: The agent lost 1 packet! Is syncmode enabled?
{Sat 08:27:25 Step:8101} Server_Comm.py: Received a new packet while thinking!
{Sat 08:27:25 Step:8104} Server_Comm.py: The agent lost 2 consecutive packets! Is syncmode disabled?
{Sat 08:27:25 Step:8121} Server_Comm.py: The agent lost 1 packet! Is syncmode enabled?
{Sat 08:27:25 Step:8123} Server_Comm.py: Received a new packet while thinking!
{Sat 08:27:25 Step:8126} Server_Comm.py: The agent lost 2 consecutive packets! Is syncmode disabled?
{Sat 08:27:25 Step:8126} Server_Comm.py: Received a new packet while thinking!
{Sat 08:27:25 Step:8127} Server_Comm.py: Received a new packet while thinking!
{Sat 08:27:25 Step:8139} Server_Comm.py: Received a new packet while thinking!
{Sat 08:27:25 Step:8141} Server_Comm.py: The agent lost 1 packet! Is syncmode enabled?
{Sat 08:27:25 Step:8141} Server_Comm.py: Received a new packet while on world.update()!
{Sat 08:27:26 Step:8142} Server_Comm.py: Received a new packet while thinking!
{Sat 08:27:26 Step:8145} Server_Comm.py: The agent lost 2 consecutive packets! Is syncmode disabled?
{Sat 08:27:26 Step:8145} Server_Comm.py: Received a new packet while thinking!
{Sat 08:27:26 Step:8147} Server_Comm.py: The agent lost 1 packet! Is syncmode enabled?
{Sat 08:27:26 Step:8147} Server_Comm.py: Received a new packet while thinking!
{Sat 08:27:28 Step:8255} Server_Comm.py: Received a new packet while thinking!
{Sat 08:27:28 Step:8258} Server_Comm.py: The agent lost 2 consecutive packets! Is syncmode disabled?
{Sat 08:27:29 Step:8304} Server_Comm.py: The agent lost 3 consecutive packets! Is syncmode disabled?
{Sat 08:27:29 Step:8328} Server_Comm.py: Received a new packet while on world.update()!
{Sat 08:27:29 Step:8330} Server_Comm.py: The agent lost 1 packet! Is syncmode enabled?
{Sat 08:27:29 Step:8330} Server_Comm.py: Received a new packet while thinking!
{Sat 08:27:31 Step:8413} Server_Comm.py: Received a new packet while on world.update()!
{Sat 08:27:31 Step:8416} Server_Comm.py: The agent lost 2 consecutive packets! Is syncmode disabled?
{Sat 08:27:31 Step:8416} Server_Comm.py: Received a new packet while on world.update()!
{Sat 08:27:31 Step:8418} Server_Comm.py: The agent lost 1 packet! Is syncmode enabled?
{Sat 08:27:31 Step:8424} Server_Comm.py: Received a new packet while thinking!
{Sat 08:27:31 Step:8428} Server_Comm.py: The agent lost 3 consecutive packets! Is syncmode disabled?
{Sat 08:27:31 Step:8436} Server_Comm.py: The agent lost 1 packet! Is syncmode enabled?
{Sat 08:27:32 Step:8438} Server_Comm.py: The agent lost 1 packet! Is syncmode enabled?
{Sat 08:27:32 Step:8449} Server_Comm.py: Received a new packet while thinking!
{Sat 08:27:32 Step:8452} Server_Comm.py: The agent lost 2 consecutive packets! Is syncmode disabled?
{Sat 08:27:32 Step:8452} Server_Comm.py: Received a new packet while thinking!
{Sat 08:27:32 Step:8461} Server_Comm.py: Received a new packet while thinking!
{Sat 08:27:32 Step:8464} Server_Comm.py: The agent lost 2 consecutive packets! Is syncmode disabled?
{Sat 08:27:32 Step:8465} Server_Comm.py: Received a new packet while thinking!
{Sat 08:27:32 Step:8468} Server_Comm.py: The agent lost 2 consecutive packets! Is syncmode disabled?
{Sat 08:27:32 Step:8474} Server_Comm.py: The agent lost 1 packet! Is syncmode enabled?
{Sat 08:27:32 Step:8474} Server_Comm.py: Received a new packet while thinking!
{Sat 08:27:32 Step:8476} Server_Comm.py: The agent lost 1 packet! Is syncmode enabled?
{Sat 08:27:32 Step:8476} Server_Comm.py: Received a new packet while on world.update()!
{Sat 08:27:34 Step:8567} Server_Comm.py: Received a new packet while thinking!
{Sat 08:27:34 Step:8570} Server_Comm.py: The agent lost 2 consecutive packets! Is syncmode disabled?
{Sat 08:27:34 Step:8570} Server_Comm.py: Received a new packet while thinking!
{Sat 08:27:34 Step:8571} Server_Comm.py: Received a new packet while on world.update()!
{Sat 08:27:34 Step:8578} Server_Comm.py: The agent lost 1 packet! Is syncmode enabled?
{Sat 08:27:34 Step:8579} Server_Comm.py: Received a new packet while thinking!
{Sat 08:27:34 Step:8581} Server_Comm.py: The agent lost 1 packet! Is syncmode enabled?
{Sat 08:27:35 Step:8581} Server_Comm.py: Received a new packet while thinking!
{Sat 08:27:35 Step:8584} Server_Comm.py: The agent lost 2 consecutive packets! Is syncmode disabled?
{Sat 08:27:35 Step:8584} Server_Comm.py: Received a new packet while thinking!
{Sat 08:27:35 Step:8585} Server_Comm.py: Received a new packet while thinking!
{Sat 08:27:35 Step:8600} Server_Comm.py: The agent lost 1 packet! Is syncmode enabled?
{Sat 08:27:35 Step:8619} Server_Comm.py: Received a new packet while thinking!
{Sat 08:27:35 Step:8622} Server_Comm.py: The agent lost 2 consecutive packets! Is syncmode disabled?
{Sat 08:27:38 Step:8743} Server_Comm.py: Received a new packet while thinking!
{Sat 08:27:38 Step:8745} Server_Comm.py: The agent lost 1 packet! Is syncmode enabled?
{Sat 08:27:38 Step:8746} Server_Comm.py: Received a new packet while thinking!
{Sat 08:27:38 Step:8748} Server_Comm.py: The agent lost 1 packet! Is syncmode enabled?
{Sat 08:27:39 Step:8778} Server_Comm.py: Received a new packet while thinking!
{Sat 08:27:39 Step:8780} Server_Comm.py: The agent lost 1 packet! Is syncmode enabled?
{Sat 08:27:39 Step:8780} Server_Comm.py: Received a new packet while on world.update()!
{Sat 08:27:39 Step:8782} Server_Comm.py: The agent lost 1 packet! Is syncmode enabled?
{Sat 08:27:39 Step:8794} Server_Comm.py: Received a new packet while thinking!
{Sat 08:27:39 Step:8797} Server_Comm.py: The agent lost 2 consecutive packets! Is syncmode disabled?
{Sat 08:27:40 Step:8832} Server_Comm.py: Received a new packet while thinking!
{Sat 08:27:40 Step:8834} Server_Comm.py: The agent lost 1 packet! Is syncmode enabled?
{Sat 08:27:40 Step:8834} Server_Comm.py: Received a new packet while on world.update()!
{Sat 08:27:40 Step:8835} Server_Comm.py: Received a new packet while on world.update()!
{Sat 08:27:40 Step:8836} Server_Comm.py: Received a new packet while thinking!
{Sat 08:27:40 Step:8838} Server_Comm.py: The agent lost 1 packet! Is syncmode enabled?
{Sat 08:27:40 Step:8839} Server_Comm.py: Received a new packet while thinking!
{Sat 08:27:40 Step:8842} Server_Comm.py: The agent lost 2 consecutive packets! Is syncmode disabled?
{Sat 08:27:40 Step:8842} Server_Comm.py: Received a new packet while thinking!
{Sat 08:27:40 Step:8845} Server_Comm.py: The agent lost 2 consecutive packets! Is syncmode disabled?
{Sat 08:27:41 Step:8912} Server_Comm.py: Received a new packet while thinking!
{Sat 08:27:41 Step:8914} Server_Comm.py: The agent lost 1 packet! Is syncmode enabled?
{Sat 08:27:41 Step:8914} Server_Comm.py: Received a new packet while thinking!
{Sat 08:27:41 Step:8916} Server_Comm.py: The agent lost 1 packet! Is syncmode enabled?
{Sat 08:27:41 Step:8920} Server_Comm.py: The agent lost 1 packet! Is syncmode enabled?
{Sat 08:27:42 Step:8922} Server_Comm.py: The agent lost 1 packet! Is syncmode enabled?
{Sat 08:27:42 Step:8922} Server_Comm.py: Received a new packet while thinking!
{Sat 08:27:42 Step:8923} Server_Comm.py: Received a new packet while thinking!
{Sat 08:27:42 Step:8927} Server_Comm.py: The agent lost 3 consecutive packets! Is syncmode disabled?
{Sat 08:27:42 Step:8927} Server_Comm.py: Received a new packet while on world.update()!
{Sat 08:27:42 Step:8928} Server_Comm.py: Received a new packet while thinking!
{Sat 08:27:42 Step:8929} Server_Comm.py: Received a new packet while thinking!
{Sat 08:27:42 Step:8935} Server_Comm.py: The agent lost 1 packet! Is syncmode enabled?
{Sat 08:27:42 Step:8935} Server_Comm.py: Received a new packet while thinking!
{Sat 08:27:42 Step:8936} Server_Comm.py: Received a new packet while thinking!
{Sat 08:27:42 Step:8938} Server_Comm.py: The agent lost 1 packet! Is syncmode enabled?
{Sat 08:27:42 Step:8948} Server_Comm.py: Received a new packet while thinking!
{Sat 08:27:42 Step:8951} Server_Comm.py: The agent lost 2 consecutive packets! Is syncmode disabled?
{Sat 08:27:42 Step:8951} Server_Comm.py: Received a new packet while thinking!
{Sat 08:27:42 Step:8954} Server_Comm.py: Received a new packet while thinking!
{Sat 08:27:42 Step:8956} Server_Comm.py: The agent lost 1 packet! Is syncmode enabled?
{Sat 08:27:43 Step:8967} Server_Comm.py: Received a new packet while thinking!
{Sat 08:27:43 Step:8972} Server_Comm.py: The agent lost 4 consecutive packets! Is syncmode disabled?
{Sat 08:27:43 Step:8975} Server_Comm.py: Received a new packet while thinking!
{Sat 08:27:43 Step:8978} Server_Comm.py: The agent lost 2 consecutive packets! Is syncmode disabled?
{Sat 08:27:43 Step:8997} Server_Comm.py: Received a new packet while thinking!
{Sat 08:27:43 Step:8999} Server_Comm.py: The agent lost 1 packet! Is syncmode enabled?
{Sat 08:27:43 Step:8999} Server_Comm.py: Received a new packet while on world.update()!
{Sat 08:27:44 Step:9002} Server_Comm.py: Received a new packet while thinking!
{Sat 08:27:44 Step:9003} Server_Comm.py: Received a new packet while thinking!
{Sat 08:27:44 Step:9006} Server_Comm.py: The agent lost 2 consecutive packets! Is syncmode disabled?
{Sat 08:27:44 Step:9006} Server_Comm.py: Received a new packet while thinking!
{Sat 08:27:44 Step:9007} Server_Comm.py: Received a new packet while on world.update()!
{Sat 08:27:46 Step:9107} Server_Comm.py: Received a new packet while on world.update()!
{Sat 08:27:47 Step:9138} Server_Comm.py: Received a new packet while thinking!
{Sat 08:27:47 Step:9140} Server_Comm.py: The agent lost 1 packet! Is syncmode enabled?
{Sat 08:27:48 Step:9182} Server_Comm.py: Received a new packet while thinking!
{Sat 08:27:48 Step:9188} Server_Comm.py: The agent lost 5 consecutive packets! Is syncmode disabled?
{Sat 08:27:48 Step:9188} Server_Comm.py: Received a new packet while on world.update()!
{Sat 08:27:48 Step:9189} Server_Comm.py: Received a new packet while thinking!
{Sat 08:27:48 Step:9203} Server_Comm.py: Received a new packet while thinking!
{Sat 08:27:48 Step:9206} Server_Comm.py: The agent lost 2 consecutive packets! Is syncmode disabled?
{Sat 08:27:48 Step:9206} Server_Comm.py: Received a new packet while thinking!
{Sat 08:27:48 Step:9210} Server_Comm.py: Received a new packet while thinking!
{Sat 08:27:48 Step:9212} Server_Comm.py: The agent lost 1 packet! Is syncmode enabled?
{Sat 08:27:49 Step:9218} Server_Comm.py: The agent lost 1 packet! Is syncmode enabled?
{Sat 08:27:49 Step:9221} Server_Comm.py: Received a new packet while thinking!
{Sat 08:27:49 Step:9226} Server_Comm.py: Received a new packet while thinking!
{Sat 08:27:49 Step:9229} Server_Comm.py: The agent lost 2 consecutive packets! Is syncmode disabled?
{Sat 08:27:49 Step:9229} Server_Comm.py: Received a new packet while on world.update()!
{Sat 08:27:49 Step:9231} Server_Comm.py: The agent lost 1 packet! Is syncmode enabled?
{Sat 08:27:49 Step:9231} Server_Comm.py: Received a new packet while thinking!
{Sat 08:27:49 Step:9232} Server_Comm.py: Received a new packet while on world.update()!
{Sat 08:27:49 Step:9233} Server_Comm.py: Received a new packet while on world.update()!
{Sat 08:27:49 Step:9234} Server_Comm.py: Received a new packet while on world.update()!
{Sat 08:27:49 Step:9236} Server_Comm.py: Received a new packet while thinking!
{Sat 08:27:49 Step:9240} Server_Comm.py: The agent lost 3 consecutive packets! Is syncmode disabled?
{Sat 08:27:49 Step:9240} Server_Comm.py: Received a new packet while thinking!
{Sat 08:27:49 Step:9242} Server_Comm.py: The agent lost 1 packet! Is syncmode enabled?
{Sat 08:27:49 Step:9242} Server_Comm.py: Received a new packet while thinking!
{Sat 08:27:49 Step:9244} Server_Comm.py: The agent lost 1 packet! Is syncmode enabled?
{Sat 08:27:49 Step:9248} Server_Comm.py: Received a new packet while thinking!
{Sat 08:27:49 Step:9251} Server_Comm.py: The agent lost 2 consecutive packets! Is syncmode disabled?
