{Sat 12:59:26 Step:25} Server_Comm.py: Received a new packet while thinking!
{Sat 12:59:27 Step:27} Server_Comm.py: Received a new packet while thinking!
{Sat 12:59:27 Step:28} Server_Comm.py: Received a new packet while thinking!
{Sat 12:59:27 Step:30} Server_Comm.py: The agent lost 1 packet! Is syncmode enabled?
{Sat 12:59:27 Step:30} Server_Comm.py: Received a new packet while thinking!
{Sat 12:59:27 Step:31} Server_Comm.py: Received a new packet while thinking!
{Sat 12:59:27 Step:32} Server_Comm.py: Received a new packet while thinking!
{Sat 12:59:27 Step:33} Server_Comm.py: Received a new packet while thinking!
{Sat 12:59:27 Step:34} Server_Comm.py: Received a new packet while thinking!
{Sat 12:59:27 Step:36} Server_Comm.py: The agent lost 1 packet! Is syncmode enabled?
{Sat 12:59:27 Step:43} Server_Comm.py: Received a new packet while thinking!
{Sat 12:59:27 Step:44} Server_Comm.py: Received a new packet while thinking!
{Sat 12:59:27 Step:45} Server_Comm.py: Received a new packet while on world.update()!
{Sat 12:59:27 Step:47} Server_Comm.py: Received a new packet while thinking!
{Sat 12:59:27 Step:48} Server_Comm.py: Received a new packet while thinking!
{Sat 12:59:27 Step:49} Server_Comm.py: Received a new packet while thinking!
{Sat 12:59:27 Step:50} Server_Comm.py: Received a new packet while thinking!
{Sat 12:59:27 Step:51} Server_Comm.py: Received a new packet while on world.update()!
{Sat 12:59:27 Step:55} Server_Comm.py: Received a new packet while thinking!
{Sat 12:59:28 Step:56} Server_Comm.py: Received a new packet while thinking!
{Sat 12:59:28 Step:58} Server_Comm.py: The agent lost 1 packet! Is syncmode enabled?
{Sat 12:59:28 Step:59} Server_Comm.py: Received a new packet while on world.update()!
{Sat 12:59:28 Step:63} Server_Comm.py: Received a new packet while thinking!
{Sat 12:59:28 Step:65} Server_Comm.py: Received a new packet while thinking!
{Sat 12:59:28 Step:71} Server_Comm.py: Received a new packet while thinking!
{Sat 12:59:28 Step:72} Server_Comm.py: Received a new packet while thinking!
{Sat 12:59:28 Step:73} Server_Comm.py: Received a new packet while thinking!
{Sat 12:59:28 Step:74} Server_Comm.py: Received a new packet while thinking!
{Sat 12:59:28 Step:75} Server_Comm.py: Received a new packet while thinking!
{Sat 12:59:28 Step:76} Server_Comm.py: Received a new packet while thinking!
{Sat 12:59:29 Step:77} Server_Comm.py: Received a new packet while on world.update()!
{Sat 12:59:29 Step:79} Server_Comm.py: Received a new packet while thinking!
{Sat 12:59:29 Step:80} Server_Comm.py: Received a new packet while thinking!
{Sat 12:59:29 Step:82} Server_Comm.py: The agent lost 1 packet! Is syncmode enabled?
{Sat 12:59:29 Step:85} Server_Comm.py: Received a new packet while thinking!
{Sat 12:59:29 Step:87} Server_Comm.py: Received a new packet while thinking!
{Sat 12:59:29 Step:88} Server_Comm.py: Received a new packet while thinking!
{Sat 12:59:29 Step:90} Server_Comm.py: The agent lost 1 packet! Is syncmode enabled?
{Sat 12:59:29 Step:91} Server_Comm.py: Received a new packet while thinking!
{Sat 12:59:29 Step:92} Server_Comm.py: Received a new packet while thinking!
{Sat 12:59:29 Step:94} Server_Comm.py: The agent lost 1 packet! Is syncmode enabled?
{Sat 12:59:29 Step:95} Server_Comm.py: Received a new packet while on world.update()!
{Sat 12:59:29 Step:96} Server_Comm.py: Received a new packet while thinking!
{Sat 12:59:29 Step:97} Server_Comm.py: Received a new packet while thinking!
{Sat 12:59:29 Step:98} Server_Comm.py: Received a new packet while thinking!
{Sat 12:59:30 Step:100} Server_Comm.py: The agent lost 1 packet! Is syncmode enabled?
{Sat 12:59:30 Step:101} Server_Comm.py: Received a new packet while on world.update()!
{Sat 12:59:30 Step:102} Server_Comm.py: Received a new packet while thinking!
{Sat 12:59:30 Step:105} Server_Comm.py: Received a new packet while thinking!
{Sat 12:59:30 Step:106} Server_Comm.py: Received a new packet while thinking!
{Sat 12:59:30 Step:108} Server_Comm.py: The agent lost 1 packet! Is syncmode enabled?
{Sat 12:59:30 Step:115} Server_Comm.py: Received a new packet while on world.update()!
{Sat 12:59:31 Step:125} Server_Comm.py: Received a new packet while thinking!
{Sat 12:59:31 Step:126} Server_Comm.py: Received a new packet while thinking!
{Sat 12:59:31 Step:128} Server_Comm.py: The agent lost 1 packet! Is syncmode enabled?
{Sat 12:59:31 Step:129} Server_Comm.py: Received a new packet while thinking!
{Sat 12:59:31 Step:130} Server_Comm.py: Received a new packet while thinking!
{Sat 12:59:31 Step:134} Server_Comm.py: The agent lost 3 consecutive packets! Is syncmode disabled?
{Sat 12:59:31 Step:134} Server_Comm.py: Received a new packet while thinking!
{Sat 12:59:31 Step:135} Server_Comm.py: Received a new packet while on world.update()!
{Sat 12:59:31 Step:137} Server_Comm.py: Received a new packet while thinking!
{Sat 12:59:31 Step:138} Server_Comm.py: Received a new packet while thinking!
{Sat 12:59:31 Step:139} Server_Comm.py: Received a new packet while thinking!
{Sat 12:59:31 Step:140} Server_Comm.py: Received a new packet while thinking!
{Sat 12:59:31 Step:141} Server_Comm.py: Received a new packet while thinking!
{Sat 12:59:32 Step:142} Server_Comm.py: Received a new packet while thinking!
{Sat 12:59:32 Step:143} Server_Comm.py: Received a new packet while thinking!
{Sat 12:59:32 Step:144} Server_Comm.py: Received a new packet while thinking!
{Sat 12:59:32 Step:145} Server_Comm.py: Received a new packet while thinking!
{Sat 12:59:32 Step:146} Server_Comm.py: Received a new packet while thinking!
{Sat 12:59:32 Step:147} Server_Comm.py: Received a new packet while thinking!
{Sat 12:59:32 Step:148} Server_Comm.py: Received a new packet while thinking!
{Sat 12:59:32 Step:149} Server_Comm.py: Received a new packet while thinking!
{Sat 12:59:32 Step:150} Server_Comm.py: Received a new packet while thinking!
{Sat 12:59:32 Step:152} Server_Comm.py: The agent lost 1 packet! Is syncmode enabled?
{Sat 12:59:32 Step:152} Server_Comm.py: Received a new packet while thinking!
{Sat 12:59:32 Step:153} Server_Comm.py: Received a new packet while thinking!
{Sat 12:59:32 Step:154} Server_Comm.py: Received a new packet while thinking!
{Sat 12:59:32 Step:156} Server_Comm.py: The agent lost 1 packet! Is syncmode enabled?
{Sat 12:59:32 Step:156} Server_Comm.py: Received a new packet while thinking!
{Sat 12:59:32 Step:157} Server_Comm.py: Received a new packet while thinking!
{Sat 12:59:32 Step:158} Server_Comm.py: Received a new packet while thinking!
{Sat 12:59:32 Step:159} Server_Comm.py: Received a new packet while thinking!
{Sat 12:59:32 Step:160} Server_Comm.py: Received a new packet while thinking!
{Sat 12:59:32 Step:161} Server_Comm.py: Received a new packet while thinking!
{Sat 12:59:32 Step:162} Server_Comm.py: Received a new packet while thinking!
{Sat 12:59:32 Step:163} Server_Comm.py: Received a new packet while thinking!
{Sat 12:59:33 Step:164} Server_Comm.py: Received a new packet while thinking!
{Sat 12:59:33 Step:166} Server_Comm.py: The agent lost 1 packet! Is syncmode enabled?
{Sat 12:59:33 Step:181} Server_Comm.py: Received a new packet while thinking!
{Sat 12:59:33 Step:183} Server_Comm.py: Received a new packet while thinking!
{Sat 12:59:33 Step:185} Server_Comm.py: Received a new packet while thinking!
{Sat 12:59:33 Step:186} Server_Comm.py: Received a new packet while thinking!
{Sat 12:59:33 Step:188} Server_Comm.py: The agent lost 1 packet! Is syncmode enabled?
{Sat 12:59:34 Step:189} Server_Comm.py: Received a new packet while on world.update()!
{Sat 12:59:34 Step:190} Server_Comm.py: Received a new packet while thinking!
{Sat 12:59:34 Step:191} Server_Comm.py: Received a new packet while thinking!
{Sat 12:59:34 Step:192} Server_Comm.py: Received a new packet while thinking!
{Sat 12:59:34 Step:193} Server_Comm.py: Received a new packet while on world.update()!
{Sat 12:59:34 Step:197} Server_Comm.py: Received a new packet while thinking!
{Sat 12:59:34 Step:199} Server_Comm.py: Received a new packet while thinking!
{Sat 12:59:34 Step:200} Server_Comm.py: Received a new packet while thinking!
{Sat 12:59:34 Step:202} Server_Comm.py: The agent lost 1 packet! Is syncmode enabled?
{Sat 12:59:34 Step:202} Server_Comm.py: Received a new packet while thinking!
{Sat 12:59:34 Step:203} Server_Comm.py: Received a new packet while thinking!
{Sat 12:59:34 Step:204} Server_Comm.py: Received a new packet while thinking!
{Sat 12:59:34 Step:205} Server_Comm.py: Received a new packet while thinking!
{Sat 12:59:34 Step:206} Server_Comm.py: Received a new packet while thinking!
{Sat 12:59:34 Step:207} Server_Comm.py: Received a new packet while on world.update()!
{Sat 12:59:35 Step:219} Server_Comm.py: Received a new packet while thinking!
{Sat 12:59:35 Step:220} Server_Comm.py: Received a new packet while thinking!
{Sat 12:59:35 Step:224} Server_Comm.py: The agent lost 3 consecutive packets! Is syncmode disabled?
{Sat 12:59:35 Step:224} Server_Comm.py: Received a new packet while thinking!
{Sat 12:59:36 Step:235} Server_Comm.py: Received a new packet while thinking!
{Sat 12:59:36 Step:236} Server_Comm.py: Received a new packet while thinking!
{Sat 12:59:36 Step:237} Server_Comm.py: Received a new packet while on world.update()!
{Sat 12:59:36 Step:243} Server_Comm.py: Received a new packet while thinking!
{Sat 12:59:36 Step:247} Server_Comm.py: Received a new packet while thinking!
{Sat 12:59:36 Step:248} Server_Comm.py: Received a new packet while thinking!
{Sat 12:59:36 Step:250} Server_Comm.py: The agent lost 1 packet! Is syncmode enabled?
{Sat 12:59:36 Step:257} Server_Comm.py: Received a new packet while thinking!
{Sat 12:59:37 Step:259} Server_Comm.py: Received a new packet while on world.update()!
{Sat 12:59:37 Step:263} Server_Comm.py: Received a new packet while thinking!
{Sat 12:59:37 Step:264} Server_Comm.py: Received a new packet while thinking!
{Sat 12:59:37 Step:266} Server_Comm.py: The agent lost 1 packet! Is syncmode enabled?
{Sat 12:59:37 Step:267} Server_Comm.py: Received a new packet while thinking!
{Sat 12:59:37 Step:268} Server_Comm.py: Received a new packet while thinking!
{Sat 12:59:37 Step:269} Server_Comm.py: Received a new packet while thinking!
{Sat 12:59:37 Step:270} Server_Comm.py: Received a new packet while thinking!
{Sat 12:59:37 Step:271} Server_Comm.py: Received a new packet while thinking!
{Sat 12:59:37 Step:272} Server_Comm.py: Received a new packet while thinking!
{Sat 12:59:37 Step:273} Server_Comm.py: Received a new packet while thinking!
{Sat 12:59:37 Step:274} Server_Comm.py: Received a new packet while thinking!
{Sat 12:59:37 Step:275} Server_Comm.py: Received a new packet while thinking!
{Sat 12:59:37 Step:276} Server_Comm.py: Received a new packet while thinking!
{Sat 12:59:37 Step:277} Server_Comm.py: Received a new packet while thinking!
{Sat 12:59:37 Step:278} Server_Comm.py: Received a new packet while thinking!
{Sat 12:59:37 Step:279} Server_Comm.py: Received a new packet while thinking!
{Sat 12:59:38 Step:280} Server_Comm.py: Received a new packet while thinking!
{Sat 12:59:38 Step:281} Server_Comm.py: Received a new packet while on world.update()!
{Sat 12:59:38 Step:283} Server_Comm.py: Received a new packet while thinking!
{Sat 12:59:38 Step:284} Server_Comm.py: Received a new packet while thinking!
{Sat 12:59:38 Step:285} Server_Comm.py: Received a new packet while thinking!
{Sat 12:59:38 Step:286} Server_Comm.py: Received a new packet while thinking!
{Sat 12:59:38 Step:287} Server_Comm.py: Received a new packet while on world.update()!
{Sat 12:59:38 Step:291} Server_Comm.py: Received a new packet while thinking!
{Sat 12:59:38 Step:292} Server_Comm.py: Received a new packet while thinking!
{Sat 12:59:38 Step:293} Server_Comm.py: Received a new packet while thinking!
{Sat 12:59:38 Step:294} Server_Comm.py: Received a new packet while thinking!
{Sat 12:59:38 Step:296} Server_Comm.py: The agent lost 1 packet! Is syncmode enabled?
{Sat 12:59:38 Step:297} Server_Comm.py: Received a new packet while thinking!
{Sat 12:59:38 Step:298} Server_Comm.py: Received a new packet while thinking!
{Sat 12:59:38 Step:299} Server_Comm.py: Received a new packet while thinking!
{Sat 12:59:38 Step:300} Server_Comm.py: Received a new packet while thinking!
{Sat 12:59:38 Step:302} Server_Comm.py: The agent lost 1 packet! Is syncmode enabled?
{Sat 12:59:39 Step:303} Server_Comm.py: Received a new packet while thinking!
{Sat 12:59:39 Step:304} Server_Comm.py: Received a new packet while thinking!
{Sat 12:59:39 Step:305} Server_Comm.py: Received a new packet while thinking!
{Sat 12:59:39 Step:306} Server_Comm.py: Received a new packet while thinking!
{Sat 12:59:39 Step:307} Server_Comm.py: Received a new packet while thinking!
{Sat 12:59:39 Step:308} Server_Comm.py: Received a new packet while thinking!
{Sat 12:59:39 Step:309} Server_Comm.py: Received a new packet while on world.update()!
{Sat 12:59:39 Step:313} Server_Comm.py: Received a new packet while on world.update()!
{Sat 12:59:39 Step:317} Server_Comm.py: Received a new packet while thinking!
{Sat 12:59:39 Step:318} Server_Comm.py: Received a new packet while thinking!
{Sat 12:59:39 Step:319} Server_Comm.py: Received a new packet while thinking!
{Sat 12:59:39 Step:320} Server_Comm.py: Received a new packet while thinking!
{Sat 12:59:39 Step:321} Server_Comm.py: Received a new packet while thinking!
{Sat 12:59:39 Step:322} Server_Comm.py: Received a new packet while thinking!
{Sat 12:59:39 Step:323} Server_Comm.py: Received a new packet while on world.update()!
{Sat 12:59:40 Step:327} Server_Comm.py: Received a new packet while thinking!
{Sat 12:59:40 Step:328} Server_Comm.py: Received a new packet while thinking!
{Sat 12:59:40 Step:330} Server_Comm.py: The agent lost 1 packet! Is syncmode enabled?
{Sat 12:59:40 Step:331} Server_Comm.py: Received a new packet while thinking!
{Sat 12:59:40 Step:332} Server_Comm.py: Received a new packet while thinking!
{Sat 12:59:40 Step:333} Server_Comm.py: Received a new packet while on world.update()!
{Sat 12:59:40 Step:341} Server_Comm.py: Received a new packet while thinking!
{Sat 12:59:40 Step:342} Server_Comm.py: Received a new packet while thinking!
{Sat 12:59:40 Step:343} Server_Comm.py: Received a new packet while on world.update()!
{Sat 12:59:41 Step:351} Server_Comm.py: Received a new packet while thinking!
{Sat 12:59:41 Step:352} Server_Comm.py: Received a new packet while thinking!
{Sat 12:59:41 Step:353} Server_Comm.py: Received a new packet while thinking!
{Sat 12:59:41 Step:354} Server_Comm.py: Received a new packet while thinking!
{Sat 12:59:41 Step:356} Server_Comm.py: The agent lost 1 packet! Is syncmode enabled?
{Sat 12:59:41 Step:357} Server_Comm.py: Received a new packet while thinking!
{Sat 12:59:41 Step:359} Server_Comm.py: The agent lost 1 packet! Is syncmode enabled?
{Sat 12:59:41 Step:359} Server_Comm.py: Received a new packet while on world.update()!
{Sat 12:59:41 Step:363} Server_Comm.py: Received a new packet while thinking!
{Sat 12:59:41 Step:365} Server_Comm.py: The agent lost 1 packet! Is syncmode enabled?
{Sat 12:59:41 Step:369} Server_Comm.py: Received a new packet while on world.update()!
{Sat 12:59:42 Step:375} Server_Comm.py: Received a new packet while thinking!
{Sat 12:59:43 Step:389} Server_Comm.py: Received a new packet while thinking!
{Sat 12:59:43 Step:390} Server_Comm.py: Received a new packet while thinking!
{Sat 12:59:43 Step:392} Server_Comm.py: The agent lost 1 packet! Is syncmode enabled?
{Sat 12:59:43 Step:393} Server_Comm.py: Received a new packet while thinking!
{Sat 12:59:43 Step:394} Server_Comm.py: Received a new packet while thinking!
{Sat 12:59:43 Step:395} Server_Comm.py: Received a new packet while on world.update()!
{Sat 12:59:43 Step:397} Server_Comm.py: Received a new packet while thinking!
{Sat 12:59:43 Step:398} Server_Comm.py: Received a new packet while thinking!
{Sat 12:59:43 Step:400} Server_Comm.py: The agent lost 1 packet! Is syncmode enabled?
{Sat 12:59:43 Step:400} Server_Comm.py: Received a new packet while thinking!
{Sat 12:59:43 Step:402} Server_Comm.py: The agent lost 1 packet! Is syncmode enabled?
{Sat 12:59:44 Step:407} Server_Comm.py: Received a new packet while thinking!
{Sat 12:59:44 Step:408} Server_Comm.py: Received a new packet while thinking!
{Sat 12:59:44 Step:409} Server_Comm.py: Received a new packet while thinking!
{Sat 12:59:44 Step:410} Server_Comm.py: Received a new packet while thinking!
{Sat 12:59:44 Step:411} Server_Comm.py: Received a new packet while thinking!
{Sat 12:59:44 Step:412} Server_Comm.py: Received a new packet while thinking!
{Sat 12:59:44 Step:413} Server_Comm.py: Received a new packet while thinking!
{Sat 12:59:44 Step:414} Server_Comm.py: Received a new packet while thinking!
{Sat 12:59:44 Step:416} Server_Comm.py: The agent lost 1 packet! Is syncmode enabled?
{Sat 12:59:44 Step:419} Server_Comm.py: Received a new packet while thinking!
{Sat 12:59:44 Step:420} Server_Comm.py: Received a new packet while thinking!
{Sat 12:59:44 Step:421} Server_Comm.py: Received a new packet while thinking!
{Sat 12:59:44 Step:422} Server_Comm.py: Received a new packet while thinking!
{Sat 12:59:44 Step:423} Server_Comm.py: Received a new packet while on world.update()!
{Sat 12:59:44 Step:425} Server_Comm.py: Received a new packet while thinking!
{Sat 12:59:44 Step:426} Server_Comm.py: Received a new packet while thinking!
{Sat 12:59:45 Step:427} Server_Comm.py: Received a new packet while thinking!
{Sat 12:59:45 Step:428} Server_Comm.py: Received a new packet while thinking!
{Sat 12:59:45 Step:429} Server_Comm.py: Received a new packet while on world.update()!
{Sat 12:59:45 Step:431} Server_Comm.py: Received a new packet while thinking!
{Sat 12:59:45 Step:439} Server_Comm.py: Received a new packet while thinking!
{Sat 12:59:45 Step:441} Server_Comm.py: Received a new packet while thinking!
{Sat 12:59:45 Step:442} Server_Comm.py: Received a new packet while thinking!
{Sat 12:59:45 Step:443} Server_Comm.py: Received a new packet while thinking!
{Sat 12:59:45 Step:444} Server_Comm.py: Received a new packet while thinking!
{Sat 12:59:45 Step:446} Server_Comm.py: The agent lost 1 packet! Is syncmode enabled?
{Sat 12:59:45 Step:447} Server_Comm.py: Received a new packet while thinking!
{Sat 12:59:46 Step:448} Server_Comm.py: Received a new packet while thinking!
{Sat 12:59:46 Step:450} Server_Comm.py: The agent lost 1 packet! Is syncmode enabled?
{Sat 12:59:46 Step:450} Server_Comm.py: Received a new packet while on world.update()!
{Sat 12:59:46 Step:451} Server_Comm.py: Received a new packet while on world.update()!
{Sat 12:59:46 Step:452} Server_Comm.py: Received a new packet while thinking!
{Sat 12:59:46 Step:453} Server_Comm.py: Received a new packet while thinking!
{Sat 12:59:46 Step:454} Server_Comm.py: Received a new packet while thinking!
{Sat 12:59:46 Step:456} Server_Comm.py: The agent lost 1 packet! Is syncmode enabled?
{Sat 12:59:46 Step:465} Server_Comm.py: Received a new packet while thinking!
{Sat 12:59:46 Step:466} Server_Comm.py: Received a new packet while thinking!
{Sat 12:59:46 Step:467} Server_Comm.py: Received a new packet while on world.update()!
{Sat 12:59:46 Step:469} Server_Comm.py: Received a new packet while thinking!
{Sat 12:59:46 Step:470} Server_Comm.py: Received a new packet while thinking!
{Sat 12:59:46 Step:472} Server_Comm.py: The agent lost 1 packet! Is syncmode enabled?
{Sat 12:59:47 Step:472} Server_Comm.py: Received a new packet while thinking!
{Sat 12:59:47 Step:473} Server_Comm.py: Received a new packet while on world.update()!
{Sat 12:59:47 Step:475} Server_Comm.py: Received a new packet while thinking!
{Sat 12:59:47 Step:476} Server_Comm.py: Received a new packet while thinking!
{Sat 12:59:47 Step:478} Server_Comm.py: The agent lost 1 packet! Is syncmode enabled?
{Sat 12:59:47 Step:478} Server_Comm.py: Received a new packet while thinking!
{Sat 12:59:47 Step:480} Server_Comm.py: The agent lost 1 packet! Is syncmode enabled?
{Sat 12:59:47 Step:482} Server_Comm.py: Received a new packet while thinking!
{Sat 12:59:47 Step:484} Server_Comm.py: The agent lost 1 packet! Is syncmode enabled?
{Sat 12:59:47 Step:491} Server_Comm.py: Received a new packet while thinking!
{Sat 12:59:47 Step:493} Server_Comm.py: The agent lost 1 packet! Is syncmode enabled?
{Sat 12:59:47 Step:493} Server_Comm.py: Received a new packet while thinking!
{Sat 12:59:48 Step:494} Server_Comm.py: Received a new packet while thinking!
{Sat 12:59:48 Step:496} Server_Comm.py: The agent lost 1 packet! Is syncmode enabled?
{Sat 12:59:48 Step:497} Server_Comm.py: Received a new packet while thinking!
{Sat 12:59:48 Step:503} Server_Comm.py: Received a new packet while thinking!
{Sat 12:59:48 Step:513} Server_Comm.py: Received a new packet while thinking!
{Sat 12:59:48 Step:514} Server_Comm.py: Received a new packet while thinking!
{Sat 12:59:48 Step:517} Server_Comm.py: The agent lost 2 consecutive packets! Is syncmode disabled?
{Sat 12:59:49 Step:527} Server_Comm.py: Received a new packet while thinking!
{Sat 12:59:49 Step:528} Server_Comm.py: Received a new packet while thinking!
{Sat 12:59:49 Step:529} Server_Comm.py: Received a new packet while on world.update()!
{Sat 12:59:49 Step:531} Server_Comm.py: Received a new packet while on world.update()!
{Sat 12:59:50 Step:535} Server_Comm.py: Received a new packet while thinking!
{Sat 12:59:50 Step:538} Server_Comm.py: The agent lost 2 consecutive packets! Is syncmode disabled?
{Sat 12:59:50 Step:541} Server_Comm.py: Received a new packet while thinking!
{Sat 12:59:50 Step:542} Server_Comm.py: Received a new packet while thinking!
{Sat 12:59:50 Step:544} Server_Comm.py: The agent lost 1 packet! Is syncmode enabled?
{Sat 12:59:50 Step:544} Server_Comm.py: Received a new packet while thinking!
{Sat 12:59:50 Step:545} Server_Comm.py: Received a new packet while thinking!
{Sat 12:59:50 Step:546} Server_Comm.py: Received a new packet while thinking!
{Sat 12:59:50 Step:547} Server_Comm.py: Received a new packet while thinking!
{Sat 12:59:50 Step:548} Server_Comm.py: Received a new packet while thinking!
{Sat 12:59:50 Step:549} Server_Comm.py: Received a new packet while on world.update()!
{Sat 12:59:51 Step:559} Server_Comm.py: Received a new packet while on world.update()!
{Sat 12:59:51 Step:561} Server_Comm.py: Received a new packet while thinking!
{Sat 12:59:51 Step:563} Server_Comm.py: Received a new packet while on world.update()!
{Sat 12:59:51 Step:567} Server_Comm.py: Received a new packet while thinking!
{Sat 12:59:51 Step:571} Server_Comm.py: Received a new packet while thinking!
{Sat 12:59:52 Step:572} Server_Comm.py: Received a new packet while thinking!
{Sat 12:59:52 Step:574} Server_Comm.py: The agent lost 1 packet! Is syncmode enabled?
{Sat 12:59:52 Step:575} Server_Comm.py: Received a new packet while on world.update()!
{Sat 12:59:52 Step:577} Server_Comm.py: Received a new packet while on world.update()!
{Sat 12:59:52 Step:579} Server_Comm.py: Received a new packet while thinking!
{Sat 12:59:52 Step:580} Server_Comm.py: Received a new packet while thinking!
{Sat 12:59:52 Step:582} Server_Comm.py: The agent lost 1 packet! Is syncmode enabled?
{Sat 12:59:52 Step:582} Server_Comm.py: Received a new packet while on world.update()!
{Sat 12:59:53 Step:587} Server_Comm.py: Received a new packet while thinking!
{Sat 12:59:53 Step:588} Server_Comm.py: Received a new packet while thinking!
{Sat 12:59:53 Step:590} Server_Comm.py: The agent lost 1 packet! Is syncmode enabled?
{Sat 12:59:53 Step:590} Server_Comm.py: Received a new packet while thinking!
{Sat 12:59:53 Step:591} Server_Comm.py: Received a new packet while thinking!
{Sat 12:59:53 Step:592} Server_Comm.py: Received a new packet while thinking!
{Sat 12:59:53 Step:595} Server_Comm.py: The agent lost 2 consecutive packets! Is syncmode disabled?
{Sat 12:59:53 Step:595} Server_Comm.py: Received a new packet while thinking!
{Sat 12:59:53 Step:596} Server_Comm.py: Received a new packet while thinking!
{Sat 12:59:53 Step:597} Server_Comm.py: Received a new packet while on world.update()!
{Sat 12:59:54 Step:609} Server_Comm.py: Received a new packet while thinking!
{Sat 12:59:54 Step:610} Server_Comm.py: Received a new packet while thinking!
{Sat 12:59:54 Step:611} Server_Comm.py: Received a new packet while thinking!
{Sat 12:59:54 Step:612} Server_Comm.py: Received a new packet while thinking!
{Sat 12:59:54 Step:614} Server_Comm.py: The agent lost 1 packet! Is syncmode enabled?
{Sat 12:59:54 Step:615} Server_Comm.py: Received a new packet while thinking!
{Sat 12:59:54 Step:617} Server_Comm.py: Received a new packet while on world.update()!
{Sat 12:59:55 Step:627} Server_Comm.py: Received a new packet while thinking!
{Sat 12:59:55 Step:628} Server_Comm.py: Received a new packet while thinking!
{Sat 12:59:55 Step:629} Server_Comm.py: Received a new packet while thinking!
{Sat 12:59:55 Step:630} Server_Comm.py: Received a new packet while thinking!
{Sat 12:59:55 Step:632} Server_Comm.py: The agent lost 1 packet! Is syncmode enabled?
{Sat 12:59:55 Step:637} Server_Comm.py: Received a new packet while thinking!
{Sat 12:59:55 Step:638} Server_Comm.py: Received a new packet while thinking!
{Sat 12:59:55 Step:640} Server_Comm.py: The agent lost 1 packet! Is syncmode enabled?
{Sat 12:59:55 Step:641} Server_Comm.py: Received a new packet while thinking!
{Sat 12:59:55 Step:642} Server_Comm.py: Received a new packet while thinking!
{Sat 12:59:55 Step:644} Server_Comm.py: The agent lost 1 packet! Is syncmode enabled?
{Sat 12:59:56 Step:644} Server_Comm.py: Received a new packet while thinking!
{Sat 12:59:56 Step:645} Server_Comm.py: Received a new packet while on world.update()!
{Sat 12:59:56 Step:651} Server_Comm.py: Received a new packet while thinking!
{Sat 12:59:56 Step:653} Server_Comm.py: Received a new packet while thinking!
{Sat 12:59:56 Step:654} Server_Comm.py: Received a new packet while thinking!
{Sat 12:59:56 Step:656} Server_Comm.py: The agent lost 1 packet! Is syncmode enabled?
{Sat 12:59:56 Step:656} Server_Comm.py: Received a new packet while thinking!
{Sat 12:59:56 Step:658} Server_Comm.py: The agent lost 1 packet! Is syncmode enabled?
{Sat 12:59:56 Step:661} Server_Comm.py: Received a new packet while thinking!
{Sat 12:59:56 Step:662} Server_Comm.py: Received a new packet while thinking!
{Sat 12:59:57 Step:664} Server_Comm.py: The agent lost 1 packet! Is syncmode enabled?
{Sat 12:59:57 Step:665} Server_Comm.py: Received a new packet while on world.update()!
{Sat 12:59:57 Step:667} Server_Comm.py: Received a new packet while on world.update()!
{Sat 12:59:57 Step:668} Server_Comm.py: Received a new packet while thinking!
{Sat 12:59:57 Step:670} Server_Comm.py: The agent lost 1 packet! Is syncmode enabled?
{Sat 12:59:57 Step:670} Server_Comm.py: Received a new packet while thinking!
{Sat 12:59:57 Step:672} Server_Comm.py: The agent lost 1 packet! Is syncmode enabled?
{Sat 12:59:57 Step:672} Server_Comm.py: Received a new packet while on world.update()!
{Sat 12:59:57 Step:673} Server_Comm.py: Received a new packet while on world.update()!
{Sat 12:59:58 Step:683} Server_Comm.py: Received a new packet while thinking!
{Sat 12:59:58 Step:684} Server_Comm.py: Received a new packet while thinking!
{Sat 12:59:58 Step:685} Server_Comm.py: Received a new packet while thinking!
{Sat 12:59:58 Step:686} Server_Comm.py: Received a new packet while thinking!
{Sat 12:59:58 Step:688} Server_Comm.py: The agent lost 1 packet! Is syncmode enabled?
{Sat 12:59:58 Step:691} Server_Comm.py: Received a new packet while thinking!
{Sat 12:59:58 Step:692} Server_Comm.py: Received a new packet while thinking!
{Sat 12:59:58 Step:694} Server_Comm.py: The agent lost 1 packet! Is syncmode enabled?
{Sat 12:59:59 Step:697} Server_Comm.py: Received a new packet while thinking!
{Sat 12:59:59 Step:698} Server_Comm.py: Received a new packet while thinking!
{Sat 12:59:59 Step:700} Server_Comm.py: The agent lost 1 packet! Is syncmode enabled?
{Sat 12:59:59 Step:702} Server_Comm.py: The agent lost 1 packet! Is syncmode enabled?
{Sat 12:59:59 Step:703} Server_Comm.py: Received a new packet while thinking!
{Sat 12:59:59 Step:709} Server_Comm.py: Received a new packet while thinking!
{Sat 12:59:59 Step:710} Server_Comm.py: Received a new packet while thinking!
{Sat 12:59:59 Step:711} Server_Comm.py: Received a new packet while thinking!
{Sat 12:59:59 Step:712} Server_Comm.py: Received a new packet while thinking!
{Sat 12:59:59 Step:713} Server_Comm.py: Received a new packet while thinking!
{Sat 12:59:59 Step:714} Server_Comm.py: Received a new packet while thinking!
{Sat 13:00:00 Step:715} Server_Comm.py: Received a new packet while thinking!
{Sat 13:00:00 Step:716} Server_Comm.py: Received a new packet while thinking!
{Sat 13:00:00 Step:717} Server_Comm.py: Received a new packet while thinking!
{Sat 13:00:00 Step:718} Server_Comm.py: Received a new packet while thinking!
{Sat 13:00:00 Step:720} Server_Comm.py: The agent lost 1 packet! Is syncmode enabled?
{Sat 13:00:00 Step:721} Server_Comm.py: Received a new packet while on world.update()!
{Sat 13:00:00 Step:722} Server_Comm.py: Received a new packet while thinking!
{Sat 13:00:00 Step:724} Server_Comm.py: The agent lost 1 packet! Is syncmode enabled?
{Sat 13:00:00 Step:724} Server_Comm.py: Received a new packet while thinking!
{Sat 13:00:00 Step:727} Server_Comm.py: The agent lost 2 consecutive packets! Is syncmode disabled?
{Sat 13:00:00 Step:727} Server_Comm.py: Received a new packet while thinking!
{Sat 13:00:00 Step:728} Server_Comm.py: Received a new packet while thinking!
{Sat 13:00:00 Step:730} Server_Comm.py: The agent lost 1 packet! Is syncmode enabled?
{Sat 13:00:00 Step:733} Server_Comm.py: Received a new packet while thinking!
{Sat 13:00:01 Step:739} Server_Comm.py: Received a new packet while thinking!
{Sat 13:00:01 Step:740} Server_Comm.py: Received a new packet while thinking!
{Sat 13:00:01 Step:741} Server_Comm.py: Received a new packet while thinking!
{Sat 13:00:01 Step:742} Server_Comm.py: Received a new packet while thinking!
{Sat 13:00:01 Step:743} Server_Comm.py: Received a new packet while on world.update()!
{Sat 13:00:01 Step:749} Server_Comm.py: Received a new packet while on world.update()!
{Sat 13:00:01 Step:750} Server_Comm.py: Received a new packet while thinking!
{Sat 13:00:01 Step:751} Server_Comm.py: Received a new packet while thinking!
{Sat 13:00:01 Step:752} Server_Comm.py: Received a new packet while thinking!
{Sat 13:00:01 Step:753} Server_Comm.py: Received a new packet while thinking!
{Sat 13:00:01 Step:754} Server_Comm.py: Received a new packet while thinking!
{Sat 13:00:01 Step:756} Server_Comm.py: The agent lost 1 packet! Is syncmode enabled?
{Sat 13:00:02 Step:769} Server_Comm.py: Received a new packet while thinking!
{Sat 13:00:02 Step:770} Server_Comm.py: Received a new packet while thinking!
{Sat 13:00:02 Step:771} Server_Comm.py: Received a new packet while thinking!
{Sat 13:00:02 Step:772} Server_Comm.py: Received a new packet while thinking!
{Sat 13:00:02 Step:774} Server_Comm.py: The agent lost 1 packet! Is syncmode enabled?
{Sat 13:00:02 Step:774} Server_Comm.py: Received a new packet while thinking!
{Sat 13:00:02 Step:775} Server_Comm.py: Received a new packet while thinking!
{Sat 13:00:02 Step:776} Server_Comm.py: Received a new packet while thinking!
{Sat 13:00:02 Step:777} Server_Comm.py: Received a new packet while thinking!
{Sat 13:00:03 Step:778} Server_Comm.py: Received a new packet while thinking!
{Sat 13:00:03 Step:779} Server_Comm.py: Received a new packet while on world.update()!
{Sat 13:00:03 Step:781} Server_Comm.py: Received a new packet while thinking!
{Sat 13:00:03 Step:782} Server_Comm.py: Received a new packet while thinking!
{Sat 13:00:03 Step:783} Server_Comm.py: Received a new packet while thinking!
{Sat 13:00:03 Step:784} Server_Comm.py: Received a new packet while thinking!
{Sat 13:00:03 Step:786} Server_Comm.py: The agent lost 1 packet! Is syncmode enabled?
{Sat 13:00:03 Step:788} Server_Comm.py: The agent lost 1 packet! Is syncmode enabled?
{Sat 13:00:03 Step:791} Server_Comm.py: Received a new packet while thinking!
{Sat 13:00:03 Step:792} Server_Comm.py: Received a new packet while thinking!
{Sat 13:00:03 Step:794} Server_Comm.py: The agent lost 1 packet! Is syncmode enabled?
{Sat 13:00:03 Step:794} Server_Comm.py: Received a new packet while thinking!
{Sat 13:00:03 Step:797} Server_Comm.py: Received a new packet while thinking!
{Sat 13:00:03 Step:798} Server_Comm.py: Received a new packet while thinking!
{Sat 13:00:03 Step:799} Server_Comm.py: Received a new packet while thinking!
{Sat 13:00:03 Step:800} Server_Comm.py: Received a new packet while thinking!
{Sat 13:00:04 Step:801} Server_Comm.py: Received a new packet while on world.update()!
{Sat 13:00:04 Step:804} Server_Comm.py: The agent lost 1 packet! Is syncmode enabled?
{Sat 13:00:04 Step:805} Server_Comm.py: Received a new packet while thinking!
{Sat 13:00:04 Step:806} Server_Comm.py: Received a new packet while thinking!
{Sat 13:00:04 Step:808} Server_Comm.py: The agent lost 1 packet! Is syncmode enabled?
{Sat 13:00:04 Step:809} Server_Comm.py: Received a new packet while thinking!
{Sat 13:00:04 Step:810} Server_Comm.py: Received a new packet while thinking!
{Sat 13:00:04 Step:811} Server_Comm.py: Received a new packet while on world.update()!
{Sat 13:00:04 Step:813} Server_Comm.py: Received a new packet while thinking!
{Sat 13:00:04 Step:815} Server_Comm.py: The agent lost 1 packet! Is syncmode enabled?
{Sat 13:00:04 Step:815} Server_Comm.py: Received a new packet while on world.update()!
{Sat 13:00:04 Step:817} Server_Comm.py: Received a new packet while thinking!
{Sat 13:00:04 Step:818} Server_Comm.py: Received a new packet while thinking!
{Sat 13:00:04 Step:820} Server_Comm.py: The agent lost 1 packet! Is syncmode enabled?
{Sat 13:00:04 Step:821} Server_Comm.py: Received a new packet while on world.update()!
{Sat 13:00:04 Step:824} Server_Comm.py: The agent lost 1 packet! Is syncmode enabled?
{Sat 13:00:05 Step:824} Server_Comm.py: Received a new packet while thinking!
{Sat 13:00:05 Step:825} Server_Comm.py: Received a new packet while thinking!
{Sat 13:00:05 Step:826} Server_Comm.py: Received a new packet while thinking!
{Sat 13:00:05 Step:828} Server_Comm.py: The agent lost 1 packet! Is syncmode enabled?
{Sat 13:00:05 Step:833} Server_Comm.py: Received a new packet while on world.update()!
{Sat 13:00:05 Step:845} Server_Comm.py: Received a new packet while thinking!
{Sat 13:00:06 Step:851} Server_Comm.py: Received a new packet while thinking!
{Sat 13:00:06 Step:853} Server_Comm.py: Received a new packet while thinking!
{Sat 13:00:06 Step:854} Server_Comm.py: Received a new packet while thinking!
{Sat 13:00:06 Step:855} Server_Comm.py: Received a new packet while thinking!
{Sat 13:00:06 Step:856} Server_Comm.py: Received a new packet while thinking!
{Sat 13:00:06 Step:857} Server_Comm.py: Received a new packet while on world.update()!
{Sat 13:00:06 Step:863} Server_Comm.py: Received a new packet while thinking!
{Sat 13:00:06 Step:864} Server_Comm.py: Received a new packet while thinking!
{Sat 13:00:07 Step:866} Server_Comm.py: The agent lost 1 packet! Is syncmode enabled?
{Sat 13:00:07 Step:867} Server_Comm.py: Received a new packet while thinking!
{Sat 13:00:07 Step:868} Server_Comm.py: Received a new packet while thinking!
{Sat 13:00:07 Step:869} Server_Comm.py: Received a new packet while on world.update()!
{Sat 13:00:07 Step:874} Server_Comm.py: Received a new packet while thinking!
{Sat 13:00:07 Step:876} Server_Comm.py: The agent lost 1 packet! Is syncmode enabled?
{Sat 13:00:07 Step:877} Server_Comm.py: Received a new packet while thinking!
{Sat 13:00:07 Step:878} Server_Comm.py: Received a new packet while thinking!
{Sat 13:00:07 Step:880} Server_Comm.py: The agent lost 1 packet! Is syncmode enabled?
{Sat 13:00:07 Step:881} Server_Comm.py: Received a new packet while on world.update()!
{Sat 13:00:07 Step:883} Server_Comm.py: Received a new packet while on world.update()!
{Sat 13:00:08 Step:889} Server_Comm.py: Received a new packet while thinking!
{Sat 13:00:08 Step:890} Server_Comm.py: Received a new packet while thinking!
{Sat 13:00:08 Step:892} Server_Comm.py: The agent lost 1 packet! Is syncmode enabled?
{Sat 13:00:08 Step:894} Server_Comm.py: The agent lost 1 packet! Is syncmode enabled?
{Sat 13:00:08 Step:895} Server_Comm.py: Received a new packet while on world.update()!
{Sat 13:00:08 Step:897} Server_Comm.py: Received a new packet while on world.update()!
{Sat 13:00:08 Step:898} Server_Comm.py: Received a new packet while thinking!
{Sat 13:00:08 Step:899} Server_Comm.py: Received a new packet while thinking!
{Sat 13:00:08 Step:900} Server_Comm.py: Received a new packet while thinking!
{Sat 13:00:09 Step:901} Server_Comm.py: Received a new packet while on world.update()!
{Sat 13:00:09 Step:911} Server_Comm.py: Received a new packet while thinking!
{Sat 13:00:09 Step:913} Server_Comm.py: The agent lost 1 packet! Is syncmode enabled?
{Sat 13:00:09 Step:913} Server_Comm.py: Received a new packet while on world.update()!
{Sat 13:00:09 Step:917} Server_Comm.py: Received a new packet while thinking!
{Sat 13:00:09 Step:918} Server_Comm.py: Received a new packet while thinking!
{Sat 13:00:10 Step:919} Server_Comm.py: Received a new packet while on world.update()!
{Sat 13:00:10 Step:923} Server_Comm.py: Received a new packet while thinking!
{Sat 13:00:10 Step:924} Server_Comm.py: Received a new packet while thinking!
{Sat 13:00:10 Step:926} Server_Comm.py: The agent lost 1 packet! Is syncmode enabled?
{Sat 13:00:10 Step:927} Server_Comm.py: Received a new packet while on world.update()!
{Sat 13:00:10 Step:928} Server_Comm.py: Received a new packet while thinking!
{Sat 13:00:10 Step:930} Server_Comm.py: The agent lost 1 packet! Is syncmode enabled?
{Sat 13:00:10 Step:930} Server_Comm.py: Received a new packet while thinking!
{Sat 13:00:10 Step:931} Server_Comm.py: Received a new packet while on world.update()!
{Sat 13:00:10 Step:933} Server_Comm.py: Received a new packet while thinking!
{Sat 13:00:10 Step:934} Server_Comm.py: Received a new packet while thinking!
{Sat 13:00:11 Step:937} Server_Comm.py: The agent lost 2 consecutive packets! Is syncmode disabled?
{Sat 13:00:11 Step:939} Server_Comm.py: Received a new packet while thinking!
{Sat 13:00:11 Step:940} Server_Comm.py: Received a new packet while thinking!
{Sat 13:00:11 Step:942} Server_Comm.py: The agent lost 1 packet! Is syncmode enabled?
{Sat 13:00:11 Step:942} Server_Comm.py: Received a new packet while thinking!
{Sat 13:00:11 Step:944} Server_Comm.py: The agent lost 1 packet! Is syncmode enabled?
{Sat 13:00:11 Step:944} Server_Comm.py: Received a new packet while thinking!
{Sat 13:00:11 Step:946} Server_Comm.py: The agent lost 1 packet! Is syncmode enabled?
{Sat 13:00:11 Step:946} Server_Comm.py: Received a new packet while on world.update()!
{Sat 13:00:11 Step:947} Server_Comm.py: Received a new packet while on world.update()!
{Sat 13:00:12 Step:951} Server_Comm.py: Received a new packet while on world.update()!
{Sat 13:00:12 Step:959} Server_Comm.py: Received a new packet while on world.update()!
{Sat 13:00:12 Step:960} Server_Comm.py: Received a new packet while thinking!
{Sat 13:00:12 Step:962} Server_Comm.py: The agent lost 1 packet! Is syncmode enabled?
{Sat 13:00:12 Step:962} Server_Comm.py: Received a new packet while thinking!
{Sat 13:00:12 Step:963} Server_Comm.py: Received a new packet while thinking!
{Sat 13:00:12 Step:964} Server_Comm.py: Received a new packet while thinking!
{Sat 13:00:12 Step:966} Server_Comm.py: The agent lost 1 packet! Is syncmode enabled?
{Sat 13:00:13 Step:973} Server_Comm.py: Received a new packet while on world.update()!
{Sat 13:00:13 Step:974} Server_Comm.py: Received a new packet while thinking!
{Sat 13:00:13 Step:975} Server_Comm.py: Received a new packet while thinking!
{Sat 13:00:13 Step:976} Server_Comm.py: Received a new packet while thinking!
{Sat 13:00:13 Step:977} Server_Comm.py: Received a new packet while thinking!
{Sat 13:00:13 Step:978} Server_Comm.py: Received a new packet while thinking!
{Sat 13:00:13 Step:980} Server_Comm.py: The agent lost 1 packet! Is syncmode enabled?
{Sat 13:00:14 Step:983} Server_Comm.py: Received a new packet while thinking!
{Sat 13:00:14 Step:989} Server_Comm.py: Received a new packet while thinking!
{Sat 13:00:14 Step:990} Server_Comm.py: Received a new packet while thinking!
{Sat 13:00:14 Step:993} Server_Comm.py: The agent lost 2 consecutive packets! Is syncmode disabled?
{Sat 13:00:14 Step:993} Server_Comm.py: Received a new packet while on world.update()!
{Sat 13:00:15 Step:1001} Server_Comm.py: Received a new packet while thinking!
{Sat 13:00:15 Step:1002} Server_Comm.py: Received a new packet while thinking!
{Sat 13:00:15 Step:1003} Server_Comm.py: Received a new packet while thinking!
{Sat 13:00:15 Step:1004} Server_Comm.py: Received a new packet while thinking!
{Sat 13:00:15 Step:1006} Server_Comm.py: The agent lost 1 packet! Is syncmode enabled?
{Sat 13:00:15 Step:1006} Server_Comm.py: Received a new packet while thinking!
{Sat 13:00:15 Step:1008} Server_Comm.py: The agent lost 1 packet! Is syncmode enabled?
{Sat 13:00:16 Step:1015} Server_Comm.py: Received a new packet while on world.update()!
{Sat 13:00:16 Step:1019} Server_Comm.py: Received a new packet while on world.update()!
{Sat 13:00:16 Step:1020} Server_Comm.py: Received a new packet while thinking!
{Sat 13:00:16 Step:1021} Server_Comm.py: Received a new packet while thinking!
{Sat 13:00:17 Step:1022} Server_Comm.py: Received a new packet while thinking!
{Sat 13:00:17 Step:1023} Server_Comm.py: Received a new packet while thinking!
{Sat 13:00:17 Step:1024} Server_Comm.py: Received a new packet while thinking!
{Sat 13:00:17 Step:1026} Server_Comm.py: The agent lost 1 packet! Is syncmode enabled?
{Sat 13:00:17 Step:1026} Server_Comm.py: Received a new packet while thinking!
{Sat 13:00:17 Step:1027} Server_Comm.py: Received a new packet while thinking!
{Sat 13:00:17 Step:1028} Server_Comm.py: Received a new packet while thinking!
{Sat 13:00:17 Step:1030} Server_Comm.py: The agent lost 1 packet! Is syncmode enabled?
{Sat 13:00:17 Step:1030} Server_Comm.py: Received a new packet while thinking!
{Sat 13:00:17 Step:1032} Server_Comm.py: The agent lost 1 packet! Is syncmode enabled?
{Sat 13:00:17 Step:1032} Server_Comm.py: Received a new packet while thinking!
{Sat 13:00:17 Step:1034} Server_Comm.py: The agent lost 1 packet! Is syncmode enabled?
{Sat 13:00:18 Step:1034} Server_Comm.py: Received a new packet while thinking!
{Sat 13:00:18 Step:1036} Server_Comm.py: The agent lost 1 packet! Is syncmode enabled?
{Sat 13:00:18 Step:1036} Server_Comm.py: Received a new packet while thinking!
{Sat 13:00:18 Step:1037} Server_Comm.py: Received a new packet while on world.update()!
{Sat 13:00:18 Step:1039} Server_Comm.py: Received a new packet while on world.update()!
{Sat 13:00:18 Step:1041} Server_Comm.py: Received a new packet while thinking!
{Sat 13:00:18 Step:1042} Server_Comm.py: Received a new packet while thinking!
{Sat 13:00:18 Step:1043} Server_Comm.py: Received a new packet while thinking!
{Sat 13:00:18 Step:1044} Server_Comm.py: Received a new packet while thinking!
{Sat 13:00:18 Step:1045} Server_Comm.py: Received a new packet while thinking!
{Sat 13:00:19 Step:1046} Server_Comm.py: Received a new packet while thinking!
{Sat 13:00:19 Step:1047} Server_Comm.py: Received a new packet while on world.update()!
{Sat 13:00:19 Step:1049} Server_Comm.py: Received a new packet while thinking!
{Sat 13:00:19 Step:1051} Server_Comm.py: Received a new packet while thinking!
{Sat 13:00:19 Step:1052} Server_Comm.py: Received a new packet while thinking!
{Sat 13:00:20 Step:1053} Server_Comm.py: Received a new packet while thinking!
{Sat 13:00:20 Step:1054} Server_Comm.py: Received a new packet while thinking!
{Sat 13:00:20 Step:1055} Server_Comm.py: Received a new packet while thinking!
{Sat 13:00:20 Step:1056} Server_Comm.py: Received a new packet while thinking!
{Sat 13:00:20 Step:1057} Server_Comm.py: Received a new packet while thinking!
{Sat 13:00:20 Step:1058} Server_Comm.py: Received a new packet while thinking!
{Sat 13:00:20 Step:1060} Server_Comm.py: The agent lost 1 packet! Is syncmode enabled?
{Sat 13:00:20 Step:1060} Server_Comm.py: Received a new packet while on world.update()!
{Sat 13:00:20 Step:1062} Server_Comm.py: The agent lost 1 packet! Is syncmode enabled?
{Sat 13:00:20 Step:1063} Server_Comm.py: Received a new packet while on world.update()!
{Sat 13:00:21 Step:1067} Server_Comm.py: Received a new packet while on world.update()!
{Sat 13:00:21 Step:1069} Server_Comm.py: Received a new packet while on world.update()!
{Sat 13:00:21 Step:1071} Server_Comm.py: Received a new packet while thinking!
{Sat 13:00:22 Step:1072} Server_Comm.py: Received a new packet while thinking!
{Sat 13:00:22 Step:1073} Server_Comm.py: Received a new packet while on world.update()!
{Sat 13:00:22 Step:1079} Server_Comm.py: Received a new packet while thinking!
{Sat 13:00:22 Step:1080} Server_Comm.py: Received a new packet while thinking!
{Sat 13:00:23 Step:1081} Server_Comm.py: Received a new packet while thinking!
{Sat 13:00:23 Step:1082} Server_Comm.py: Received a new packet while thinking!
{Sat 13:00:23 Step:1083} Server_Comm.py: Received a new packet while thinking!
{Sat 13:00:23 Step:1084} Server_Comm.py: Received a new packet while thinking!
{Sat 13:00:23 Step:1085} Server_Comm.py: Received a new packet while thinking!
{Sat 13:00:23 Step:1086} Server_Comm.py: Received a new packet while thinking!
{Sat 13:00:23 Step:1088} Server_Comm.py: The agent lost 1 packet! Is syncmode enabled?
{Sat 13:00:23 Step:1088} Server_Comm.py: Received a new packet while thinking!
{Sat 13:00:23 Step:1089} Server_Comm.py: Received a new packet while thinking!
{Sat 13:00:24 Step:1090} Server_Comm.py: Received a new packet while thinking!
{Sat 13:00:24 Step:1091} Server_Comm.py: Received a new packet while on world.update()!
{Sat 13:00:24 Step:1093} Server_Comm.py: Received a new packet while thinking!
{Sat 13:00:24 Step:1096} Server_Comm.py: The agent lost 2 consecutive packets! Is syncmode disabled?
{Sat 13:00:25 Step:1099} Server_Comm.py: Received a new packet while thinking!
{Sat 13:00:25 Step:1102} Server_Comm.py: The agent lost 2 consecutive packets! Is syncmode disabled?
{Sat 13:00:25 Step:1102} Server_Comm.py: Received a new packet while thinking!
{Sat 13:00:25 Step:1104} Server_Comm.py: The agent lost 1 packet! Is syncmode enabled?
{Sat 13:00:25 Step:1105} Server_Comm.py: Received a new packet while thinking!
{Sat 13:00:25 Step:1106} Server_Comm.py: Received a new packet while thinking!
{Sat 13:00:25 Step:1107} Server_Comm.py: Received a new packet while on world.update()!
{Sat 13:00:26 Step:1109} Server_Comm.py: Received a new packet while on world.update()!
{Sat 13:00:26 Step:1110} Server_Comm.py: Received a new packet while thinking!
{Sat 13:00:26 Step:1111} Server_Comm.py: Received a new packet while on world.update()!
{Sat 13:00:27 Step:1116} Server_Comm.py: The agent lost 4 consecutive packets! Is syncmode disabled?
{Sat 13:00:27 Step:1116} Server_Comm.py: Received a new packet while thinking!
{Sat 13:00:27 Step:1118} Server_Comm.py: The agent lost 1 packet! Is syncmode enabled?
{Sat 13:00:27 Step:1119} Server_Comm.py: Received a new packet while on world.update()!
{Sat 13:00:28 Step:1121} Server_Comm.py: Received a new packet while on world.update()!
{Sat 13:00:28 Step:1125} Server_Comm.py: Received a new packet while thinking!
{Sat 13:00:28 Step:1126} Server_Comm.py: Received a new packet while thinking!
{Sat 13:00:28 Step:1127} Server_Comm.py: Received a new packet while on world.update()!
{Sat 13:00:29 Step:1129} Server_Comm.py: Received a new packet while thinking!
{Sat 13:00:29 Step:1130} Server_Comm.py: Received a new packet while thinking!
{Sat 13:00:29 Step:1132} Server_Comm.py: The agent lost 1 packet! Is syncmode enabled?
{Sat 13:00:29 Step:1132} Server_Comm.py: Received a new packet while thinking!
{Sat 13:00:29 Step:1134} Server_Comm.py: The agent lost 1 packet! Is syncmode enabled?
{Sat 13:00:29 Step:1134} Server_Comm.py: Received a new packet while thinking!
{Sat 13:00:29 Step:1135} Server_Comm.py: Received a new packet while thinking!
{Sat 13:00:29 Step:1136} Server_Comm.py: Received a new packet while thinking!
{Sat 13:00:30 Step:1137} Server_Comm.py: Received a new packet while on world.update()!
{Sat 13:00:30 Step:1141} Server_Comm.py: Received a new packet while thinking!
{Sat 13:00:30 Step:1142} Server_Comm.py: Received a new packet while thinking!
{Sat 13:00:30 Step:1144} Server_Comm.py: The agent lost 1 packet! Is syncmode enabled?
{Sat 13:00:31 Step:1144} Server_Comm.py: Received a new packet while thinking!
{Sat 13:00:31 Step:1146} Server_Comm.py: The agent lost 1 packet! Is syncmode enabled?
{Sat 13:00:31 Step:1147} Server_Comm.py: Received a new packet while on world.update()!
{Sat 13:00:31 Step:1149} Server_Comm.py: The agent lost 1 packet! Is syncmode enabled?
{Sat 13:00:31 Step:1149} Server_Comm.py: Received a new packet while on world.update()!
{Sat 13:00:31 Step:1150} Server_Comm.py: Received a new packet while thinking!
{Sat 13:00:31 Step:1151} Server_Comm.py: Received a new packet while thinking!
{Sat 13:00:32 Step:1152} Server_Comm.py: Received a new packet while thinking!
{Sat 13:00:32 Step:1153} Server_Comm.py: Received a new packet while on world.update()!
{Sat 13:00:32 Step:1157} Server_Comm.py: Received a new packet while thinking!
{Sat 13:00:32 Step:1158} Server_Comm.py: Received a new packet while thinking!
{Sat 13:00:32 Step:1159} Server_Comm.py: Received a new packet while thinking!
{Sat 13:00:32 Step:1160} Server_Comm.py: Received a new packet while thinking!
{Sat 13:00:32 Step:1161} Server_Comm.py: Received a new packet while on world.update()!
{Sat 13:00:33 Step:1167} Server_Comm.py: Received a new packet while thinking!
{Sat 13:00:33 Step:1168} Server_Comm.py: Received a new packet while thinking!
{Sat 13:00:33 Step:1170} Server_Comm.py: The agent lost 1 packet! Is syncmode enabled?
{Sat 13:00:34 Step:1170} Server_Comm.py: Received a new packet while thinking!
{Sat 13:00:34 Step:1172} Server_Comm.py: The agent lost 1 packet! Is syncmode enabled?
{Sat 13:00:34 Step:1173} Server_Comm.py: Received a new packet while thinking!
{Sat 13:00:34 Step:1174} Server_Comm.py: Received a new packet while thinking!
{Sat 13:00:34 Step:1175} Server_Comm.py: Received a new packet while on world.update()!
{Sat 13:00:35 Step:1179} Server_Comm.py: Received a new packet while thinking!
{Sat 13:00:35 Step:1181} Server_Comm.py: Received a new packet while thinking!
{Sat 13:00:35 Step:1183} Server_Comm.py: Received a new packet while thinking!
{Sat 13:00:35 Step:1185} Server_Comm.py: Received a new packet while thinking!
{Sat 13:00:35 Step:1187} Server_Comm.py: Received a new packet while thinking!
{Sat 13:00:36 Step:1188} Server_Comm.py: Received a new packet while thinking!
{Sat 13:00:36 Step:1189} Server_Comm.py: Received a new packet while thinking!
{Sat 13:00:36 Step:1190} Server_Comm.py: Received a new packet while thinking!
{Sat 13:00:36 Step:1191} Server_Comm.py: Received a new packet while thinking!
{Sat 13:00:36 Step:1192} Server_Comm.py: Received a new packet while thinking!
{Sat 13:00:36 Step:1193} Server_Comm.py: Received a new packet while thinking!
{Sat 13:00:36 Step:1194} Server_Comm.py: Received a new packet while thinking!
{Sat 13:00:36 Step:1195} Server_Comm.py: Received a new packet while on world.update()!
{Sat 13:00:37 Step:1197} Server_Comm.py: Received a new packet while thinking!
{Sat 13:00:37 Step:1198} Server_Comm.py: Received a new packet while thinking!
{Sat 13:00:37 Step:1199} Server_Comm.py: Received a new packet while on world.update()!
{Sat 13:00:37 Step:1201} Server_Comm.py: Received a new packet while thinking!
{Sat 13:00:37 Step:1202} Server_Comm.py: Received a new packet while thinking!
{Sat 13:00:38 Step:1203} Server_Comm.py: Received a new packet while on world.update()!
{Sat 13:00:38 Step:1205} Server_Comm.py: Received a new packet while thinking!
{Sat 13:00:38 Step:1206} Server_Comm.py: Received a new packet while thinking!
{Sat 13:00:38 Step:1208} Server_Comm.py: The agent lost 1 packet! Is syncmode enabled?
{Sat 13:00:38 Step:1208} Server_Comm.py: Received a new packet while thinking!
{Sat 13:00:38 Step:1210} Server_Comm.py: The agent lost 1 packet! Is syncmode enabled?
{Sat 13:00:38 Step:1210} Server_Comm.py: Received a new packet while thinking!
{Sat 13:00:38 Step:1212} Server_Comm.py: The agent lost 1 packet! Is syncmode enabled?
{Sat 13:00:39 Step:1215} Server_Comm.py: Received a new packet while on world.update()!
{Sat 13:00:39 Step:1219} Server_Comm.py: Received a new packet while thinking!
{Sat 13:00:40 Step:1223} Server_Comm.py: Received a new packet while on world.update()!
{Sat 13:00:40 Step:1225} Server_Comm.py: Received a new packet while thinking!
{Sat 13:00:40 Step:1226} Server_Comm.py: Received a new packet while thinking!
{Sat 13:00:40 Step:1228} Server_Comm.py: The agent lost 1 packet! Is syncmode enabled?
{Sat 13:00:42 Step:1236} Server_Comm.py: The agent lost 1 packet! Is syncmode enabled?
{Sat 13:00:42 Step:1237} Server_Comm.py: Received a new packet while on world.update()!
{Sat 13:00:42 Step:1239} Server_Comm.py: Received a new packet while thinking!
{Sat 13:00:42 Step:1241} Server_Comm.py: Received a new packet while on world.update()!
{Sat 13:00:43 Step:1243} Server_Comm.py: Received a new packet while thinking!
{Sat 13:00:43 Step:1245} Server_Comm.py: The agent lost 1 packet! Is syncmode enabled?
{Sat 13:00:43 Step:1245} Server_Comm.py: Received a new packet while on world.update()!
{Sat 13:00:43 Step:1247} Server_Comm.py: Received a new packet while thinking!
{Sat 13:00:43 Step:1249} Server_Comm.py: The agent lost 1 packet! Is syncmode enabled?
{Sat 13:00:43 Step:1249} Server_Comm.py: Received a new packet while thinking!
{Sat 13:00:43 Step:1250} Server_Comm.py: Received a new packet while thinking!
{Sat 13:00:44 Step:1252} Server_Comm.py: The agent lost 1 packet! Is syncmode enabled?
{Sat 13:00:44 Step:1257} Server_Comm.py: Received a new packet while thinking!
{Sat 13:00:44 Step:1258} Server_Comm.py: Received a new packet while thinking!
{Sat 13:00:45 Step:1260} Server_Comm.py: The agent lost 1 packet! Is syncmode enabled?
{Sat 13:00:45 Step:1262} Server_Comm.py: The agent lost 1 packet! Is syncmode enabled?
{Sat 13:00:45 Step:1263} Server_Comm.py: Received a new packet while thinking!
{Sat 13:00:45 Step:1264} Server_Comm.py: Received a new packet while thinking!
{Sat 13:00:45 Step:1265} Server_Comm.py: Received a new packet while on world.update()!
{Sat 13:00:45 Step:1268} Server_Comm.py: The agent lost 1 packet! Is syncmode enabled?
{Sat 13:00:46 Step:1269} Server_Comm.py: Received a new packet while on world.update()!
{Sat 13:00:46 Step:1270} Server_Comm.py: Received a new packet while thinking!
{Sat 13:00:46 Step:1274} Server_Comm.py: The agent lost 3 consecutive packets! Is syncmode disabled?
{Sat 13:00:46 Step:1274} Server_Comm.py: Received a new packet while thinking!
{Sat 13:00:46 Step:1275} Server_Comm.py: Received a new packet while on world.update()!
{Sat 13:00:47 Step:1285} Server_Comm.py: Received a new packet while thinking!
{Sat 13:00:47 Step:1286} Server_Comm.py: Received a new packet while thinking!
{Sat 13:00:47 Step:1287} Server_Comm.py: Received a new packet while on world.update()!
{Sat 13:00:48 Step:1291} Server_Comm.py: Received a new packet while thinking!
{Sat 13:00:48 Step:1292} Server_Comm.py: Received a new packet while thinking!
{Sat 13:00:48 Step:1293} Server_Comm.py: Received a new packet while thinking!
{Sat 13:00:48 Step:1294} Server_Comm.py: Received a new packet while thinking!
{Sat 13:00:49 Step:1297} Server_Comm.py: The agent lost 2 consecutive packets! Is syncmode disabled?
{Sat 13:00:49 Step:1297} Server_Comm.py: Received a new packet while on world.update()!
{Sat 13:00:49 Step:1299} Server_Comm.py: Received a new packet while on world.update()!
{Sat 13:00:49 Step:1301} Server_Comm.py: Received a new packet while thinking!
{Sat 13:00:50 Step:1302} Server_Comm.py: Received a new packet while thinking!
{Sat 13:00:50 Step:1304} Server_Comm.py: The agent lost 1 packet! Is syncmode enabled?
{Sat 13:00:50 Step:1304} Server_Comm.py: Received a new packet while thinking!
{Sat 13:00:50 Step:1305} Server_Comm.py: Received a new packet while on world.update()!
{Sat 13:00:50 Step:1308} Server_Comm.py: The agent lost 1 packet! Is syncmode enabled?
{Sat 13:00:51 Step:1311} Server_Comm.py: Received a new packet while on world.update()!
{Sat 13:00:51 Step:1314} Server_Comm.py: The agent lost 2 consecutive packets! Is syncmode disabled?
{Sat 13:00:53 Step:1317} Server_Comm.py: Received a new packet while thinking!
{Sat 13:00:53 Step:1318} Server_Comm.py: Received a new packet while thinking!
{Sat 13:00:53 Step:1320} Server_Comm.py: The agent lost 1 packet! Is syncmode enabled?
{Sat 13:00:53 Step:1320} Server_Comm.py: Received a new packet while thinking!
{Sat 13:00:53 Step:1321} Server_Comm.py: Received a new packet while thinking!
{Sat 13:00:53 Step:1322} Server_Comm.py: Received a new packet while thinking!
{Sat 13:00:53 Step:1323} Server_Comm.py: Received a new packet while thinking!
{Sat 13:00:54 Step:1324} Server_Comm.py: Received a new packet while thinking!
{Sat 13:00:54 Step:1328} Server_Comm.py: The agent lost 3 consecutive packets! Is syncmode disabled?
{Sat 13:00:54 Step:1329} Server_Comm.py: Received a new packet while thinking!
{Sat 13:00:55 Step:1330} Server_Comm.py: Received a new packet while thinking!
{Sat 13:00:55 Step:1332} Server_Comm.py: The agent lost 1 packet! Is syncmode enabled?
{Sat 13:00:55 Step:1333} Server_Comm.py: Received a new packet while thinking!
{Sat 13:00:55 Step:1334} Server_Comm.py: Received a new packet while thinking!
{Sat 13:00:56 Step:1338} Server_Comm.py: The agent lost 3 consecutive packets! Is syncmode disabled?
{Sat 13:00:56 Step:1338} Server_Comm.py: Received a new packet while on world.update()!
{Sat 13:00:56 Step:1340} Server_Comm.py: The agent lost 1 packet! Is syncmode enabled?
{Sat 13:00:56 Step:1342} Server_Comm.py: The agent lost 1 packet! Is syncmode enabled?
{Sat 13:00:56 Step:1343} Server_Comm.py: Received a new packet while thinking!
{Sat 13:00:56 Step:1344} Server_Comm.py: Received a new packet while thinking!
{Sat 13:00:56 Step:1346} Server_Comm.py: The agent lost 1 packet! Is syncmode enabled?
{Sat 13:00:56 Step:1346} Server_Comm.py: Received a new packet while on world.update()!
{Sat 13:00:56 Step:1347} Server_Comm.py: Received a new packet while thinking!
{Sat 13:00:57 Step:1348} Server_Comm.py: Received a new packet while thinking!
{Sat 13:00:57 Step:1350} Server_Comm.py: The agent lost 1 packet! Is syncmode enabled?
{Sat 13:00:57 Step:1350} Server_Comm.py: Received a new packet while thinking!
{Sat 13:00:57 Step:1351} Server_Comm.py: Received a new packet while thinking!
{Sat 13:00:57 Step:1352} Server_Comm.py: Received a new packet while thinking!
{Sat 13:00:57 Step:1355} Server_Comm.py: The agent lost 2 consecutive packets! Is syncmode disabled?
{Sat 13:00:57 Step:1355} Server_Comm.py: Received a new packet while on world.update()!
{Sat 13:00:57 Step:1356} Server_Comm.py: Received a new packet while thinking!
{Sat 13:00:57 Step:1360} Server_Comm.py: The agent lost 3 consecutive packets! Is syncmode disabled?
{Sat 13:00:58 Step:1363} Server_Comm.py: Received a new packet while thinking!
{Sat 13:00:58 Step:1364} Server_Comm.py: Received a new packet while thinking!
{Sat 13:00:58 Step:1365} Server_Comm.py: Received a new packet while on world.update()!
{Sat 13:00:58 Step:1367} Server_Comm.py: Received a new packet while on world.update()!
{Sat 13:00:58 Step:1369} Server_Comm.py: Received a new packet while thinking!
{Sat 13:00:58 Step:1370} Server_Comm.py: Received a new packet while thinking!
{Sat 13:00:58 Step:1371} Server_Comm.py: Received a new packet while thinking!
{Sat 13:00:58 Step:1372} Server_Comm.py: Received a new packet while thinking!
{Sat 13:00:58 Step:1373} Server_Comm.py: Received a new packet while thinking!
{Sat 13:00:58 Step:1374} Server_Comm.py: Received a new packet while thinking!
{Sat 13:00:58 Step:1375} Server_Comm.py: Received a new packet while on world.update()!
{Sat 13:00:59 Step:1377} Server_Comm.py: Received a new packet while thinking!
{Sat 13:00:59 Step:1378} Server_Comm.py: Received a new packet while thinking!
{Sat 13:00:59 Step:1380} Server_Comm.py: The agent lost 1 packet! Is syncmode enabled?
{Sat 13:00:59 Step:1380} Server_Comm.py: Received a new packet while thinking!
{Sat 13:00:59 Step:1381} Server_Comm.py: Received a new packet while thinking!
{Sat 13:00:59 Step:1382} Server_Comm.py: Received a new packet while thinking!
{Sat 13:00:59 Step:1384} Server_Comm.py: The agent lost 1 packet! Is syncmode enabled?
{Sat 13:00:59 Step:1385} Server_Comm.py: Received a new packet while thinking!
{Sat 13:00:59 Step:1386} Server_Comm.py: Received a new packet while thinking!
{Sat 13:00:59 Step:1388} Server_Comm.py: The agent lost 1 packet! Is syncmode enabled?
{Sat 13:00:59 Step:1388} Server_Comm.py: Received a new packet while on world.update()!
{Sat 13:00:59 Step:1389} Server_Comm.py: Received a new packet while on world.update()!
{Sat 13:00:59 Step:1390} Server_Comm.py: Received a new packet while thinking!
{Sat 13:00:59 Step:1392} Server_Comm.py: The agent lost 1 packet! Is syncmode enabled?
{Sat 13:01:00 Step:1392} Server_Comm.py: Received a new packet while thinking!
{Sat 13:01:00 Step:1394} Server_Comm.py: The agent lost 1 packet! Is syncmode enabled?
{Sat 13:01:00 Step:1394} Server_Comm.py: Received a new packet while thinking!
{Sat 13:01:00 Step:1396} Server_Comm.py: The agent lost 1 packet! Is syncmode enabled?
{Sat 13:01:00 Step:1397} Server_Comm.py: Received a new packet while thinking!
{Sat 13:01:00 Step:1398} Server_Comm.py: Received a new packet while thinking!
{Sat 13:01:00 Step:1400} Server_Comm.py: The agent lost 1 packet! Is syncmode enabled?
{Sat 13:01:00 Step:1400} Server_Comm.py: Received a new packet while thinking!
{Sat 13:01:00 Step:1402} Server_Comm.py: The agent lost 1 packet! Is syncmode enabled?
{Sat 13:01:00 Step:1405} Server_Comm.py: Received a new packet while thinking!
{Sat 13:01:00 Step:1406} Server_Comm.py: Received a new packet while thinking!
{Sat 13:01:00 Step:1407} Server_Comm.py: Received a new packet while thinking!
{Sat 13:01:00 Step:1408} Server_Comm.py: Received a new packet while thinking!
{Sat 13:01:01 Step:1409} Server_Comm.py: Received a new packet while thinking!
{Sat 13:01:01 Step:1410} Server_Comm.py: Received a new packet while thinking!
{Sat 13:01:01 Step:1412} Server_Comm.py: The agent lost 1 packet! Is syncmode enabled?
{Sat 13:01:01 Step:1413} Server_Comm.py: Received a new packet while thinking!
{Sat 13:01:01 Step:1417} Server_Comm.py: Received a new packet while thinking!
{Sat 13:01:01 Step:1418} Server_Comm.py: Received a new packet while thinking!
{Sat 13:01:01 Step:1419} Server_Comm.py: Received a new packet while on world.update()!
{Sat 13:01:01 Step:1422} Server_Comm.py: The agent lost 1 packet! Is syncmode enabled?
{Sat 13:01:01 Step:1422} Server_Comm.py: Received a new packet while thinking!
{Sat 13:01:01 Step:1423} Server_Comm.py: Received a new packet while thinking!
{Sat 13:01:02 Step:1424} Server_Comm.py: Received a new packet while thinking!
{Sat 13:01:02 Step:1426} Server_Comm.py: The agent lost 1 packet! Is syncmode enabled?
{Sat 13:01:02 Step:1426} Server_Comm.py: Received a new packet while thinking!
{Sat 13:01:02 Step:1429} Server_Comm.py: The agent lost 2 consecutive packets! Is syncmode disabled?
{Sat 13:01:02 Step:1429} Server_Comm.py: Received a new packet while thinking!
{Sat 13:01:02 Step:1430} Server_Comm.py: Received a new packet while thinking!
{Sat 13:01:02 Step:1432} Server_Comm.py: The agent lost 1 packet! Is syncmode enabled?
{Sat 13:01:02 Step:1432} Server_Comm.py: Received a new packet while thinking!
{Sat 13:01:02 Step:1434} Server_Comm.py: The agent lost 1 packet! Is syncmode enabled?
{Sat 13:01:02 Step:1434} Server_Comm.py: Received a new packet while thinking!
{Sat 13:01:02 Step:1436} Server_Comm.py: The agent lost 1 packet! Is syncmode enabled?
{Sat 13:01:02 Step:1436} Server_Comm.py: Received a new packet while thinking!
{Sat 13:01:02 Step:1438} Server_Comm.py: The agent lost 1 packet! Is syncmode enabled?
{Sat 13:01:03 Step:1438} Server_Comm.py: Received a new packet while thinking!
{Sat 13:01:03 Step:1441} Server_Comm.py: The agent lost 2 consecutive packets! Is syncmode disabled?
{Sat 13:01:03 Step:1441} Server_Comm.py: Received a new packet while on world.update()!
{Sat 13:01:03 Step:1442} Server_Comm.py: Received a new packet while thinking!
{Sat 13:01:03 Step:1444} Server_Comm.py: The agent lost 1 packet! Is syncmode enabled?
{Sat 13:01:03 Step:1444} Server_Comm.py: Received a new packet while thinking!
{Sat 13:01:03 Step:1446} Server_Comm.py: The agent lost 1 packet! Is syncmode enabled?
{Sat 13:01:03 Step:1446} Server_Comm.py: Received a new packet while thinking!
{Sat 13:01:03 Step:1447} Server_Comm.py: Received a new packet while thinking!
{Sat 13:01:03 Step:1448} Server_Comm.py: Received a new packet while thinking!
{Sat 13:01:03 Step:1450} Server_Comm.py: The agent lost 1 packet! Is syncmode enabled?
{Sat 13:01:03 Step:1451} Server_Comm.py: Received a new packet while thinking!
{Sat 13:01:03 Step:1452} Server_Comm.py: Received a new packet while thinking!
{Sat 13:01:03 Step:1453} Server_Comm.py: Received a new packet while thinking!
{Sat 13:01:03 Step:1454} Server_Comm.py: Received a new packet while thinking!
{Sat 13:01:04 Step:1456} Server_Comm.py: The agent lost 1 packet! Is syncmode enabled?
{Sat 13:01:04 Step:1456} Server_Comm.py: Received a new packet while thinking!
{Sat 13:01:04 Step:1458} Server_Comm.py: The agent lost 1 packet! Is syncmode enabled?
