{Sat 12:59:28 Step:57} Server_Comm.py: Received a new packet while thinking!
{Sat 12:59:28 Step:58} Server_Comm.py: Received a new packet while thinking!
{Sat 12:59:28 Step:60} Server_Comm.py: The agent lost 1 packet! Is syncmode enabled?
{Sat 12:59:28 Step:65} Server_Comm.py: Received a new packet while thinking!
{Sat 12:59:28 Step:66} Server_Comm.py: Received a new packet while thinking!
{Sat 12:59:28 Step:67} Server_Comm.py: Received a new packet while thinking!
{Sat 12:59:28 Step:68} Server_Comm.py: Received a new packet while thinking!
{Sat 12:59:28 Step:69} Server_Comm.py: Received a new packet while thinking!
{Sat 12:59:28 Step:70} Server_Comm.py: Received a new packet while thinking!
{Sat 12:59:28 Step:71} Server_Comm.py: Received a new packet while on world.update()!
{Sat 12:59:29 Step:77} Server_Comm.py: Received a new packet while thinking!
{Sat 12:59:29 Step:95} Server_Comm.py: Received a new packet while thinking!
{Sat 12:59:29 Step:96} Server_Comm.py: Received a new packet while thinking!
{Sat 12:59:29 Step:97} Server_Comm.py: Received a new packet while thinking!
{Sat 12:59:29 Step:98} Server_Comm.py: Received a new packet while thinking!
{Sat 12:59:30 Step:99} Server_Comm.py: Received a new packet while on world.update()!
{Sat 12:59:30 Step:107} Server_Comm.py: Received a new packet while thinking!
{Sat 12:59:30 Step:108} Server_Comm.py: Received a new packet while thinking!
{Sat 12:59:30 Step:109} Server_Comm.py: Received a new packet while thinking!
{Sat 12:59:30 Step:110} Server_Comm.py: Received a new packet while thinking!
{Sat 12:59:30 Step:111} Server_Comm.py: Received a new packet while thinking!
{Sat 12:59:30 Step:112} Server_Comm.py: Received a new packet while thinking!
{Sat 12:59:30 Step:113} Server_Comm.py: Received a new packet while thinking!
{Sat 12:59:30 Step:114} Server_Comm.py: Received a new packet while thinking!
{Sat 12:59:30 Step:116} Server_Comm.py: The agent lost 1 packet! Is syncmode enabled?
{Sat 12:59:31 Step:121} Server_Comm.py: Received a new packet while thinking!
{Sat 12:59:31 Step:122} Server_Comm.py: Received a new packet while thinking!
{Sat 12:59:31 Step:124} Server_Comm.py: The agent lost 1 packet! Is syncmode enabled?
{Sat 12:59:31 Step:124} Server_Comm.py: Received a new packet while thinking!
{Sat 12:59:31 Step:126} Server_Comm.py: The agent lost 1 packet! Is syncmode enabled?
{Sat 12:59:31 Step:129} Server_Comm.py: Received a new packet while thinking!
{Sat 12:59:31 Step:130} Server_Comm.py: Received a new packet while thinking!
{Sat 12:59:31 Step:134} Server_Comm.py: The agent lost 3 consecutive packets! Is syncmode disabled?
{Sat 12:59:31 Step:134} Server_Comm.py: Received a new packet while thinking!
{Sat 12:59:31 Step:136} Server_Comm.py: The agent lost 1 packet! Is syncmode enabled?
{Sat 12:59:31 Step:137} Server_Comm.py: Received a new packet while thinking!
{Sat 12:59:32 Step:161} Server_Comm.py: Received a new packet while thinking!
{Sat 12:59:32 Step:162} Server_Comm.py: Received a new packet while thinking!
{Sat 12:59:32 Step:164} Server_Comm.py: The agent lost 1 packet! Is syncmode enabled?
{Sat 12:59:33 Step:171} Server_Comm.py: Received a new packet while on world.update()!
{Sat 12:59:33 Step:173} Server_Comm.py: Received a new packet while thinking!
{Sat 12:59:33 Step:174} Server_Comm.py: Received a new packet while thinking!
{Sat 12:59:33 Step:176} Server_Comm.py: The agent lost 1 packet! Is syncmode enabled?
{Sat 12:59:33 Step:176} Server_Comm.py: Received a new packet while thinking!
{Sat 12:59:33 Step:178} Server_Comm.py: The agent lost 1 packet! Is syncmode enabled?
{Sat 12:59:33 Step:178} Server_Comm.py: Received a new packet while thinking!
{Sat 12:59:33 Step:179} Server_Comm.py: Received a new packet while thinking!
{Sat 12:59:33 Step:180} Server_Comm.py: Received a new packet while thinking!
{Sat 12:59:33 Step:182} Server_Comm.py: The agent lost 1 packet! Is syncmode enabled?
{Sat 12:59:34 Step:209} Server_Comm.py: Received a new packet while thinking!
{Sat 12:59:34 Step:210} Server_Comm.py: Received a new packet while thinking!
{Sat 12:59:34 Step:211} Server_Comm.py: Received a new packet while on world.update()!
{Sat 12:59:35 Step:217} Server_Comm.py: Received a new packet while thinking!
{Sat 12:59:36 Step:239} Server_Comm.py: Received a new packet while thinking!
{Sat 12:59:36 Step:241} Server_Comm.py: Received a new packet while thinking!
{Sat 12:59:36 Step:242} Server_Comm.py: Received a new packet while thinking!
{Sat 12:59:36 Step:243} Server_Comm.py: Received a new packet while thinking!
{Sat 12:59:36 Step:244} Server_Comm.py: Received a new packet while thinking!
{Sat 12:59:36 Step:245} Server_Comm.py: Received a new packet while thinking!
{Sat 12:59:36 Step:246} Server_Comm.py: Received a new packet while thinking!
{Sat 12:59:36 Step:247} Server_Comm.py: Received a new packet while thinking!
{Sat 12:59:36 Step:248} Server_Comm.py: Received a new packet while thinking!
{Sat 12:59:36 Step:249} Server_Comm.py: Received a new packet while on world.update()!
{Sat 12:59:36 Step:257} Server_Comm.py: Received a new packet while thinking!
{Sat 12:59:37 Step:258} Server_Comm.py: Received a new packet while thinking!
{Sat 12:59:37 Step:260} Server_Comm.py: The agent lost 1 packet! Is syncmode enabled?
{Sat 12:59:37 Step:263} Server_Comm.py: Received a new packet while thinking!
{Sat 12:59:37 Step:264} Server_Comm.py: Received a new packet while thinking!
{Sat 12:59:37 Step:266} Server_Comm.py: The agent lost 1 packet! Is syncmode enabled?
{Sat 12:59:37 Step:267} Server_Comm.py: Received a new packet while on world.update()!
{Sat 12:59:38 Step:291} Server_Comm.py: Received a new packet while thinking!
{Sat 12:59:38 Step:292} Server_Comm.py: Received a new packet while thinking!
{Sat 12:59:38 Step:293} Server_Comm.py: Received a new packet while on world.update()!
{Sat 12:59:38 Step:297} Server_Comm.py: Received a new packet while thinking!
{Sat 12:59:38 Step:298} Server_Comm.py: Received a new packet while thinking!
{Sat 12:59:38 Step:300} Server_Comm.py: The agent lost 1 packet! Is syncmode enabled?
{Sat 12:59:38 Step:301} Server_Comm.py: Received a new packet while thinking!
{Sat 12:59:39 Step:313} Server_Comm.py: Received a new packet while thinking!
{Sat 12:59:39 Step:314} Server_Comm.py: Received a new packet while thinking!
{Sat 12:59:39 Step:315} Server_Comm.py: Received a new packet while thinking!
{Sat 12:59:39 Step:316} Server_Comm.py: Received a new packet while thinking!
{Sat 12:59:39 Step:317} Server_Comm.py: Received a new packet while on world.update()!
{Sat 12:59:39 Step:323} Server_Comm.py: Received a new packet while thinking!
{Sat 12:59:40 Step:329} Server_Comm.py: Received a new packet while thinking!
{Sat 12:59:40 Step:330} Server_Comm.py: Received a new packet while thinking!
{Sat 12:59:40 Step:331} Server_Comm.py: Received a new packet while thinking!
{Sat 12:59:40 Step:332} Server_Comm.py: Received a new packet while thinking!
{Sat 12:59:40 Step:333} Server_Comm.py: Received a new packet while on world.update()!
{Sat 12:59:40 Step:337} Server_Comm.py: Received a new packet while thinking!
{Sat 12:59:40 Step:338} Server_Comm.py: Received a new packet while thinking!
{Sat 12:59:40 Step:339} Server_Comm.py: Received a new packet while thinking!
{Sat 12:59:40 Step:340} Server_Comm.py: Received a new packet while thinking!
{Sat 12:59:40 Step:341} Server_Comm.py: Received a new packet while on world.update()!
{Sat 12:59:40 Step:343} Server_Comm.py: Received a new packet while thinking!
{Sat 12:59:40 Step:344} Server_Comm.py: Received a new packet while thinking!
{Sat 12:59:40 Step:345} Server_Comm.py: Received a new packet while thinking!
{Sat 12:59:40 Step:346} Server_Comm.py: Received a new packet while thinking!
{Sat 12:59:41 Step:347} Server_Comm.py: Received a new packet while on world.update()!
{Sat 12:59:41 Step:351} Server_Comm.py: Received a new packet while thinking!
{Sat 12:59:41 Step:352} Server_Comm.py: Received a new packet while thinking!
{Sat 12:59:41 Step:353} Server_Comm.py: Received a new packet while thinking!
{Sat 12:59:41 Step:354} Server_Comm.py: Received a new packet while thinking!
{Sat 12:59:41 Step:356} Server_Comm.py: The agent lost 1 packet! Is syncmode enabled?
{Sat 12:59:41 Step:357} Server_Comm.py: Received a new packet while on world.update()!
{Sat 12:59:41 Step:358} Server_Comm.py: Received a new packet while thinking!
{Sat 12:59:41 Step:359} Server_Comm.py: Received a new packet while on world.update()!
{Sat 12:59:41 Step:361} Server_Comm.py: Received a new packet while thinking!
{Sat 12:59:41 Step:362} Server_Comm.py: Received a new packet while thinking!
{Sat 12:59:41 Step:363} Server_Comm.py: Received a new packet while thinking!
{Sat 12:59:41 Step:364} Server_Comm.py: Received a new packet while thinking!
{Sat 12:59:41 Step:365} Server_Comm.py: Received a new packet while thinking!
{Sat 12:59:41 Step:366} Server_Comm.py: Received a new packet while thinking!
{Sat 12:59:41 Step:367} Server_Comm.py: Received a new packet while thinking!
{Sat 12:59:41 Step:368} Server_Comm.py: Received a new packet while thinking!
{Sat 12:59:41 Step:370} Server_Comm.py: The agent lost 1 packet! Is syncmode enabled?
{Sat 12:59:42 Step:375} Server_Comm.py: Received a new packet while thinking!
{Sat 12:59:42 Step:376} Server_Comm.py: Received a new packet while thinking!
{Sat 12:59:42 Step:377} Server_Comm.py: Received a new packet while on world.update()!
{Sat 12:59:42 Step:379} Server_Comm.py: Received a new packet while thinking!
{Sat 12:59:42 Step:380} Server_Comm.py: Received a new packet while thinking!
{Sat 12:59:42 Step:382} Server_Comm.py: The agent lost 1 packet! Is syncmode enabled?
{Sat 12:59:42 Step:387} Server_Comm.py: Received a new packet while thinking!
{Sat 12:59:42 Step:389} Server_Comm.py: The agent lost 1 packet! Is syncmode enabled?
{Sat 12:59:43 Step:391} Server_Comm.py: Received a new packet while on world.update()!
{Sat 12:59:43 Step:397} Server_Comm.py: Received a new packet while thinking!
{Sat 12:59:43 Step:398} Server_Comm.py: Received a new packet while thinking!
{Sat 12:59:43 Step:399} Server_Comm.py: Received a new packet while thinking!
{Sat 12:59:43 Step:400} Server_Comm.py: Received a new packet while thinking!
{Sat 12:59:43 Step:401} Server_Comm.py: Received a new packet while thinking!
{Sat 12:59:43 Step:402} Server_Comm.py: Received a new packet while thinking!
{Sat 12:59:43 Step:403} Server_Comm.py: Received a new packet while on world.update()!
{Sat 12:59:44 Step:409} Server_Comm.py: Received a new packet while thinking!
{Sat 12:59:44 Step:410} Server_Comm.py: Received a new packet while thinking!
{Sat 12:59:44 Step:412} Server_Comm.py: The agent lost 1 packet! Is syncmode enabled?
{Sat 12:59:44 Step:415} Server_Comm.py: Received a new packet while thinking!
{Sat 12:59:44 Step:416} Server_Comm.py: Received a new packet while thinking!
{Sat 12:59:44 Step:417} Server_Comm.py: Received a new packet while on world.update()!
{Sat 12:59:45 Step:429} Server_Comm.py: Received a new packet while on world.update()!
{Sat 12:59:45 Step:432} Server_Comm.py: The agent lost 1 packet! Is syncmode enabled?
{Sat 12:59:45 Step:445} Server_Comm.py: Received a new packet while thinking!
{Sat 12:59:45 Step:446} Server_Comm.py: Received a new packet while thinking!
{Sat 12:59:45 Step:447} Server_Comm.py: Received a new packet while thinking!
{Sat 12:59:45 Step:448} Server_Comm.py: Received a new packet while thinking!
{Sat 12:59:46 Step:449} Server_Comm.py: Received a new packet while on world.update()!
{Sat 12:59:46 Step:451} Server_Comm.py: Received a new packet while thinking!
{Sat 12:59:46 Step:452} Server_Comm.py: Received a new packet while on world.update()!
{Sat 12:59:46 Step:455} Server_Comm.py: Received a new packet while thinking!
{Sat 12:59:46 Step:456} Server_Comm.py: Received a new packet while thinking!
{Sat 12:59:46 Step:457} Server_Comm.py: Received a new packet while on world.update()!
{Sat 12:59:46 Step:459} Server_Comm.py: Received a new packet while thinking!
{Sat 12:59:46 Step:460} Server_Comm.py: Received a new packet while thinking!
{Sat 12:59:46 Step:462} Server_Comm.py: The agent lost 1 packet! Is syncmode enabled?
{Sat 12:59:47 Step:475} Server_Comm.py: Received a new packet while thinking!
{Sat 12:59:47 Step:476} Server_Comm.py: Received a new packet while thinking!
{Sat 12:59:47 Step:478} Server_Comm.py: The agent lost 1 packet! Is syncmode enabled?
{Sat 12:59:47 Step:479} Server_Comm.py: Received a new packet while thinking!
{Sat 12:59:47 Step:480} Server_Comm.py: Received a new packet while thinking!
{Sat 12:59:47 Step:482} Server_Comm.py: The agent lost 1 packet! Is syncmode enabled?
{Sat 12:59:47 Step:482} Server_Comm.py: Received a new packet while thinking!
{Sat 12:59:47 Step:484} Server_Comm.py: The agent lost 1 packet! Is syncmode enabled?
{Sat 12:59:47 Step:489} Server_Comm.py: Received a new packet while on world.update()!
{Sat 12:59:47 Step:491} Server_Comm.py: Received a new packet while on world.update()!
{Sat 12:59:47 Step:493} Server_Comm.py: Received a new packet while thinking!
{Sat 12:59:48 Step:494} Server_Comm.py: Received a new packet while thinking!
{Sat 12:59:48 Step:496} Server_Comm.py: The agent lost 1 packet! Is syncmode enabled?
{Sat 12:59:48 Step:496} Server_Comm.py: Received a new packet while thinking!
{Sat 12:59:48 Step:498} Server_Comm.py: The agent lost 1 packet! Is syncmode enabled?
{Sat 12:59:48 Step:499} Server_Comm.py: Received a new packet while thinking!
{Sat 12:59:48 Step:500} Server_Comm.py: Received a new packet while thinking!
{Sat 12:59:48 Step:501} Server_Comm.py: Received a new packet while on world.update()!
{Sat 12:59:49 Step:523} Server_Comm.py: Received a new packet while thinking!
{Sat 12:59:49 Step:527} Server_Comm.py: Received a new packet while thinking!
{Sat 12:59:49 Step:528} Server_Comm.py: Received a new packet while thinking!
{Sat 12:59:49 Step:529} Server_Comm.py: Received a new packet while thinking!
{Sat 12:59:49 Step:530} Server_Comm.py: Received a new packet while thinking!
{Sat 12:59:49 Step:531} Server_Comm.py: Received a new packet while on world.update()!
{Sat 12:59:49 Step:535} Server_Comm.py: Received a new packet while thinking!
{Sat 12:59:50 Step:536} Server_Comm.py: Received a new packet while thinking!
{Sat 12:59:50 Step:538} Server_Comm.py: The agent lost 1 packet! Is syncmode enabled?
{Sat 12:59:50 Step:538} Server_Comm.py: Received a new packet while thinking!
{Sat 12:59:50 Step:540} Server_Comm.py: The agent lost 1 packet! Is syncmode enabled?
{Sat 12:59:50 Step:540} Server_Comm.py: Received a new packet while on world.update()!
{Sat 12:59:50 Step:544} Server_Comm.py: The agent lost 1 packet! Is syncmode enabled?
{Sat 12:59:50 Step:549} Server_Comm.py: Received a new packet while thinking!
{Sat 12:59:50 Step:550} Server_Comm.py: Received a new packet while thinking!
{Sat 12:59:50 Step:551} Server_Comm.py: Received a new packet while on world.update()!
{Sat 12:59:51 Step:559} Server_Comm.py: Received a new packet while thinking!
{Sat 12:59:51 Step:560} Server_Comm.py: Received a new packet while thinking!
{Sat 12:59:51 Step:561} Server_Comm.py: Received a new packet while thinking!
{Sat 12:59:51 Step:562} Server_Comm.py: Received a new packet while thinking!
{Sat 12:59:51 Step:564} Server_Comm.py: The agent lost 1 packet! Is syncmode enabled?
{Sat 12:59:51 Step:567} Server_Comm.py: Received a new packet while thinking!
{Sat 12:59:51 Step:568} Server_Comm.py: Received a new packet while thinking!
{Sat 12:59:51 Step:570} Server_Comm.py: The agent lost 1 packet! Is syncmode enabled?
{Sat 12:59:51 Step:571} Server_Comm.py: Received a new packet while thinking!
{Sat 12:59:52 Step:573} Server_Comm.py: Received a new packet while thinking!
{Sat 12:59:52 Step:574} Server_Comm.py: Received a new packet while thinking!
{Sat 12:59:52 Step:576} Server_Comm.py: The agent lost 1 packet! Is syncmode enabled?
{Sat 12:59:52 Step:577} Server_Comm.py: Received a new packet while thinking!
{Sat 12:59:52 Step:578} Server_Comm.py: Received a new packet while thinking!
{Sat 12:59:52 Step:580} Server_Comm.py: The agent lost 1 packet! Is syncmode enabled?
{Sat 12:59:52 Step:581} Server_Comm.py: Received a new packet while thinking!
{Sat 12:59:52 Step:582} Server_Comm.py: Received a new packet while thinking!
{Sat 12:59:52 Step:583} Server_Comm.py: Received a new packet while on world.update()!
{Sat 12:59:52 Step:585} Server_Comm.py: Received a new packet while thinking!
{Sat 12:59:53 Step:586} Server_Comm.py: Received a new packet while thinking!
{Sat 12:59:53 Step:588} Server_Comm.py: The agent lost 1 packet! Is syncmode enabled?
{Sat 12:59:53 Step:588} Server_Comm.py: Received a new packet while thinking!
{Sat 12:59:53 Step:590} Server_Comm.py: The agent lost 1 packet! Is syncmode enabled?
{Sat 12:59:53 Step:591} Server_Comm.py: Received a new packet while thinking!
{Sat 12:59:53 Step:592} Server_Comm.py: Received a new packet while thinking!
{Sat 12:59:53 Step:594} Server_Comm.py: The agent lost 1 packet! Is syncmode enabled?
{Sat 12:59:53 Step:594} Server_Comm.py: Received a new packet while thinking!
{Sat 12:59:53 Step:595} Server_Comm.py: Received a new packet while on world.update()!
{Sat 12:59:53 Step:597} Server_Comm.py: Received a new packet while thinking!
{Sat 12:59:53 Step:598} Server_Comm.py: Received a new packet while thinking!
{Sat 12:59:53 Step:599} Server_Comm.py: Received a new packet while on world.update()!
{Sat 12:59:54 Step:609} Server_Comm.py: Received a new packet while thinking!
{Sat 12:59:55 Step:635} Server_Comm.py: Received a new packet while thinking!
{Sat 12:59:55 Step:636} Server_Comm.py: Received a new packet while thinking!
{Sat 12:59:55 Step:637} Server_Comm.py: Received a new packet while on world.update()!
{Sat 12:59:55 Step:639} Server_Comm.py: Received a new packet while thinking!
{Sat 12:59:55 Step:640} Server_Comm.py: Received a new packet while thinking!
{Sat 12:59:55 Step:642} Server_Comm.py: The agent lost 1 packet! Is syncmode enabled?
{Sat 12:59:55 Step:643} Server_Comm.py: Received a new packet while thinking!
{Sat 12:59:55 Step:644} Server_Comm.py: Received a new packet while thinking!
{Sat 12:59:56 Step:645} Server_Comm.py: Received a new packet while thinking!
{Sat 12:59:56 Step:646} Server_Comm.py: Received a new packet while thinking!
{Sat 12:59:56 Step:647} Server_Comm.py: Received a new packet while thinking!
{Sat 12:59:56 Step:648} Server_Comm.py: Received a new packet while thinking!
{Sat 12:59:56 Step:649} Server_Comm.py: Received a new packet while on world.update()!
{Sat 12:59:56 Step:657} Server_Comm.py: Received a new packet while thinking!
{Sat 12:59:56 Step:658} Server_Comm.py: Received a new packet while thinking!
{Sat 12:59:56 Step:660} Server_Comm.py: The agent lost 1 packet! Is syncmode enabled?
{Sat 12:59:56 Step:661} Server_Comm.py: Received a new packet while on world.update()!
{Sat 12:59:57 Step:663} Server_Comm.py: Received a new packet while thinking!
{Sat 12:59:57 Step:664} Server_Comm.py: Received a new packet while thinking!
{Sat 12:59:57 Step:666} Server_Comm.py: The agent lost 1 packet! Is syncmode enabled?
{Sat 12:59:57 Step:667} Server_Comm.py: Received a new packet while on world.update()!
{Sat 12:59:57 Step:669} Server_Comm.py: Received a new packet while on world.update()!
{Sat 12:59:57 Step:671} Server_Comm.py: Received a new packet while thinking!
{Sat 12:59:57 Step:672} Server_Comm.py: Received a new packet while thinking!
{Sat 12:59:57 Step:673} Server_Comm.py: Received a new packet while thinking!
{Sat 12:59:58 Step:674} Server_Comm.py: Received a new packet while thinking!
{Sat 12:59:58 Step:675} Server_Comm.py: Received a new packet while on world.update()!
{Sat 12:59:58 Step:677} Server_Comm.py: Received a new packet while thinking!
{Sat 12:59:58 Step:678} Server_Comm.py: Received a new packet while thinking!
{Sat 12:59:58 Step:679} Server_Comm.py: Received a new packet while thinking!
{Sat 12:59:58 Step:680} Server_Comm.py: Received a new packet while thinking!
{Sat 12:59:58 Step:681} Server_Comm.py: Received a new packet while thinking!
{Sat 12:59:58 Step:682} Server_Comm.py: Received a new packet while thinking!
{Sat 12:59:58 Step:684} Server_Comm.py: The agent lost 1 packet! Is syncmode enabled?
{Sat 12:59:58 Step:687} Server_Comm.py: Received a new packet while thinking!
{Sat 12:59:58 Step:688} Server_Comm.py: Received a new packet while thinking!
{Sat 12:59:58 Step:690} Server_Comm.py: The agent lost 1 packet! Is syncmode enabled?
{Sat 12:59:58 Step:691} Server_Comm.py: Received a new packet while thinking!
{Sat 12:59:58 Step:692} Server_Comm.py: Received a new packet while thinking!
{Sat 12:59:58 Step:693} Server_Comm.py: Received a new packet while thinking!
{Sat 12:59:58 Step:694} Server_Comm.py: Received a new packet while thinking!
{Sat 12:59:59 Step:695} Server_Comm.py: Received a new packet while thinking!
{Sat 12:59:59 Step:696} Server_Comm.py: Received a new packet while thinking!
{Sat 12:59:59 Step:697} Server_Comm.py: Received a new packet while thinking!
{Sat 12:59:59 Step:698} Server_Comm.py: Received a new packet while thinking!
{Sat 12:59:59 Step:699} Server_Comm.py: Received a new packet while thinking!
{Sat 12:59:59 Step:700} Server_Comm.py: Received a new packet while thinking!
{Sat 12:59:59 Step:701} Server_Comm.py: Received a new packet while on world.update()!
{Sat 12:59:59 Step:703} Server_Comm.py: Received a new packet while thinking!
{Sat 12:59:59 Step:705} Server_Comm.py: Received a new packet while on world.update()!
{Sat 13:00:00 Step:719} Server_Comm.py: Received a new packet while thinking!
{Sat 13:00:00 Step:720} Server_Comm.py: Received a new packet while thinking!
{Sat 13:00:00 Step:722} Server_Comm.py: The agent lost 1 packet! Is syncmode enabled?
{Sat 13:00:00 Step:723} Server_Comm.py: Received a new packet while on world.update()!
{Sat 13:00:00 Step:725} Server_Comm.py: Received a new packet while on world.update()!
{Sat 13:00:00 Step:727} Server_Comm.py: The agent lost 1 packet! Is syncmode enabled?
{Sat 13:00:00 Step:727} Server_Comm.py: Received a new packet while thinking!
{Sat 13:00:00 Step:728} Server_Comm.py: Received a new packet while thinking!
{Sat 13:00:00 Step:729} Server_Comm.py: Received a new packet while thinking!
{Sat 13:00:00 Step:730} Server_Comm.py: Received a new packet while thinking!
{Sat 13:00:00 Step:732} Server_Comm.py: The agent lost 1 packet! Is syncmode enabled?
{Sat 13:00:01 Step:735} Server_Comm.py: Received a new packet while thinking!
{Sat 13:00:01 Step:736} Server_Comm.py: Received a new packet while thinking!
{Sat 13:00:01 Step:738} Server_Comm.py: The agent lost 1 packet! Is syncmode enabled?
{Sat 13:00:01 Step:745} Server_Comm.py: Received a new packet while thinking!
{Sat 13:00:01 Step:747} Server_Comm.py: Received a new packet while thinking!
{Sat 13:00:01 Step:748} Server_Comm.py: Received a new packet while thinking!
{Sat 13:00:01 Step:749} Server_Comm.py: Received a new packet while on world.update()!
{Sat 13:00:01 Step:755} Server_Comm.py: Received a new packet while thinking!
{Sat 13:00:02 Step:757} Server_Comm.py: Received a new packet while thinking!
{Sat 13:00:02 Step:758} Server_Comm.py: Received a new packet while thinking!
{Sat 13:00:02 Step:760} Server_Comm.py: The agent lost 1 packet! Is syncmode enabled?
{Sat 13:00:02 Step:760} Server_Comm.py: Received a new packet while thinking!
{Sat 13:00:02 Step:761} Server_Comm.py: Received a new packet while thinking!
{Sat 13:00:02 Step:762} Server_Comm.py: Received a new packet while thinking!
{Sat 13:00:02 Step:763} Server_Comm.py: Received a new packet while on world.update()!
{Sat 13:00:02 Step:769} Server_Comm.py: Received a new packet while thinking!
{Sat 13:00:03 Step:783} Server_Comm.py: Received a new packet while on world.update()!
{Sat 13:00:03 Step:787} Server_Comm.py: Received a new packet while thinking!
{Sat 13:00:03 Step:788} Server_Comm.py: Received a new packet while thinking!
{Sat 13:00:03 Step:790} Server_Comm.py: The agent lost 1 packet! Is syncmode enabled?
{Sat 13:00:03 Step:790} Server_Comm.py: Received a new packet while thinking!
{Sat 13:00:03 Step:792} Server_Comm.py: The agent lost 1 packet! Is syncmode enabled?
{Sat 13:00:03 Step:792} Server_Comm.py: Received a new packet while thinking!
{Sat 13:00:03 Step:794} Server_Comm.py: The agent lost 1 packet! Is syncmode enabled?
{Sat 13:00:04 Step:803} Server_Comm.py: Received a new packet while thinking!
{Sat 13:00:04 Step:805} Server_Comm.py: Received a new packet while thinking!
{Sat 13:00:04 Step:806} Server_Comm.py: Received a new packet while thinking!
{Sat 13:00:04 Step:808} Server_Comm.py: The agent lost 1 packet! Is syncmode enabled?
{Sat 13:00:04 Step:811} Server_Comm.py: Received a new packet while thinking!
{Sat 13:00:04 Step:812} Server_Comm.py: Received a new packet while thinking!
{Sat 13:00:04 Step:814} Server_Comm.py: The agent lost 1 packet! Is syncmode enabled?
{Sat 13:00:04 Step:823} Server_Comm.py: Received a new packet while thinking!
{Sat 13:00:05 Step:827} Server_Comm.py: Received a new packet while thinking!
{Sat 13:00:05 Step:828} Server_Comm.py: Received a new packet while thinking!
{Sat 13:00:05 Step:829} Server_Comm.py: Received a new packet while thinking!
{Sat 13:00:05 Step:830} Server_Comm.py: Received a new packet while thinking!
{Sat 13:00:05 Step:831} Server_Comm.py: Received a new packet while thinking!
{Sat 13:00:05 Step:832} Server_Comm.py: Received a new packet while thinking!
{Sat 13:00:05 Step:833} Server_Comm.py: Received a new packet while on world.update()!
{Sat 13:00:05 Step:835} Server_Comm.py: Received a new packet while thinking!
{Sat 13:00:05 Step:836} Server_Comm.py: Received a new packet while thinking!
{Sat 13:00:05 Step:837} Server_Comm.py: Received a new packet while thinking!
{Sat 13:00:05 Step:838} Server_Comm.py: Received a new packet while thinking!
{Sat 13:00:05 Step:839} Server_Comm.py: Received a new packet while thinking!
{Sat 13:00:05 Step:840} Server_Comm.py: Received a new packet while thinking!
{Sat 13:00:05 Step:841} Server_Comm.py: Received a new packet while on world.update()!
{Sat 13:00:05 Step:843} Server_Comm.py: Received a new packet while thinking!
{Sat 13:00:05 Step:844} Server_Comm.py: Received a new packet while thinking!
{Sat 13:00:05 Step:846} Server_Comm.py: The agent lost 1 packet! Is syncmode enabled?
{Sat 13:00:06 Step:853} Server_Comm.py: Received a new packet while thinking!
{Sat 13:00:06 Step:854} Server_Comm.py: Received a new packet while thinking!
{Sat 13:00:06 Step:855} Server_Comm.py: Received a new packet while thinking!
{Sat 13:00:06 Step:856} Server_Comm.py: Received a new packet while thinking!
{Sat 13:00:06 Step:857} Server_Comm.py: Received a new packet while on world.update()!
{Sat 13:00:06 Step:859} Server_Comm.py: Received a new packet while thinking!
{Sat 13:00:06 Step:860} Server_Comm.py: Received a new packet while thinking!
{Sat 13:00:06 Step:861} Server_Comm.py: Received a new packet while on world.update()!
{Sat 13:00:06 Step:863} Server_Comm.py: Received a new packet while on world.update()!
{Sat 13:00:07 Step:866} Server_Comm.py: The agent lost 1 packet! Is syncmode enabled?
{Sat 13:00:07 Step:867} Server_Comm.py: Received a new packet while thinking!
{Sat 13:00:07 Step:868} Server_Comm.py: Received a new packet while thinking!
{Sat 13:00:07 Step:869} Server_Comm.py: Received a new packet while thinking!
{Sat 13:00:07 Step:870} Server_Comm.py: Received a new packet while thinking!
{Sat 13:00:07 Step:871} Server_Comm.py: Received a new packet while thinking!
{Sat 13:00:07 Step:872} Server_Comm.py: Received a new packet while thinking!
{Sat 13:00:07 Step:876} Server_Comm.py: The agent lost 3 consecutive packets! Is syncmode disabled?
{Sat 13:00:07 Step:876} Server_Comm.py: Received a new packet while thinking!
{Sat 13:00:07 Step:878} Server_Comm.py: The agent lost 1 packet! Is syncmode enabled?
{Sat 13:00:07 Step:881} Server_Comm.py: Received a new packet while on world.update()!
{Sat 13:00:07 Step:883} Server_Comm.py: Received a new packet while thinking!
{Sat 13:00:08 Step:884} Server_Comm.py: Received a new packet while thinking!
{Sat 13:00:08 Step:885} Server_Comm.py: Received a new packet while on world.update()!
{Sat 13:00:08 Step:887} Server_Comm.py: Received a new packet while thinking!
{Sat 13:00:08 Step:888} Server_Comm.py: Received a new packet while thinking!
{Sat 13:00:08 Step:890} Server_Comm.py: The agent lost 1 packet! Is syncmode enabled?
{Sat 13:00:08 Step:893} Server_Comm.py: Received a new packet while thinking!
{Sat 13:00:08 Step:895} Server_Comm.py: Received a new packet while on world.update()!
{Sat 13:00:08 Step:898} Server_Comm.py: The agent lost 1 packet! Is syncmode enabled?
{Sat 13:00:08 Step:898} Server_Comm.py: Received a new packet while thinking!
{Sat 13:00:08 Step:901} Server_Comm.py: The agent lost 2 consecutive packets! Is syncmode disabled?
{Sat 13:00:09 Step:901} Server_Comm.py: Received a new packet while on world.update()!
{Sat 13:00:09 Step:912} Server_Comm.py: The agent lost 1 packet! Is syncmode enabled?
{Sat 13:00:09 Step:913} Server_Comm.py: Received a new packet while thinking!
{Sat 13:00:09 Step:914} Server_Comm.py: Received a new packet while thinking!
{Sat 13:00:09 Step:916} Server_Comm.py: The agent lost 1 packet! Is syncmode enabled?
{Sat 13:00:09 Step:916} Server_Comm.py: Received a new packet while thinking!
{Sat 13:00:09 Step:917} Server_Comm.py: Received a new packet while thinking!
{Sat 13:00:09 Step:918} Server_Comm.py: Received a new packet while thinking!
{Sat 13:00:10 Step:919} Server_Comm.py: Received a new packet while on world.update()!
{Sat 13:00:10 Step:927} Server_Comm.py: Received a new packet while thinking!
{Sat 13:00:10 Step:929} Server_Comm.py: The agent lost 1 packet! Is syncmode enabled?
{Sat 13:00:10 Step:929} Server_Comm.py: Received a new packet while thinking!
{Sat 13:00:10 Step:930} Server_Comm.py: Received a new packet while thinking!
{Sat 13:00:10 Step:931} Server_Comm.py: Received a new packet while on world.update()!
{Sat 13:00:10 Step:933} Server_Comm.py: Received a new packet while thinking!
{Sat 13:00:10 Step:934} Server_Comm.py: Received a new packet while thinking!
{Sat 13:00:10 Step:935} Server_Comm.py: Received a new packet while thinking!
{Sat 13:00:10 Step:936} Server_Comm.py: Received a new packet while thinking!
{Sat 13:00:11 Step:937} Server_Comm.py: Received a new packet while thinking!
{Sat 13:00:11 Step:938} Server_Comm.py: Received a new packet while thinking!
{Sat 13:00:11 Step:939} Server_Comm.py: Received a new packet while on world.update()!
{Sat 13:00:11 Step:941} Server_Comm.py: Received a new packet while thinking!
{Sat 13:00:11 Step:942} Server_Comm.py: Received a new packet while thinking!
{Sat 13:00:11 Step:944} Server_Comm.py: The agent lost 1 packet! Is syncmode enabled?
{Sat 13:00:11 Step:945} Server_Comm.py: Received a new packet while on world.update()!
{Sat 13:00:11 Step:947} Server_Comm.py: Received a new packet while thinking!
{Sat 13:00:11 Step:948} Server_Comm.py: Received a new packet while thinking!
{Sat 13:00:12 Step:949} Server_Comm.py: Received a new packet while thinking!
{Sat 13:00:12 Step:950} Server_Comm.py: Received a new packet while thinking!
{Sat 13:00:12 Step:951} Server_Comm.py: Received a new packet while thinking!
{Sat 13:00:12 Step:952} Server_Comm.py: Received a new packet while thinking!
{Sat 13:00:12 Step:953} Server_Comm.py: Received a new packet while on world.update()!
{Sat 13:00:12 Step:959} Server_Comm.py: Received a new packet while thinking!
{Sat 13:00:12 Step:960} Server_Comm.py: Received a new packet while thinking!
{Sat 13:00:12 Step:962} Server_Comm.py: The agent lost 1 packet! Is syncmode enabled?
{Sat 13:00:12 Step:963} Server_Comm.py: Received a new packet while thinking!
{Sat 13:00:12 Step:964} Server_Comm.py: Received a new packet while thinking!
{Sat 13:00:12 Step:965} Server_Comm.py: Received a new packet while on world.update()!
{Sat 13:00:13 Step:973} Server_Comm.py: Received a new packet while thinking!
{Sat 13:00:13 Step:976} Server_Comm.py: The agent lost 2 consecutive packets! Is syncmode disabled?
{Sat 13:00:13 Step:976} Server_Comm.py: Received a new packet while thinking!
{Sat 13:00:13 Step:979} Server_Comm.py: Received a new packet while thinking!
{Sat 13:00:13 Step:980} Server_Comm.py: Received a new packet while thinking!
{Sat 13:00:13 Step:982} Server_Comm.py: The agent lost 1 packet! Is syncmode enabled?
{Sat 13:00:14 Step:989} Server_Comm.py: Received a new packet while on world.update()!
{Sat 13:00:14 Step:990} Server_Comm.py: Received a new packet while thinking!
{Sat 13:00:14 Step:995} Server_Comm.py: The agent lost 4 consecutive packets! Is syncmode disabled?
{Sat 13:00:14 Step:995} Server_Comm.py: Received a new packet while on world.update()!
{Sat 13:00:15 Step:996} Server_Comm.py: Received a new packet while thinking!
{Sat 13:00:15 Step:997} Server_Comm.py: Received a new packet while thinking!
{Sat 13:00:15 Step:998} Server_Comm.py: Received a new packet while thinking!
{Sat 13:00:15 Step:999} Server_Comm.py: Received a new packet while thinking!
{Sat 13:00:15 Step:1000} Server_Comm.py: Received a new packet while thinking!
{Sat 13:00:15 Step:1003} Server_Comm.py: The agent lost 2 consecutive packets! Is syncmode disabled?
{Sat 13:00:15 Step:1005} Server_Comm.py: Received a new packet while thinking!
{Sat 13:00:15 Step:1007} Server_Comm.py: The agent lost 1 packet! Is syncmode enabled?
{Sat 13:00:15 Step:1007} Server_Comm.py: Received a new packet while thinking!
{Sat 13:00:15 Step:1008} Server_Comm.py: Received a new packet while thinking!
{Sat 13:00:16 Step:1009} Server_Comm.py: Received a new packet while on world.update()!
{Sat 13:00:16 Step:1017} Server_Comm.py: Received a new packet while on world.update()!
{Sat 13:00:16 Step:1019} Server_Comm.py: Received a new packet while on world.update()!
{Sat 13:00:16 Step:1021} Server_Comm.py: The agent lost 1 packet! Is syncmode enabled?
{Sat 13:00:16 Step:1021} Server_Comm.py: Received a new packet while thinking!
{Sat 13:00:17 Step:1022} Server_Comm.py: Received a new packet while thinking!
{Sat 13:00:17 Step:1023} Server_Comm.py: Received a new packet while thinking!
{Sat 13:00:17 Step:1024} Server_Comm.py: Received a new packet while thinking!
{Sat 13:00:17 Step:1026} Server_Comm.py: The agent lost 1 packet! Is syncmode enabled?
{Sat 13:00:17 Step:1026} Server_Comm.py: Received a new packet while thinking!
{Sat 13:00:17 Step:1027} Server_Comm.py: Received a new packet while thinking!
{Sat 13:00:17 Step:1028} Server_Comm.py: Received a new packet while thinking!
{Sat 13:00:17 Step:1029} Server_Comm.py: Received a new packet while on world.update()!
{Sat 13:00:17 Step:1031} Server_Comm.py: Received a new packet while thinking!
{Sat 13:00:17 Step:1033} Server_Comm.py: The agent lost 1 packet! Is syncmode enabled?
{Sat 13:00:17 Step:1033} Server_Comm.py: Received a new packet while thinking!
{Sat 13:00:17 Step:1034} Server_Comm.py: Received a new packet while thinking!
{Sat 13:00:18 Step:1035} Server_Comm.py: Received a new packet while thinking!
{Sat 13:00:18 Step:1036} Server_Comm.py: Received a new packet while thinking!
{Sat 13:00:18 Step:1037} Server_Comm.py: Received a new packet while thinking!
{Sat 13:00:18 Step:1038} Server_Comm.py: Received a new packet while thinking!
{Sat 13:00:18 Step:1040} Server_Comm.py: The agent lost 1 packet! Is syncmode enabled?
{Sat 13:00:18 Step:1040} Server_Comm.py: Received a new packet while thinking!
{Sat 13:00:18 Step:1042} Server_Comm.py: The agent lost 1 packet! Is syncmode enabled?
{Sat 13:00:19 Step:1049} Server_Comm.py: Received a new packet while thinking!
{Sat 13:00:19 Step:1050} Server_Comm.py: Received a new packet while thinking!
{Sat 13:00:19 Step:1052} Server_Comm.py: The agent lost 1 packet! Is syncmode enabled?
{Sat 13:00:20 Step:1059} Server_Comm.py: Received a new packet while on world.update()!
{Sat 13:00:20 Step:1061} Server_Comm.py: Received a new packet while thinking!
{Sat 13:00:20 Step:1062} Server_Comm.py: Received a new packet while thinking!
{Sat 13:00:20 Step:1064} Server_Comm.py: The agent lost 1 packet! Is syncmode enabled?
{Sat 13:00:21 Step:1064} Server_Comm.py: Received a new packet while thinking!
{Sat 13:00:21 Step:1065} Server_Comm.py: Received a new packet while thinking!
{Sat 13:00:21 Step:1066} Server_Comm.py: Received a new packet while thinking!
{Sat 13:00:21 Step:1068} Server_Comm.py: The agent lost 1 packet! Is syncmode enabled?
{Sat 13:00:21 Step:1068} Server_Comm.py: Received a new packet while thinking!
{Sat 13:00:21 Step:1071} Server_Comm.py: The agent lost 2 consecutive packets! Is syncmode disabled?
{Sat 13:00:22 Step:1075} Server_Comm.py: Received a new packet while on world.update()!
{Sat 13:00:22 Step:1077} Server_Comm.py: Received a new packet while thinking!
{Sat 13:00:22 Step:1078} Server_Comm.py: Received a new packet while thinking!
{Sat 13:00:22 Step:1079} Server_Comm.py: Received a new packet while thinking!
{Sat 13:00:22 Step:1080} Server_Comm.py: Received a new packet while thinking!
{Sat 13:00:23 Step:1081} Server_Comm.py: Received a new packet while thinking!
{Sat 13:00:23 Step:1082} Server_Comm.py: Received a new packet while thinking!
{Sat 13:00:23 Step:1083} Server_Comm.py: Received a new packet while thinking!
{Sat 13:00:23 Step:1084} Server_Comm.py: Received a new packet while thinking!
{Sat 13:00:23 Step:1085} Server_Comm.py: Received a new packet while thinking!
{Sat 13:00:23 Step:1086} Server_Comm.py: Received a new packet while thinking!
{Sat 13:00:23 Step:1087} Server_Comm.py: Received a new packet while thinking!
{Sat 13:00:23 Step:1088} Server_Comm.py: Received a new packet while thinking!
{Sat 13:00:23 Step:1089} Server_Comm.py: Received a new packet while on world.update()!
{Sat 13:00:24 Step:1091} Server_Comm.py: Received a new packet while thinking!
{Sat 13:00:24 Step:1092} Server_Comm.py: Received a new packet while thinking!
{Sat 13:00:24 Step:1094} Server_Comm.py: The agent lost 1 packet! Is syncmode enabled?
{Sat 13:00:24 Step:1094} Server_Comm.py: Received a new packet while on world.update()!
{Sat 13:00:24 Step:1096} Server_Comm.py: The agent lost 1 packet! Is syncmode enabled?
{Sat 13:00:24 Step:1097} Server_Comm.py: Received a new packet while on world.update()!
{Sat 13:00:24 Step:1099} Server_Comm.py: Received a new packet while thinking!
{Sat 13:00:24 Step:1100} Server_Comm.py: Received a new packet while thinking!
{Sat 13:00:25 Step:1102} Server_Comm.py: The agent lost 1 packet! Is syncmode enabled?
{Sat 13:00:25 Step:1103} Server_Comm.py: Received a new packet while thinking!
{Sat 13:00:25 Step:1104} Server_Comm.py: Received a new packet while thinking!
{Sat 13:00:25 Step:1105} Server_Comm.py: Received a new packet while on world.update()!
{Sat 13:00:26 Step:1109} Server_Comm.py: Received a new packet while thinking!
{Sat 13:00:26 Step:1112} Server_Comm.py: The agent lost 2 consecutive packets! Is syncmode disabled?
{Sat 13:00:27 Step:1112} Server_Comm.py: Received a new packet while thinking!
{Sat 13:00:27 Step:1117} Server_Comm.py: The agent lost 4 consecutive packets! Is syncmode disabled?
{Sat 13:00:27 Step:1117} Server_Comm.py: Received a new packet while thinking!
{Sat 13:00:27 Step:1120} Server_Comm.py: The agent lost 2 consecutive packets! Is syncmode disabled?
{Sat 13:00:28 Step:1125} Server_Comm.py: Received a new packet while thinking!
{Sat 13:00:28 Step:1126} Server_Comm.py: Received a new packet while thinking!
{Sat 13:00:28 Step:1127} Server_Comm.py: Received a new packet while thinking!
{Sat 13:00:28 Step:1128} Server_Comm.py: Received a new packet while thinking!
{Sat 13:00:29 Step:1129} Server_Comm.py: Received a new packet while on world.update()!
{Sat 13:00:29 Step:1133} Server_Comm.py: Received a new packet while on world.update()!
{Sat 13:00:30 Step:1139} Server_Comm.py: Received a new packet while thinking!
{Sat 13:00:30 Step:1141} Server_Comm.py: The agent lost 1 packet! Is syncmode enabled?
{Sat 13:00:30 Step:1141} Server_Comm.py: Received a new packet while on world.update()!
{Sat 13:00:31 Step:1147} Server_Comm.py: Received a new packet while on world.update()!
{Sat 13:00:31 Step:1149} Server_Comm.py: Received a new packet while thinking!
{Sat 13:00:31 Step:1150} Server_Comm.py: Received a new packet while thinking!
{Sat 13:00:31 Step:1151} Server_Comm.py: Received a new packet while thinking!
{Sat 13:00:32 Step:1152} Server_Comm.py: Received a new packet while thinking!
{Sat 13:00:32 Step:1154} Server_Comm.py: The agent lost 1 packet! Is syncmode enabled?
{Sat 13:00:32 Step:1158} Server_Comm.py: The agent lost 1 packet! Is syncmode enabled?
{Sat 13:00:33 Step:1163} Server_Comm.py: Received a new packet while thinking!
{Sat 13:00:33 Step:1164} Server_Comm.py: Received a new packet while on world.update()!
{Sat 13:00:33 Step:1167} Server_Comm.py: Received a new packet while on world.update()!
{Sat 13:00:35 Step:1183} Server_Comm.py: Received a new packet while thinking!
{Sat 13:00:35 Step:1184} Server_Comm.py: Received a new packet while on world.update()!
{Sat 13:00:35 Step:1185} Server_Comm.py: Received a new packet while thinking!
{Sat 13:00:35 Step:1186} Server_Comm.py: Received a new packet while thinking!
{Sat 13:00:35 Step:1187} Server_Comm.py: Received a new packet while thinking!
{Sat 13:00:36 Step:1188} Server_Comm.py: Received a new packet while thinking!
{Sat 13:00:36 Step:1189} Server_Comm.py: Received a new packet while thinking!
{Sat 13:00:36 Step:1190} Server_Comm.py: Received a new packet while thinking!
{Sat 13:00:36 Step:1191} Server_Comm.py: Received a new packet while thinking!
{Sat 13:00:36 Step:1192} Server_Comm.py: Received a new packet while thinking!
{Sat 13:00:36 Step:1194} Server_Comm.py: The agent lost 1 packet! Is syncmode enabled?
{Sat 13:00:36 Step:1195} Server_Comm.py: Received a new packet while thinking!
{Sat 13:00:37 Step:1201} Server_Comm.py: Received a new packet while thinking!
{Sat 13:00:37 Step:1202} Server_Comm.py: Received a new packet while thinking!
{Sat 13:00:37 Step:1203} Server_Comm.py: Received a new packet while thinking!
{Sat 13:00:38 Step:1204} Server_Comm.py: Received a new packet while thinking!
{Sat 13:00:38 Step:1205} Server_Comm.py: Received a new packet while on world.update()!
{Sat 13:00:38 Step:1209} Server_Comm.py: Received a new packet while on world.update()!
{Sat 13:00:39 Step:1215} Server_Comm.py: Received a new packet while thinking!
{Sat 13:00:39 Step:1216} Server_Comm.py: Received a new packet while thinking!
{Sat 13:00:39 Step:1217} Server_Comm.py: Received a new packet while thinking!
{Sat 13:00:39 Step:1218} Server_Comm.py: Received a new packet while thinking!
{Sat 13:00:39 Step:1219} Server_Comm.py: Received a new packet while thinking!
{Sat 13:00:40 Step:1220} Server_Comm.py: Received a new packet while thinking!
{Sat 13:00:40 Step:1221} Server_Comm.py: Received a new packet while thinking!
{Sat 13:00:40 Step:1222} Server_Comm.py: Received a new packet while thinking!
{Sat 13:00:40 Step:1224} Server_Comm.py: The agent lost 1 packet! Is syncmode enabled?
{Sat 13:00:40 Step:1224} Server_Comm.py: Received a new packet while thinking!
{Sat 13:00:40 Step:1226} Server_Comm.py: The agent lost 1 packet! Is syncmode enabled?
{Sat 13:00:40 Step:1226} Server_Comm.py: Received a new packet while thinking!
{Sat 13:00:40 Step:1228} Server_Comm.py: The agent lost 1 packet! Is syncmode enabled?
{Sat 13:00:41 Step:1229} Server_Comm.py: Received a new packet while thinking!
{Sat 13:00:41 Step:1230} Server_Comm.py: Received a new packet while thinking!
{Sat 13:00:41 Step:1231} Server_Comm.py: Received a new packet while thinking!
{Sat 13:00:41 Step:1232} Server_Comm.py: Received a new packet while thinking!
{Sat 13:00:41 Step:1233} Server_Comm.py: Received a new packet while thinking!
{Sat 13:00:41 Step:1234} Server_Comm.py: Received a new packet while thinking!
{Sat 13:00:42 Step:1236} Server_Comm.py: The agent lost 1 packet! Is syncmode enabled?
{Sat 13:00:42 Step:1237} Server_Comm.py: Received a new packet while on world.update()!
{Sat 13:00:42 Step:1240} Server_Comm.py: The agent lost 1 packet! Is syncmode enabled?
{Sat 13:00:42 Step:1241} Server_Comm.py: Received a new packet while on world.update()!
{Sat 13:00:43 Step:1245} Server_Comm.py: Received a new packet while on world.update()!
{Sat 13:00:43 Step:1247} Server_Comm.py: Received a new packet while thinking!
{Sat 13:00:43 Step:1248} Server_Comm.py: Received a new packet while thinking!
{Sat 13:00:43 Step:1249} Server_Comm.py: Received a new packet while thinking!
{Sat 13:00:43 Step:1250} Server_Comm.py: Received a new packet while thinking!
{Sat 13:00:43 Step:1251} Server_Comm.py: Received a new packet while thinking!
{Sat 13:00:44 Step:1252} Server_Comm.py: Received a new packet while thinking!
{Sat 13:00:44 Step:1253} Server_Comm.py: Received a new packet while thinking!
{Sat 13:00:44 Step:1254} Server_Comm.py: Received a new packet while thinking!
{Sat 13:00:44 Step:1255} Server_Comm.py: Received a new packet while thinking!
{Sat 13:00:44 Step:1256} Server_Comm.py: Received a new packet while thinking!
{Sat 13:00:44 Step:1257} Server_Comm.py: Received a new packet while on world.update()!
{Sat 13:00:45 Step:1258} Server_Comm.py: Received a new packet while thinking!
{Sat 13:00:45 Step:1260} Server_Comm.py: The agent lost 1 packet! Is syncmode enabled?
{Sat 13:00:45 Step:1261} Server_Comm.py: Received a new packet while on world.update()!
{Sat 13:00:45 Step:1263} Server_Comm.py: Received a new packet while on world.update()!
{Sat 13:00:45 Step:1265} Server_Comm.py: Received a new packet while thinking!
{Sat 13:00:45 Step:1266} Server_Comm.py: Received a new packet while thinking!
{Sat 13:00:45 Step:1267} Server_Comm.py: Received a new packet while thinking!
{Sat 13:00:45 Step:1268} Server_Comm.py: Received a new packet while thinking!
{Sat 13:00:46 Step:1269} Server_Comm.py: Received a new packet while on world.update()!
{Sat 13:00:46 Step:1271} Server_Comm.py: Received a new packet while thinking!
{Sat 13:00:46 Step:1272} Server_Comm.py: Received a new packet while on world.update()!
{Sat 13:00:46 Step:1273} Server_Comm.py: Received a new packet while on world.update()!
{Sat 13:00:46 Step:1274} Server_Comm.py: Received a new packet while thinking!
{Sat 13:00:46 Step:1276} Server_Comm.py: The agent lost 1 packet! Is syncmode enabled?
{Sat 13:00:46 Step:1276} Server_Comm.py: Received a new packet while thinking!
{Sat 13:00:46 Step:1277} Server_Comm.py: Received a new packet while thinking!
{Sat 13:00:47 Step:1278} Server_Comm.py: Received a new packet while thinking!
{Sat 13:00:47 Step:1280} Server_Comm.py: The agent lost 1 packet! Is syncmode enabled?
{Sat 13:00:47 Step:1280} Server_Comm.py: Received a new packet while thinking!
{Sat 13:00:47 Step:1281} Server_Comm.py: Received a new packet while thinking!
{Sat 13:00:47 Step:1282} Server_Comm.py: Received a new packet while thinking!
{Sat 13:00:47 Step:1283} Server_Comm.py: Received a new packet while thinking!
{Sat 13:00:47 Step:1284} Server_Comm.py: Received a new packet while thinking!
{Sat 13:00:47 Step:1286} Server_Comm.py: The agent lost 1 packet! Is syncmode enabled?
{Sat 13:00:47 Step:1286} Server_Comm.py: Received a new packet while thinking!
{Sat 13:00:47 Step:1287} Server_Comm.py: Received a new packet while thinking!
{Sat 13:00:48 Step:1288} Server_Comm.py: Received a new packet while thinking!
{Sat 13:00:48 Step:1289} Server_Comm.py: Received a new packet while thinking!
{Sat 13:00:48 Step:1290} Server_Comm.py: Received a new packet while thinking!
{Sat 13:00:48 Step:1292} Server_Comm.py: The agent lost 1 packet! Is syncmode enabled?
{Sat 13:00:48 Step:1295} Server_Comm.py: Received a new packet while on world.update()!
{Sat 13:00:48 Step:1297} Server_Comm.py: The agent lost 1 packet! Is syncmode enabled?
{Sat 13:00:49 Step:1297} Server_Comm.py: Received a new packet while thinking!
{Sat 13:00:49 Step:1298} Server_Comm.py: Received a new packet while thinking!
{Sat 13:00:49 Step:1300} Server_Comm.py: The agent lost 1 packet! Is syncmode enabled?
{Sat 13:00:49 Step:1300} Server_Comm.py: Received a new packet while thinking!
{Sat 13:00:49 Step:1302} Server_Comm.py: The agent lost 1 packet! Is syncmode enabled?
{Sat 13:00:50 Step:1307} Server_Comm.py: Received a new packet while thinking!
{Sat 13:00:51 Step:1308} Server_Comm.py: Received a new packet while thinking!
{Sat 13:00:51 Step:1309} Server_Comm.py: Received a new packet while thinking!
{Sat 13:00:51 Step:1310} Server_Comm.py: Received a new packet while thinking!
{Sat 13:00:51 Step:1311} Server_Comm.py: Received a new packet while thinking!
{Sat 13:00:51 Step:1312} Server_Comm.py: Received a new packet while thinking!
{Sat 13:00:51 Step:1313} Server_Comm.py: Received a new packet while on world.update()!
{Sat 13:00:53 Step:1317} Server_Comm.py: Received a new packet while thinking!
{Sat 13:00:53 Step:1318} Server_Comm.py: Received a new packet while thinking!
{Sat 13:00:53 Step:1320} Server_Comm.py: The agent lost 1 packet! Is syncmode enabled?
{Sat 13:00:53 Step:1320} Server_Comm.py: Received a new packet while thinking!
{Sat 13:00:53 Step:1321} Server_Comm.py: Received a new packet while thinking!
{Sat 13:00:53 Step:1322} Server_Comm.py: Received a new packet while thinking!
{Sat 13:00:53 Step:1323} Server_Comm.py: Received a new packet while thinking!
{Sat 13:00:54 Step:1324} Server_Comm.py: Received a new packet while thinking!
{Sat 13:00:54 Step:1328} Server_Comm.py: The agent lost 3 consecutive packets! Is syncmode disabled?
{Sat 13:00:54 Step:1328} Server_Comm.py: Received a new packet while on world.update()!
{Sat 13:00:55 Step:1335} Server_Comm.py: Received a new packet while thinking!
{Sat 13:00:56 Step:1336} Server_Comm.py: Received a new packet while thinking!
{Sat 13:00:56 Step:1338} Server_Comm.py: The agent lost 1 packet! Is syncmode enabled?
{Sat 13:00:56 Step:1339} Server_Comm.py: Received a new packet while thinking!
{Sat 13:00:56 Step:1341} Server_Comm.py: Received a new packet while on world.update()!
{Sat 13:00:56 Step:1343} Server_Comm.py: Received a new packet while on world.update()!
{Sat 13:00:57 Step:1351} Server_Comm.py: Received a new packet while thinking!
{Sat 13:00:57 Step:1353} Server_Comm.py: Received a new packet while thinking!
{Sat 13:00:57 Step:1356} Server_Comm.py: The agent lost 2 consecutive packets! Is syncmode disabled?
{Sat 13:00:57 Step:1356} Server_Comm.py: Received a new packet while thinking!
{Sat 13:00:57 Step:1358} Server_Comm.py: The agent lost 1 packet! Is syncmode enabled?
{Sat 13:00:58 Step:1359} Server_Comm.py: Received a new packet while on world.update()!
{Sat 13:00:58 Step:1375} Server_Comm.py: Received a new packet while thinking!
{Sat 13:00:59 Step:1377} Server_Comm.py: Received a new packet while thinking!
{Sat 13:00:59 Step:1379} Server_Comm.py: Received a new packet while thinking!
{Sat 13:00:59 Step:1380} Server_Comm.py: Received a new packet while thinking!
{Sat 13:00:59 Step:1381} Server_Comm.py: Received a new packet while thinking!
{Sat 13:00:59 Step:1382} Server_Comm.py: Received a new packet while thinking!
{Sat 13:00:59 Step:1384} Server_Comm.py: The agent lost 1 packet! Is syncmode enabled?
{Sat 13:00:59 Step:1385} Server_Comm.py: Received a new packet while thinking!
{Sat 13:00:59 Step:1386} Server_Comm.py: Received a new packet while thinking!
{Sat 13:00:59 Step:1387} Server_Comm.py: Received a new packet while on world.update()!
{Sat 13:00:59 Step:1389} Server_Comm.py: Received a new packet while on world.update()!
{Sat 13:00:59 Step:1391} Server_Comm.py: Received a new packet while thinking!
{Sat 13:00:59 Step:1393} Server_Comm.py: The agent lost 1 packet! Is syncmode enabled?
{Sat 13:00:59 Step:1393} Server_Comm.py: Received a new packet while on world.update()!
{Sat 13:01:00 Step:1395} Server_Comm.py: Received a new packet while on world.update()!
{Sat 13:01:00 Step:1397} Server_Comm.py: Received a new packet while thinking!
{Sat 13:01:00 Step:1398} Server_Comm.py: Received a new packet while thinking!
{Sat 13:01:00 Step:1400} Server_Comm.py: The agent lost 1 packet! Is syncmode enabled?
{Sat 13:01:00 Step:1400} Server_Comm.py: Received a new packet while thinking!
{Sat 13:01:00 Step:1402} Server_Comm.py: The agent lost 1 packet! Is syncmode enabled?
{Sat 13:01:00 Step:1406} Server_Comm.py: The agent lost 1 packet! Is syncmode enabled?
{Sat 13:01:01 Step:1413} Server_Comm.py: Received a new packet while thinking!
{Sat 13:01:01 Step:1414} Server_Comm.py: Received a new packet while thinking!
{Sat 13:01:01 Step:1416} Server_Comm.py: The agent lost 1 packet! Is syncmode enabled?
{Sat 13:01:01 Step:1421} Server_Comm.py: Received a new packet while on world.update()!
{Sat 13:01:01 Step:1423} Server_Comm.py: Received a new packet while thinking!
{Sat 13:01:02 Step:1425} Server_Comm.py: The agent lost 1 packet! Is syncmode enabled?
{Sat 13:01:02 Step:1425} Server_Comm.py: Received a new packet while on world.update()!
{Sat 13:01:02 Step:1427} Server_Comm.py: Received a new packet while thinking!
{Sat 13:01:02 Step:1428} Server_Comm.py: Received a new packet while thinking!
{Sat 13:01:02 Step:1430} Server_Comm.py: The agent lost 1 packet! Is syncmode enabled?
{Sat 13:01:02 Step:1435} Server_Comm.py: Received a new packet while thinking!
{Sat 13:01:02 Step:1436} Server_Comm.py: Received a new packet while thinking!
{Sat 13:01:02 Step:1437} Server_Comm.py: Received a new packet while thinking!
{Sat 13:01:02 Step:1438} Server_Comm.py: Received a new packet while thinking!
{Sat 13:01:03 Step:1440} Server_Comm.py: The agent lost 1 packet! Is syncmode enabled?
{Sat 13:01:03 Step:1441} Server_Comm.py: Received a new packet while on world.update()!
{Sat 13:01:03 Step:1442} Server_Comm.py: Received a new packet while thinking!
{Sat 13:01:03 Step:1444} Server_Comm.py: The agent lost 1 packet! Is syncmode enabled?
{Sat 13:01:03 Step:1444} Server_Comm.py: Received a new packet while thinking!
{Sat 13:01:03 Step:1448} Server_Comm.py: The agent lost 3 consecutive packets! Is syncmode disabled?
{Sat 13:01:03 Step:1449} Server_Comm.py: Received a new packet while on world.update()!
{Sat 13:01:03 Step:1453} Server_Comm.py: Received a new packet while thinking!
{Sat 13:01:04 Step:1454} Server_Comm.py: Received a new packet while thinking!
{Sat 13:01:04 Step:1456} Server_Comm.py: The agent lost 1 packet! Is syncmode enabled?
{Sat 13:01:04 Step:1456} Server_Comm.py: Received a new packet while thinking!
{Sat 13:01:04 Step:1458} Server_Comm.py: The agent lost 1 packet! Is syncmode enabled?
{Sat 13:01:04 Step:1458} Server_Comm.py: Received a new packet while on world.update()!
