{Sat 12:59:27 Step:29} Server_Comm.py: Received a new packet while thinking!
{Sat 12:59:27 Step:30} Server_Comm.py: Received a new packet while thinking!
{Sat 12:59:27 Step:31} Server_Comm.py: Received a new packet while thinking!
{Sat 12:59:27 Step:32} Server_Comm.py: Received a new packet while thinking!
{Sat 12:59:27 Step:33} Server_Comm.py: Received a new packet while on world.update()!
{Sat 12:59:28 Step:57} Server_Comm.py: Received a new packet while thinking!
{Sat 12:59:28 Step:59} Server_Comm.py: Received a new packet while thinking!
{Sat 12:59:28 Step:60} Server_Comm.py: Received a new packet while thinking!
{Sat 12:59:28 Step:62} Server_Comm.py: The agent lost 1 packet! Is syncmode enabled?
{Sat 12:59:28 Step:63} Server_Comm.py: Received a new packet while thinking!
{Sat 12:59:28 Step:64} Server_Comm.py: Received a new packet while thinking!
{Sat 12:59:28 Step:66} Server_Comm.py: The agent lost 1 packet! Is syncmode enabled?
{Sat 12:59:28 Step:66} Server_Comm.py: Received a new packet while thinking!
{Sat 12:59:28 Step:68} Server_Comm.py: The agent lost 1 packet! Is syncmode enabled?
{Sat 12:59:28 Step:69} Server_Comm.py: Received a new packet while thinking!
{Sat 12:59:28 Step:70} Server_Comm.py: Received a new packet while thinking!
{Sat 12:59:28 Step:71} Server_Comm.py: Received a new packet while on world.update()!
{Sat 12:59:29 Step:77} Server_Comm.py: Received a new packet while thinking!
{Sat 12:59:29 Step:78} Server_Comm.py: Received a new packet while thinking!
{Sat 12:59:29 Step:80} Server_Comm.py: The agent lost 1 packet! Is syncmode enabled?
{Sat 12:59:29 Step:83} Server_Comm.py: Received a new packet while thinking!
{Sat 12:59:29 Step:84} Server_Comm.py: Received a new packet while thinking!
{Sat 12:59:29 Step:86} Server_Comm.py: The agent lost 1 packet! Is syncmode enabled?
{Sat 12:59:29 Step:87} Server_Comm.py: Received a new packet while thinking!
{Sat 12:59:29 Step:88} Server_Comm.py: Received a new packet while thinking!
{Sat 12:59:29 Step:89} Server_Comm.py: Received a new packet while on world.update()!
{Sat 12:59:29 Step:91} Server_Comm.py: Received a new packet while thinking!
{Sat 12:59:29 Step:92} Server_Comm.py: Received a new packet while thinking!
{Sat 12:59:29 Step:93} Server_Comm.py: Received a new packet while thinking!
{Sat 12:59:29 Step:94} Server_Comm.py: Received a new packet while thinking!
{Sat 12:59:29 Step:96} Server_Comm.py: The agent lost 1 packet! Is syncmode enabled?
{Sat 12:59:30 Step:115} Server_Comm.py: Received a new packet while thinking!
{Sat 12:59:30 Step:116} Server_Comm.py: Received a new packet while thinking!
{Sat 12:59:30 Step:117} Server_Comm.py: Received a new packet while thinking!
{Sat 12:59:30 Step:118} Server_Comm.py: Received a new packet while thinking!
{Sat 12:59:30 Step:119} Server_Comm.py: Received a new packet while on world.update()!
{Sat 12:59:31 Step:121} Server_Comm.py: Received a new packet while thinking!
{Sat 12:59:31 Step:123} Server_Comm.py: Received a new packet while thinking!
{Sat 12:59:31 Step:125} Server_Comm.py: The agent lost 1 packet! Is syncmode enabled?
{Sat 12:59:31 Step:125} Server_Comm.py: Received a new packet while thinking!
{Sat 12:59:31 Step:126} Server_Comm.py: Received a new packet while thinking!
{Sat 12:59:31 Step:127} Server_Comm.py: Received a new packet while on world.update()!
{Sat 12:59:31 Step:129} Server_Comm.py: Received a new packet while thinking!
{Sat 12:59:31 Step:131} Server_Comm.py: Received a new packet while thinking!
{Sat 12:59:31 Step:133} Server_Comm.py: Received a new packet while on world.update()!
{Sat 12:59:31 Step:134} Server_Comm.py: Received a new packet while thinking!
{Sat 12:59:31 Step:137} Server_Comm.py: The agent lost 2 consecutive packets! Is syncmode disabled?
{Sat 12:59:31 Step:137} Server_Comm.py: Received a new packet while on world.update()!
{Sat 12:59:32 Step:145} Server_Comm.py: Received a new packet while thinking!
{Sat 12:59:32 Step:146} Server_Comm.py: Received a new packet while thinking!
{Sat 12:59:32 Step:147} Server_Comm.py: Received a new packet while on world.update()!
{Sat 12:59:32 Step:155} Server_Comm.py: Received a new packet while thinking!
{Sat 12:59:32 Step:157} Server_Comm.py: The agent lost 1 packet! Is syncmode enabled?
{Sat 12:59:32 Step:157} Server_Comm.py: Received a new packet while on world.update()!
{Sat 12:59:32 Step:163} Server_Comm.py: Received a new packet while thinking!
{Sat 12:59:33 Step:164} Server_Comm.py: Received a new packet while thinking!
{Sat 12:59:33 Step:165} Server_Comm.py: Received a new packet while on world.update()!
{Sat 12:59:33 Step:169} Server_Comm.py: Received a new packet while thinking!
{Sat 12:59:33 Step:177} Server_Comm.py: Received a new packet while thinking!
{Sat 12:59:33 Step:178} Server_Comm.py: Received a new packet while thinking!
{Sat 12:59:33 Step:179} Server_Comm.py: Received a new packet while thinking!
{Sat 12:59:33 Step:180} Server_Comm.py: Received a new packet while thinking!
{Sat 12:59:33 Step:182} Server_Comm.py: The agent lost 1 packet! Is syncmode enabled?
{Sat 12:59:33 Step:183} Server_Comm.py: Received a new packet while thinking!
{Sat 12:59:33 Step:187} Server_Comm.py: Received a new packet while thinking!
{Sat 12:59:34 Step:189} Server_Comm.py: Received a new packet while thinking!
{Sat 12:59:34 Step:193} Server_Comm.py: Received a new packet while thinking!
{Sat 12:59:34 Step:197} Server_Comm.py: Received a new packet while thinking!
{Sat 12:59:34 Step:198} Server_Comm.py: Received a new packet while thinking!
{Sat 12:59:34 Step:200} Server_Comm.py: The agent lost 1 packet! Is syncmode enabled?
{Sat 12:59:34 Step:201} Server_Comm.py: Received a new packet while thinking!
{Sat 12:59:34 Step:203} Server_Comm.py: Received a new packet while thinking!
{Sat 12:59:34 Step:207} Server_Comm.py: Received a new packet while thinking!
{Sat 12:59:34 Step:208} Server_Comm.py: Received a new packet while thinking!
{Sat 12:59:34 Step:210} Server_Comm.py: The agent lost 1 packet! Is syncmode enabled?
{Sat 12:59:35 Step:215} Server_Comm.py: Received a new packet while thinking!
{Sat 12:59:35 Step:216} Server_Comm.py: Received a new packet while thinking!
{Sat 12:59:35 Step:217} Server_Comm.py: Received a new packet while thinking!
{Sat 12:59:35 Step:218} Server_Comm.py: Received a new packet while thinking!
{Sat 12:59:35 Step:219} Server_Comm.py: Received a new packet while thinking!
{Sat 12:59:35 Step:220} Server_Comm.py: Received a new packet while thinking!
{Sat 12:59:35 Step:221} Server_Comm.py: Received a new packet while on world.update()!
{Sat 12:59:36 Step:239} Server_Comm.py: Received a new packet while thinking!
{Sat 12:59:36 Step:243} Server_Comm.py: Received a new packet while thinking!
{Sat 12:59:36 Step:244} Server_Comm.py: Received a new packet while thinking!
{Sat 12:59:36 Step:245} Server_Comm.py: Received a new packet while thinking!
{Sat 12:59:36 Step:246} Server_Comm.py: Received a new packet while thinking!
{Sat 12:59:36 Step:247} Server_Comm.py: Received a new packet while thinking!
{Sat 12:59:36 Step:248} Server_Comm.py: Received a new packet while thinking!
{Sat 12:59:36 Step:250} Server_Comm.py: The agent lost 1 packet! Is syncmode enabled?
{Sat 12:59:36 Step:257} Server_Comm.py: Received a new packet while thinking!
{Sat 12:59:37 Step:258} Server_Comm.py: Received a new packet while thinking!
{Sat 12:59:37 Step:259} Server_Comm.py: Received a new packet while on world.update()!
{Sat 12:59:37 Step:267} Server_Comm.py: Received a new packet while thinking!
{Sat 12:59:37 Step:268} Server_Comm.py: Received a new packet while thinking!
{Sat 12:59:37 Step:270} Server_Comm.py: The agent lost 1 packet! Is syncmode enabled?
{Sat 12:59:37 Step:270} Server_Comm.py: Received a new packet while thinking!
{Sat 12:59:37 Step:271} Server_Comm.py: Received a new packet while on world.update()!
{Sat 12:59:38 Step:283} Server_Comm.py: Received a new packet while thinking!
{Sat 12:59:38 Step:285} Server_Comm.py: Received a new packet while thinking!
{Sat 12:59:38 Step:286} Server_Comm.py: Received a new packet while thinking!
{Sat 12:59:38 Step:287} Server_Comm.py: Received a new packet while thinking!
{Sat 12:59:38 Step:288} Server_Comm.py: Received a new packet while thinking!
{Sat 12:59:38 Step:289} Server_Comm.py: Received a new packet while thinking!
{Sat 12:59:38 Step:290} Server_Comm.py: Received a new packet while thinking!
{Sat 12:59:38 Step:292} Server_Comm.py: The agent lost 1 packet! Is syncmode enabled?
{Sat 12:59:38 Step:297} Server_Comm.py: Received a new packet while thinking!
{Sat 12:59:38 Step:301} Server_Comm.py: Received a new packet while thinking!
{Sat 12:59:38 Step:303} Server_Comm.py: The agent lost 1 packet! Is syncmode enabled?
{Sat 12:59:39 Step:303} Server_Comm.py: Received a new packet while on world.update()!
{Sat 12:59:39 Step:305} Server_Comm.py: Received a new packet while thinking!
{Sat 12:59:39 Step:306} Server_Comm.py: Received a new packet while thinking!
{Sat 12:59:39 Step:307} Server_Comm.py: Received a new packet while thinking!
{Sat 12:59:39 Step:308} Server_Comm.py: Received a new packet while thinking!
{Sat 12:59:39 Step:310} Server_Comm.py: The agent lost 1 packet! Is syncmode enabled?
{Sat 12:59:39 Step:311} Server_Comm.py: Received a new packet while thinking!
{Sat 12:59:39 Step:317} Server_Comm.py: Received a new packet while thinking!
{Sat 12:59:39 Step:318} Server_Comm.py: Received a new packet while thinking!
{Sat 12:59:39 Step:319} Server_Comm.py: Received a new packet while thinking!
{Sat 12:59:39 Step:320} Server_Comm.py: Received a new packet while thinking!
{Sat 12:59:39 Step:321} Server_Comm.py: Received a new packet while thinking!
{Sat 12:59:39 Step:322} Server_Comm.py: Received a new packet while thinking!
{Sat 12:59:39 Step:323} Server_Comm.py: Received a new packet while thinking!
{Sat 12:59:39 Step:324} Server_Comm.py: Received a new packet while thinking!
{Sat 12:59:40 Step:325} Server_Comm.py: Received a new packet while thinking!
{Sat 12:59:40 Step:326} Server_Comm.py: Received a new packet while thinking!
{Sat 12:59:40 Step:328} Server_Comm.py: The agent lost 1 packet! Is syncmode enabled?
{Sat 12:59:40 Step:343} Server_Comm.py: Received a new packet while thinking!
{Sat 12:59:40 Step:344} Server_Comm.py: Received a new packet while thinking!
{Sat 12:59:40 Step:345} Server_Comm.py: Received a new packet while thinking!
{Sat 12:59:40 Step:346} Server_Comm.py: Received a new packet while thinking!
{Sat 12:59:41 Step:348} Server_Comm.py: The agent lost 1 packet! Is syncmode enabled?
{Sat 12:59:41 Step:349} Server_Comm.py: Received a new packet while thinking!
{Sat 12:59:41 Step:350} Server_Comm.py: Received a new packet while thinking!
{Sat 12:59:41 Step:351} Server_Comm.py: Received a new packet while on world.update()!
{Sat 12:59:41 Step:355} Server_Comm.py: Received a new packet while thinking!
{Sat 12:59:41 Step:356} Server_Comm.py: Received a new packet while thinking!
{Sat 12:59:41 Step:358} Server_Comm.py: The agent lost 1 packet! Is syncmode enabled?
{Sat 12:59:41 Step:358} Server_Comm.py: Received a new packet while thinking!
{Sat 12:59:41 Step:360} Server_Comm.py: The agent lost 1 packet! Is syncmode enabled?
{Sat 12:59:41 Step:362} Server_Comm.py: The agent lost 1 packet! Is syncmode enabled?
{Sat 12:59:41 Step:367} Server_Comm.py: Received a new packet while thinking!
{Sat 12:59:41 Step:368} Server_Comm.py: Received a new packet while thinking!
{Sat 12:59:41 Step:369} Server_Comm.py: Received a new packet while thinking!
{Sat 12:59:42 Step:370} Server_Comm.py: Received a new packet while thinking!
{Sat 12:59:42 Step:371} Server_Comm.py: Received a new packet while thinking!
{Sat 12:59:42 Step:372} Server_Comm.py: Received a new packet while thinking!
{Sat 12:59:42 Step:373} Server_Comm.py: Received a new packet while thinking!
{Sat 12:59:42 Step:374} Server_Comm.py: Received a new packet while thinking!
{Sat 12:59:42 Step:375} Server_Comm.py: Received a new packet while thinking!
{Sat 12:59:42 Step:376} Server_Comm.py: Received a new packet while thinking!
{Sat 12:59:42 Step:377} Server_Comm.py: Received a new packet while thinking!
{Sat 12:59:42 Step:378} Server_Comm.py: Received a new packet while thinking!
{Sat 12:59:42 Step:379} Server_Comm.py: Received a new packet while thinking!
{Sat 12:59:42 Step:380} Server_Comm.py: Received a new packet while thinking!
{Sat 12:59:42 Step:382} Server_Comm.py: The agent lost 1 packet! Is syncmode enabled?
{Sat 12:59:43 Step:389} Server_Comm.py: Received a new packet while thinking!
{Sat 12:59:43 Step:390} Server_Comm.py: Received a new packet while thinking!
{Sat 12:59:43 Step:391} Server_Comm.py: Received a new packet while thinking!
{Sat 12:59:43 Step:392} Server_Comm.py: Received a new packet while thinking!
{Sat 12:59:43 Step:393} Server_Comm.py: Received a new packet while thinking!
{Sat 12:59:43 Step:394} Server_Comm.py: Received a new packet while thinking!
{Sat 12:59:43 Step:395} Server_Comm.py: Received a new packet while thinking!
{Sat 12:59:43 Step:396} Server_Comm.py: Received a new packet while thinking!
{Sat 12:59:43 Step:397} Server_Comm.py: Received a new packet while on world.update()!
{Sat 12:59:43 Step:403} Server_Comm.py: Received a new packet while on world.update()!
{Sat 12:59:44 Step:407} Server_Comm.py: Received a new packet while on world.update()!
{Sat 12:59:44 Step:415} Server_Comm.py: Received a new packet while thinking!
{Sat 12:59:44 Step:419} Server_Comm.py: Received a new packet while on world.update()!
{Sat 12:59:44 Step:420} Server_Comm.py: Received a new packet while thinking!
{Sat 12:59:44 Step:421} Server_Comm.py: Received a new packet while thinking!
{Sat 12:59:44 Step:422} Server_Comm.py: Received a new packet while thinking!
{Sat 12:59:44 Step:423} Server_Comm.py: Received a new packet while on world.update()!
{Sat 12:59:45 Step:427} Server_Comm.py: Received a new packet while thinking!
{Sat 12:59:45 Step:431} Server_Comm.py: Received a new packet while thinking!
{Sat 12:59:45 Step:432} Server_Comm.py: Received a new packet while thinking!
{Sat 12:59:45 Step:434} Server_Comm.py: The agent lost 1 packet! Is syncmode enabled?
{Sat 12:59:45 Step:434} Server_Comm.py: Received a new packet while thinking!
{Sat 12:59:45 Step:436} Server_Comm.py: The agent lost 1 packet! Is syncmode enabled?
{Sat 12:59:45 Step:445} Server_Comm.py: Received a new packet while thinking!
{Sat 12:59:45 Step:446} Server_Comm.py: Received a new packet while thinking!
{Sat 12:59:45 Step:447} Server_Comm.py: Received a new packet while thinking!
{Sat 12:59:45 Step:448} Server_Comm.py: Received a new packet while thinking!
{Sat 12:59:46 Step:450} Server_Comm.py: The agent lost 1 packet! Is syncmode enabled?
{Sat 12:59:46 Step:451} Server_Comm.py: Received a new packet while thinking!
{Sat 12:59:46 Step:452} Server_Comm.py: Received a new packet while thinking!
{Sat 12:59:46 Step:454} Server_Comm.py: The agent lost 1 packet! Is syncmode enabled?
{Sat 12:59:46 Step:455} Server_Comm.py: Received a new packet while thinking!
{Sat 12:59:46 Step:456} Server_Comm.py: Received a new packet while thinking!
{Sat 12:59:46 Step:458} Server_Comm.py: The agent lost 1 packet! Is syncmode enabled?
{Sat 12:59:46 Step:458} Server_Comm.py: Received a new packet while thinking!
{Sat 12:59:46 Step:459} Server_Comm.py: Received a new packet while thinking!
{Sat 12:59:46 Step:460} Server_Comm.py: Received a new packet while thinking!
{Sat 12:59:46 Step:462} Server_Comm.py: The agent lost 1 packet! Is syncmode enabled?
{Sat 12:59:46 Step:463} Server_Comm.py: Received a new packet while thinking!
{Sat 12:59:46 Step:464} Server_Comm.py: Received a new packet while thinking!
{Sat 12:59:46 Step:465} Server_Comm.py: Received a new packet while on world.update()!
{Sat 12:59:46 Step:467} Server_Comm.py: Received a new packet while thinking!
{Sat 12:59:46 Step:468} Server_Comm.py: Received a new packet while thinking!
{Sat 12:59:46 Step:469} Server_Comm.py: Received a new packet while thinking!
{Sat 12:59:46 Step:470} Server_Comm.py: Received a new packet while thinking!
{Sat 12:59:46 Step:471} Server_Comm.py: Received a new packet while on world.update()!
{Sat 12:59:47 Step:477} Server_Comm.py: Received a new packet while on world.update()!
{Sat 12:59:47 Step:479} Server_Comm.py: Received a new packet while on world.update()!
{Sat 12:59:47 Step:481} Server_Comm.py: Received a new packet while thinking!
{Sat 12:59:47 Step:482} Server_Comm.py: Received a new packet while thinking!
{Sat 12:59:47 Step:484} Server_Comm.py: The agent lost 1 packet! Is syncmode enabled?
{Sat 12:59:47 Step:493} Server_Comm.py: Received a new packet while thinking!
{Sat 12:59:48 Step:499} Server_Comm.py: Received a new packet while thinking!
{Sat 12:59:48 Step:500} Server_Comm.py: Received a new packet while thinking!
{Sat 12:59:48 Step:501} Server_Comm.py: Received a new packet while on world.update()!
{Sat 12:59:48 Step:505} Server_Comm.py: Received a new packet while thinking!
{Sat 12:59:48 Step:508} Server_Comm.py: The agent lost 1 packet! Is syncmode enabled?
{Sat 12:59:48 Step:509} Server_Comm.py: Received a new packet while thinking!
{Sat 12:59:48 Step:510} Server_Comm.py: Received a new packet while thinking!
{Sat 12:59:48 Step:512} Server_Comm.py: The agent lost 1 packet! Is syncmode enabled?
{Sat 12:59:48 Step:513} Server_Comm.py: Received a new packet while on world.update()!
{Sat 12:59:48 Step:515} Server_Comm.py: Received a new packet while thinking!
{Sat 12:59:49 Step:523} Server_Comm.py: Received a new packet while thinking!
{Sat 12:59:49 Step:524} Server_Comm.py: Received a new packet while thinking!
{Sat 12:59:49 Step:525} Server_Comm.py: Received a new packet while thinking!
{Sat 12:59:49 Step:526} Server_Comm.py: Received a new packet while thinking!
{Sat 12:59:49 Step:528} Server_Comm.py: The agent lost 1 packet! Is syncmode enabled?
{Sat 12:59:49 Step:531} Server_Comm.py: Received a new packet while on world.update()!
{Sat 12:59:50 Step:537} Server_Comm.py: Received a new packet while on world.update()!
{Sat 12:59:50 Step:539} Server_Comm.py: Received a new packet while thinking!
{Sat 12:59:50 Step:540} Server_Comm.py: Received a new packet while thinking!
{Sat 12:59:50 Step:541} Server_Comm.py: Received a new packet while thinking!
{Sat 12:59:50 Step:542} Server_Comm.py: Received a new packet while thinking!
{Sat 12:59:50 Step:544} Server_Comm.py: The agent lost 1 packet! Is syncmode enabled?
{Sat 12:59:50 Step:544} Server_Comm.py: Received a new packet while thinking!
{Sat 12:59:50 Step:545} Server_Comm.py: Received a new packet while thinking!
{Sat 12:59:50 Step:546} Server_Comm.py: Received a new packet while thinking!
{Sat 12:59:50 Step:548} Server_Comm.py: The agent lost 1 packet! Is syncmode enabled?
{Sat 12:59:50 Step:549} Server_Comm.py: Received a new packet while thinking!
{Sat 12:59:50 Step:553} Server_Comm.py: Received a new packet while thinking!
{Sat 12:59:51 Step:557} Server_Comm.py: Received a new packet while thinking!
{Sat 12:59:51 Step:558} Server_Comm.py: Received a new packet while thinking!
{Sat 12:59:51 Step:560} Server_Comm.py: The agent lost 1 packet! Is syncmode enabled?
{Sat 12:59:51 Step:560} Server_Comm.py: Received a new packet while thinking!
{Sat 12:59:51 Step:561} Server_Comm.py: Received a new packet while on world.update()!
{Sat 12:59:51 Step:563} Server_Comm.py: Received a new packet while thinking!
{Sat 12:59:51 Step:564} Server_Comm.py: Received a new packet while thinking!
{Sat 12:59:51 Step:565} Server_Comm.py: Received a new packet while thinking!
{Sat 12:59:51 Step:566} Server_Comm.py: Received a new packet while thinking!
{Sat 12:59:51 Step:568} Server_Comm.py: The agent lost 1 packet! Is syncmode enabled?
{Sat 12:59:52 Step:573} Server_Comm.py: Received a new packet while thinking!
{Sat 12:59:52 Step:574} Server_Comm.py: Received a new packet while thinking!
{Sat 12:59:52 Step:575} Server_Comm.py: Received a new packet while thinking!
{Sat 12:59:52 Step:576} Server_Comm.py: Received a new packet while thinking!
{Sat 12:59:52 Step:577} Server_Comm.py: Received a new packet while thinking!
{Sat 12:59:52 Step:578} Server_Comm.py: Received a new packet while thinking!
{Sat 12:59:52 Step:579} Server_Comm.py: Received a new packet while thinking!
{Sat 12:59:52 Step:580} Server_Comm.py: Received a new packet while thinking!
{Sat 12:59:52 Step:581} Server_Comm.py: Received a new packet while on world.update()!
{Sat 12:59:52 Step:583} Server_Comm.py: Received a new packet while thinking!
{Sat 12:59:52 Step:584} Server_Comm.py: Received a new packet while thinking!
{Sat 12:59:52 Step:585} Server_Comm.py: Received a new packet while thinking!
{Sat 12:59:53 Step:586} Server_Comm.py: Received a new packet while thinking!
{Sat 12:59:53 Step:587} Server_Comm.py: Received a new packet while thinking!
{Sat 12:59:53 Step:588} Server_Comm.py: Received a new packet while thinking!
{Sat 12:59:53 Step:589} Server_Comm.py: Received a new packet while on world.update()!
{Sat 12:59:53 Step:591} Server_Comm.py: Received a new packet while thinking!
{Sat 12:59:53 Step:592} Server_Comm.py: Received a new packet while thinking!
{Sat 12:59:53 Step:594} Server_Comm.py: The agent lost 1 packet! Is syncmode enabled?
{Sat 12:59:53 Step:594} Server_Comm.py: Received a new packet while thinking!
{Sat 12:59:53 Step:595} Server_Comm.py: Received a new packet while on world.update()!
{Sat 12:59:53 Step:596} Server_Comm.py: Received a new packet while thinking!
{Sat 12:59:53 Step:597} Server_Comm.py: Received a new packet while thinking!
{Sat 12:59:53 Step:598} Server_Comm.py: Received a new packet while thinking!
{Sat 12:59:53 Step:599} Server_Comm.py: Received a new packet while thinking!
{Sat 12:59:53 Step:600} Server_Comm.py: Received a new packet while thinking!
{Sat 12:59:53 Step:601} Server_Comm.py: Received a new packet while thinking!
{Sat 12:59:53 Step:602} Server_Comm.py: Received a new packet while thinking!
{Sat 12:59:53 Step:603} Server_Comm.py: Received a new packet while thinking!
{Sat 12:59:54 Step:604} Server_Comm.py: Received a new packet while thinking!
{Sat 12:59:54 Step:605} Server_Comm.py: Received a new packet while thinking!
{Sat 12:59:54 Step:606} Server_Comm.py: Received a new packet while thinking!
{Sat 12:59:54 Step:607} Server_Comm.py: Received a new packet while on world.update()!
{Sat 12:59:54 Step:613} Server_Comm.py: Received a new packet while thinking!
{Sat 12:59:54 Step:614} Server_Comm.py: Received a new packet while thinking!
{Sat 12:59:54 Step:616} Server_Comm.py: The agent lost 1 packet! Is syncmode enabled?
{Sat 12:59:54 Step:617} Server_Comm.py: Received a new packet while thinking!
{Sat 12:59:54 Step:618} Server_Comm.py: Received a new packet while thinking!
{Sat 12:59:54 Step:620} Server_Comm.py: The agent lost 1 packet! Is syncmode enabled?
{Sat 12:59:54 Step:620} Server_Comm.py: Received a new packet while thinking!
{Sat 12:59:54 Step:621} Server_Comm.py: Received a new packet while thinking!
{Sat 12:59:54 Step:622} Server_Comm.py: Received a new packet while thinking!
{Sat 12:59:54 Step:623} Server_Comm.py: Received a new packet while on world.update()!
{Sat 12:59:55 Step:627} Server_Comm.py: Received a new packet while thinking!
{Sat 12:59:55 Step:628} Server_Comm.py: Received a new packet while thinking!
{Sat 12:59:55 Step:629} Server_Comm.py: Received a new packet while thinking!
{Sat 12:59:55 Step:630} Server_Comm.py: Received a new packet while thinking!
{Sat 12:59:55 Step:631} Server_Comm.py: Received a new packet while thinking!
{Sat 12:59:55 Step:632} Server_Comm.py: Received a new packet while thinking!
{Sat 12:59:55 Step:633} Server_Comm.py: Received a new packet while thinking!
{Sat 12:59:55 Step:634} Server_Comm.py: Received a new packet while thinking!
{Sat 12:59:55 Step:635} Server_Comm.py: Received a new packet while thinking!
{Sat 12:59:55 Step:636} Server_Comm.py: Received a new packet while thinking!
{Sat 12:59:55 Step:638} Server_Comm.py: The agent lost 1 packet! Is syncmode enabled?
{Sat 12:59:55 Step:643} Server_Comm.py: Received a new packet while thinking!
{Sat 12:59:55 Step:644} Server_Comm.py: Received a new packet while thinking!
{Sat 12:59:56 Step:645} Server_Comm.py: Received a new packet while on world.update()!
{Sat 12:59:56 Step:647} Server_Comm.py: Received a new packet while on world.update()!
{Sat 12:59:56 Step:657} Server_Comm.py: Received a new packet while on world.update()!
{Sat 12:59:56 Step:659} Server_Comm.py: Received a new packet while thinking!
{Sat 12:59:56 Step:661} Server_Comm.py: The agent lost 1 packet! Is syncmode enabled?
{Sat 12:59:56 Step:661} Server_Comm.py: Received a new packet while thinking!
{Sat 12:59:56 Step:662} Server_Comm.py: Received a new packet while thinking!
{Sat 12:59:56 Step:664} Server_Comm.py: The agent lost 1 packet! Is syncmode enabled?
{Sat 12:59:57 Step:667} Server_Comm.py: Received a new packet while thinking!
{Sat 12:59:57 Step:668} Server_Comm.py: Received a new packet while thinking!
{Sat 12:59:57 Step:670} Server_Comm.py: The agent lost 1 packet! Is syncmode enabled?
{Sat 12:59:57 Step:670} Server_Comm.py: Received a new packet while thinking!
{Sat 12:59:57 Step:672} Server_Comm.py: The agent lost 1 packet! Is syncmode enabled?
{Sat 12:59:57 Step:672} Server_Comm.py: Received a new packet while thinking!
{Sat 12:59:57 Step:674} Server_Comm.py: The agent lost 1 packet! Is syncmode enabled?
{Sat 12:59:57 Step:674} Server_Comm.py: Received a new packet while on world.update()!
{Sat 12:59:58 Step:677} Server_Comm.py: Received a new packet while thinking!
{Sat 12:59:58 Step:678} Server_Comm.py: Received a new packet while thinking!
{Sat 12:59:58 Step:679} Server_Comm.py: Received a new packet while thinking!
{Sat 12:59:58 Step:680} Server_Comm.py: Received a new packet while thinking!
{Sat 12:59:58 Step:681} Server_Comm.py: Received a new packet while on world.update()!
{Sat 12:59:58 Step:683} Server_Comm.py: Received a new packet while thinking!
{Sat 12:59:58 Step:685} Server_Comm.py: The agent lost 1 packet! Is syncmode enabled?
{Sat 12:59:58 Step:687} Server_Comm.py: Received a new packet while thinking!
{Sat 12:59:59 Step:701} Server_Comm.py: Received a new packet while thinking!
{Sat 12:59:59 Step:702} Server_Comm.py: Received a new packet while thinking!
{Sat 12:59:59 Step:703} Server_Comm.py: Received a new packet while thinking!
{Sat 12:59:59 Step:704} Server_Comm.py: Received a new packet while thinking!
{Sat 12:59:59 Step:705} Server_Comm.py: Received a new packet while on world.update()!
{Sat 12:59:59 Step:709} Server_Comm.py: Received a new packet while thinking!
{Sat 12:59:59 Step:710} Server_Comm.py: Received a new packet while thinking!
{Sat 12:59:59 Step:711} Server_Comm.py: Received a new packet while thinking!
{Sat 12:59:59 Step:712} Server_Comm.py: Received a new packet while thinking!
{Sat 12:59:59 Step:713} Server_Comm.py: Received a new packet while on world.update()!
{Sat 13:00:00 Step:719} Server_Comm.py: Received a new packet while thinking!
{Sat 13:00:00 Step:720} Server_Comm.py: Received a new packet while thinking!
{Sat 13:00:00 Step:722} Server_Comm.py: The agent lost 1 packet! Is syncmode enabled?
{Sat 13:00:00 Step:723} Server_Comm.py: Received a new packet while on world.update()!
{Sat 13:00:00 Step:724} Server_Comm.py: Received a new packet while on world.update()!
{Sat 13:00:00 Step:725} Server_Comm.py: Received a new packet while on world.update()!
{Sat 13:00:00 Step:726} Server_Comm.py: Received a new packet while thinking!
{Sat 13:00:00 Step:728} Server_Comm.py: The agent lost 1 packet! Is syncmode enabled?
{Sat 13:00:00 Step:728} Server_Comm.py: Received a new packet while thinking!
{Sat 13:00:00 Step:730} Server_Comm.py: The agent lost 1 packet! Is syncmode enabled?
{Sat 13:00:01 Step:735} Server_Comm.py: Received a new packet while on world.update()!
{Sat 13:00:01 Step:741} Server_Comm.py: Received a new packet while thinking!
{Sat 13:00:01 Step:742} Server_Comm.py: Received a new packet while thinking!
{Sat 13:00:01 Step:743} Server_Comm.py: Received a new packet while thinking!
{Sat 13:00:01 Step:744} Server_Comm.py: Received a new packet while thinking!
{Sat 13:00:01 Step:745} Server_Comm.py: Received a new packet while on world.update()!
{Sat 13:00:01 Step:747} Server_Comm.py: Received a new packet while on world.update()!
{Sat 13:00:01 Step:749} Server_Comm.py: Received a new packet while thinking!
{Sat 13:00:01 Step:750} Server_Comm.py: Received a new packet while thinking!
{Sat 13:00:01 Step:751} Server_Comm.py: Received a new packet while thinking!
{Sat 13:00:01 Step:752} Server_Comm.py: Received a new packet while thinking!
{Sat 13:00:01 Step:753} Server_Comm.py: Received a new packet while on world.update()!
{Sat 13:00:01 Step:755} Server_Comm.py: Received a new packet while thinking!
{Sat 13:00:03 Step:779} Server_Comm.py: Received a new packet while thinking!
{Sat 13:00:03 Step:780} Server_Comm.py: Received a new packet while on world.update()!
{Sat 13:00:03 Step:781} Server_Comm.py: Received a new packet while thinking!
{Sat 13:00:03 Step:782} Server_Comm.py: Received a new packet while thinking!
{Sat 13:00:03 Step:783} Server_Comm.py: Received a new packet while thinking!
{Sat 13:00:03 Step:784} Server_Comm.py: Received a new packet while thinking!
{Sat 13:00:03 Step:785} Server_Comm.py: Received a new packet while on world.update()!
{Sat 13:00:03 Step:791} Server_Comm.py: Received a new packet while thinking!
{Sat 13:00:03 Step:792} Server_Comm.py: Received a new packet while thinking!
{Sat 13:00:03 Step:794} Server_Comm.py: The agent lost 1 packet! Is syncmode enabled?
{Sat 13:00:03 Step:795} Server_Comm.py: Received a new packet while thinking!
{Sat 13:00:03 Step:796} Server_Comm.py: Received a new packet while thinking!
{Sat 13:00:03 Step:798} Server_Comm.py: The agent lost 1 packet! Is syncmode enabled?
{Sat 13:00:03 Step:798} Server_Comm.py: Received a new packet while thinking!
{Sat 13:00:03 Step:799} Server_Comm.py: Received a new packet while thinking!
{Sat 13:00:03 Step:800} Server_Comm.py: Received a new packet while thinking!
{Sat 13:00:04 Step:801} Server_Comm.py: Received a new packet while thinking!
{Sat 13:00:04 Step:802} Server_Comm.py: Received a new packet while thinking!
{Sat 13:00:04 Step:804} Server_Comm.py: The agent lost 1 packet! Is syncmode enabled?
{Sat 13:00:04 Step:809} Server_Comm.py: Received a new packet while thinking!
{Sat 13:00:04 Step:810} Server_Comm.py: Received a new packet while thinking!
{Sat 13:00:04 Step:811} Server_Comm.py: Received a new packet while on world.update()!
{Sat 13:00:04 Step:813} Server_Comm.py: Received a new packet while thinking!
{Sat 13:00:04 Step:821} Server_Comm.py: Received a new packet while thinking!
{Sat 13:00:04 Step:822} Server_Comm.py: Received a new packet while thinking!
{Sat 13:00:04 Step:823} Server_Comm.py: Received a new packet while thinking!
{Sat 13:00:05 Step:824} Server_Comm.py: Received a new packet while thinking!
{Sat 13:00:05 Step:825} Server_Comm.py: Received a new packet while thinking!
{Sat 13:00:05 Step:826} Server_Comm.py: Received a new packet while thinking!
{Sat 13:00:05 Step:827} Server_Comm.py: Received a new packet while on world.update()!
{Sat 13:00:05 Step:833} Server_Comm.py: Received a new packet while thinking!
{Sat 13:00:05 Step:834} Server_Comm.py: Received a new packet while thinking!
{Sat 13:00:05 Step:835} Server_Comm.py: Received a new packet while on world.update()!
{Sat 13:00:05 Step:843} Server_Comm.py: Received a new packet while thinking!
{Sat 13:00:05 Step:844} Server_Comm.py: Received a new packet while thinking!
{Sat 13:00:05 Step:845} Server_Comm.py: Received a new packet while thinking!
{Sat 13:00:05 Step:846} Server_Comm.py: Received a new packet while thinking!
{Sat 13:00:06 Step:847} Server_Comm.py: Received a new packet while thinking!
{Sat 13:00:06 Step:848} Server_Comm.py: Received a new packet while thinking!
{Sat 13:00:06 Step:849} Server_Comm.py: Received a new packet while on world.update()!
{Sat 13:00:06 Step:851} Server_Comm.py: Received a new packet while thinking!
{Sat 13:00:06 Step:852} Server_Comm.py: Received a new packet while thinking!
{Sat 13:00:06 Step:854} Server_Comm.py: The agent lost 1 packet! Is syncmode enabled?
{Sat 13:00:06 Step:854} Server_Comm.py: Received a new packet while thinking!
{Sat 13:00:06 Step:855} Server_Comm.py: Received a new packet while on world.update()!
{Sat 13:00:06 Step:857} Server_Comm.py: Received a new packet while on world.update()!
{Sat 13:00:06 Step:859} Server_Comm.py: Received a new packet while thinking!
{Sat 13:00:06 Step:860} Server_Comm.py: Received a new packet while thinking!
{Sat 13:00:06 Step:862} Server_Comm.py: The agent lost 1 packet! Is syncmode enabled?
{Sat 13:00:07 Step:865} Server_Comm.py: Received a new packet while thinking!
{Sat 13:00:07 Step:866} Server_Comm.py: Received a new packet while thinking!
{Sat 13:00:07 Step:867} Server_Comm.py: Received a new packet while on world.update()!
{Sat 13:00:07 Step:869} Server_Comm.py: Received a new packet while thinking!
{Sat 13:00:07 Step:870} Server_Comm.py: Received a new packet while thinking!
{Sat 13:00:07 Step:872} Server_Comm.py: The agent lost 1 packet! Is syncmode enabled?
{Sat 13:00:07 Step:873} Server_Comm.py: Received a new packet while thinking!
{Sat 13:00:07 Step:875} Server_Comm.py: The agent lost 1 packet! Is syncmode enabled?
{Sat 13:00:07 Step:875} Server_Comm.py: Received a new packet while on world.update()!
{Sat 13:00:07 Step:877} Server_Comm.py: Received a new packet while thinking!
{Sat 13:00:07 Step:878} Server_Comm.py: Received a new packet while thinking!
{Sat 13:00:07 Step:880} Server_Comm.py: The agent lost 1 packet! Is syncmode enabled?
{Sat 13:00:07 Step:880} Server_Comm.py: Received a new packet while thinking!
{Sat 13:00:07 Step:882} Server_Comm.py: The agent lost 1 packet! Is syncmode enabled?
{Sat 13:00:07 Step:882} Server_Comm.py: Received a new packet while on world.update()!
{Sat 13:00:07 Step:884} Server_Comm.py: The agent lost 1 packet! Is syncmode enabled?
{Sat 13:00:08 Step:885} Server_Comm.py: Received a new packet while thinking!
{Sat 13:00:08 Step:886} Server_Comm.py: Received a new packet while thinking!
{Sat 13:00:08 Step:887} Server_Comm.py: Received a new packet while thinking!
{Sat 13:00:08 Step:888} Server_Comm.py: Received a new packet while thinking!
{Sat 13:00:08 Step:889} Server_Comm.py: Received a new packet while thinking!
{Sat 13:00:08 Step:890} Server_Comm.py: Received a new packet while thinking!
{Sat 13:00:08 Step:891} Server_Comm.py: Received a new packet while thinking!
{Sat 13:00:08 Step:892} Server_Comm.py: Received a new packet while thinking!
{Sat 13:00:08 Step:893} Server_Comm.py: Received a new packet while on world.update()!
{Sat 13:00:08 Step:894} Server_Comm.py: Received a new packet while on world.update()!
{Sat 13:00:08 Step:897} Server_Comm.py: Received a new packet while thinking!
{Sat 13:00:08 Step:898} Server_Comm.py: Received a new packet while thinking!
{Sat 13:00:08 Step:900} Server_Comm.py: The agent lost 1 packet! Is syncmode enabled?
{Sat 13:00:09 Step:901} Server_Comm.py: Received a new packet while on world.update()!
{Sat 13:00:09 Step:902} Server_Comm.py: Received a new packet while thinking!
{Sat 13:00:09 Step:903} Server_Comm.py: Received a new packet while thinking!
{Sat 13:00:09 Step:904} Server_Comm.py: Received a new packet while thinking!
{Sat 13:00:09 Step:905} Server_Comm.py: Received a new packet while on world.update()!
{Sat 13:00:09 Step:906} Server_Comm.py: Received a new packet while thinking!
{Sat 13:00:09 Step:908} Server_Comm.py: The agent lost 1 packet! Is syncmode enabled?
{Sat 13:00:09 Step:909} Server_Comm.py: Received a new packet while thinking!
{Sat 13:00:09 Step:910} Server_Comm.py: Received a new packet while thinking!
{Sat 13:00:09 Step:911} Server_Comm.py: Received a new packet while thinking!
{Sat 13:00:09 Step:912} Server_Comm.py: Received a new packet while thinking!
{Sat 13:00:09 Step:913} Server_Comm.py: Received a new packet while thinking!
{Sat 13:00:09 Step:914} Server_Comm.py: Received a new packet while thinking!
{Sat 13:00:09 Step:916} Server_Comm.py: The agent lost 1 packet! Is syncmode enabled?
{Sat 13:00:09 Step:917} Server_Comm.py: Received a new packet while on world.update()!
{Sat 13:00:10 Step:919} Server_Comm.py: Received a new packet while on world.update()!
{Sat 13:00:10 Step:935} Server_Comm.py: Received a new packet while on world.update()!
{Sat 13:00:11 Step:936} Server_Comm.py: Received a new packet while thinking!
{Sat 13:00:11 Step:937} Server_Comm.py: Received a new packet while thinking!
{Sat 13:00:11 Step:938} Server_Comm.py: Received a new packet while thinking!
{Sat 13:00:11 Step:939} Server_Comm.py: Received a new packet while thinking!
{Sat 13:00:11 Step:940} Server_Comm.py: Received a new packet while thinking!
{Sat 13:00:11 Step:941} Server_Comm.py: Received a new packet while thinking!
{Sat 13:00:11 Step:942} Server_Comm.py: Received a new packet while thinking!
{Sat 13:00:11 Step:944} Server_Comm.py: The agent lost 1 packet! Is syncmode enabled?
{Sat 13:00:11 Step:947} Server_Comm.py: Received a new packet while thinking!
{Sat 13:00:11 Step:948} Server_Comm.py: Received a new packet while thinking!
{Sat 13:00:12 Step:950} Server_Comm.py: The agent lost 1 packet! Is syncmode enabled?
{Sat 13:00:12 Step:959} Server_Comm.py: Received a new packet while thinking!
{Sat 13:00:12 Step:960} Server_Comm.py: Received a new packet while thinking!
{Sat 13:00:12 Step:962} Server_Comm.py: The agent lost 1 packet! Is syncmode enabled?
{Sat 13:00:12 Step:962} Server_Comm.py: Received a new packet while on world.update()!
{Sat 13:00:12 Step:963} Server_Comm.py: Received a new packet while thinking!
{Sat 13:00:12 Step:964} Server_Comm.py: Received a new packet while thinking!
{Sat 13:00:13 Step:967} Server_Comm.py: The agent lost 2 consecutive packets! Is syncmode disabled?
{Sat 13:00:13 Step:969} Server_Comm.py: Received a new packet while thinking!
{Sat 13:00:13 Step:970} Server_Comm.py: Received a new packet while thinking!
{Sat 13:00:13 Step:971} Server_Comm.py: Received a new packet while on world.update()!
{Sat 13:00:13 Step:973} Server_Comm.py: Received a new packet while thinking!
{Sat 13:00:13 Step:974} Server_Comm.py: Received a new packet while on world.update()!
{Sat 13:00:13 Step:975} Server_Comm.py: Received a new packet while on world.update()!
{Sat 13:00:13 Step:981} Server_Comm.py: Received a new packet while on world.update()!
{Sat 13:00:14 Step:989} Server_Comm.py: Received a new packet while thinking!
{Sat 13:00:14 Step:991} Server_Comm.py: Received a new packet while on world.update()!
{Sat 13:00:14 Step:992} Server_Comm.py: Received a new packet while thinking!
{Sat 13:00:14 Step:996} Server_Comm.py: The agent lost 3 consecutive packets! Is syncmode disabled?
{Sat 13:00:15 Step:999} Server_Comm.py: Received a new packet while thinking!
{Sat 13:00:15 Step:1001} Server_Comm.py: Received a new packet while thinking!
{Sat 13:00:15 Step:1002} Server_Comm.py: Received a new packet while thinking!
{Sat 13:00:15 Step:1003} Server_Comm.py: Received a new packet while thinking!
{Sat 13:00:15 Step:1004} Server_Comm.py: Received a new packet while thinking!
{Sat 13:00:15 Step:1006} Server_Comm.py: The agent lost 1 packet! Is syncmode enabled?
{Sat 13:00:15 Step:1006} Server_Comm.py: Received a new packet while on world.update()!
{Sat 13:00:16 Step:1009} Server_Comm.py: Received a new packet while thinking!
{Sat 13:00:16 Step:1010} Server_Comm.py: Received a new packet while thinking!
{Sat 13:00:16 Step:1011} Server_Comm.py: Received a new packet while on world.update()!
{Sat 13:00:16 Step:1015} Server_Comm.py: Received a new packet while thinking!
{Sat 13:00:16 Step:1017} Server_Comm.py: The agent lost 1 packet! Is syncmode enabled?
{Sat 13:00:16 Step:1019} Server_Comm.py: Received a new packet while thinking!
{Sat 13:00:16 Step:1021} Server_Comm.py: The agent lost 1 packet! Is syncmode enabled?
{Sat 13:00:17 Step:1023} Server_Comm.py: Received a new packet while thinking!
{Sat 13:00:17 Step:1025} Server_Comm.py: Received a new packet while on world.update()!
{Sat 13:00:17 Step:1027} Server_Comm.py: Received a new packet while thinking!
{Sat 13:00:17 Step:1028} Server_Comm.py: Received a new packet while thinking!
{Sat 13:00:17 Step:1030} Server_Comm.py: The agent lost 1 packet! Is syncmode enabled?
{Sat 13:00:17 Step:1030} Server_Comm.py: Received a new packet while thinking!
{Sat 13:00:17 Step:1031} Server_Comm.py: Received a new packet while thinking!
{Sat 13:00:17 Step:1032} Server_Comm.py: Received a new packet while thinking!
{Sat 13:00:17 Step:1034} Server_Comm.py: The agent lost 1 packet! Is syncmode enabled?
{Sat 13:00:18 Step:1034} Server_Comm.py: Received a new packet while thinking!
{Sat 13:00:18 Step:1035} Server_Comm.py: Received a new packet while on world.update()!
{Sat 13:00:18 Step:1036} Server_Comm.py: Received a new packet while on world.update()!
{Sat 13:00:18 Step:1037} Server_Comm.py: Received a new packet while thinking!
{Sat 13:00:18 Step:1038} Server_Comm.py: Received a new packet while thinking!
{Sat 13:00:18 Step:1040} Server_Comm.py: The agent lost 1 packet! Is syncmode enabled?
{Sat 13:00:18 Step:1041} Server_Comm.py: Received a new packet while on world.update()!
{Sat 13:00:19 Step:1049} Server_Comm.py: Received a new packet while thinking!
{Sat 13:00:19 Step:1050} Server_Comm.py: Received a new packet while thinking!
{Sat 13:00:19 Step:1051} Server_Comm.py: Received a new packet while thinking!
{Sat 13:00:19 Step:1052} Server_Comm.py: Received a new packet while thinking!
{Sat 13:00:20 Step:1053} Server_Comm.py: Received a new packet while thinking!
{Sat 13:00:20 Step:1054} Server_Comm.py: Received a new packet while thinking!
{Sat 13:00:20 Step:1055} Server_Comm.py: Received a new packet while thinking!
{Sat 13:00:20 Step:1056} Server_Comm.py: Received a new packet while thinking!
{Sat 13:00:20 Step:1057} Server_Comm.py: Received a new packet while on world.update()!
{Sat 13:00:20 Step:1059} Server_Comm.py: Received a new packet while on world.update()!
{Sat 13:00:20 Step:1061} Server_Comm.py: Received a new packet while thinking!
{Sat 13:00:20 Step:1062} Server_Comm.py: Received a new packet while thinking!
{Sat 13:00:20 Step:1064} Server_Comm.py: The agent lost 1 packet! Is syncmode enabled?
{Sat 13:00:21 Step:1064} Server_Comm.py: Received a new packet while thinking!
{Sat 13:00:21 Step:1065} Server_Comm.py: Received a new packet while thinking!
{Sat 13:00:21 Step:1066} Server_Comm.py: Received a new packet while thinking!
{Sat 13:00:21 Step:1068} Server_Comm.py: The agent lost 1 packet! Is syncmode enabled?
{Sat 13:00:21 Step:1069} Server_Comm.py: Received a new packet while on world.update()!
{Sat 13:00:21 Step:1070} Server_Comm.py: Received a new packet while on world.update()!
{Sat 13:00:21 Step:1071} Server_Comm.py: Received a new packet while thinking!
{Sat 13:00:22 Step:1072} Server_Comm.py: Received a new packet while thinking!
{Sat 13:00:22 Step:1074} Server_Comm.py: The agent lost 1 packet! Is syncmode enabled?
{Sat 13:00:22 Step:1075} Server_Comm.py: Received a new packet while thinking!
{Sat 13:00:22 Step:1076} Server_Comm.py: Received a new packet while thinking!
{Sat 13:00:22 Step:1077} Server_Comm.py: Received a new packet while on world.update()!
{Sat 13:00:23 Step:1087} Server_Comm.py: Received a new packet while on world.update()!
{Sat 13:00:23 Step:1088} Server_Comm.py: Received a new packet while thinking!
{Sat 13:00:23 Step:1089} Server_Comm.py: Received a new packet while on world.update()!
{Sat 13:00:24 Step:1091} Server_Comm.py: Received a new packet while on world.update()!
{Sat 13:00:24 Step:1093} Server_Comm.py: Received a new packet while thinking!
{Sat 13:00:24 Step:1094} Server_Comm.py: Received a new packet while thinking!
{Sat 13:00:24 Step:1096} Server_Comm.py: The agent lost 1 packet! Is syncmode enabled?
{Sat 13:00:24 Step:1096} Server_Comm.py: Received a new packet while thinking!
{Sat 13:00:24 Step:1097} Server_Comm.py: Received a new packet while on world.update()!
{Sat 13:00:24 Step:1099} Server_Comm.py: Received a new packet while thinking!
{Sat 13:00:24 Step:1101} Server_Comm.py: The agent lost 1 packet! Is syncmode enabled?
{Sat 13:00:25 Step:1101} Server_Comm.py: Received a new packet while on world.update()!
{Sat 13:00:25 Step:1104} Server_Comm.py: The agent lost 1 packet! Is syncmode enabled?
{Sat 13:00:25 Step:1106} Server_Comm.py: The agent lost 1 packet! Is syncmode enabled?
{Sat 13:00:26 Step:1111} Server_Comm.py: Received a new packet while on world.update()!
{Sat 13:00:27 Step:1113} Server_Comm.py: Received a new packet while on world.update()!
{Sat 13:00:27 Step:1114} Server_Comm.py: Received a new packet while thinking!
{Sat 13:00:27 Step:1117} Server_Comm.py: The agent lost 2 consecutive packets! Is syncmode disabled?
{Sat 13:00:27 Step:1117} Server_Comm.py: Received a new packet while thinking!
{Sat 13:00:27 Step:1118} Server_Comm.py: Received a new packet while thinking!
{Sat 13:00:28 Step:1120} Server_Comm.py: The agent lost 1 packet! Is syncmode enabled?
{Sat 13:00:28 Step:1120} Server_Comm.py: Received a new packet while thinking!
{Sat 13:00:28 Step:1121} Server_Comm.py: Received a new packet while on world.update()!
{Sat 13:00:28 Step:1126} Server_Comm.py: The agent lost 1 packet! Is syncmode enabled?
{Sat 13:00:28 Step:1126} Server_Comm.py: Received a new packet while thinking!
{Sat 13:00:28 Step:1128} Server_Comm.py: The agent lost 1 packet! Is syncmode enabled?
{Sat 13:00:29 Step:1128} Server_Comm.py: Received a new packet while thinking!
{Sat 13:00:29 Step:1130} Server_Comm.py: The agent lost 1 packet! Is syncmode enabled?
{Sat 13:00:29 Step:1131} Server_Comm.py: Received a new packet while thinking!
{Sat 13:00:29 Step:1132} Server_Comm.py: Received a new packet while thinking!
{Sat 13:00:29 Step:1133} Server_Comm.py: Received a new packet while thinking!
{Sat 13:00:29 Step:1134} Server_Comm.py: Received a new packet while thinking!
{Sat 13:00:29 Step:1136} Server_Comm.py: The agent lost 1 packet! Is syncmode enabled?
{Sat 13:00:30 Step:1137} Server_Comm.py: Received a new packet while thinking!
{Sat 13:00:30 Step:1140} Server_Comm.py: The agent lost 1 packet! Is syncmode enabled?
{Sat 13:00:30 Step:1141} Server_Comm.py: Received a new packet while thinking!
{Sat 13:00:30 Step:1143} Server_Comm.py: Received a new packet while thinking!
{Sat 13:00:31 Step:1147} Server_Comm.py: Received a new packet while thinking!
{Sat 13:00:31 Step:1148} Server_Comm.py: Received a new packet while thinking!
{Sat 13:00:31 Step:1149} Server_Comm.py: Received a new packet while on world.update()!
{Sat 13:00:32 Step:1153} Server_Comm.py: Received a new packet while thinking!
{Sat 13:00:32 Step:1154} Server_Comm.py: Received a new packet while thinking!
{Sat 13:00:32 Step:1155} Server_Comm.py: Received a new packet while thinking!
{Sat 13:00:32 Step:1156} Server_Comm.py: Received a new packet while thinking!
{Sat 13:00:32 Step:1157} Server_Comm.py: Received a new packet while on world.update()!
{Sat 13:00:32 Step:1161} Server_Comm.py: Received a new packet while thinking!
{Sat 13:00:33 Step:1163} Server_Comm.py: Received a new packet while thinking!
{Sat 13:00:33 Step:1164} Server_Comm.py: Received a new packet while thinking!
{Sat 13:00:33 Step:1165} Server_Comm.py: Received a new packet while thinking!
{Sat 13:00:33 Step:1166} Server_Comm.py: Received a new packet while thinking!
{Sat 13:00:33 Step:1167} Server_Comm.py: Received a new packet while on world.update()!
{Sat 13:00:33 Step:1169} Server_Comm.py: Received a new packet while thinking!
{Sat 13:00:34 Step:1171} Server_Comm.py: Received a new packet while thinking!
{Sat 13:00:34 Step:1172} Server_Comm.py: Received a new packet while thinking!
{Sat 13:00:34 Step:1173} Server_Comm.py: Received a new packet while on world.update()!
{Sat 13:00:34 Step:1175} Server_Comm.py: Received a new packet while on world.update()!
{Sat 13:00:35 Step:1179} Server_Comm.py: Received a new packet while on world.update()!
{Sat 13:00:35 Step:1181} Server_Comm.py: Received a new packet while thinking!
{Sat 13:00:35 Step:1182} Server_Comm.py: Received a new packet while thinking!
{Sat 13:00:35 Step:1184} Server_Comm.py: The agent lost 1 packet! Is syncmode enabled?
{Sat 13:00:35 Step:1184} Server_Comm.py: Received a new packet while thinking!
{Sat 13:00:35 Step:1186} Server_Comm.py: The agent lost 1 packet! Is syncmode enabled?
{Sat 13:00:35 Step:1187} Server_Comm.py: Received a new packet while thinking!
{Sat 13:00:38 Step:1209} Server_Comm.py: Received a new packet while thinking!
{Sat 13:00:38 Step:1210} Server_Comm.py: Received a new packet while thinking!
{Sat 13:00:38 Step:1211} Server_Comm.py: Received a new packet while thinking!
{Sat 13:00:39 Step:1212} Server_Comm.py: Received a new packet while thinking!
{Sat 13:00:39 Step:1213} Server_Comm.py: Received a new packet while thinking!
{Sat 13:00:39 Step:1214} Server_Comm.py: Received a new packet while thinking!
{Sat 13:00:39 Step:1215} Server_Comm.py: Received a new packet while thinking!
{Sat 13:00:39 Step:1216} Server_Comm.py: Received a new packet while thinking!
{Sat 13:00:39 Step:1217} Server_Comm.py: Received a new packet while thinking!
{Sat 13:00:39 Step:1218} Server_Comm.py: Received a new packet while thinking!
{Sat 13:00:39 Step:1220} Server_Comm.py: The agent lost 1 packet! Is syncmode enabled?
{Sat 13:00:40 Step:1220} Server_Comm.py: Received a new packet while thinking!
{Sat 13:00:40 Step:1221} Server_Comm.py: Received a new packet while thinking!
{Sat 13:00:40 Step:1222} Server_Comm.py: Received a new packet while thinking!
{Sat 13:00:40 Step:1223} Server_Comm.py: Received a new packet while thinking!
{Sat 13:00:40 Step:1224} Server_Comm.py: Received a new packet while thinking!
{Sat 13:00:40 Step:1225} Server_Comm.py: Received a new packet while thinking!
{Sat 13:00:40 Step:1226} Server_Comm.py: Received a new packet while thinking!
{Sat 13:00:40 Step:1227} Server_Comm.py: Received a new packet while on world.update()!
{Sat 13:00:42 Step:1241} Server_Comm.py: Received a new packet while thinking!
{Sat 13:00:42 Step:1242} Server_Comm.py: Received a new packet while thinking!
{Sat 13:00:43 Step:1243} Server_Comm.py: Received a new packet while on world.update()!
{Sat 13:00:43 Step:1244} Server_Comm.py: Received a new packet while thinking!
{Sat 13:00:43 Step:1245} Server_Comm.py: Received a new packet while on world.update()!
{Sat 13:00:44 Step:1255} Server_Comm.py: Received a new packet while thinking!
{Sat 13:00:44 Step:1256} Server_Comm.py: Received a new packet while thinking!
{Sat 13:00:45 Step:1261} Server_Comm.py: The agent lost 4 consecutive packets! Is syncmode disabled?
{Sat 13:00:45 Step:1261} Server_Comm.py: Received a new packet while on world.update()!
{Sat 13:00:45 Step:1263} Server_Comm.py: Received a new packet while thinking!
{Sat 13:00:45 Step:1264} Server_Comm.py: Received a new packet while thinking!
{Sat 13:00:45 Step:1265} Server_Comm.py: Received a new packet while thinking!
{Sat 13:00:45 Step:1266} Server_Comm.py: Received a new packet while thinking!
{Sat 13:00:45 Step:1268} Server_Comm.py: The agent lost 1 packet! Is syncmode enabled?
{Sat 13:00:46 Step:1268} Server_Comm.py: Received a new packet while thinking!
{Sat 13:00:46 Step:1269} Server_Comm.py: Received a new packet while on world.update()!
{Sat 13:00:46 Step:1271} Server_Comm.py: Received a new packet while on world.update()!
{Sat 13:00:46 Step:1272} Server_Comm.py: Received a new packet while on world.update()!
{Sat 13:00:46 Step:1273} Server_Comm.py: Received a new packet while on world.update()!
{Sat 13:00:46 Step:1275} Server_Comm.py: Received a new packet while thinking!
{Sat 13:00:46 Step:1276} Server_Comm.py: Received a new packet while thinking!
{Sat 13:00:46 Step:1278} Server_Comm.py: The agent lost 1 packet! Is syncmode enabled?
{Sat 13:00:47 Step:1278} Server_Comm.py: Received a new packet while thinking!
{Sat 13:00:47 Step:1280} Server_Comm.py: The agent lost 1 packet! Is syncmode enabled?
{Sat 13:00:47 Step:1280} Server_Comm.py: Received a new packet while thinking!
{Sat 13:00:47 Step:1281} Server_Comm.py: Received a new packet while on world.update()!
{Sat 13:00:48 Step:1291} Server_Comm.py: Received a new packet while on world.update()!
{Sat 13:00:48 Step:1295} Server_Comm.py: Received a new packet while on world.update()!
{Sat 13:00:48 Step:1296} Server_Comm.py: Received a new packet while on world.update()!
{Sat 13:00:49 Step:1297} Server_Comm.py: Received a new packet while thinking!
{Sat 13:00:49 Step:1298} Server_Comm.py: Received a new packet while thinking!
{Sat 13:00:49 Step:1299} Server_Comm.py: Received a new packet while on world.update()!
{Sat 13:00:50 Step:1305} Server_Comm.py: Received a new packet while thinking!
{Sat 13:00:50 Step:1306} Server_Comm.py: Received a new packet while thinking!
{Sat 13:00:50 Step:1308} Server_Comm.py: The agent lost 1 packet! Is syncmode enabled?
{Sat 13:00:51 Step:1308} Server_Comm.py: Received a new packet while thinking!
{Sat 13:00:51 Step:1310} Server_Comm.py: The agent lost 1 packet! Is syncmode enabled?
{Sat 13:00:51 Step:1310} Server_Comm.py: Received a new packet while thinking!
{Sat 13:00:51 Step:1311} Server_Comm.py: Received a new packet while thinking!
{Sat 13:00:51 Step:1312} Server_Comm.py: Received a new packet while thinking!
{Sat 13:00:51 Step:1313} Server_Comm.py: Received a new packet while thinking!
{Sat 13:00:52 Step:1314} Server_Comm.py: Received a new packet while thinking!
{Sat 13:00:52 Step:1315} Server_Comm.py: Received a new packet while thinking!
{Sat 13:00:52 Step:1316} Server_Comm.py: Received a new packet while thinking!
{Sat 13:00:53 Step:1317} Server_Comm.py: Received a new packet while thinking!
{Sat 13:00:53 Step:1318} Server_Comm.py: Received a new packet while thinking!
{Sat 13:00:53 Step:1320} Server_Comm.py: The agent lost 1 packet! Is syncmode enabled?
{Sat 13:00:53 Step:1321} Server_Comm.py: Received a new packet while thinking!
{Sat 13:00:53 Step:1322} Server_Comm.py: Received a new packet while thinking!
{Sat 13:00:54 Step:1323} Server_Comm.py: Received a new packet while thinking!
{Sat 13:00:54 Step:1324} Server_Comm.py: Received a new packet while thinking!
{Sat 13:00:54 Step:1326} Server_Comm.py: The agent lost 1 packet! Is syncmode enabled?
{Sat 13:00:54 Step:1327} Server_Comm.py: Received a new packet while thinking!
{Sat 13:00:54 Step:1328} Server_Comm.py: Received a new packet while thinking!
{Sat 13:00:54 Step:1330} Server_Comm.py: The agent lost 1 packet! Is syncmode enabled?
{Sat 13:00:55 Step:1333} Server_Comm.py: Received a new packet while on world.update()!
{Sat 13:00:55 Step:1334} Server_Comm.py: Received a new packet while thinking!
{Sat 13:00:55 Step:1336} Server_Comm.py: The agent lost 1 packet! Is syncmode enabled?
{Sat 13:00:55 Step:1336} Server_Comm.py: Received a new packet while thinking!
{Sat 13:00:56 Step:1337} Server_Comm.py: Received a new packet while on world.update()!
{Sat 13:00:56 Step:1338} Server_Comm.py: Received a new packet while thinking!
{Sat 13:00:56 Step:1340} Server_Comm.py: The agent lost 1 packet! Is syncmode enabled?
{Sat 13:00:56 Step:1340} Server_Comm.py: Received a new packet while thinking!
{Sat 13:00:56 Step:1342} Server_Comm.py: The agent lost 1 packet! Is syncmode enabled?
{Sat 13:00:56 Step:1342} Server_Comm.py: Received a new packet while thinking!
{Sat 13:00:56 Step:1344} Server_Comm.py: The agent lost 1 packet! Is syncmode enabled?
{Sat 13:00:56 Step:1344} Server_Comm.py: Received a new packet while thinking!
{Sat 13:00:56 Step:1346} Server_Comm.py: The agent lost 1 packet! Is syncmode enabled?
{Sat 13:00:57 Step:1353} Server_Comm.py: Received a new packet while on world.update()!
{Sat 13:00:57 Step:1354} Server_Comm.py: Received a new packet while on world.update()!
{Sat 13:00:57 Step:1355} Server_Comm.py: Received a new packet while on world.update()!
{Sat 13:00:57 Step:1356} Server_Comm.py: Received a new packet while thinking!
{Sat 13:00:57 Step:1359} Server_Comm.py: The agent lost 2 consecutive packets! Is syncmode disabled?
{Sat 13:00:57 Step:1359} Server_Comm.py: Received a new packet while thinking!
{Sat 13:00:58 Step:1360} Server_Comm.py: Received a new packet while thinking!
{Sat 13:00:58 Step:1361} Server_Comm.py: Received a new packet while on world.update()!
{Sat 13:00:58 Step:1363} Server_Comm.py: Received a new packet while thinking!
{Sat 13:00:58 Step:1365} Server_Comm.py: The agent lost 1 packet! Is syncmode enabled?
{Sat 13:00:58 Step:1367} Server_Comm.py: Received a new packet while on world.update()!
{Sat 13:00:58 Step:1371} Server_Comm.py: Received a new packet while thinking!
{Sat 13:00:58 Step:1372} Server_Comm.py: Received a new packet while thinking!
{Sat 13:00:58 Step:1373} Server_Comm.py: Received a new packet while on world.update()!
{Sat 13:00:59 Step:1377} Server_Comm.py: Received a new packet while thinking!
{Sat 13:00:59 Step:1378} Server_Comm.py: Received a new packet while thinking!
{Sat 13:00:59 Step:1380} Server_Comm.py: The agent lost 1 packet! Is syncmode enabled?
{Sat 13:00:59 Step:1381} Server_Comm.py: Received a new packet while on world.update()!
{Sat 13:00:59 Step:1383} Server_Comm.py: Received a new packet while thinking!
{Sat 13:00:59 Step:1384} Server_Comm.py: Received a new packet while thinking!
{Sat 13:00:59 Step:1386} Server_Comm.py: The agent lost 1 packet! Is syncmode enabled?
{Sat 13:00:59 Step:1386} Server_Comm.py: Received a new packet while thinking!
{Sat 13:00:59 Step:1388} Server_Comm.py: The agent lost 1 packet! Is syncmode enabled?
{Sat 13:00:59 Step:1388} Server_Comm.py: Received a new packet while thinking!
{Sat 13:00:59 Step:1390} Server_Comm.py: The agent lost 1 packet! Is syncmode enabled?
{Sat 13:00:59 Step:1390} Server_Comm.py: Received a new packet while thinking!
{Sat 13:00:59 Step:1392} Server_Comm.py: The agent lost 1 packet! Is syncmode enabled?
{Sat 13:01:00 Step:1392} Server_Comm.py: Received a new packet while thinking!
{Sat 13:01:00 Step:1395} Server_Comm.py: The agent lost 2 consecutive packets! Is syncmode disabled?
{Sat 13:01:00 Step:1395} Server_Comm.py: Received a new packet while thinking!
{Sat 13:01:00 Step:1396} Server_Comm.py: Received a new packet while thinking!
{Sat 13:01:00 Step:1397} Server_Comm.py: Received a new packet while thinking!
{Sat 13:01:00 Step:1398} Server_Comm.py: Received a new packet while thinking!
{Sat 13:01:00 Step:1400} Server_Comm.py: The agent lost 1 packet! Is syncmode enabled?
{Sat 13:01:00 Step:1401} Server_Comm.py: Received a new packet while thinking!
{Sat 13:01:00 Step:1402} Server_Comm.py: Received a new packet while thinking!
{Sat 13:01:00 Step:1403} Server_Comm.py: Received a new packet while thinking!
{Sat 13:01:00 Step:1404} Server_Comm.py: Received a new packet while thinking!
{Sat 13:01:00 Step:1406} Server_Comm.py: The agent lost 1 packet! Is syncmode enabled?
{Sat 13:01:01 Step:1415} Server_Comm.py: Received a new packet while thinking!
{Sat 13:01:01 Step:1416} Server_Comm.py: Received a new packet while thinking!
{Sat 13:01:01 Step:1417} Server_Comm.py: Received a new packet while thinking!
{Sat 13:01:01 Step:1418} Server_Comm.py: Received a new packet while thinking!
{Sat 13:01:01 Step:1419} Server_Comm.py: Received a new packet while thinking!
{Sat 13:01:01 Step:1420} Server_Comm.py: Received a new packet while thinking!
{Sat 13:01:01 Step:1422} Server_Comm.py: The agent lost 1 packet! Is syncmode enabled?
{Sat 13:01:01 Step:1422} Server_Comm.py: Received a new packet while thinking!
{Sat 13:01:01 Step:1424} Server_Comm.py: The agent lost 1 packet! Is syncmode enabled?
{Sat 13:01:02 Step:1424} Server_Comm.py: Received a new packet while on world.update()!
{Sat 13:01:02 Step:1425} Server_Comm.py: Received a new packet while on world.update()!
{Sat 13:01:02 Step:1427} Server_Comm.py: Received a new packet while thinking!
{Sat 13:01:02 Step:1428} Server_Comm.py: Received a new packet while thinking!
{Sat 13:01:02 Step:1430} Server_Comm.py: The agent lost 1 packet! Is syncmode enabled?
{Sat 13:01:02 Step:1433} Server_Comm.py: Received a new packet while thinking!
{Sat 13:01:02 Step:1437} Server_Comm.py: Received a new packet while thinking!
{Sat 13:01:03 Step:1438} Server_Comm.py: Received a new packet while thinking!
{Sat 13:01:03 Step:1441} Server_Comm.py: The agent lost 2 consecutive packets! Is syncmode disabled?
{Sat 13:01:03 Step:1441} Server_Comm.py: Received a new packet while thinking!
{Sat 13:01:03 Step:1444} Server_Comm.py: The agent lost 2 consecutive packets! Is syncmode disabled?
{Sat 13:01:03 Step:1444} Server_Comm.py: Received a new packet while thinking!
{Sat 13:01:03 Step:1446} Server_Comm.py: The agent lost 1 packet! Is syncmode enabled?
{Sat 13:01:03 Step:1446} Server_Comm.py: Received a new packet while thinking!
{Sat 13:01:03 Step:1448} Server_Comm.py: The agent lost 1 packet! Is syncmode enabled?
{Sat 13:01:03 Step:1448} Server_Comm.py: Received a new packet while thinking!
{Sat 13:01:03 Step:1450} Server_Comm.py: The agent lost 1 packet! Is syncmode enabled?
{Sat 13:01:03 Step:1450} Server_Comm.py: Received a new packet while thinking!
{Sat 13:01:03 Step:1451} Server_Comm.py: Received a new packet while thinking!
{Sat 13:01:03 Step:1452} Server_Comm.py: Received a new packet while thinking!
{Sat 13:01:03 Step:1454} Server_Comm.py: The agent lost 1 packet! Is syncmode enabled?
{Sat 13:01:04 Step:1457} Server_Comm.py: Received a new packet while on world.update()!
