{Sat 12:59:25 Step:1} Server_Comm.py: Received a new packet while on world.update()!
{Sat 12:59:26 Step:17} Server_Comm.py: Received a new packet while thinking!
{Sat 12:59:26 Step:19} Server_Comm.py: Received a new packet while thinking!
{Sat 12:59:26 Step:20} Server_Comm.py: Received a new packet while thinking!
{Sat 12:59:26 Step:21} Server_Comm.py: Received a new packet while on world.update()!
{Sat 12:59:27 Step:37} Server_Comm.py: Received a new packet while thinking!
{Sat 12:59:27 Step:38} Server_Comm.py: Received a new packet while thinking!
{Sat 12:59:27 Step:40} Server_Comm.py: The agent lost 1 packet! Is syncmode enabled?
{Sat 12:59:27 Step:40} Server_Comm.py: Received a new packet while thinking!
{Sat 12:59:27 Step:41} Server_Comm.py: Received a new packet while on world.update()!
{Sat 12:59:27 Step:43} Server_Comm.py: Received a new packet while thinking!
{Sat 12:59:27 Step:44} Server_Comm.py: Received a new packet while thinking!
{Sat 12:59:27 Step:45} Server_Comm.py: Received a new packet while thinking!
{Sat 12:59:27 Step:46} Server_Comm.py: Received a new packet while thinking!
{Sat 12:59:27 Step:47} Server_Comm.py: Received a new packet while on world.update()!
{Sat 12:59:28 Step:67} Server_Comm.py: Received a new packet while thinking!
{Sat 12:59:28 Step:68} Server_Comm.py: Received a new packet while thinking!
{Sat 12:59:28 Step:70} Server_Comm.py: The agent lost 1 packet! Is syncmode enabled?
{Sat 12:59:28 Step:71} Server_Comm.py: Received a new packet while thinking!
{Sat 12:59:28 Step:72} Server_Comm.py: Received a new packet while thinking!
{Sat 12:59:28 Step:73} Server_Comm.py: Received a new packet while thinking!
{Sat 12:59:28 Step:74} Server_Comm.py: Received a new packet while thinking!
{Sat 12:59:28 Step:75} Server_Comm.py: Received a new packet while thinking!
{Sat 12:59:28 Step:76} Server_Comm.py: Received a new packet while thinking!
{Sat 12:59:29 Step:77} Server_Comm.py: Received a new packet while on world.update()!
{Sat 12:59:29 Step:79} Server_Comm.py: Received a new packet while thinking!
{Sat 12:59:29 Step:80} Server_Comm.py: Received a new packet while thinking!
{Sat 12:59:29 Step:81} Server_Comm.py: Received a new packet while thinking!
{Sat 12:59:29 Step:82} Server_Comm.py: Received a new packet while thinking!
{Sat 12:59:29 Step:83} Server_Comm.py: Received a new packet while on world.update()!
{Sat 12:59:29 Step:87} Server_Comm.py: Received a new packet while thinking!
{Sat 12:59:29 Step:88} Server_Comm.py: Received a new packet while thinking!
{Sat 12:59:29 Step:89} Server_Comm.py: Received a new packet while thinking!
{Sat 12:59:29 Step:90} Server_Comm.py: Received a new packet while thinking!
{Sat 12:59:29 Step:92} Server_Comm.py: The agent lost 1 packet! Is syncmode enabled?
{Sat 12:59:29 Step:93} Server_Comm.py: Received a new packet while thinking!
{Sat 12:59:29 Step:94} Server_Comm.py: Received a new packet while thinking!
{Sat 12:59:29 Step:97} Server_Comm.py: The agent lost 2 consecutive packets! Is syncmode disabled?
{Sat 12:59:29 Step:97} Server_Comm.py: Received a new packet while thinking!
{Sat 12:59:29 Step:98} Server_Comm.py: Received a new packet while thinking!
{Sat 12:59:30 Step:100} Server_Comm.py: The agent lost 1 packet! Is syncmode enabled?
{Sat 12:59:30 Step:101} Server_Comm.py: Received a new packet while thinking!
{Sat 12:59:30 Step:108} Server_Comm.py: The agent lost 1 packet! Is syncmode enabled?
{Sat 12:59:30 Step:111} Server_Comm.py: Received a new packet while thinking!
{Sat 12:59:30 Step:112} Server_Comm.py: Received a new packet while thinking!
{Sat 12:59:30 Step:113} Server_Comm.py: Received a new packet while thinking!
{Sat 12:59:30 Step:114} Server_Comm.py: Received a new packet while thinking!
{Sat 12:59:30 Step:115} Server_Comm.py: Received a new packet while thinking!
{Sat 12:59:30 Step:116} Server_Comm.py: Received a new packet while thinking!
{Sat 12:59:30 Step:117} Server_Comm.py: Received a new packet while thinking!
{Sat 12:59:30 Step:118} Server_Comm.py: Received a new packet while thinking!
{Sat 12:59:30 Step:119} Server_Comm.py: Received a new packet while thinking!
{Sat 12:59:30 Step:120} Server_Comm.py: Received a new packet while thinking!
{Sat 12:59:31 Step:121} Server_Comm.py: Received a new packet while on world.update()!
{Sat 12:59:31 Step:123} Server_Comm.py: Received a new packet while thinking!
{Sat 12:59:31 Step:125} Server_Comm.py: The agent lost 1 packet! Is syncmode enabled?
{Sat 12:59:31 Step:129} Server_Comm.py: Received a new packet while thinking!
{Sat 12:59:31 Step:130} Server_Comm.py: Received a new packet while thinking!
{Sat 12:59:31 Step:132} Server_Comm.py: The agent lost 1 packet! Is syncmode enabled?
{Sat 12:59:31 Step:132} Server_Comm.py: Received a new packet while on world.update()!
{Sat 12:59:31 Step:133} Server_Comm.py: Received a new packet while on world.update()!
{Sat 12:59:31 Step:134} Server_Comm.py: Received a new packet while thinking!
{Sat 12:59:31 Step:137} Server_Comm.py: The agent lost 2 consecutive packets! Is syncmode disabled?
{Sat 12:59:31 Step:137} Server_Comm.py: Received a new packet while on world.update()!
{Sat 12:59:31 Step:138} Server_Comm.py: Received a new packet while thinking!
{Sat 12:59:31 Step:139} Server_Comm.py: Received a new packet while on world.update()!
{Sat 12:59:32 Step:145} Server_Comm.py: Received a new packet while thinking!
{Sat 12:59:32 Step:146} Server_Comm.py: Received a new packet while thinking!
{Sat 12:59:32 Step:147} Server_Comm.py: Received a new packet while thinking!
{Sat 12:59:32 Step:148} Server_Comm.py: Received a new packet while thinking!
{Sat 12:59:32 Step:149} Server_Comm.py: Received a new packet while thinking!
{Sat 12:59:32 Step:150} Server_Comm.py: Received a new packet while thinking!
{Sat 12:59:32 Step:151} Server_Comm.py: Received a new packet while on world.update()!
{Sat 12:59:32 Step:153} Server_Comm.py: Received a new packet while thinking!
{Sat 12:59:32 Step:154} Server_Comm.py: Received a new packet while thinking!
{Sat 12:59:32 Step:156} Server_Comm.py: The agent lost 1 packet! Is syncmode enabled?
{Sat 12:59:32 Step:157} Server_Comm.py: Received a new packet while thinking!
{Sat 12:59:32 Step:163} Server_Comm.py: Received a new packet while thinking!
{Sat 12:59:33 Step:164} Server_Comm.py: Received a new packet while on world.update()!
{Sat 12:59:33 Step:166} Server_Comm.py: The agent lost 1 packet! Is syncmode enabled?
{Sat 12:59:33 Step:173} Server_Comm.py: Received a new packet while thinking!
{Sat 12:59:33 Step:174} Server_Comm.py: Received a new packet while thinking!
{Sat 12:59:33 Step:175} Server_Comm.py: Received a new packet while on world.update()!
{Sat 12:59:34 Step:197} Server_Comm.py: Received a new packet while thinking!
{Sat 12:59:34 Step:199} Server_Comm.py: Received a new packet while thinking!
{Sat 12:59:34 Step:200} Server_Comm.py: Received a new packet while thinking!
{Sat 12:59:34 Step:202} Server_Comm.py: The agent lost 1 packet! Is syncmode enabled?
{Sat 12:59:34 Step:205} Server_Comm.py: Received a new packet while on world.update()!
{Sat 12:59:34 Step:209} Server_Comm.py: Received a new packet while thinking!
{Sat 12:59:34 Step:210} Server_Comm.py: Received a new packet while thinking!
{Sat 12:59:34 Step:211} Server_Comm.py: Received a new packet while on world.update()!
{Sat 12:59:35 Step:221} Server_Comm.py: Received a new packet while thinking!
{Sat 12:59:35 Step:223} Server_Comm.py: The agent lost 1 packet! Is syncmode enabled?
{Sat 12:59:35 Step:223} Server_Comm.py: Received a new packet while thinking!
{Sat 12:59:35 Step:224} Server_Comm.py: Received a new packet while thinking!
{Sat 12:59:35 Step:225} Server_Comm.py: Received a new packet while on world.update()!
{Sat 12:59:35 Step:227} Server_Comm.py: Received a new packet while thinking!
{Sat 12:59:35 Step:228} Server_Comm.py: Received a new packet while thinking!
{Sat 12:59:35 Step:229} Server_Comm.py: Received a new packet while thinking!
{Sat 12:59:35 Step:230} Server_Comm.py: Received a new packet while thinking!
{Sat 12:59:35 Step:231} Server_Comm.py: Received a new packet while on world.update()!
{Sat 12:59:36 Step:253} Server_Comm.py: Received a new packet while thinking!
{Sat 12:59:36 Step:254} Server_Comm.py: Received a new packet while thinking!
{Sat 12:59:36 Step:255} Server_Comm.py: Received a new packet while thinking!
{Sat 12:59:36 Step:256} Server_Comm.py: Received a new packet while thinking!
{Sat 12:59:36 Step:257} Server_Comm.py: Received a new packet while thinking!
{Sat 12:59:37 Step:258} Server_Comm.py: Received a new packet while thinking!
{Sat 12:59:37 Step:259} Server_Comm.py: Received a new packet while on world.update()!
{Sat 12:59:37 Step:261} Server_Comm.py: Received a new packet while thinking!
{Sat 12:59:37 Step:262} Server_Comm.py: Received a new packet while thinking!
{Sat 12:59:37 Step:263} Server_Comm.py: Received a new packet while thinking!
{Sat 12:59:37 Step:264} Server_Comm.py: Received a new packet while thinking!
{Sat 12:59:37 Step:265} Server_Comm.py: Received a new packet while thinking!
{Sat 12:59:37 Step:266} Server_Comm.py: Received a new packet while thinking!
{Sat 12:59:37 Step:267} Server_Comm.py: Received a new packet while on world.update()!
{Sat 12:59:38 Step:281} Server_Comm.py: Received a new packet while on world.update()!
{Sat 12:59:38 Step:286} Server_Comm.py: The agent lost 1 packet! Is syncmode enabled?
{Sat 12:59:38 Step:291} Server_Comm.py: Received a new packet while thinking!
{Sat 12:59:38 Step:293} Server_Comm.py: Received a new packet while on world.update()!
{Sat 12:59:38 Step:295} Server_Comm.py: Received a new packet while thinking!
{Sat 12:59:38 Step:296} Server_Comm.py: Received a new packet while thinking!
{Sat 12:59:38 Step:297} Server_Comm.py: Received a new packet while on world.update()!
{Sat 12:59:38 Step:299} Server_Comm.py: Received a new packet while thinking!
{Sat 12:59:38 Step:300} Server_Comm.py: Received a new packet while thinking!
{Sat 12:59:38 Step:302} Server_Comm.py: The agent lost 1 packet! Is syncmode enabled?
{Sat 12:59:39 Step:302} Server_Comm.py: Received a new packet while thinking!
{Sat 12:59:39 Step:304} Server_Comm.py: The agent lost 1 packet! Is syncmode enabled?
{Sat 12:59:39 Step:305} Server_Comm.py: Received a new packet while thinking!
{Sat 12:59:39 Step:311} Server_Comm.py: Received a new packet while thinking!
{Sat 12:59:39 Step:312} Server_Comm.py: Received a new packet while thinking!
{Sat 12:59:39 Step:314} Server_Comm.py: The agent lost 1 packet! Is syncmode enabled?
{Sat 12:59:40 Step:331} Server_Comm.py: Received a new packet while thinking!
{Sat 12:59:40 Step:341} Server_Comm.py: Received a new packet while thinking!
{Sat 12:59:40 Step:343} Server_Comm.py: Received a new packet while thinking!
{Sat 12:59:40 Step:344} Server_Comm.py: Received a new packet while on world.update()!
{Sat 12:59:40 Step:345} Server_Comm.py: Received a new packet while thinking!
{Sat 12:59:40 Step:346} Server_Comm.py: Received a new packet while thinking!
{Sat 12:59:41 Step:348} Server_Comm.py: The agent lost 1 packet! Is syncmode enabled?
{Sat 12:59:41 Step:349} Server_Comm.py: Received a new packet while thinking!
{Sat 12:59:41 Step:350} Server_Comm.py: Received a new packet while thinking!
{Sat 12:59:41 Step:351} Server_Comm.py: Received a new packet while thinking!
{Sat 12:59:41 Step:352} Server_Comm.py: Received a new packet while thinking!
{Sat 12:59:41 Step:353} Server_Comm.py: Received a new packet while thinking!
{Sat 12:59:41 Step:354} Server_Comm.py: Received a new packet while thinking!
{Sat 12:59:41 Step:356} Server_Comm.py: The agent lost 1 packet! Is syncmode enabled?
{Sat 12:59:41 Step:356} Server_Comm.py: Received a new packet while thinking!
{Sat 12:59:41 Step:358} Server_Comm.py: The agent lost 1 packet! Is syncmode enabled?
{Sat 12:59:41 Step:358} Server_Comm.py: Received a new packet while thinking!
{Sat 12:59:41 Step:360} Server_Comm.py: The agent lost 1 packet! Is syncmode enabled?
{Sat 12:59:41 Step:369} Server_Comm.py: Received a new packet while thinking!
{Sat 12:59:42 Step:371} Server_Comm.py: Received a new packet while thinking!
{Sat 12:59:42 Step:372} Server_Comm.py: Received a new packet while thinking!
{Sat 12:59:42 Step:373} Server_Comm.py: Received a new packet while thinking!
{Sat 12:59:42 Step:374} Server_Comm.py: Received a new packet while thinking!
{Sat 12:59:42 Step:376} Server_Comm.py: The agent lost 1 packet! Is syncmode enabled?
{Sat 12:59:42 Step:376} Server_Comm.py: Received a new packet while thinking!
{Sat 12:59:42 Step:377} Server_Comm.py: Received a new packet while thinking!
{Sat 12:59:42 Step:378} Server_Comm.py: Received a new packet while thinking!
{Sat 12:59:42 Step:379} Server_Comm.py: Received a new packet while thinking!
{Sat 12:59:42 Step:380} Server_Comm.py: Received a new packet while thinking!
{Sat 12:59:42 Step:381} Server_Comm.py: Received a new packet while thinking!
{Sat 12:59:42 Step:382} Server_Comm.py: Received a new packet while thinking!
{Sat 12:59:42 Step:383} Server_Comm.py: Received a new packet while on world.update()!
{Sat 12:59:43 Step:391} Server_Comm.py: Received a new packet while thinking!
{Sat 12:59:43 Step:393} Server_Comm.py: Received a new packet while thinking!
{Sat 12:59:43 Step:394} Server_Comm.py: Received a new packet while thinking!
{Sat 12:59:43 Step:399} Server_Comm.py: Received a new packet while on world.update()!
{Sat 12:59:44 Step:419} Server_Comm.py: Received a new packet while thinking!
{Sat 12:59:44 Step:420} Server_Comm.py: Received a new packet while thinking!
{Sat 12:59:44 Step:421} Server_Comm.py: Received a new packet while thinking!
{Sat 12:59:44 Step:422} Server_Comm.py: Received a new packet while thinking!
{Sat 12:59:44 Step:423} Server_Comm.py: Received a new packet while on world.update()!
{Sat 12:59:44 Step:424} Server_Comm.py: Received a new packet while thinking!
{Sat 12:59:44 Step:426} Server_Comm.py: The agent lost 1 packet! Is syncmode enabled?
{Sat 12:59:45 Step:429} Server_Comm.py: Received a new packet while on world.update()!
{Sat 12:59:45 Step:431} Server_Comm.py: Received a new packet while on world.update()!
{Sat 12:59:45 Step:432} Server_Comm.py: Received a new packet while thinking!
{Sat 12:59:45 Step:434} Server_Comm.py: The agent lost 1 packet! Is syncmode enabled?
{Sat 12:59:45 Step:434} Server_Comm.py: Received a new packet while thinking!
{Sat 12:59:45 Step:436} Server_Comm.py: The agent lost 1 packet! Is syncmode enabled?
{Sat 12:59:45 Step:437} Server_Comm.py: Received a new packet while thinking!
{Sat 12:59:45 Step:438} Server_Comm.py: Received a new packet while thinking!
{Sat 12:59:45 Step:440} Server_Comm.py: The agent lost 1 packet! Is syncmode enabled?
{Sat 12:59:45 Step:443} Server_Comm.py: Received a new packet while thinking!
{Sat 12:59:45 Step:444} Server_Comm.py: Received a new packet while thinking!
{Sat 12:59:45 Step:445} Server_Comm.py: Received a new packet while on world.update()!
{Sat 12:59:46 Step:451} Server_Comm.py: Received a new packet while on world.update()!
{Sat 12:59:47 Step:479} Server_Comm.py: Received a new packet while thinking!
{Sat 12:59:47 Step:480} Server_Comm.py: Received a new packet while thinking!
{Sat 12:59:47 Step:481} Server_Comm.py: Received a new packet while on world.update()!
{Sat 12:59:47 Step:491} Server_Comm.py: Received a new packet while thinking!
{Sat 12:59:47 Step:492} Server_Comm.py: Received a new packet while thinking!
{Sat 12:59:47 Step:493} Server_Comm.py: Received a new packet while on world.update()!
{Sat 12:59:48 Step:495} Server_Comm.py: Received a new packet while thinking!
{Sat 12:59:48 Step:496} Server_Comm.py: Received a new packet while on world.update()!
{Sat 12:59:48 Step:497} Server_Comm.py: Received a new packet while thinking!
{Sat 12:59:48 Step:498} Server_Comm.py: Received a new packet while thinking!
{Sat 12:59:48 Step:499} Server_Comm.py: Received a new packet while on world.update()!
{Sat 12:59:48 Step:505} Server_Comm.py: Received a new packet while thinking!
{Sat 12:59:48 Step:506} Server_Comm.py: Received a new packet while thinking!
{Sat 12:59:48 Step:507} Server_Comm.py: Received a new packet while on world.update()!
{Sat 12:59:48 Step:513} Server_Comm.py: Received a new packet while thinking!
{Sat 12:59:48 Step:515} Server_Comm.py: Received a new packet while on world.update()!
{Sat 12:59:49 Step:523} Server_Comm.py: Received a new packet while on world.update()!
{Sat 12:59:49 Step:524} Server_Comm.py: Received a new packet while thinking!
{Sat 12:59:49 Step:525} Server_Comm.py: Received a new packet while thinking!
{Sat 12:59:49 Step:526} Server_Comm.py: Received a new packet while thinking!
{Sat 12:59:49 Step:527} Server_Comm.py: Received a new packet while on world.update()!
{Sat 12:59:50 Step:537} Server_Comm.py: Received a new packet while thinking!
{Sat 12:59:50 Step:538} Server_Comm.py: Received a new packet while thinking!
{Sat 12:59:50 Step:539} Server_Comm.py: Received a new packet while thinking!
{Sat 12:59:50 Step:540} Server_Comm.py: Received a new packet while thinking!
{Sat 12:59:50 Step:541} Server_Comm.py: Received a new packet while thinking!
{Sat 12:59:50 Step:542} Server_Comm.py: Received a new packet while thinking!
{Sat 12:59:50 Step:543} Server_Comm.py: Received a new packet while thinking!
{Sat 12:59:50 Step:544} Server_Comm.py: Received a new packet while thinking!
{Sat 12:59:50 Step:545} Server_Comm.py: Received a new packet while thinking!
{Sat 12:59:50 Step:546} Server_Comm.py: Received a new packet while thinking!
{Sat 12:59:50 Step:547} Server_Comm.py: Received a new packet while thinking!
{Sat 12:59:50 Step:548} Server_Comm.py: Received a new packet while thinking!
{Sat 12:59:50 Step:549} Server_Comm.py: Received a new packet while thinking!
{Sat 12:59:50 Step:550} Server_Comm.py: Received a new packet while thinking!
{Sat 12:59:50 Step:551} Server_Comm.py: Received a new packet while on world.update()!
{Sat 12:59:50 Step:553} Server_Comm.py: Received a new packet while on world.update()!
{Sat 12:59:51 Step:559} Server_Comm.py: Received a new packet while thinking!
{Sat 12:59:51 Step:560} Server_Comm.py: Received a new packet while thinking!
{Sat 12:59:51 Step:561} Server_Comm.py: Received a new packet while on world.update()!
{Sat 12:59:51 Step:563} Server_Comm.py: Received a new packet while thinking!
{Sat 12:59:51 Step:564} Server_Comm.py: Received a new packet while thinking!
{Sat 12:59:51 Step:565} Server_Comm.py: Received a new packet while on world.update()!
{Sat 12:59:51 Step:567} Server_Comm.py: Received a new packet while thinking!
{Sat 12:59:51 Step:568} Server_Comm.py: Received a new packet while thinking!
{Sat 12:59:51 Step:569} Server_Comm.py: Received a new packet while thinking!
{Sat 12:59:51 Step:570} Server_Comm.py: Received a new packet while thinking!
{Sat 12:59:51 Step:571} Server_Comm.py: Received a new packet while thinking!
{Sat 12:59:52 Step:572} Server_Comm.py: Received a new packet while thinking!
{Sat 12:59:52 Step:573} Server_Comm.py: Received a new packet while thinking!
{Sat 12:59:52 Step:574} Server_Comm.py: Received a new packet while thinking!
{Sat 12:59:52 Step:575} Server_Comm.py: Received a new packet while thinking!
{Sat 12:59:52 Step:576} Server_Comm.py: Received a new packet while thinking!
{Sat 12:59:52 Step:577} Server_Comm.py: Received a new packet while thinking!
{Sat 12:59:52 Step:578} Server_Comm.py: Received a new packet while thinking!
{Sat 12:59:52 Step:579} Server_Comm.py: Received a new packet while thinking!
{Sat 12:59:52 Step:580} Server_Comm.py: Received a new packet while thinking!
{Sat 12:59:52 Step:581} Server_Comm.py: Received a new packet while on world.update()!
{Sat 12:59:52 Step:583} Server_Comm.py: Received a new packet while thinking!
{Sat 12:59:52 Step:584} Server_Comm.py: Received a new packet while thinking!
{Sat 12:59:52 Step:586} Server_Comm.py: The agent lost 1 packet! Is syncmode enabled?
{Sat 12:59:53 Step:586} Server_Comm.py: Received a new packet while on world.update()!
{Sat 12:59:53 Step:587} Server_Comm.py: Received a new packet while on world.update()!
{Sat 12:59:53 Step:591} Server_Comm.py: Received a new packet while thinking!
{Sat 12:59:53 Step:593} Server_Comm.py: Received a new packet while on world.update()!
{Sat 12:59:53 Step:595} Server_Comm.py: Received a new packet while thinking!
{Sat 12:59:53 Step:596} Server_Comm.py: Received a new packet while thinking!
{Sat 12:59:53 Step:597} Server_Comm.py: Received a new packet while thinking!
{Sat 12:59:53 Step:598} Server_Comm.py: Received a new packet while thinking!
{Sat 12:59:53 Step:599} Server_Comm.py: Received a new packet while thinking!
{Sat 12:59:53 Step:600} Server_Comm.py: Received a new packet while thinking!
{Sat 12:59:53 Step:601} Server_Comm.py: Received a new packet while thinking!
{Sat 12:59:53 Step:602} Server_Comm.py: Received a new packet while thinking!
{Sat 12:59:53 Step:603} Server_Comm.py: Received a new packet while thinking!
{Sat 12:59:53 Step:604} Server_Comm.py: Received a new packet while thinking!
{Sat 12:59:54 Step:605} Server_Comm.py: Received a new packet while thinking!
{Sat 12:59:54 Step:606} Server_Comm.py: Received a new packet while thinking!
{Sat 12:59:54 Step:607} Server_Comm.py: Received a new packet while on world.update()!
{Sat 12:59:54 Step:613} Server_Comm.py: Received a new packet while on world.update()!
{Sat 12:59:54 Step:614} Server_Comm.py: Received a new packet while thinking!
{Sat 12:59:54 Step:616} Server_Comm.py: The agent lost 1 packet! Is syncmode enabled?
{Sat 12:59:54 Step:616} Server_Comm.py: Received a new packet while thinking!
{Sat 12:59:54 Step:618} Server_Comm.py: The agent lost 1 packet! Is syncmode enabled?
{Sat 12:59:55 Step:635} Server_Comm.py: Received a new packet while thinking!
{Sat 12:59:55 Step:636} Server_Comm.py: Received a new packet while thinking!
{Sat 12:59:55 Step:637} Server_Comm.py: Received a new packet while thinking!
{Sat 12:59:55 Step:638} Server_Comm.py: Received a new packet while thinking!
{Sat 12:59:55 Step:639} Server_Comm.py: Received a new packet while on world.update()!
{Sat 12:59:55 Step:641} Server_Comm.py: Received a new packet while thinking!
{Sat 12:59:55 Step:642} Server_Comm.py: Received a new packet while thinking!
{Sat 12:59:55 Step:643} Server_Comm.py: Received a new packet while thinking!
{Sat 12:59:56 Step:644} Server_Comm.py: Received a new packet while thinking!
{Sat 12:59:56 Step:645} Server_Comm.py: Received a new packet while on world.update()!
{Sat 12:59:56 Step:647} Server_Comm.py: Received a new packet while on world.update()!
{Sat 12:59:56 Step:649} Server_Comm.py: Received a new packet while thinking!
{Sat 12:59:56 Step:650} Server_Comm.py: Received a new packet while thinking!
{Sat 12:59:56 Step:651} Server_Comm.py: Received a new packet while thinking!
{Sat 12:59:56 Step:652} Server_Comm.py: Received a new packet while thinking!
{Sat 12:59:56 Step:653} Server_Comm.py: Received a new packet while thinking!
{Sat 12:59:56 Step:654} Server_Comm.py: Received a new packet while thinking!
{Sat 12:59:56 Step:655} Server_Comm.py: Received a new packet while thinking!
{Sat 12:59:56 Step:656} Server_Comm.py: Received a new packet while thinking!
{Sat 12:59:56 Step:658} Server_Comm.py: The agent lost 1 packet! Is syncmode enabled?
{Sat 12:59:56 Step:659} Server_Comm.py: Received a new packet while thinking!
{Sat 12:59:56 Step:660} Server_Comm.py: Received a new packet while on world.update()!
{Sat 12:59:56 Step:661} Server_Comm.py: Received a new packet while thinking!
{Sat 12:59:56 Step:662} Server_Comm.py: Received a new packet while thinking!
{Sat 12:59:57 Step:664} Server_Comm.py: The agent lost 1 packet! Is syncmode enabled?
{Sat 12:59:57 Step:667} Server_Comm.py: Received a new packet while thinking!
{Sat 12:59:57 Step:668} Server_Comm.py: Received a new packet while on world.update()!
{Sat 12:59:57 Step:669} Server_Comm.py: Received a new packet while on world.update()!
{Sat 12:59:57 Step:671} Server_Comm.py: Received a new packet while thinking!
{Sat 12:59:57 Step:672} Server_Comm.py: Received a new packet while thinking!
{Sat 12:59:57 Step:674} Server_Comm.py: The agent lost 1 packet! Is syncmode enabled?
{Sat 12:59:58 Step:677} Server_Comm.py: Received a new packet while thinking!
{Sat 12:59:58 Step:678} Server_Comm.py: Received a new packet while thinking!
{Sat 12:59:58 Step:679} Server_Comm.py: Received a new packet while thinking!
{Sat 12:59:58 Step:680} Server_Comm.py: Received a new packet while thinking!
{Sat 12:59:58 Step:681} Server_Comm.py: Received a new packet while thinking!
{Sat 12:59:58 Step:682} Server_Comm.py: Received a new packet while thinking!
{Sat 12:59:58 Step:685} Server_Comm.py: The agent lost 2 consecutive packets! Is syncmode disabled?
{Sat 12:59:58 Step:685} Server_Comm.py: Received a new packet while thinking!
{Sat 12:59:58 Step:687} Server_Comm.py: Received a new packet while thinking!
{Sat 12:59:58 Step:688} Server_Comm.py: Received a new packet while thinking!
{Sat 12:59:58 Step:690} Server_Comm.py: The agent lost 1 packet! Is syncmode enabled?
{Sat 12:59:58 Step:691} Server_Comm.py: Received a new packet while thinking!
{Sat 12:59:58 Step:692} Server_Comm.py: Received a new packet while thinking!
{Sat 12:59:58 Step:693} Server_Comm.py: Received a new packet while thinking!
{Sat 12:59:58 Step:694} Server_Comm.py: Received a new packet while thinking!
{Sat 12:59:59 Step:695} Server_Comm.py: Received a new packet while on world.update()!
{Sat 12:59:59 Step:699} Server_Comm.py: Received a new packet while thinking!
{Sat 12:59:59 Step:701} Server_Comm.py: Received a new packet while thinking!
{Sat 12:59:59 Step:711} Server_Comm.py: Received a new packet while thinking!
{Sat 12:59:59 Step:712} Server_Comm.py: Received a new packet while thinking!
{Sat 12:59:59 Step:713} Server_Comm.py: Received a new packet while thinking!
{Sat 12:59:59 Step:714} Server_Comm.py: Received a new packet while thinking!
{Sat 13:00:00 Step:715} Server_Comm.py: Received a new packet while thinking!
{Sat 13:00:00 Step:716} Server_Comm.py: Received a new packet while on world.update()!
{Sat 13:00:00 Step:717} Server_Comm.py: Received a new packet while thinking!
{Sat 13:00:00 Step:718} Server_Comm.py: Received a new packet while thinking!
{Sat 13:00:00 Step:721} Server_Comm.py: The agent lost 2 consecutive packets! Is syncmode disabled?
{Sat 13:00:00 Step:721} Server_Comm.py: Received a new packet while on world.update()!
{Sat 13:00:00 Step:723} Server_Comm.py: Received a new packet while on world.update()!
{Sat 13:00:00 Step:725} Server_Comm.py: Received a new packet while on world.update()!
{Sat 13:00:00 Step:726} Server_Comm.py: Received a new packet while thinking!
{Sat 13:00:00 Step:728} Server_Comm.py: The agent lost 1 packet! Is syncmode enabled?
{Sat 13:00:00 Step:731} Server_Comm.py: Received a new packet while thinking!
{Sat 13:00:00 Step:732} Server_Comm.py: Received a new packet while thinking!
{Sat 13:00:00 Step:734} Server_Comm.py: The agent lost 1 packet! Is syncmode enabled?
{Sat 13:00:01 Step:745} Server_Comm.py: Received a new packet while thinking!
{Sat 13:00:01 Step:746} Server_Comm.py: Received a new packet while thinking!
{Sat 13:00:01 Step:747} Server_Comm.py: Received a new packet while on world.update()!
{Sat 13:00:01 Step:749} Server_Comm.py: Received a new packet while on world.update()!
{Sat 13:00:01 Step:751} Server_Comm.py: Received a new packet while thinking!
{Sat 13:00:01 Step:752} Server_Comm.py: Received a new packet while thinking!
{Sat 13:00:01 Step:753} Server_Comm.py: Received a new packet while thinking!
{Sat 13:00:01 Step:754} Server_Comm.py: Received a new packet while thinking!
{Sat 13:00:01 Step:755} Server_Comm.py: Received a new packet while thinking!
{Sat 13:00:02 Step:756} Server_Comm.py: Received a new packet while thinking!
{Sat 13:00:02 Step:757} Server_Comm.py: Received a new packet while thinking!
{Sat 13:00:02 Step:758} Server_Comm.py: Received a new packet while thinking!
{Sat 13:00:02 Step:759} Server_Comm.py: Received a new packet while on world.update()!
{Sat 13:00:03 Step:783} Server_Comm.py: Received a new packet while thinking!
{Sat 13:00:03 Step:784} Server_Comm.py: Received a new packet while thinking!
{Sat 13:00:03 Step:786} Server_Comm.py: The agent lost 1 packet! Is syncmode enabled?
{Sat 13:00:03 Step:786} Server_Comm.py: Received a new packet while thinking!
{Sat 13:00:03 Step:787} Server_Comm.py: Received a new packet while thinking!
{Sat 13:00:03 Step:788} Server_Comm.py: Received a new packet while thinking!
{Sat 13:00:03 Step:790} Server_Comm.py: The agent lost 1 packet! Is syncmode enabled?
{Sat 13:00:03 Step:791} Server_Comm.py: Received a new packet while thinking!
{Sat 13:00:03 Step:792} Server_Comm.py: Received a new packet while thinking!
{Sat 13:00:03 Step:794} Server_Comm.py: The agent lost 1 packet! Is syncmode enabled?
{Sat 13:00:04 Step:803} Server_Comm.py: Received a new packet while thinking!
{Sat 13:00:04 Step:807} Server_Comm.py: Received a new packet while thinking!
{Sat 13:00:04 Step:808} Server_Comm.py: Received a new packet while thinking!
{Sat 13:00:04 Step:809} Server_Comm.py: Received a new packet while on world.update()!
{Sat 13:00:04 Step:821} Server_Comm.py: Received a new packet while thinking!
{Sat 13:00:04 Step:822} Server_Comm.py: Received a new packet while thinking!
{Sat 13:00:04 Step:824} Server_Comm.py: The agent lost 1 packet! Is syncmode enabled?
{Sat 13:00:05 Step:833} Server_Comm.py: Received a new packet while thinking!
{Sat 13:00:05 Step:834} Server_Comm.py: Received a new packet while thinking!
{Sat 13:00:05 Step:836} Server_Comm.py: The agent lost 1 packet! Is syncmode enabled?
{Sat 13:00:05 Step:843} Server_Comm.py: Received a new packet while thinking!
{Sat 13:00:06 Step:853} Server_Comm.py: Received a new packet while thinking!
{Sat 13:00:06 Step:854} Server_Comm.py: Received a new packet while thinking!
{Sat 13:00:06 Step:855} Server_Comm.py: Received a new packet while thinking!
{Sat 13:00:06 Step:856} Server_Comm.py: Received a new packet while thinking!
{Sat 13:00:06 Step:857} Server_Comm.py: Received a new packet while on world.update()!
{Sat 13:00:06 Step:863} Server_Comm.py: Received a new packet while thinking!
{Sat 13:00:06 Step:864} Server_Comm.py: Received a new packet while thinking!
{Sat 13:00:07 Step:865} Server_Comm.py: Received a new packet while on world.update()!
{Sat 13:00:07 Step:868} Server_Comm.py: The agent lost 1 packet! Is syncmode enabled?
{Sat 13:00:07 Step:869} Server_Comm.py: Received a new packet while thinking!
{Sat 13:00:07 Step:870} Server_Comm.py: Received a new packet while thinking!
{Sat 13:00:07 Step:872} Server_Comm.py: The agent lost 1 packet! Is syncmode enabled?
{Sat 13:00:07 Step:875} Server_Comm.py: Received a new packet while on world.update()!
{Sat 13:00:07 Step:877} Server_Comm.py: Received a new packet while on world.update()!
{Sat 13:00:07 Step:879} Server_Comm.py: Received a new packet while on world.update()!
{Sat 13:00:07 Step:881} Server_Comm.py: Received a new packet while thinking!
{Sat 13:00:07 Step:882} Server_Comm.py: Received a new packet while thinking!
{Sat 13:00:07 Step:884} Server_Comm.py: The agent lost 1 packet! Is syncmode enabled?
{Sat 13:00:08 Step:884} Server_Comm.py: Received a new packet while thinking!
{Sat 13:00:08 Step:885} Server_Comm.py: Received a new packet while on world.update()!
{Sat 13:00:08 Step:893} Server_Comm.py: Received a new packet while thinking!
{Sat 13:00:08 Step:894} Server_Comm.py: Received a new packet while thinking!
{Sat 13:00:08 Step:896} Server_Comm.py: The agent lost 1 packet! Is syncmode enabled?
{Sat 13:00:08 Step:897} Server_Comm.py: Received a new packet while on world.update()!
{Sat 13:00:08 Step:899} Server_Comm.py: The agent lost 1 packet! Is syncmode enabled?
{Sat 13:00:08 Step:899} Server_Comm.py: Received a new packet while on world.update()!
{Sat 13:00:09 Step:900} Server_Comm.py: Received a new packet while thinking!
{Sat 13:00:09 Step:902} Server_Comm.py: The agent lost 1 packet! Is syncmode enabled?
{Sat 13:00:09 Step:902} Server_Comm.py: Received a new packet while thinking!
{Sat 13:00:09 Step:904} Server_Comm.py: The agent lost 1 packet! Is syncmode enabled?
{Sat 13:00:09 Step:909} Server_Comm.py: Received a new packet while thinking!
{Sat 13:00:09 Step:910} Server_Comm.py: Received a new packet while thinking!
{Sat 13:00:09 Step:912} Server_Comm.py: The agent lost 1 packet! Is syncmode enabled?
{Sat 13:00:09 Step:912} Server_Comm.py: Received a new packet while thinking!
{Sat 13:00:09 Step:914} Server_Comm.py: The agent lost 1 packet! Is syncmode enabled?
{Sat 13:00:10 Step:923} Server_Comm.py: Received a new packet while thinking!
{Sat 13:00:10 Step:924} Server_Comm.py: Received a new packet while thinking!
{Sat 13:00:10 Step:925} Server_Comm.py: Received a new packet while thinking!
{Sat 13:00:10 Step:926} Server_Comm.py: Received a new packet while thinking!
{Sat 13:00:10 Step:928} Server_Comm.py: The agent lost 1 packet! Is syncmode enabled?
{Sat 13:00:10 Step:928} Server_Comm.py: Received a new packet while on world.update()!
{Sat 13:00:10 Step:931} Server_Comm.py: Received a new packet while thinking!
{Sat 13:00:10 Step:932} Server_Comm.py: Received a new packet while thinking!
{Sat 13:00:10 Step:933} Server_Comm.py: Received a new packet while thinking!
{Sat 13:00:10 Step:934} Server_Comm.py: Received a new packet while thinking!
{Sat 13:00:11 Step:937} Server_Comm.py: The agent lost 2 consecutive packets! Is syncmode disabled?
{Sat 13:00:11 Step:937} Server_Comm.py: Received a new packet while thinking!
{Sat 13:00:11 Step:938} Server_Comm.py: Received a new packet while thinking!
{Sat 13:00:11 Step:940} Server_Comm.py: The agent lost 1 packet! Is syncmode enabled?
{Sat 13:00:11 Step:941} Server_Comm.py: Received a new packet while thinking!
{Sat 13:00:11 Step:943} Server_Comm.py: Received a new packet while thinking!
{Sat 13:00:11 Step:944} Server_Comm.py: Received a new packet while thinking!
{Sat 13:00:11 Step:945} Server_Comm.py: Received a new packet while thinking!
{Sat 13:00:11 Step:946} Server_Comm.py: Received a new packet while thinking!
{Sat 13:00:11 Step:947} Server_Comm.py: Received a new packet while thinking!
{Sat 13:00:11 Step:948} Server_Comm.py: Received a new packet while thinking!
{Sat 13:00:12 Step:949} Server_Comm.py: Received a new packet while thinking!
{Sat 13:00:12 Step:950} Server_Comm.py: Received a new packet while thinking!
{Sat 13:00:12 Step:952} Server_Comm.py: The agent lost 1 packet! Is syncmode enabled?
{Sat 13:00:12 Step:953} Server_Comm.py: Received a new packet while thinking!
{Sat 13:00:12 Step:955} Server_Comm.py: Received a new packet while thinking!
{Sat 13:00:12 Step:956} Server_Comm.py: Received a new packet while thinking!
{Sat 13:00:12 Step:957} Server_Comm.py: Received a new packet while thinking!
{Sat 13:00:12 Step:958} Server_Comm.py: Received a new packet while thinking!
{Sat 13:00:12 Step:960} Server_Comm.py: The agent lost 1 packet! Is syncmode enabled?
{Sat 13:00:12 Step:960} Server_Comm.py: Received a new packet while thinking!
{Sat 13:00:12 Step:962} Server_Comm.py: The agent lost 1 packet! Is syncmode enabled?
{Sat 13:00:12 Step:963} Server_Comm.py: Received a new packet while thinking!
{Sat 13:00:12 Step:964} Server_Comm.py: Received a new packet while thinking!
{Sat 13:00:12 Step:965} Server_Comm.py: Received a new packet while on world.update()!
{Sat 13:00:13 Step:969} Server_Comm.py: Received a new packet while thinking!
{Sat 13:00:13 Step:970} Server_Comm.py: Received a new packet while thinking!
{Sat 13:00:13 Step:971} Server_Comm.py: Received a new packet while thinking!
{Sat 13:00:13 Step:972} Server_Comm.py: Received a new packet while thinking!
{Sat 13:00:13 Step:974} Server_Comm.py: The agent lost 1 packet! Is syncmode enabled?
{Sat 13:00:13 Step:983} Server_Comm.py: Received a new packet while thinking!
{Sat 13:00:14 Step:990} Server_Comm.py: The agent lost 1 packet! Is syncmode enabled?
{Sat 13:00:14 Step:990} Server_Comm.py: Received a new packet while thinking!
{Sat 13:00:15 Step:997} Server_Comm.py: The agent lost 6 consecutive packets! Is syncmode disabled?
{Sat 13:00:15 Step:999} Server_Comm.py: Received a new packet while thinking!
{Sat 13:00:15 Step:1000} Server_Comm.py: Received a new packet while thinking!
{Sat 13:00:15 Step:1002} Server_Comm.py: The agent lost 1 packet! Is syncmode enabled?
{Sat 13:00:15 Step:1002} Server_Comm.py: Received a new packet while thinking!
{Sat 13:00:15 Step:1003} Server_Comm.py: Received a new packet while thinking!
{Sat 13:00:15 Step:1004} Server_Comm.py: Received a new packet while thinking!
{Sat 13:00:15 Step:1005} Server_Comm.py: Received a new packet while on world.update()!
{Sat 13:00:16 Step:1009} Server_Comm.py: Received a new packet while thinking!
{Sat 13:00:16 Step:1010} Server_Comm.py: Received a new packet while thinking!
{Sat 13:00:16 Step:1012} Server_Comm.py: The agent lost 1 packet! Is syncmode enabled?
{Sat 13:00:16 Step:1015} Server_Comm.py: Received a new packet while thinking!
{Sat 13:00:16 Step:1017} Server_Comm.py: The agent lost 1 packet! Is syncmode enabled?
{Sat 13:00:16 Step:1019} Server_Comm.py: Received a new packet while on world.update()!
{Sat 13:00:16 Step:1020} Server_Comm.py: Received a new packet while thinking!
{Sat 13:00:17 Step:1021} Server_Comm.py: Received a new packet while thinking!
{Sat 13:00:17 Step:1022} Server_Comm.py: Received a new packet while thinking!
{Sat 13:00:17 Step:1023} Server_Comm.py: Received a new packet while thinking!
{Sat 13:00:17 Step:1024} Server_Comm.py: Received a new packet while thinking!
{Sat 13:00:17 Step:1026} Server_Comm.py: The agent lost 1 packet! Is syncmode enabled?
{Sat 13:00:17 Step:1029} Server_Comm.py: Received a new packet while on world.update()!
{Sat 13:00:17 Step:1033} Server_Comm.py: Received a new packet while thinking!
{Sat 13:00:18 Step:1034} Server_Comm.py: Received a new packet while thinking!
{Sat 13:00:18 Step:1038} Server_Comm.py: The agent lost 3 consecutive packets! Is syncmode disabled?
{Sat 13:00:18 Step:1038} Server_Comm.py: Received a new packet while thinking!
{Sat 13:00:18 Step:1039} Server_Comm.py: Received a new packet while thinking!
{Sat 13:00:18 Step:1041} Server_Comm.py: The agent lost 1 packet! Is syncmode enabled?
{Sat 13:00:18 Step:1043} Server_Comm.py: Received a new packet while thinking!
{Sat 13:00:18 Step:1044} Server_Comm.py: Received a new packet while thinking!
{Sat 13:00:18 Step:1045} Server_Comm.py: Received a new packet while thinking!
{Sat 13:00:19 Step:1046} Server_Comm.py: Received a new packet while thinking!
{Sat 13:00:19 Step:1047} Server_Comm.py: Received a new packet while thinking!
{Sat 13:00:19 Step:1048} Server_Comm.py: Received a new packet while thinking!
{Sat 13:00:19 Step:1050} Server_Comm.py: The agent lost 1 packet! Is syncmode enabled?
{Sat 13:00:19 Step:1051} Server_Comm.py: Received a new packet while thinking!
{Sat 13:00:19 Step:1052} Server_Comm.py: Received a new packet while thinking!
{Sat 13:00:20 Step:1053} Server_Comm.py: Received a new packet while thinking!
{Sat 13:00:20 Step:1054} Server_Comm.py: Received a new packet while thinking!
{Sat 13:00:20 Step:1055} Server_Comm.py: Received a new packet while on world.update()!
{Sat 13:00:20 Step:1057} Server_Comm.py: Received a new packet while on world.update()!
{Sat 13:00:20 Step:1060} Server_Comm.py: The agent lost 1 packet! Is syncmode enabled?
{Sat 13:00:20 Step:1061} Server_Comm.py: Received a new packet while thinking!
{Sat 13:00:20 Step:1062} Server_Comm.py: Received a new packet while thinking!
{Sat 13:00:20 Step:1063} Server_Comm.py: Received a new packet while on world.update()!
{Sat 13:00:21 Step:1067} Server_Comm.py: Received a new packet while thinking!
{Sat 13:00:21 Step:1068} Server_Comm.py: Received a new packet while thinking!
{Sat 13:00:21 Step:1071} Server_Comm.py: The agent lost 2 consecutive packets! Is syncmode disabled?
{Sat 13:00:21 Step:1071} Server_Comm.py: Received a new packet while on world.update()!
{Sat 13:00:22 Step:1073} Server_Comm.py: Received a new packet while thinking!
{Sat 13:00:22 Step:1074} Server_Comm.py: Received a new packet while thinking!
{Sat 13:00:22 Step:1076} Server_Comm.py: The agent lost 1 packet! Is syncmode enabled?
{Sat 13:00:22 Step:1076} Server_Comm.py: Received a new packet while on world.update()!
{Sat 13:00:22 Step:1077} Server_Comm.py: Received a new packet while thinking!
{Sat 13:00:22 Step:1078} Server_Comm.py: Received a new packet while thinking!
{Sat 13:00:22 Step:1079} Server_Comm.py: Received a new packet while on world.update()!
{Sat 13:00:23 Step:1081} Server_Comm.py: Received a new packet while thinking!
{Sat 13:00:23 Step:1082} Server_Comm.py: Received a new packet while thinking!
{Sat 13:00:23 Step:1083} Server_Comm.py: Received a new packet while thinking!
{Sat 13:00:23 Step:1084} Server_Comm.py: Received a new packet while thinking!
{Sat 13:00:23 Step:1085} Server_Comm.py: Received a new packet while thinking!
{Sat 13:00:23 Step:1086} Server_Comm.py: Received a new packet while thinking!
{Sat 13:00:23 Step:1088} Server_Comm.py: The agent lost 1 packet! Is syncmode enabled?
{Sat 13:00:23 Step:1088} Server_Comm.py: Received a new packet while thinking!
{Sat 13:00:23 Step:1089} Server_Comm.py: Received a new packet while thinking!
{Sat 13:00:24 Step:1090} Server_Comm.py: Received a new packet while thinking!
{Sat 13:00:24 Step:1092} Server_Comm.py: The agent lost 1 packet! Is syncmode enabled?
{Sat 13:00:24 Step:1092} Server_Comm.py: Received a new packet while thinking!
{Sat 13:00:24 Step:1094} Server_Comm.py: The agent lost 1 packet! Is syncmode enabled?
{Sat 13:00:24 Step:1094} Server_Comm.py: Received a new packet while thinking!
{Sat 13:00:24 Step:1096} Server_Comm.py: The agent lost 1 packet! Is syncmode enabled?
{Sat 13:00:24 Step:1096} Server_Comm.py: Received a new packet while thinking!
{Sat 13:00:24 Step:1097} Server_Comm.py: Received a new packet while thinking!
{Sat 13:00:24 Step:1098} Server_Comm.py: Received a new packet while thinking!
{Sat 13:00:24 Step:1101} Server_Comm.py: The agent lost 2 consecutive packets! Is syncmode disabled?
{Sat 13:00:24 Step:1101} Server_Comm.py: Received a new packet while on world.update()!
{Sat 13:00:25 Step:1104} Server_Comm.py: The agent lost 1 packet! Is syncmode enabled?
{Sat 13:00:25 Step:1107} Server_Comm.py: Received a new packet while thinking!
{Sat 13:00:26 Step:1108} Server_Comm.py: Received a new packet while thinking!
{Sat 13:00:26 Step:1110} Server_Comm.py: The agent lost 1 packet! Is syncmode enabled?
{Sat 13:00:27 Step:1110} Server_Comm.py: Received a new packet while thinking!
{Sat 13:00:27 Step:1116} Server_Comm.py: The agent lost 5 consecutive packets! Is syncmode disabled?
{Sat 13:00:27 Step:1117} Server_Comm.py: Received a new packet while thinking!
{Sat 13:00:27 Step:1118} Server_Comm.py: Received a new packet while thinking!
{Sat 13:00:28 Step:1120} Server_Comm.py: The agent lost 1 packet! Is syncmode enabled?
{Sat 13:00:28 Step:1120} Server_Comm.py: Received a new packet while thinking!
{Sat 13:00:28 Step:1122} Server_Comm.py: The agent lost 1 packet! Is syncmode enabled?
{Sat 13:00:28 Step:1122} Server_Comm.py: Received a new packet while thinking!
{Sat 13:00:28 Step:1124} Server_Comm.py: The agent lost 1 packet! Is syncmode enabled?
{Sat 13:00:28 Step:1124} Server_Comm.py: Received a new packet while thinking!
{Sat 13:00:28 Step:1128} Server_Comm.py: The agent lost 3 consecutive packets! Is syncmode disabled?
{Sat 13:00:29 Step:1129} Server_Comm.py: Received a new packet while thinking!
{Sat 13:00:29 Step:1130} Server_Comm.py: Received a new packet while thinking!
{Sat 13:00:29 Step:1133} Server_Comm.py: The agent lost 2 consecutive packets! Is syncmode disabled?
{Sat 13:00:29 Step:1133} Server_Comm.py: Received a new packet while on world.update()!
{Sat 13:00:29 Step:1135} Server_Comm.py: Received a new packet while thinking!
{Sat 13:00:29 Step:1136} Server_Comm.py: Received a new packet while thinking!
{Sat 13:00:30 Step:1137} Server_Comm.py: Received a new packet while thinking!
{Sat 13:00:30 Step:1138} Server_Comm.py: Received a new packet while thinking!
{Sat 13:00:30 Step:1140} Server_Comm.py: The agent lost 1 packet! Is syncmode enabled?
{Sat 13:00:30 Step:1140} Server_Comm.py: Received a new packet while thinking!
{Sat 13:00:30 Step:1141} Server_Comm.py: Received a new packet while thinking!
{Sat 13:00:30 Step:1142} Server_Comm.py: Received a new packet while thinking!
{Sat 13:00:30 Step:1143} Server_Comm.py: Received a new packet while on world.update()!
{Sat 13:00:32 Step:1154} Server_Comm.py: The agent lost 1 packet! Is syncmode enabled?
{Sat 13:00:32 Step:1157} Server_Comm.py: Received a new packet while thinking!
{Sat 13:00:32 Step:1158} Server_Comm.py: Received a new packet while thinking!
{Sat 13:00:32 Step:1159} Server_Comm.py: Received a new packet while thinking!
{Sat 13:00:32 Step:1160} Server_Comm.py: Received a new packet while thinking!
{Sat 13:00:32 Step:1161} Server_Comm.py: Received a new packet while thinking!
{Sat 13:00:33 Step:1162} Server_Comm.py: Received a new packet while thinking!
{Sat 13:00:33 Step:1163} Server_Comm.py: Received a new packet while on world.update()!
{Sat 13:00:34 Step:1171} Server_Comm.py: Received a new packet while thinking!
{Sat 13:00:34 Step:1172} Server_Comm.py: Received a new packet while thinking!
{Sat 13:00:34 Step:1174} Server_Comm.py: The agent lost 1 packet! Is syncmode enabled?
{Sat 13:00:35 Step:1179} Server_Comm.py: Received a new packet while thinking!
{Sat 13:00:35 Step:1180} Server_Comm.py: Received a new packet while thinking!
{Sat 13:00:35 Step:1182} Server_Comm.py: The agent lost 1 packet! Is syncmode enabled?
{Sat 13:00:35 Step:1184} Server_Comm.py: The agent lost 1 packet! Is syncmode enabled?
{Sat 13:00:35 Step:1185} Server_Comm.py: Received a new packet while on world.update()!
{Sat 13:00:36 Step:1195} Server_Comm.py: Received a new packet while on world.update()!
{Sat 13:00:37 Step:1201} Server_Comm.py: Received a new packet while thinking!
{Sat 13:00:37 Step:1202} Server_Comm.py: Received a new packet while thinking!
{Sat 13:00:37 Step:1203} Server_Comm.py: Received a new packet while thinking!
{Sat 13:00:38 Step:1204} Server_Comm.py: Received a new packet while thinking!
{Sat 13:00:38 Step:1205} Server_Comm.py: Received a new packet while thinking!
{Sat 13:00:38 Step:1206} Server_Comm.py: Received a new packet while thinking!
{Sat 13:00:38 Step:1208} Server_Comm.py: The agent lost 1 packet! Is syncmode enabled?
{Sat 13:00:38 Step:1208} Server_Comm.py: Received a new packet while thinking!
{Sat 13:00:38 Step:1212} Server_Comm.py: The agent lost 3 consecutive packets! Is syncmode disabled?
{Sat 13:00:40 Step:1225} Server_Comm.py: Received a new packet while thinking!
{Sat 13:00:42 Step:1235} Server_Comm.py: Received a new packet while on world.update()!
{Sat 13:00:42 Step:1237} Server_Comm.py: Received a new packet while on world.update()!
{Sat 13:00:42 Step:1241} Server_Comm.py: Received a new packet while on world.update()!
{Sat 13:00:43 Step:1243} Server_Comm.py: Received a new packet while on world.update()!
{Sat 13:00:43 Step:1246} Server_Comm.py: The agent lost 1 packet! Is syncmode enabled?
{Sat 13:00:44 Step:1251} Server_Comm.py: Received a new packet while thinking!
{Sat 13:00:44 Step:1252} Server_Comm.py: Received a new packet while thinking!
{Sat 13:00:44 Step:1253} Server_Comm.py: Received a new packet while thinking!
{Sat 13:00:44 Step:1254} Server_Comm.py: Received a new packet while thinking!
{Sat 13:00:44 Step:1255} Server_Comm.py: Received a new packet while thinking!
{Sat 13:00:44 Step:1256} Server_Comm.py: Received a new packet while thinking!
{Sat 13:00:44 Step:1257} Server_Comm.py: Received a new packet while thinking!
{Sat 13:00:44 Step:1258} Server_Comm.py: Received a new packet while thinking!
{Sat 13:00:45 Step:1259} Server_Comm.py: Received a new packet while thinking!
{Sat 13:00:45 Step:1260} Server_Comm.py: Received a new packet while thinking!
{Sat 13:00:45 Step:1262} Server_Comm.py: The agent lost 1 packet! Is syncmode enabled?
{Sat 13:00:45 Step:1267} Server_Comm.py: Received a new packet while thinking!
{Sat 13:00:46 Step:1268} Server_Comm.py: Received a new packet while thinking!
{Sat 13:00:46 Step:1270} Server_Comm.py: The agent lost 1 packet! Is syncmode enabled?
{Sat 13:00:46 Step:1275} Server_Comm.py: Received a new packet while thinking!
{Sat 13:00:46 Step:1276} Server_Comm.py: Received a new packet while thinking!
{Sat 13:00:46 Step:1277} Server_Comm.py: Received a new packet while thinking!
{Sat 13:00:47 Step:1278} Server_Comm.py: Received a new packet while thinking!
{Sat 13:00:47 Step:1280} Server_Comm.py: The agent lost 1 packet! Is syncmode enabled?
{Sat 13:00:47 Step:1280} Server_Comm.py: Received a new packet while thinking!
{Sat 13:00:47 Step:1281} Server_Comm.py: Received a new packet while on world.update()!
{Sat 13:00:48 Step:1287} Server_Comm.py: Received a new packet while thinking!
{Sat 13:00:48 Step:1288} Server_Comm.py: Received a new packet while thinking!
{Sat 13:00:48 Step:1290} Server_Comm.py: The agent lost 1 packet! Is syncmode enabled?
{Sat 13:00:48 Step:1290} Server_Comm.py: Received a new packet while thinking!
{Sat 13:00:48 Step:1292} Server_Comm.py: The agent lost 1 packet! Is syncmode enabled?
{Sat 13:00:48 Step:1292} Server_Comm.py: Received a new packet while thinking!
{Sat 13:00:48 Step:1293} Server_Comm.py: Received a new packet while thinking!
{Sat 13:00:48 Step:1294} Server_Comm.py: Received a new packet while thinking!
{Sat 13:00:49 Step:1298} Server_Comm.py: The agent lost 3 consecutive packets! Is syncmode disabled?
{Sat 13:00:50 Step:1303} Server_Comm.py: Received a new packet while on world.update()!
{Sat 13:00:50 Step:1307} Server_Comm.py: Received a new packet while on world.update()!
{Sat 13:00:51 Step:1311} Server_Comm.py: Received a new packet while on world.update()!
{Sat 13:00:51 Step:1313} Server_Comm.py: Received a new packet while thinking!
{Sat 13:00:52 Step:1314} Server_Comm.py: Received a new packet while thinking!
{Sat 13:00:52 Step:1315} Server_Comm.py: Received a new packet while on world.update()!
{Sat 13:00:53 Step:1317} Server_Comm.py: Received a new packet while thinking!
{Sat 13:00:53 Step:1318} Server_Comm.py: Received a new packet while thinking!
{Sat 13:00:53 Step:1320} Server_Comm.py: The agent lost 1 packet! Is syncmode enabled?
{Sat 13:00:53 Step:1320} Server_Comm.py: Received a new packet while thinking!
{Sat 13:00:53 Step:1322} Server_Comm.py: The agent lost 1 packet! Is syncmode enabled?
{Sat 13:00:53 Step:1322} Server_Comm.py: Received a new packet while thinking!
{Sat 13:00:54 Step:1324} Server_Comm.py: The agent lost 1 packet! Is syncmode enabled?
{Sat 13:00:54 Step:1325} Server_Comm.py: Received a new packet while thinking!
{Sat 13:00:54 Step:1327} Server_Comm.py: The agent lost 1 packet! Is syncmode enabled?
{Sat 13:00:54 Step:1327} Server_Comm.py: Received a new packet while on world.update()!
{Sat 13:00:55 Step:1331} Server_Comm.py: Received a new packet while thinking!
{Sat 13:00:55 Step:1333} Server_Comm.py: Received a new packet while on world.update()!
{Sat 13:00:55 Step:1335} Server_Comm.py: Received a new packet while thinking!
{Sat 13:00:55 Step:1336} Server_Comm.py: Received a new packet while thinking!
{Sat 13:00:56 Step:1338} Server_Comm.py: The agent lost 1 packet! Is syncmode enabled?
{Sat 13:00:56 Step:1339} Server_Comm.py: Received a new packet while thinking!
{Sat 13:00:56 Step:1342} Server_Comm.py: The agent lost 1 packet! Is syncmode enabled?
{Sat 13:00:57 Step:1353} Server_Comm.py: Received a new packet while thinking!
{Sat 13:00:57 Step:1354} Server_Comm.py: Received a new packet while thinking!
{Sat 13:00:57 Step:1356} Server_Comm.py: The agent lost 1 packet! Is syncmode enabled?
{Sat 13:00:57 Step:1357} Server_Comm.py: Received a new packet while thinking!
{Sat 13:00:57 Step:1358} Server_Comm.py: Received a new packet while thinking!
{Sat 13:00:57 Step:1359} Server_Comm.py: Received a new packet while thinking!
{Sat 13:00:58 Step:1360} Server_Comm.py: Received a new packet while thinking!
{Sat 13:00:58 Step:1361} Server_Comm.py: Received a new packet while on world.update()!
{Sat 13:00:58 Step:1367} Server_Comm.py: Received a new packet while thinking!
{Sat 13:00:58 Step:1368} Server_Comm.py: Received a new packet while thinking!
{Sat 13:00:58 Step:1369} Server_Comm.py: Received a new packet while on world.update()!
{Sat 13:00:58 Step:1375} Server_Comm.py: Received a new packet while thinking!
{Sat 13:00:59 Step:1376} Server_Comm.py: Received a new packet while thinking!
{Sat 13:00:59 Step:1377} Server_Comm.py: Received a new packet while on world.update()!
{Sat 13:00:59 Step:1381} Server_Comm.py: Received a new packet while on world.update()!
{Sat 13:00:59 Step:1382} Server_Comm.py: Received a new packet while thinking!
{Sat 13:00:59 Step:1383} Server_Comm.py: Received a new packet while thinking!
{Sat 13:00:59 Step:1384} Server_Comm.py: Received a new packet while thinking!
{Sat 13:00:59 Step:1388} Server_Comm.py: The agent lost 3 consecutive packets! Is syncmode disabled?
{Sat 13:00:59 Step:1389} Server_Comm.py: Received a new packet while thinking!
{Sat 13:00:59 Step:1390} Server_Comm.py: Received a new packet while thinking!
{Sat 13:00:59 Step:1392} Server_Comm.py: The agent lost 1 packet! Is syncmode enabled?
{Sat 13:01:00 Step:1395} Server_Comm.py: Received a new packet while on world.update()!
{Sat 13:01:00 Step:1397} Server_Comm.py: Received a new packet while thinking!
{Sat 13:01:00 Step:1399} Server_Comm.py: Received a new packet while thinking!
{Sat 13:01:00 Step:1400} Server_Comm.py: Received a new packet while thinking!
{Sat 13:01:00 Step:1401} Server_Comm.py: Received a new packet while on world.update()!
{Sat 13:01:00 Step:1405} Server_Comm.py: Received a new packet while thinking!
{Sat 13:01:00 Step:1406} Server_Comm.py: Received a new packet while thinking!
{Sat 13:01:00 Step:1407} Server_Comm.py: Received a new packet while thinking!
{Sat 13:01:00 Step:1408} Server_Comm.py: Received a new packet while thinking!
{Sat 13:01:01 Step:1409} Server_Comm.py: Received a new packet while thinking!
{Sat 13:01:01 Step:1410} Server_Comm.py: Received a new packet while thinking!
{Sat 13:01:01 Step:1411} Server_Comm.py: Received a new packet while on world.update()!
{Sat 13:01:01 Step:1413} Server_Comm.py: Received a new packet while thinking!
{Sat 13:01:01 Step:1415} Server_Comm.py: Received a new packet while thinking!
{Sat 13:01:01 Step:1416} Server_Comm.py: Received a new packet while thinking!
{Sat 13:01:01 Step:1417} Server_Comm.py: Received a new packet while on world.update()!
{Sat 13:01:01 Step:1421} Server_Comm.py: Received a new packet while thinking!
{Sat 13:01:01 Step:1423} Server_Comm.py: The agent lost 1 packet! Is syncmode enabled?
{Sat 13:01:01 Step:1423} Server_Comm.py: Received a new packet while thinking!
{Sat 13:01:02 Step:1424} Server_Comm.py: Received a new packet while thinking!
{Sat 13:01:02 Step:1426} Server_Comm.py: The agent lost 1 packet! Is syncmode enabled?
{Sat 13:01:02 Step:1426} Server_Comm.py: Received a new packet while thinking!
{Sat 13:01:02 Step:1428} Server_Comm.py: The agent lost 1 packet! Is syncmode enabled?
{Sat 13:01:02 Step:1429} Server_Comm.py: Received a new packet while thinking!
{Sat 13:01:02 Step:1430} Server_Comm.py: Received a new packet while thinking!
{Sat 13:01:02 Step:1431} Server_Comm.py: Received a new packet while thinking!
{Sat 13:01:02 Step:1432} Server_Comm.py: Received a new packet while thinking!
{Sat 13:01:02 Step:1433} Server_Comm.py: Received a new packet while thinking!
{Sat 13:01:02 Step:1434} Server_Comm.py: Received a new packet while thinking!
{Sat 13:01:02 Step:1435} Server_Comm.py: Received a new packet while thinking!
{Sat 13:01:02 Step:1436} Server_Comm.py: Received a new packet while thinking!
{Sat 13:01:02 Step:1437} Server_Comm.py: Received a new packet while thinking!
{Sat 13:01:02 Step:1438} Server_Comm.py: Received a new packet while thinking!
{Sat 13:01:03 Step:1440} Server_Comm.py: The agent lost 1 packet! Is syncmode enabled?
{Sat 13:01:03 Step:1441} Server_Comm.py: Received a new packet while thinking!
{Sat 13:01:03 Step:1442} Server_Comm.py: Received a new packet while thinking!
{Sat 13:01:03 Step:1443} Server_Comm.py: Received a new packet while thinking!
{Sat 13:01:03 Step:1444} Server_Comm.py: Received a new packet while thinking!
{Sat 13:01:03 Step:1446} Server_Comm.py: The agent lost 1 packet! Is syncmode enabled?
{Sat 13:01:03 Step:1447} Server_Comm.py: Received a new packet while thinking!
{Sat 13:01:03 Step:1448} Server_Comm.py: Received a new packet while thinking!
{Sat 13:01:03 Step:1450} Server_Comm.py: The agent lost 1 packet! Is syncmode enabled?
{Sat 13:01:03 Step:1453} Server_Comm.py: Received a new packet while thinking!
{Sat 13:01:03 Step:1454} Server_Comm.py: Received a new packet while thinking!
{Sat 13:01:04 Step:1455} Server_Comm.py: Received a new packet while on world.update()!
{Sat 13:01:04 Step:1457} Server_Comm.py: Received a new packet while on world.update()!
