{Sat 12:59:26 Step:19} Server_Comm.py: Received a new packet while thinking!
{Sat 12:59:26 Step:20} Server_Comm.py: Received a new packet while thinking!
{Sat 12:59:26 Step:21} Server_Comm.py: Received a new packet while thinking!
{Sat 12:59:26 Step:22} Server_Comm.py: Received a new packet while thinking!
{Sat 12:59:26 Step:24} Server_Comm.py: The agent lost 1 packet! Is syncmode enabled?
{Sat 12:59:27 Step:37} Server_Comm.py: Received a new packet while thinking!
{Sat 12:59:27 Step:38} Server_Comm.py: Received a new packet while thinking!
{Sat 12:59:27 Step:39} Server_Comm.py: Received a new packet while on world.update()!
{Sat 12:59:27 Step:53} Server_Comm.py: Received a new packet while on world.update()!
{Sat 12:59:28 Step:57} Server_Comm.py: Received a new packet while thinking!
{Sat 12:59:28 Step:58} Server_Comm.py: Received a new packet while thinking!
{Sat 12:59:28 Step:60} Server_Comm.py: The agent lost 1 packet! Is syncmode enabled?
{Sat 12:59:28 Step:60} Server_Comm.py: Received a new packet while thinking!
{Sat 12:59:28 Step:61} Server_Comm.py: Received a new packet while on world.update()!
{Sat 12:59:28 Step:63} Server_Comm.py: Received a new packet while thinking!
{Sat 12:59:28 Step:71} Server_Comm.py: Received a new packet while thinking!
{Sat 12:59:28 Step:72} Server_Comm.py: Received a new packet while thinking!
{Sat 12:59:28 Step:73} Server_Comm.py: Received a new packet while thinking!
{Sat 12:59:28 Step:74} Server_Comm.py: Received a new packet while thinking!
{Sat 12:59:28 Step:75} Server_Comm.py: Received a new packet while on world.update()!
{Sat 12:59:29 Step:77} Server_Comm.py: Received a new packet while thinking!
{Sat 12:59:29 Step:78} Server_Comm.py: Received a new packet while thinking!
{Sat 12:59:29 Step:80} Server_Comm.py: The agent lost 1 packet! Is syncmode enabled?
{Sat 12:59:29 Step:80} Server_Comm.py: Received a new packet while thinking!
{Sat 12:59:29 Step:81} Server_Comm.py: Received a new packet while on world.update()!
{Sat 12:59:29 Step:83} Server_Comm.py: Received a new packet while thinking!
{Sat 12:59:29 Step:84} Server_Comm.py: Received a new packet while thinking!
{Sat 12:59:29 Step:86} Server_Comm.py: The agent lost 1 packet! Is syncmode enabled?
{Sat 12:59:29 Step:86} Server_Comm.py: Received a new packet while thinking!
{Sat 12:59:29 Step:87} Server_Comm.py: Received a new packet while thinking!
{Sat 12:59:29 Step:88} Server_Comm.py: Received a new packet while thinking!
{Sat 12:59:29 Step:89} Server_Comm.py: Received a new packet while thinking!
{Sat 12:59:29 Step:90} Server_Comm.py: Received a new packet while thinking!
{Sat 12:59:29 Step:92} Server_Comm.py: The agent lost 1 packet! Is syncmode enabled?
{Sat 12:59:29 Step:93} Server_Comm.py: Received a new packet while on world.update()!
{Sat 12:59:29 Step:95} Server_Comm.py: Received a new packet while thinking!
{Sat 12:59:29 Step:97} Server_Comm.py: Received a new packet while thinking!
{Sat 12:59:30 Step:99} Server_Comm.py: Received a new packet while thinking!
{Sat 12:59:30 Step:100} Server_Comm.py: Received a new packet while thinking!
{Sat 12:59:30 Step:102} Server_Comm.py: The agent lost 1 packet! Is syncmode enabled?
{Sat 12:59:30 Step:107} Server_Comm.py: Received a new packet while thinking!
{Sat 12:59:30 Step:108} Server_Comm.py: Received a new packet while thinking!
{Sat 12:59:30 Step:109} Server_Comm.py: Received a new packet while thinking!
{Sat 12:59:30 Step:110} Server_Comm.py: Received a new packet while thinking!
{Sat 12:59:30 Step:111} Server_Comm.py: Received a new packet while on world.update()!
{Sat 12:59:30 Step:115} Server_Comm.py: Received a new packet while thinking!
{Sat 12:59:30 Step:116} Server_Comm.py: Received a new packet while thinking!
{Sat 12:59:30 Step:117} Server_Comm.py: Received a new packet while thinking!
{Sat 12:59:30 Step:118} Server_Comm.py: Received a new packet while thinking!
{Sat 12:59:30 Step:120} Server_Comm.py: The agent lost 1 packet! Is syncmode enabled?
{Sat 12:59:31 Step:120} Server_Comm.py: Received a new packet while thinking!
{Sat 12:59:31 Step:122} Server_Comm.py: The agent lost 1 packet! Is syncmode enabled?
{Sat 12:59:31 Step:122} Server_Comm.py: Received a new packet while thinking!
{Sat 12:59:31 Step:124} Server_Comm.py: The agent lost 1 packet! Is syncmode enabled?
{Sat 12:59:31 Step:125} Server_Comm.py: Received a new packet while on world.update()!
{Sat 12:59:31 Step:131} Server_Comm.py: Received a new packet while thinking!
{Sat 12:59:31 Step:132} Server_Comm.py: Received a new packet while thinking!
{Sat 12:59:31 Step:134} Server_Comm.py: The agent lost 1 packet! Is syncmode enabled?
{Sat 12:59:31 Step:135} Server_Comm.py: Received a new packet while on world.update()!
{Sat 12:59:31 Step:136} Server_Comm.py: Received a new packet while thinking!
{Sat 12:59:31 Step:138} Server_Comm.py: The agent lost 1 packet! Is syncmode enabled?
{Sat 12:59:31 Step:139} Server_Comm.py: Received a new packet while thinking!
{Sat 12:59:31 Step:140} Server_Comm.py: Received a new packet while thinking!
{Sat 12:59:31 Step:141} Server_Comm.py: Received a new packet while thinking!
{Sat 12:59:32 Step:142} Server_Comm.py: Received a new packet while thinking!
{Sat 12:59:32 Step:143} Server_Comm.py: Received a new packet while thinking!
{Sat 12:59:32 Step:144} Server_Comm.py: Received a new packet while thinking!
{Sat 12:59:32 Step:145} Server_Comm.py: Received a new packet while thinking!
{Sat 12:59:32 Step:146} Server_Comm.py: Received a new packet while thinking!
{Sat 12:59:32 Step:147} Server_Comm.py: Received a new packet while on world.update()!
{Sat 12:59:32 Step:155} Server_Comm.py: Received a new packet while thinking!
{Sat 12:59:32 Step:156} Server_Comm.py: Received a new packet while thinking!
{Sat 12:59:32 Step:158} Server_Comm.py: The agent lost 1 packet! Is syncmode enabled?
{Sat 12:59:32 Step:158} Server_Comm.py: Received a new packet while thinking!
{Sat 12:59:33 Step:171} Server_Comm.py: Received a new packet while thinking!
{Sat 12:59:33 Step:175} Server_Comm.py: Received a new packet while thinking!
{Sat 12:59:33 Step:176} Server_Comm.py: Received a new packet while thinking!
{Sat 12:59:33 Step:178} Server_Comm.py: The agent lost 1 packet! Is syncmode enabled?
{Sat 12:59:34 Step:189} Server_Comm.py: Received a new packet while thinking!
{Sat 12:59:34 Step:190} Server_Comm.py: Received a new packet while thinking!
{Sat 12:59:34 Step:191} Server_Comm.py: Received a new packet while thinking!
{Sat 12:59:34 Step:192} Server_Comm.py: Received a new packet while thinking!
{Sat 12:59:34 Step:193} Server_Comm.py: Received a new packet while on world.update()!
{Sat 12:59:34 Step:197} Server_Comm.py: Received a new packet while thinking!
{Sat 12:59:34 Step:198} Server_Comm.py: Received a new packet while thinking!
{Sat 12:59:34 Step:200} Server_Comm.py: The agent lost 1 packet! Is syncmode enabled?
{Sat 12:59:34 Step:205} Server_Comm.py: Received a new packet while thinking!
{Sat 12:59:34 Step:207} Server_Comm.py: Received a new packet while thinking!
{Sat 12:59:34 Step:208} Server_Comm.py: Received a new packet while thinking!
{Sat 12:59:34 Step:210} Server_Comm.py: The agent lost 1 packet! Is syncmode enabled?
{Sat 12:59:34 Step:211} Server_Comm.py: Received a new packet while thinking!
{Sat 12:59:35 Step:212} Server_Comm.py: Received a new packet while thinking!
{Sat 12:59:35 Step:213} Server_Comm.py: Received a new packet while on world.update()!
{Sat 12:59:35 Step:215} Server_Comm.py: Received a new packet while thinking!
{Sat 12:59:35 Step:216} Server_Comm.py: Received a new packet while thinking!
{Sat 12:59:35 Step:217} Server_Comm.py: Received a new packet while thinking!
{Sat 12:59:35 Step:218} Server_Comm.py: Received a new packet while thinking!
{Sat 12:59:35 Step:219} Server_Comm.py: Received a new packet while thinking!
{Sat 12:59:35 Step:220} Server_Comm.py: Received a new packet while thinking!
{Sat 12:59:35 Step:222} Server_Comm.py: The agent lost 1 packet! Is syncmode enabled?
{Sat 12:59:35 Step:222} Server_Comm.py: Received a new packet while on world.update()!
{Sat 12:59:35 Step:224} Server_Comm.py: The agent lost 1 packet! Is syncmode enabled?
{Sat 12:59:35 Step:229} Server_Comm.py: Received a new packet while on world.update()!
{Sat 12:59:35 Step:231} Server_Comm.py: Received a new packet while thinking!
{Sat 12:59:35 Step:232} Server_Comm.py: Received a new packet while thinking!
{Sat 12:59:35 Step:234} Server_Comm.py: The agent lost 1 packet! Is syncmode enabled?
{Sat 12:59:36 Step:239} Server_Comm.py: Received a new packet while thinking!
{Sat 12:59:36 Step:240} Server_Comm.py: Received a new packet while thinking!
{Sat 12:59:36 Step:241} Server_Comm.py: Received a new packet while thinking!
{Sat 12:59:36 Step:242} Server_Comm.py: Received a new packet while thinking!
{Sat 12:59:36 Step:243} Server_Comm.py: Received a new packet while thinking!
{Sat 12:59:36 Step:244} Server_Comm.py: Received a new packet while thinking!
{Sat 12:59:36 Step:245} Server_Comm.py: Received a new packet while thinking!
{Sat 12:59:36 Step:246} Server_Comm.py: Received a new packet while thinking!
{Sat 12:59:36 Step:247} Server_Comm.py: Received a new packet while thinking!
{Sat 12:59:36 Step:248} Server_Comm.py: Received a new packet while thinking!
{Sat 12:59:36 Step:250} Server_Comm.py: The agent lost 1 packet! Is syncmode enabled?
{Sat 12:59:37 Step:259} Server_Comm.py: Received a new packet while thinking!
{Sat 12:59:37 Step:261} Server_Comm.py: Received a new packet while on world.update()!
{Sat 12:59:37 Step:263} Server_Comm.py: Received a new packet while thinking!
{Sat 12:59:37 Step:264} Server_Comm.py: Received a new packet while thinking!
{Sat 12:59:37 Step:265} Server_Comm.py: Received a new packet while on world.update()!
{Sat 12:59:37 Step:267} Server_Comm.py: Received a new packet while thinking!
{Sat 12:59:37 Step:268} Server_Comm.py: Received a new packet while thinking!
{Sat 12:59:37 Step:269} Server_Comm.py: Received a new packet while on world.update()!
{Sat 12:59:37 Step:271} Server_Comm.py: Received a new packet while thinking!
{Sat 12:59:37 Step:272} Server_Comm.py: Received a new packet while thinking!
{Sat 12:59:37 Step:273} Server_Comm.py: Received a new packet while on world.update()!
{Sat 12:59:37 Step:275} Server_Comm.py: Received a new packet while thinking!
{Sat 12:59:37 Step:276} Server_Comm.py: Received a new packet while thinking!
{Sat 12:59:37 Step:277} Server_Comm.py: Received a new packet while thinking!
{Sat 12:59:37 Step:278} Server_Comm.py: Received a new packet while thinking!
{Sat 12:59:37 Step:279} Server_Comm.py: Received a new packet while thinking!
{Sat 12:59:38 Step:280} Server_Comm.py: Received a new packet while thinking!
{Sat 12:59:38 Step:281} Server_Comm.py: Received a new packet while on world.update()!
{Sat 12:59:38 Step:285} Server_Comm.py: Received a new packet while thinking!
{Sat 12:59:38 Step:297} Server_Comm.py: Received a new packet while thinking!
{Sat 12:59:38 Step:299} Server_Comm.py: Received a new packet while thinking!
{Sat 12:59:38 Step:301} Server_Comm.py: Received a new packet while thinking!
{Sat 12:59:39 Step:303} Server_Comm.py: The agent lost 1 packet! Is syncmode enabled?
{Sat 12:59:39 Step:303} Server_Comm.py: Received a new packet while on world.update()!
{Sat 12:59:39 Step:305} Server_Comm.py: Received a new packet while thinking!
{Sat 12:59:39 Step:306} Server_Comm.py: Received a new packet while thinking!
{Sat 12:59:39 Step:307} Server_Comm.py: Received a new packet while thinking!
{Sat 12:59:39 Step:308} Server_Comm.py: Received a new packet while thinking!
{Sat 12:59:39 Step:310} Server_Comm.py: The agent lost 1 packet! Is syncmode enabled?
{Sat 12:59:39 Step:310} Server_Comm.py: Received a new packet while thinking!
{Sat 12:59:39 Step:311} Server_Comm.py: Received a new packet while thinking!
{Sat 12:59:39 Step:312} Server_Comm.py: Received a new packet while thinking!
{Sat 12:59:39 Step:314} Server_Comm.py: The agent lost 1 packet! Is syncmode enabled?
{Sat 12:59:40 Step:327} Server_Comm.py: Received a new packet while thinking!
{Sat 12:59:40 Step:328} Server_Comm.py: Received a new packet while thinking!
{Sat 12:59:40 Step:329} Server_Comm.py: Received a new packet while thinking!
{Sat 12:59:40 Step:330} Server_Comm.py: Received a new packet while thinking!
{Sat 12:59:40 Step:331} Server_Comm.py: Received a new packet while on world.update()!
{Sat 12:59:40 Step:341} Server_Comm.py: Received a new packet while thinking!
{Sat 12:59:40 Step:342} Server_Comm.py: Received a new packet while thinking!
{Sat 12:59:40 Step:343} Server_Comm.py: Received a new packet while on world.update()!
{Sat 12:59:40 Step:344} Server_Comm.py: Received a new packet while thinking!
{Sat 12:59:40 Step:345} Server_Comm.py: Received a new packet while on world.update()!
{Sat 12:59:41 Step:347} Server_Comm.py: Received a new packet while thinking!
{Sat 12:59:41 Step:348} Server_Comm.py: Received a new packet while thinking!
{Sat 12:59:41 Step:349} Server_Comm.py: Received a new packet while thinking!
{Sat 12:59:41 Step:350} Server_Comm.py: Received a new packet while thinking!
{Sat 12:59:41 Step:352} Server_Comm.py: The agent lost 1 packet! Is syncmode enabled?
{Sat 12:59:41 Step:355} Server_Comm.py: Received a new packet while thinking!
{Sat 12:59:41 Step:356} Server_Comm.py: Received a new packet while thinking!
{Sat 12:59:41 Step:359} Server_Comm.py: The agent lost 2 consecutive packets! Is syncmode disabled?
{Sat 12:59:41 Step:359} Server_Comm.py: Received a new packet while on world.update()!
{Sat 12:59:41 Step:361} Server_Comm.py: Received a new packet while thinking!
{Sat 12:59:41 Step:362} Server_Comm.py: Received a new packet while thinking!
{Sat 12:59:41 Step:363} Server_Comm.py: Received a new packet while thinking!
{Sat 12:59:41 Step:364} Server_Comm.py: Received a new packet while thinking!
{Sat 12:59:41 Step:365} Server_Comm.py: Received a new packet while on world.update()!
{Sat 12:59:42 Step:377} Server_Comm.py: Received a new packet while thinking!
{Sat 12:59:42 Step:381} Server_Comm.py: Received a new packet while thinking!
{Sat 12:59:42 Step:382} Server_Comm.py: Received a new packet while thinking!
{Sat 12:59:42 Step:384} Server_Comm.py: The agent lost 1 packet! Is syncmode enabled?
{Sat 12:59:43 Step:389} Server_Comm.py: Received a new packet while on world.update()!
{Sat 12:59:43 Step:391} Server_Comm.py: Received a new packet while thinking!
{Sat 12:59:43 Step:392} Server_Comm.py: Received a new packet while thinking!
{Sat 12:59:43 Step:394} Server_Comm.py: The agent lost 1 packet! Is syncmode enabled?
{Sat 12:59:43 Step:395} Server_Comm.py: Received a new packet while on world.update()!
{Sat 12:59:43 Step:397} Server_Comm.py: Received a new packet while thinking!
{Sat 12:59:43 Step:398} Server_Comm.py: Received a new packet while thinking!
{Sat 12:59:43 Step:399} Server_Comm.py: Received a new packet while thinking!
{Sat 12:59:43 Step:400} Server_Comm.py: Received a new packet while thinking!
{Sat 12:59:43 Step:401} Server_Comm.py: Received a new packet while thinking!
{Sat 12:59:43 Step:402} Server_Comm.py: Received a new packet while thinking!
{Sat 12:59:43 Step:403} Server_Comm.py: Received a new packet while thinking!
{Sat 12:59:43 Step:404} Server_Comm.py: Received a new packet while thinking!
{Sat 12:59:43 Step:406} Server_Comm.py: The agent lost 1 packet! Is syncmode enabled?
{Sat 12:59:44 Step:406} Server_Comm.py: Received a new packet while thinking!
{Sat 12:59:44 Step:407} Server_Comm.py: Received a new packet while on world.update()!
{Sat 12:59:44 Step:411} Server_Comm.py: Received a new packet while on world.update()!
{Sat 12:59:44 Step:423} Server_Comm.py: Received a new packet while thinking!
{Sat 12:59:44 Step:424} Server_Comm.py: Received a new packet while thinking!
{Sat 12:59:44 Step:425} Server_Comm.py: Received a new packet while on world.update()!
{Sat 12:59:45 Step:427} Server_Comm.py: Received a new packet while thinking!
{Sat 12:59:45 Step:428} Server_Comm.py: Received a new packet while thinking!
{Sat 12:59:45 Step:430} Server_Comm.py: The agent lost 1 packet! Is syncmode enabled?
{Sat 12:59:45 Step:431} Server_Comm.py: Received a new packet while thinking!
{Sat 12:59:45 Step:432} Server_Comm.py: Received a new packet while thinking!
{Sat 12:59:45 Step:434} Server_Comm.py: The agent lost 1 packet! Is syncmode enabled?
{Sat 12:59:45 Step:435} Server_Comm.py: Received a new packet while thinking!
{Sat 12:59:45 Step:436} Server_Comm.py: Received a new packet while thinking!
{Sat 12:59:45 Step:438} Server_Comm.py: The agent lost 1 packet! Is syncmode enabled?
{Sat 12:59:45 Step:438} Server_Comm.py: Received a new packet while thinking!
{Sat 12:59:45 Step:439} Server_Comm.py: Received a new packet while on world.update()!
{Sat 12:59:45 Step:441} Server_Comm.py: Received a new packet while thinking!
{Sat 12:59:45 Step:447} Server_Comm.py: Received a new packet while thinking!
{Sat 12:59:46 Step:448} Server_Comm.py: Received a new packet while thinking!
{Sat 12:59:46 Step:450} Server_Comm.py: The agent lost 1 packet! Is syncmode enabled?
{Sat 12:59:46 Step:455} Server_Comm.py: Received a new packet while thinking!
{Sat 12:59:46 Step:456} Server_Comm.py: Received a new packet while thinking!
{Sat 12:59:46 Step:457} Server_Comm.py: Received a new packet while thinking!
{Sat 12:59:46 Step:458} Server_Comm.py: Received a new packet while thinking!
{Sat 12:59:46 Step:459} Server_Comm.py: Received a new packet while thinking!
{Sat 12:59:46 Step:460} Server_Comm.py: Received a new packet while thinking!
{Sat 12:59:46 Step:461} Server_Comm.py: Received a new packet while thinking!
{Sat 12:59:46 Step:462} Server_Comm.py: Received a new packet while thinking!
{Sat 12:59:46 Step:463} Server_Comm.py: Received a new packet while on world.update()!
{Sat 12:59:46 Step:465} Server_Comm.py: Received a new packet while thinking!
{Sat 12:59:46 Step:466} Server_Comm.py: Received a new packet while thinking!
{Sat 12:59:46 Step:468} Server_Comm.py: The agent lost 1 packet! Is syncmode enabled?
{Sat 12:59:47 Step:475} Server_Comm.py: Received a new packet while thinking!
{Sat 12:59:47 Step:476} Server_Comm.py: Received a new packet while thinking!
{Sat 12:59:47 Step:477} Server_Comm.py: Received a new packet while on world.update()!
{Sat 12:59:47 Step:479} Server_Comm.py: Received a new packet while thinking!
{Sat 12:59:47 Step:480} Server_Comm.py: Received a new packet while thinking!
{Sat 12:59:47 Step:482} Server_Comm.py: The agent lost 1 packet! Is syncmode enabled?
{Sat 12:59:47 Step:483} Server_Comm.py: Received a new packet while thinking!
{Sat 12:59:47 Step:484} Server_Comm.py: Received a new packet while thinking!
{Sat 12:59:47 Step:485} Server_Comm.py: Received a new packet while thinking!
{Sat 12:59:47 Step:486} Server_Comm.py: Received a new packet while thinking!
{Sat 12:59:47 Step:488} Server_Comm.py: The agent lost 1 packet! Is syncmode enabled?
{Sat 12:59:48 Step:495} Server_Comm.py: Received a new packet while thinking!
{Sat 12:59:48 Step:498} Server_Comm.py: The agent lost 2 consecutive packets! Is syncmode disabled?
{Sat 12:59:48 Step:503} Server_Comm.py: Received a new packet while thinking!
{Sat 12:59:48 Step:504} Server_Comm.py: Received a new packet while thinking!
{Sat 12:59:48 Step:505} Server_Comm.py: Received a new packet while thinking!
{Sat 12:59:48 Step:506} Server_Comm.py: Received a new packet while thinking!
{Sat 12:59:48 Step:508} Server_Comm.py: The agent lost 1 packet! Is syncmode enabled?
{Sat 12:59:48 Step:513} Server_Comm.py: Received a new packet while on world.update()!
{Sat 12:59:48 Step:515} Server_Comm.py: Received a new packet while thinking!
{Sat 12:59:49 Step:516} Server_Comm.py: Received a new packet while thinking!
{Sat 12:59:49 Step:517} Server_Comm.py: Received a new packet while thinking!
{Sat 12:59:49 Step:518} Server_Comm.py: Received a new packet while thinking!
{Sat 12:59:49 Step:519} Server_Comm.py: Received a new packet while thinking!
{Sat 12:59:49 Step:520} Server_Comm.py: Received a new packet while thinking!
{Sat 12:59:49 Step:521} Server_Comm.py: Received a new packet while thinking!
{Sat 12:59:49 Step:522} Server_Comm.py: Received a new packet while thinking!
{Sat 12:59:49 Step:523} Server_Comm.py: Received a new packet while on world.update()!
{Sat 12:59:49 Step:527} Server_Comm.py: Received a new packet while thinking!
{Sat 12:59:50 Step:538} Server_Comm.py: The agent lost 1 packet! Is syncmode enabled?
{Sat 12:59:50 Step:539} Server_Comm.py: Received a new packet while thinking!
{Sat 12:59:50 Step:540} Server_Comm.py: Received a new packet while thinking!
{Sat 12:59:50 Step:541} Server_Comm.py: Received a new packet while thinking!
{Sat 12:59:50 Step:542} Server_Comm.py: Received a new packet while thinking!
{Sat 12:59:50 Step:544} Server_Comm.py: The agent lost 1 packet! Is syncmode enabled?
{Sat 12:59:50 Step:549} Server_Comm.py: Received a new packet while thinking!
{Sat 12:59:50 Step:551} Server_Comm.py: Received a new packet while thinking!
{Sat 12:59:50 Step:552} Server_Comm.py: Received a new packet while thinking!
{Sat 12:59:50 Step:553} Server_Comm.py: Received a new packet while on world.update()!
{Sat 12:59:51 Step:555} Server_Comm.py: Received a new packet while thinking!
{Sat 12:59:51 Step:556} Server_Comm.py: Received a new packet while thinking!
{Sat 12:59:51 Step:557} Server_Comm.py: Received a new packet while thinking!
{Sat 12:59:51 Step:558} Server_Comm.py: Received a new packet while thinking!
{Sat 12:59:51 Step:560} Server_Comm.py: The agent lost 1 packet! Is syncmode enabled?
{Sat 12:59:51 Step:560} Server_Comm.py: Received a new packet while thinking!
{Sat 12:59:51 Step:562} Server_Comm.py: The agent lost 1 packet! Is syncmode enabled?
{Sat 12:59:51 Step:564} Server_Comm.py: The agent lost 1 packet! Is syncmode enabled?
{Sat 12:59:51 Step:565} Server_Comm.py: Received a new packet while thinking!
{Sat 12:59:51 Step:566} Server_Comm.py: Received a new packet while thinking!
{Sat 12:59:51 Step:568} Server_Comm.py: The agent lost 1 packet! Is syncmode enabled?
{Sat 12:59:51 Step:568} Server_Comm.py: Received a new packet while thinking!
{Sat 12:59:51 Step:570} Server_Comm.py: The agent lost 1 packet! Is syncmode enabled?
{Sat 12:59:51 Step:571} Server_Comm.py: Received a new packet while on world.update()!
{Sat 12:59:52 Step:573} Server_Comm.py: Received a new packet while thinking!
{Sat 12:59:52 Step:574} Server_Comm.py: Received a new packet while thinking!
{Sat 12:59:52 Step:576} Server_Comm.py: The agent lost 1 packet! Is syncmode enabled?
{Sat 12:59:52 Step:577} Server_Comm.py: Received a new packet while thinking!
{Sat 12:59:52 Step:578} Server_Comm.py: Received a new packet while thinking!
{Sat 12:59:52 Step:579} Server_Comm.py: Received a new packet while on world.update()!
{Sat 12:59:52 Step:581} Server_Comm.py: Received a new packet while thinking!
{Sat 12:59:52 Step:582} Server_Comm.py: Received a new packet while thinking!
{Sat 12:59:52 Step:584} Server_Comm.py: The agent lost 1 packet! Is syncmode enabled?
{Sat 12:59:52 Step:585} Server_Comm.py: Received a new packet while on world.update()!
{Sat 12:59:53 Step:586} Server_Comm.py: Received a new packet while thinking!
{Sat 12:59:53 Step:588} Server_Comm.py: The agent lost 1 packet! Is syncmode enabled?
{Sat 12:59:53 Step:588} Server_Comm.py: Received a new packet while thinking!
{Sat 12:59:53 Step:590} Server_Comm.py: The agent lost 1 packet! Is syncmode enabled?
{Sat 12:59:53 Step:593} Server_Comm.py: Received a new packet while thinking!
{Sat 12:59:53 Step:594} Server_Comm.py: Received a new packet while thinking!
{Sat 12:59:53 Step:597} Server_Comm.py: The agent lost 2 consecutive packets! Is syncmode disabled?
{Sat 12:59:53 Step:601} Server_Comm.py: Received a new packet while thinking!
{Sat 12:59:53 Step:602} Server_Comm.py: Received a new packet while thinking!
{Sat 12:59:53 Step:603} Server_Comm.py: Received a new packet while on world.update()!
{Sat 12:59:54 Step:607} Server_Comm.py: Received a new packet while thinking!
{Sat 12:59:54 Step:608} Server_Comm.py: Received a new packet while thinking!
{Sat 12:59:54 Step:609} Server_Comm.py: Received a new packet while thinking!
{Sat 12:59:54 Step:610} Server_Comm.py: Received a new packet while thinking!
{Sat 12:59:54 Step:611} Server_Comm.py: Received a new packet while thinking!
{Sat 12:59:54 Step:612} Server_Comm.py: Received a new packet while thinking!
{Sat 12:59:54 Step:614} Server_Comm.py: The agent lost 1 packet! Is syncmode enabled?
{Sat 12:59:54 Step:615} Server_Comm.py: Received a new packet while thinking!
{Sat 12:59:54 Step:616} Server_Comm.py: Received a new packet while thinking!
{Sat 12:59:54 Step:619} Server_Comm.py: The agent lost 2 consecutive packets! Is syncmode disabled?
{Sat 12:59:55 Step:625} Server_Comm.py: Received a new packet while thinking!
{Sat 12:59:55 Step:626} Server_Comm.py: Received a new packet while thinking!
{Sat 12:59:55 Step:627} Server_Comm.py: Received a new packet while on world.update()!
{Sat 12:59:55 Step:629} Server_Comm.py: Received a new packet while thinking!
{Sat 12:59:55 Step:630} Server_Comm.py: Received a new packet while thinking!
{Sat 12:59:55 Step:632} Server_Comm.py: The agent lost 1 packet! Is syncmode enabled?
{Sat 12:59:55 Step:633} Server_Comm.py: Received a new packet while thinking!
{Sat 12:59:55 Step:634} Server_Comm.py: Received a new packet while thinking!
{Sat 12:59:55 Step:636} Server_Comm.py: The agent lost 1 packet! Is syncmode enabled?
{Sat 12:59:55 Step:636} Server_Comm.py: Received a new packet while thinking!
{Sat 12:59:55 Step:638} Server_Comm.py: The agent lost 1 packet! Is syncmode enabled?
{Sat 12:59:55 Step:639} Server_Comm.py: Received a new packet while on world.update()!
{Sat 12:59:55 Step:643} Server_Comm.py: Received a new packet while thinking!
{Sat 12:59:56 Step:645} Server_Comm.py: Received a new packet while thinking!
{Sat 12:59:56 Step:646} Server_Comm.py: Received a new packet while thinking!
{Sat 12:59:56 Step:648} Server_Comm.py: The agent lost 1 packet! Is syncmode enabled?
{Sat 12:59:56 Step:648} Server_Comm.py: Received a new packet while thinking!
{Sat 12:59:56 Step:650} Server_Comm.py: The agent lost 1 packet! Is syncmode enabled?
{Sat 12:59:56 Step:650} Server_Comm.py: Received a new packet while thinking!
{Sat 12:59:56 Step:651} Server_Comm.py: Received a new packet while thinking!
{Sat 12:59:56 Step:652} Server_Comm.py: Received a new packet while thinking!
{Sat 12:59:56 Step:653} Server_Comm.py: Received a new packet while thinking!
{Sat 12:59:56 Step:654} Server_Comm.py: Received a new packet while thinking!
{Sat 12:59:56 Step:656} Server_Comm.py: The agent lost 1 packet! Is syncmode enabled?
{Sat 12:59:56 Step:659} Server_Comm.py: Received a new packet while thinking!
{Sat 12:59:56 Step:660} Server_Comm.py: Received a new packet while thinking!
{Sat 12:59:56 Step:662} Server_Comm.py: The agent lost 1 packet! Is syncmode enabled?
{Sat 12:59:57 Step:663} Server_Comm.py: Received a new packet while thinking!
{Sat 12:59:57 Step:664} Server_Comm.py: Received a new packet while thinking!
{Sat 12:59:57 Step:666} Server_Comm.py: The agent lost 1 packet! Is syncmode enabled?
{Sat 12:59:57 Step:667} Server_Comm.py: Received a new packet while on world.update()!
{Sat 12:59:57 Step:668} Server_Comm.py: Received a new packet while thinking!
{Sat 12:59:57 Step:670} Server_Comm.py: The agent lost 1 packet! Is syncmode enabled?
{Sat 12:59:57 Step:670} Server_Comm.py: Received a new packet while thinking!
{Sat 12:59:57 Step:671} Server_Comm.py: Received a new packet while on world.update()!
{Sat 12:59:57 Step:673} Server_Comm.py: Received a new packet while on world.update()!
{Sat 12:59:58 Step:675} Server_Comm.py: Received a new packet while on world.update()!
{Sat 12:59:58 Step:678} Server_Comm.py: The agent lost 1 packet! Is syncmode enabled?
{Sat 12:59:58 Step:687} Server_Comm.py: Received a new packet while thinking!
{Sat 12:59:58 Step:688} Server_Comm.py: Received a new packet while thinking!
{Sat 12:59:58 Step:690} Server_Comm.py: The agent lost 1 packet! Is syncmode enabled?
{Sat 12:59:58 Step:691} Server_Comm.py: Received a new packet while thinking!
{Sat 12:59:58 Step:692} Server_Comm.py: Received a new packet while thinking!
{Sat 12:59:58 Step:694} Server_Comm.py: The agent lost 1 packet! Is syncmode enabled?
{Sat 12:59:58 Step:695} Server_Comm.py: Received a new packet while thinking!
{Sat 12:59:59 Step:705} Server_Comm.py: Received a new packet while thinking!
{Sat 13:00:00 Step:715} Server_Comm.py: Received a new packet while thinking!
{Sat 13:00:00 Step:716} Server_Comm.py: Received a new packet while thinking!
{Sat 13:00:00 Step:717} Server_Comm.py: Received a new packet while thinking!
{Sat 13:00:00 Step:718} Server_Comm.py: Received a new packet while thinking!
{Sat 13:00:00 Step:720} Server_Comm.py: The agent lost 1 packet! Is syncmode enabled?
{Sat 13:00:00 Step:721} Server_Comm.py: Received a new packet while on world.update()!
{Sat 13:00:00 Step:723} Server_Comm.py: Received a new packet while thinking!
{Sat 13:00:00 Step:724} Server_Comm.py: Received a new packet while thinking!
{Sat 13:00:00 Step:727} Server_Comm.py: The agent lost 2 consecutive packets! Is syncmode disabled?
{Sat 13:00:00 Step:727} Server_Comm.py: Received a new packet while on world.update()!
{Sat 13:00:01 Step:735} Server_Comm.py: Received a new packet while thinking!
{Sat 13:00:01 Step:739} Server_Comm.py: Received a new packet while thinking!
{Sat 13:00:01 Step:740} Server_Comm.py: Received a new packet while thinking!
{Sat 13:00:01 Step:741} Server_Comm.py: Received a new packet while thinking!
{Sat 13:00:01 Step:742} Server_Comm.py: Received a new packet while thinking!
{Sat 13:00:01 Step:743} Server_Comm.py: Received a new packet while on world.update()!
{Sat 13:00:01 Step:745} Server_Comm.py: Received a new packet while on world.update()!
{Sat 13:00:01 Step:747} Server_Comm.py: Received a new packet while thinking!
{Sat 13:00:01 Step:749} Server_Comm.py: The agent lost 1 packet! Is syncmode enabled?
{Sat 13:00:01 Step:749} Server_Comm.py: Received a new packet while thinking!
{Sat 13:00:01 Step:750} Server_Comm.py: Received a new packet while thinking!
{Sat 13:00:01 Step:751} Server_Comm.py: Received a new packet while thinking!
{Sat 13:00:01 Step:752} Server_Comm.py: Received a new packet while thinking!
{Sat 13:00:01 Step:753} Server_Comm.py: Received a new packet while thinking!
{Sat 13:00:01 Step:754} Server_Comm.py: Received a new packet while thinking!
{Sat 13:00:01 Step:755} Server_Comm.py: Received a new packet while on world.update()!
{Sat 13:00:02 Step:767} Server_Comm.py: Received a new packet while thinking!
{Sat 13:00:02 Step:768} Server_Comm.py: Received a new packet while thinking!
{Sat 13:00:02 Step:769} Server_Comm.py: Received a new packet while on world.update()!
{Sat 13:00:03 Step:781} Server_Comm.py: Received a new packet while thinking!
{Sat 13:00:03 Step:782} Server_Comm.py: Received a new packet while thinking!
{Sat 13:00:03 Step:784} Server_Comm.py: The agent lost 1 packet! Is syncmode enabled?
{Sat 13:00:03 Step:789} Server_Comm.py: Received a new packet while thinking!
{Sat 13:00:03 Step:791} Server_Comm.py: Received a new packet while thinking!
{Sat 13:00:03 Step:792} Server_Comm.py: Received a new packet while thinking!
{Sat 13:00:03 Step:794} Server_Comm.py: The agent lost 1 packet! Is syncmode enabled?
{Sat 13:00:03 Step:794} Server_Comm.py: Received a new packet while thinking!
{Sat 13:00:03 Step:795} Server_Comm.py: Received a new packet while on world.update()!
{Sat 13:00:04 Step:803} Server_Comm.py: Received a new packet while thinking!
{Sat 13:00:04 Step:805} Server_Comm.py: The agent lost 1 packet! Is syncmode enabled?
{Sat 13:00:04 Step:807} Server_Comm.py: Received a new packet while thinking!
{Sat 13:00:04 Step:808} Server_Comm.py: Received a new packet while thinking!
{Sat 13:00:04 Step:810} Server_Comm.py: The agent lost 1 packet! Is syncmode enabled?
{Sat 13:00:04 Step:811} Server_Comm.py: Received a new packet while thinking!
{Sat 13:00:04 Step:812} Server_Comm.py: Received a new packet while thinking!
{Sat 13:00:04 Step:814} Server_Comm.py: The agent lost 1 packet! Is syncmode enabled?
{Sat 13:00:04 Step:821} Server_Comm.py: Received a new packet while thinking!
{Sat 13:00:04 Step:822} Server_Comm.py: Received a new packet while thinking!
{Sat 13:00:05 Step:825} Server_Comm.py: The agent lost 2 consecutive packets! Is syncmode disabled?
{Sat 13:00:05 Step:829} Server_Comm.py: Received a new packet while thinking!
{Sat 13:00:05 Step:830} Server_Comm.py: Received a new packet while thinking!
{Sat 13:00:05 Step:831} Server_Comm.py: Received a new packet while thinking!
{Sat 13:00:05 Step:832} Server_Comm.py: Received a new packet while thinking!
{Sat 13:00:05 Step:833} Server_Comm.py: Received a new packet while on world.update()!
{Sat 13:00:05 Step:835} Server_Comm.py: Received a new packet while thinking!
{Sat 13:00:05 Step:836} Server_Comm.py: Received a new packet while thinking!
{Sat 13:00:05 Step:837} Server_Comm.py: Received a new packet while thinking!
{Sat 13:00:05 Step:838} Server_Comm.py: Received a new packet while thinking!
{Sat 13:00:05 Step:840} Server_Comm.py: The agent lost 1 packet! Is syncmode enabled?
{Sat 13:00:06 Step:849} Server_Comm.py: Received a new packet while thinking!
{Sat 13:00:06 Step:850} Server_Comm.py: Received a new packet while thinking!
{Sat 13:00:06 Step:852} Server_Comm.py: The agent lost 1 packet! Is syncmode enabled?
{Sat 13:00:06 Step:852} Server_Comm.py: Received a new packet while thinking!
{Sat 13:00:06 Step:854} Server_Comm.py: The agent lost 1 packet! Is syncmode enabled?
{Sat 13:00:06 Step:861} Server_Comm.py: Received a new packet while thinking!
{Sat 13:00:06 Step:862} Server_Comm.py: Received a new packet while thinking!
{Sat 13:00:06 Step:864} Server_Comm.py: The agent lost 1 packet! Is syncmode enabled?
{Sat 13:00:07 Step:867} Server_Comm.py: Received a new packet while thinking!
{Sat 13:00:07 Step:868} Server_Comm.py: Received a new packet while thinking!
{Sat 13:00:07 Step:870} Server_Comm.py: The agent lost 1 packet! Is syncmode enabled?
{Sat 13:00:07 Step:871} Server_Comm.py: Received a new packet while on world.update()!
{Sat 13:00:07 Step:873} Server_Comm.py: Received a new packet while thinking!
{Sat 13:00:07 Step:875} Server_Comm.py: The agent lost 1 packet! Is syncmode enabled?
{Sat 13:00:07 Step:875} Server_Comm.py: Received a new packet while on world.update()!
{Sat 13:00:07 Step:877} Server_Comm.py: Received a new packet while thinking!
{Sat 13:00:07 Step:879} Server_Comm.py: Received a new packet while thinking!
{Sat 13:00:07 Step:880} Server_Comm.py: Received a new packet while thinking!
{Sat 13:00:07 Step:881} Server_Comm.py: Received a new packet while thinking!
{Sat 13:00:07 Step:882} Server_Comm.py: Received a new packet while thinking!
{Sat 13:00:07 Step:884} Server_Comm.py: The agent lost 1 packet! Is syncmode enabled?
{Sat 13:00:08 Step:885} Server_Comm.py: Received a new packet while thinking!
{Sat 13:00:08 Step:886} Server_Comm.py: Received a new packet while thinking!
{Sat 13:00:08 Step:887} Server_Comm.py: Received a new packet while thinking!
{Sat 13:00:08 Step:888} Server_Comm.py: Received a new packet while thinking!
{Sat 13:00:08 Step:889} Server_Comm.py: Received a new packet while thinking!
{Sat 13:00:08 Step:890} Server_Comm.py: Received a new packet while thinking!
{Sat 13:00:08 Step:891} Server_Comm.py: Received a new packet while thinking!
{Sat 13:00:08 Step:892} Server_Comm.py: Received a new packet while thinking!
{Sat 13:00:08 Step:895} Server_Comm.py: The agent lost 2 consecutive packets! Is syncmode disabled?
{Sat 13:00:08 Step:897} Server_Comm.py: Received a new packet while thinking!
{Sat 13:00:08 Step:902} Server_Comm.py: The agent lost 4 consecutive packets! Is syncmode disabled?
{Sat 13:00:09 Step:903} Server_Comm.py: Received a new packet while thinking!
{Sat 13:00:09 Step:904} Server_Comm.py: Received a new packet while thinking!
{Sat 13:00:09 Step:905} Server_Comm.py: Received a new packet while on world.update()!
{Sat 13:00:09 Step:907} Server_Comm.py: Received a new packet while thinking!
{Sat 13:00:09 Step:908} Server_Comm.py: Received a new packet while thinking!
{Sat 13:00:09 Step:910} Server_Comm.py: The agent lost 1 packet! Is syncmode enabled?
{Sat 13:00:09 Step:911} Server_Comm.py: Received a new packet while thinking!
{Sat 13:00:09 Step:912} Server_Comm.py: Received a new packet while thinking!
{Sat 13:00:09 Step:913} Server_Comm.py: Received a new packet while on world.update()!
{Sat 13:00:09 Step:916} Server_Comm.py: The agent lost 1 packet! Is syncmode enabled?
{Sat 13:00:09 Step:917} Server_Comm.py: Received a new packet while on world.update()!
{Sat 13:00:10 Step:919} Server_Comm.py: Received a new packet while on world.update()!
{Sat 13:00:10 Step:920} Server_Comm.py: Received a new packet while thinking!
{Sat 13:00:10 Step:927} Server_Comm.py: Received a new packet while on world.update()!
{Sat 13:00:10 Step:928} Server_Comm.py: Received a new packet while thinking!
{Sat 13:00:10 Step:929} Server_Comm.py: Received a new packet while thinking!
{Sat 13:00:10 Step:930} Server_Comm.py: Received a new packet while thinking!
{Sat 13:00:10 Step:931} Server_Comm.py: Received a new packet while thinking!
{Sat 13:00:10 Step:932} Server_Comm.py: Received a new packet while thinking!
{Sat 13:00:10 Step:934} Server_Comm.py: The agent lost 1 packet! Is syncmode enabled?
{Sat 13:00:10 Step:936} Server_Comm.py: The agent lost 1 packet! Is syncmode enabled?
{Sat 13:00:11 Step:939} Server_Comm.py: Received a new packet while thinking!
{Sat 13:00:11 Step:940} Server_Comm.py: Received a new packet while thinking!
{Sat 13:00:11 Step:941} Server_Comm.py: Received a new packet while on world.update()!
{Sat 13:00:11 Step:943} Server_Comm.py: Received a new packet while thinking!
{Sat 13:00:11 Step:944} Server_Comm.py: Received a new packet while thinking!
{Sat 13:00:11 Step:946} Server_Comm.py: The agent lost 1 packet! Is syncmode enabled?
{Sat 13:00:11 Step:946} Server_Comm.py: Received a new packet while thinking!
{Sat 13:00:11 Step:948} Server_Comm.py: The agent lost 1 packet! Is syncmode enabled?
{Sat 13:00:12 Step:951} Server_Comm.py: Received a new packet while on world.update()!
{Sat 13:00:12 Step:953} Server_Comm.py: Received a new packet while thinking!
{Sat 13:00:12 Step:954} Server_Comm.py: Received a new packet while thinking!
{Sat 13:00:12 Step:955} Server_Comm.py: Received a new packet while thinking!
{Sat 13:00:12 Step:956} Server_Comm.py: Received a new packet while thinking!
{Sat 13:00:12 Step:957} Server_Comm.py: Received a new packet while thinking!
{Sat 13:00:12 Step:958} Server_Comm.py: Received a new packet while thinking!
{Sat 13:00:12 Step:960} Server_Comm.py: The agent lost 1 packet! Is syncmode enabled?
{Sat 13:00:12 Step:961} Server_Comm.py: Received a new packet while on world.update()!
{Sat 13:00:12 Step:963} Server_Comm.py: Received a new packet while thinking!
{Sat 13:00:12 Step:964} Server_Comm.py: Received a new packet while thinking!
{Sat 13:00:12 Step:965} Server_Comm.py: Received a new packet while on world.update()!
{Sat 13:00:13 Step:969} Server_Comm.py: Received a new packet while thinking!
{Sat 13:00:13 Step:973} Server_Comm.py: Received a new packet while thinking!
{Sat 13:00:13 Step:974} Server_Comm.py: Received a new packet while on world.update()!
{Sat 13:00:13 Step:975} Server_Comm.py: Received a new packet while thinking!
{Sat 13:00:13 Step:976} Server_Comm.py: Received a new packet while thinking!
{Sat 13:00:13 Step:977} Server_Comm.py: Received a new packet while thinking!
{Sat 13:00:13 Step:978} Server_Comm.py: Received a new packet while thinking!
{Sat 13:00:13 Step:979} Server_Comm.py: Received a new packet while on world.update()!
{Sat 13:00:13 Step:981} Server_Comm.py: Received a new packet while thinking!
{Sat 13:00:13 Step:982} Server_Comm.py: Received a new packet while thinking!
{Sat 13:00:14 Step:983} Server_Comm.py: Received a new packet while on world.update()!
{Sat 13:00:14 Step:989} Server_Comm.py: Received a new packet while on world.update()!
{Sat 13:00:14 Step:991} Server_Comm.py: Received a new packet while on world.update()!
{Sat 13:00:14 Step:992} Server_Comm.py: Received a new packet while thinking!
{Sat 13:00:14 Step:994} Server_Comm.py: The agent lost 1 packet! Is syncmode enabled?
{Sat 13:00:14 Step:994} Server_Comm.py: Received a new packet while on world.update()!
{Sat 13:00:14 Step:995} Server_Comm.py: Received a new packet while on world.update()!
{Sat 13:00:15 Step:999} Server_Comm.py: Received a new packet while thinking!
{Sat 13:00:15 Step:1001} Server_Comm.py: Received a new packet while thinking!
{Sat 13:00:15 Step:1002} Server_Comm.py: Received a new packet while thinking!
{Sat 13:00:15 Step:1003} Server_Comm.py: Received a new packet while thinking!
{Sat 13:00:15 Step:1004} Server_Comm.py: Received a new packet while thinking!
{Sat 13:00:15 Step:1005} Server_Comm.py: Received a new packet while on world.update()!
{Sat 13:00:16 Step:1009} Server_Comm.py: Received a new packet while thinking!
{Sat 13:00:16 Step:1010} Server_Comm.py: Received a new packet while thinking!
{Sat 13:00:16 Step:1012} Server_Comm.py: The agent lost 1 packet! Is syncmode enabled?
{Sat 13:00:16 Step:1012} Server_Comm.py: Received a new packet while thinking!
{Sat 13:00:16 Step:1013} Server_Comm.py: Received a new packet while thinking!
{Sat 13:00:16 Step:1014} Server_Comm.py: Received a new packet while thinking!
{Sat 13:00:16 Step:1016} Server_Comm.py: The agent lost 1 packet! Is syncmode enabled?
{Sat 13:00:16 Step:1016} Server_Comm.py: Received a new packet while thinking!
{Sat 13:00:16 Step:1018} Server_Comm.py: The agent lost 1 packet! Is syncmode enabled?
{Sat 13:00:16 Step:1019} Server_Comm.py: Received a new packet while on world.update()!
{Sat 13:00:17 Step:1025} Server_Comm.py: Received a new packet while thinking!
{Sat 13:00:17 Step:1026} Server_Comm.py: Received a new packet while thinking!
{Sat 13:00:17 Step:1027} Server_Comm.py: Received a new packet while thinking!
{Sat 13:00:17 Step:1028} Server_Comm.py: Received a new packet while thinking!
{Sat 13:00:17 Step:1030} Server_Comm.py: The agent lost 1 packet! Is syncmode enabled?
{Sat 13:00:17 Step:1031} Server_Comm.py: Received a new packet while on world.update()!
{Sat 13:00:17 Step:1032} Server_Comm.py: Received a new packet while thinking!
{Sat 13:00:17 Step:1033} Server_Comm.py: Received a new packet while thinking!
{Sat 13:00:18 Step:1034} Server_Comm.py: Received a new packet while thinking!
{Sat 13:00:18 Step:1035} Server_Comm.py: Received a new packet while on world.update()!
{Sat 13:00:18 Step:1037} Server_Comm.py: Received a new packet while on world.update()!
{Sat 13:00:18 Step:1039} Server_Comm.py: Received a new packet while thinking!
{Sat 13:00:18 Step:1040} Server_Comm.py: Received a new packet while thinking!
{Sat 13:00:18 Step:1041} Server_Comm.py: Received a new packet while thinking!
{Sat 13:00:18 Step:1042} Server_Comm.py: Received a new packet while thinking!
{Sat 13:00:18 Step:1043} Server_Comm.py: Received a new packet while thinking!
{Sat 13:00:18 Step:1044} Server_Comm.py: Received a new packet while thinking!
{Sat 13:00:18 Step:1045} Server_Comm.py: Received a new packet while thinking!
{Sat 13:00:19 Step:1046} Server_Comm.py: Received a new packet while thinking!
{Sat 13:00:19 Step:1047} Server_Comm.py: Received a new packet while thinking!
{Sat 13:00:19 Step:1048} Server_Comm.py: Received a new packet while thinking!
{Sat 13:00:19 Step:1050} Server_Comm.py: The agent lost 1 packet! Is syncmode enabled?
{Sat 13:00:19 Step:1051} Server_Comm.py: Received a new packet while on world.update()!
{Sat 13:00:20 Step:1057} Server_Comm.py: Received a new packet while thinking!
{Sat 13:00:20 Step:1060} Server_Comm.py: The agent lost 2 consecutive packets! Is syncmode disabled?
{Sat 13:00:20 Step:1061} Server_Comm.py: Received a new packet while on world.update()!
{Sat 13:00:21 Step:1067} Server_Comm.py: Received a new packet while thinking!
{Sat 13:00:21 Step:1068} Server_Comm.py: Received a new packet while thinking!
{Sat 13:00:21 Step:1069} Server_Comm.py: Received a new packet while thinking!
{Sat 13:00:21 Step:1070} Server_Comm.py: Received a new packet while thinking!
{Sat 13:00:21 Step:1071} Server_Comm.py: Received a new packet while thinking!
{Sat 13:00:21 Step:1072} Server_Comm.py: Received a new packet while thinking!
{Sat 13:00:22 Step:1073} Server_Comm.py: Received a new packet while thinking!
{Sat 13:00:22 Step:1074} Server_Comm.py: Received a new packet while thinking!
{Sat 13:00:22 Step:1076} Server_Comm.py: The agent lost 1 packet! Is syncmode enabled?
{Sat 13:00:22 Step:1077} Server_Comm.py: Received a new packet while thinking!
{Sat 13:00:22 Step:1078} Server_Comm.py: Received a new packet while thinking!
{Sat 13:00:22 Step:1080} Server_Comm.py: The agent lost 1 packet! Is syncmode enabled?
{Sat 13:00:23 Step:1082} Server_Comm.py: The agent lost 1 packet! Is syncmode enabled?
{Sat 13:00:24 Step:1091} Server_Comm.py: Received a new packet while thinking!
{Sat 13:00:24 Step:1092} Server_Comm.py: Received a new packet while thinking!
{Sat 13:00:24 Step:1093} Server_Comm.py: Received a new packet while thinking!
{Sat 13:00:24 Step:1094} Server_Comm.py: Received a new packet while thinking!
{Sat 13:00:24 Step:1097} Server_Comm.py: The agent lost 2 consecutive packets! Is syncmode disabled?
{Sat 13:00:24 Step:1100} Server_Comm.py: The agent lost 1 packet! Is syncmode enabled?
{Sat 13:00:24 Step:1101} Server_Comm.py: Received a new packet while on world.update()!
{Sat 13:00:25 Step:1103} Server_Comm.py: Received a new packet while thinking!
{Sat 13:00:25 Step:1104} Server_Comm.py: Received a new packet while thinking!
{Sat 13:00:25 Step:1106} Server_Comm.py: The agent lost 1 packet! Is syncmode enabled?
{Sat 13:00:25 Step:1107} Server_Comm.py: Received a new packet while on world.update()!
{Sat 13:00:26 Step:1109} Server_Comm.py: Received a new packet while thinking!
{Sat 13:00:26 Step:1110} Server_Comm.py: Received a new packet while thinking!
{Sat 13:00:26 Step:1112} Server_Comm.py: The agent lost 1 packet! Is syncmode enabled?
{Sat 13:00:27 Step:1115} Server_Comm.py: Received a new packet while on world.update()!
{Sat 13:00:27 Step:1119} Server_Comm.py: Received a new packet while on world.update()!
{Sat 13:00:28 Step:1121} Server_Comm.py: Received a new packet while thinking!
{Sat 13:00:28 Step:1125} Server_Comm.py: Received a new packet while thinking!
{Sat 13:00:29 Step:1129} Server_Comm.py: Received a new packet while on world.update()!
{Sat 13:00:29 Step:1133} Server_Comm.py: Received a new packet while on world.update()!
{Sat 13:00:29 Step:1134} Server_Comm.py: Received a new packet while thinking!
{Sat 13:00:29 Step:1135} Server_Comm.py: Received a new packet while on world.update()!
{Sat 13:00:30 Step:1139} Server_Comm.py: Received a new packet while on world.update()!
{Sat 13:00:30 Step:1143} Server_Comm.py: Received a new packet while thinking!
{Sat 13:00:30 Step:1144} Server_Comm.py: Received a new packet while thinking!
{Sat 13:00:31 Step:1145} Server_Comm.py: Received a new packet while thinking!
{Sat 13:00:31 Step:1146} Server_Comm.py: Received a new packet while thinking!
{Sat 13:00:31 Step:1147} Server_Comm.py: Received a new packet while thinking!
{Sat 13:00:31 Step:1148} Server_Comm.py: Received a new packet while thinking!
{Sat 13:00:31 Step:1149} Server_Comm.py: Received a new packet while thinking!
{Sat 13:00:31 Step:1150} Server_Comm.py: Received a new packet while thinking!
{Sat 13:00:31 Step:1151} Server_Comm.py: Received a new packet while thinking!
{Sat 13:00:32 Step:1152} Server_Comm.py: Received a new packet while thinking!
{Sat 13:00:32 Step:1153} Server_Comm.py: Received a new packet while thinking!
{Sat 13:00:32 Step:1154} Server_Comm.py: Received a new packet while thinking!
{Sat 13:00:32 Step:1155} Server_Comm.py: Received a new packet while thinking!
{Sat 13:00:32 Step:1156} Server_Comm.py: Received a new packet while thinking!
{Sat 13:00:32 Step:1158} Server_Comm.py: The agent lost 1 packet! Is syncmode enabled?
{Sat 13:00:32 Step:1158} Server_Comm.py: Received a new packet while thinking!
{Sat 13:00:32 Step:1159} Server_Comm.py: Received a new packet while thinking!
{Sat 13:00:32 Step:1160} Server_Comm.py: Received a new packet while thinking!
{Sat 13:00:32 Step:1161} Server_Comm.py: Received a new packet while thinking!
{Sat 13:00:33 Step:1162} Server_Comm.py: Received a new packet while thinking!
{Sat 13:00:33 Step:1163} Server_Comm.py: Received a new packet while on world.update()!
{Sat 13:00:33 Step:1167} Server_Comm.py: Received a new packet while on world.update()!
{Sat 13:00:33 Step:1169} Server_Comm.py: Received a new packet while on world.update()!
{Sat 13:00:34 Step:1170} Server_Comm.py: Received a new packet while thinking!
{Sat 13:00:34 Step:1171} Server_Comm.py: Received a new packet while thinking!
{Sat 13:00:34 Step:1172} Server_Comm.py: Received a new packet while thinking!
{Sat 13:00:34 Step:1173} Server_Comm.py: Received a new packet while thinking!
{Sat 13:00:34 Step:1174} Server_Comm.py: Received a new packet while thinking!
{Sat 13:00:34 Step:1175} Server_Comm.py: Received a new packet while thinking!
{Sat 13:00:34 Step:1176} Server_Comm.py: Received a new packet while thinking!
{Sat 13:00:34 Step:1177} Server_Comm.py: Received a new packet while thinking!
{Sat 13:00:35 Step:1178} Server_Comm.py: Received a new packet while thinking!
{Sat 13:00:35 Step:1179} Server_Comm.py: Received a new packet while thinking!
{Sat 13:00:35 Step:1180} Server_Comm.py: Received a new packet while thinking!
{Sat 13:00:35 Step:1181} Server_Comm.py: Received a new packet while thinking!
{Sat 13:00:35 Step:1182} Server_Comm.py: Received a new packet while thinking!
{Sat 13:00:35 Step:1184} Server_Comm.py: The agent lost 1 packet! Is syncmode enabled?
{Sat 13:00:35 Step:1185} Server_Comm.py: Received a new packet while thinking!
{Sat 13:00:35 Step:1186} Server_Comm.py: Received a new packet while thinking!
{Sat 13:00:35 Step:1187} Server_Comm.py: Received a new packet while on world.update()!
{Sat 13:00:36 Step:1193} Server_Comm.py: Received a new packet while thinking!
{Sat 13:00:36 Step:1194} Server_Comm.py: Received a new packet while thinking!
{Sat 13:00:36 Step:1196} Server_Comm.py: The agent lost 1 packet! Is syncmode enabled?
{Sat 13:00:37 Step:1196} Server_Comm.py: Received a new packet while thinking!
{Sat 13:00:37 Step:1198} Server_Comm.py: The agent lost 1 packet! Is syncmode enabled?
{Sat 13:00:37 Step:1201} Server_Comm.py: Received a new packet while on world.update()!
{Sat 13:00:38 Step:1203} Server_Comm.py: Received a new packet while thinking!
{Sat 13:00:38 Step:1204} Server_Comm.py: Received a new packet while thinking!
{Sat 13:00:38 Step:1205} Server_Comm.py: Received a new packet while thinking!
{Sat 13:00:38 Step:1206} Server_Comm.py: Received a new packet while thinking!
{Sat 13:00:38 Step:1208} Server_Comm.py: The agent lost 1 packet! Is syncmode enabled?
{Sat 13:00:38 Step:1208} Server_Comm.py: Received a new packet while thinking!
{Sat 13:00:38 Step:1209} Server_Comm.py: Received a new packet while thinking!
{Sat 13:00:38 Step:1210} Server_Comm.py: Received a new packet while thinking!
{Sat 13:00:38 Step:1211} Server_Comm.py: Received a new packet while thinking!
{Sat 13:00:39 Step:1212} Server_Comm.py: Received a new packet while thinking!
{Sat 13:00:39 Step:1213} Server_Comm.py: Received a new packet while thinking!
{Sat 13:00:39 Step:1214} Server_Comm.py: Received a new packet while thinking!
{Sat 13:00:39 Step:1215} Server_Comm.py: Received a new packet while thinking!
{Sat 13:00:39 Step:1216} Server_Comm.py: Received a new packet while thinking!
{Sat 13:00:39 Step:1217} Server_Comm.py: Received a new packet while thinking!
{Sat 13:00:39 Step:1218} Server_Comm.py: Received a new packet while thinking!
{Sat 13:00:39 Step:1219} Server_Comm.py: Received a new packet while thinking!
{Sat 13:00:40 Step:1220} Server_Comm.py: Received a new packet while thinking!
{Sat 13:00:40 Step:1221} Server_Comm.py: Received a new packet while thinking!
{Sat 13:00:40 Step:1222} Server_Comm.py: Received a new packet while thinking!
{Sat 13:00:40 Step:1224} Server_Comm.py: The agent lost 1 packet! Is syncmode enabled?
{Sat 13:00:40 Step:1225} Server_Comm.py: Received a new packet while thinking!
{Sat 13:00:40 Step:1226} Server_Comm.py: Received a new packet while thinking!
{Sat 13:00:40 Step:1227} Server_Comm.py: Received a new packet while thinking!
{Sat 13:00:41 Step:1228} Server_Comm.py: Received a new packet while thinking!
{Sat 13:00:41 Step:1229} Server_Comm.py: Received a new packet while on world.update()!
{Sat 13:00:42 Step:1235} Server_Comm.py: Received a new packet while on world.update()!
{Sat 13:00:42 Step:1237} Server_Comm.py: Received a new packet while thinking!
{Sat 13:00:42 Step:1238} Server_Comm.py: Received a new packet while thinking!
{Sat 13:00:42 Step:1239} Server_Comm.py: Received a new packet while on world.update()!
{Sat 13:00:42 Step:1241} Server_Comm.py: Received a new packet while on world.update()!
{Sat 13:00:42 Step:1242} Server_Comm.py: Received a new packet while on world.update()!
{Sat 13:00:43 Step:1243} Server_Comm.py: Received a new packet while on world.update()!
{Sat 13:00:43 Step:1246} Server_Comm.py: The agent lost 2 consecutive packets! Is syncmode disabled?
{Sat 13:00:43 Step:1246} Server_Comm.py: Received a new packet while thinking!
{Sat 13:00:43 Step:1248} Server_Comm.py: The agent lost 1 packet! Is syncmode enabled?
{Sat 13:00:43 Step:1248} Server_Comm.py: Received a new packet while thinking!
{Sat 13:00:43 Step:1249} Server_Comm.py: Received a new packet while thinking!
{Sat 13:00:44 Step:1250} Server_Comm.py: Received a new packet while thinking!
{Sat 13:00:44 Step:1252} Server_Comm.py: The agent lost 1 packet! Is syncmode enabled?
{Sat 13:00:44 Step:1257} Server_Comm.py: Received a new packet while thinking!
{Sat 13:00:45 Step:1262} Server_Comm.py: The agent lost 1 packet! Is syncmode enabled?
{Sat 13:00:45 Step:1267} Server_Comm.py: Received a new packet while on world.update()!
{Sat 13:00:46 Step:1271} Server_Comm.py: Received a new packet while on world.update()!
{Sat 13:00:46 Step:1273} Server_Comm.py: Received a new packet while on world.update()!
{Sat 13:00:46 Step:1277} Server_Comm.py: Received a new packet while thinking!
{Sat 13:00:47 Step:1278} Server_Comm.py: Received a new packet while thinking!
{Sat 13:00:47 Step:1280} Server_Comm.py: The agent lost 1 packet! Is syncmode enabled?
{Sat 13:00:47 Step:1280} Server_Comm.py: Received a new packet while thinking!
{Sat 13:00:47 Step:1282} Server_Comm.py: The agent lost 1 packet! Is syncmode enabled?
{Sat 13:00:47 Step:1282} Server_Comm.py: Received a new packet while thinking!
{Sat 13:00:47 Step:1284} Server_Comm.py: The agent lost 1 packet! Is syncmode enabled?
{Sat 13:00:47 Step:1287} Server_Comm.py: Received a new packet while thinking!
{Sat 13:00:48 Step:1288} Server_Comm.py: Received a new packet while thinking!
{Sat 13:00:48 Step:1290} Server_Comm.py: The agent lost 1 packet! Is syncmode enabled?
{Sat 13:00:48 Step:1291} Server_Comm.py: Received a new packet while thinking!
{Sat 13:00:48 Step:1292} Server_Comm.py: Received a new packet while thinking!
{Sat 13:00:48 Step:1293} Server_Comm.py: Received a new packet while thinking!
{Sat 13:00:49 Step:1294} Server_Comm.py: Received a new packet while thinking!
{Sat 13:00:49 Step:1300} Server_Comm.py: The agent lost 5 consecutive packets! Is syncmode disabled?
{Sat 13:00:50 Step:1301} Server_Comm.py: Received a new packet while thinking!
{Sat 13:00:50 Step:1302} Server_Comm.py: Received a new packet while thinking!
{Sat 13:00:50 Step:1303} Server_Comm.py: Received a new packet while on world.update()!
{Sat 13:00:50 Step:1307} Server_Comm.py: Received a new packet while thinking!
{Sat 13:00:51 Step:1308} Server_Comm.py: Received a new packet while thinking!
{Sat 13:00:51 Step:1309} Server_Comm.py: Received a new packet while thinking!
{Sat 13:00:51 Step:1310} Server_Comm.py: Received a new packet while thinking!
{Sat 13:00:51 Step:1312} Server_Comm.py: The agent lost 1 packet! Is syncmode enabled?
{Sat 13:00:51 Step:1312} Server_Comm.py: Received a new packet while thinking!
{Sat 13:00:51 Step:1314} Server_Comm.py: The agent lost 1 packet! Is syncmode enabled?
{Sat 13:00:52 Step:1314} Server_Comm.py: Received a new packet while thinking!
{Sat 13:00:52 Step:1316} Server_Comm.py: The agent lost 1 packet! Is syncmode enabled?
{Sat 13:00:52 Step:1316} Server_Comm.py: Received a new packet while thinking!
{Sat 13:00:53 Step:1318} Server_Comm.py: The agent lost 1 packet! Is syncmode enabled?
{Sat 13:00:53 Step:1319} Server_Comm.py: Received a new packet while on world.update()!
{Sat 13:00:54 Step:1325} Server_Comm.py: Received a new packet while on world.update()!
{Sat 13:00:54 Step:1326} Server_Comm.py: Received a new packet while thinking!
{Sat 13:00:54 Step:1328} Server_Comm.py: The agent lost 1 packet! Is syncmode enabled?
{Sat 13:00:54 Step:1328} Server_Comm.py: Received a new packet while thinking!
{Sat 13:00:54 Step:1329} Server_Comm.py: Received a new packet while on world.update()!
{Sat 13:00:55 Step:1333} Server_Comm.py: Received a new packet while on world.update()!
{Sat 13:00:55 Step:1335} Server_Comm.py: Received a new packet while on world.update()!
{Sat 13:00:56 Step:1336} Server_Comm.py: Received a new packet while thinking!
{Sat 13:00:56 Step:1338} Server_Comm.py: The agent lost 1 packet! Is syncmode enabled?
{Sat 13:00:56 Step:1338} Server_Comm.py: Received a new packet while thinking!
{Sat 13:00:56 Step:1340} Server_Comm.py: The agent lost 1 packet! Is syncmode enabled?
{Sat 13:00:56 Step:1340} Server_Comm.py: Received a new packet while thinking!
{Sat 13:00:56 Step:1344} Server_Comm.py: The agent lost 3 consecutive packets! Is syncmode disabled?
{Sat 13:00:56 Step:1344} Server_Comm.py: Received a new packet while thinking!
{Sat 13:00:56 Step:1347} Server_Comm.py: The agent lost 2 consecutive packets! Is syncmode disabled?
{Sat 13:00:56 Step:1347} Server_Comm.py: Received a new packet while thinking!
{Sat 13:00:56 Step:1348} Server_Comm.py: Received a new packet while thinking!
{Sat 13:00:57 Step:1350} Server_Comm.py: The agent lost 1 packet! Is syncmode enabled?
{Sat 13:00:57 Step:1353} Server_Comm.py: Received a new packet while on world.update()!
{Sat 13:00:57 Step:1354} Server_Comm.py: Received a new packet while thinking!
{Sat 13:00:57 Step:1356} Server_Comm.py: The agent lost 1 packet! Is syncmode enabled?
{Sat 13:00:57 Step:1357} Server_Comm.py: Received a new packet while on world.update()!
{Sat 13:00:57 Step:1358} Server_Comm.py: Received a new packet while thinking!
{Sat 13:00:57 Step:1359} Server_Comm.py: Received a new packet while thinking!
{Sat 13:00:58 Step:1360} Server_Comm.py: Received a new packet while thinking!
{Sat 13:00:58 Step:1361} Server_Comm.py: Received a new packet while on world.update()!
{Sat 13:00:58 Step:1363} Server_Comm.py: Received a new packet while on world.update()!
{Sat 13:00:58 Step:1367} Server_Comm.py: Received a new packet while thinking!
{Sat 13:00:58 Step:1368} Server_Comm.py: Received a new packet while thinking!
{Sat 13:00:58 Step:1369} Server_Comm.py: Received a new packet while on world.update()!
{Sat 13:00:58 Step:1371} Server_Comm.py: Received a new packet while thinking!
{Sat 13:00:58 Step:1372} Server_Comm.py: Received a new packet while thinking!
{Sat 13:00:58 Step:1373} Server_Comm.py: Received a new packet while thinking!
{Sat 13:00:58 Step:1374} Server_Comm.py: Received a new packet while thinking!
{Sat 13:00:58 Step:1375} Server_Comm.py: Received a new packet while thinking!
{Sat 13:00:59 Step:1376} Server_Comm.py: Received a new packet while thinking!
{Sat 13:00:59 Step:1377} Server_Comm.py: Received a new packet while thinking!
{Sat 13:00:59 Step:1378} Server_Comm.py: Received a new packet while thinking!
{Sat 13:00:59 Step:1380} Server_Comm.py: The agent lost 1 packet! Is syncmode enabled?
{Sat 13:00:59 Step:1381} Server_Comm.py: Received a new packet while thinking!
{Sat 13:00:59 Step:1382} Server_Comm.py: Received a new packet while thinking!
{Sat 13:00:59 Step:1384} Server_Comm.py: The agent lost 1 packet! Is syncmode enabled?
{Sat 13:00:59 Step:1385} Server_Comm.py: Received a new packet while thinking!
{Sat 13:00:59 Step:1386} Server_Comm.py: Received a new packet while thinking!
{Sat 13:00:59 Step:1388} Server_Comm.py: The agent lost 1 packet! Is syncmode enabled?
{Sat 13:00:59 Step:1390} Server_Comm.py: The agent lost 1 packet! Is syncmode enabled?
{Sat 13:00:59 Step:1391} Server_Comm.py: Received a new packet while on world.update()!
{Sat 13:00:59 Step:1393} Server_Comm.py: Received a new packet while on world.update()!
{Sat 13:01:00 Step:1395} Server_Comm.py: Received a new packet while thinking!
{Sat 13:01:00 Step:1396} Server_Comm.py: Received a new packet while thinking!
{Sat 13:01:00 Step:1399} Server_Comm.py: The agent lost 2 consecutive packets! Is syncmode disabled?
{Sat 13:01:00 Step:1399} Server_Comm.py: Received a new packet while on world.update()!
{Sat 13:01:00 Step:1401} Server_Comm.py: Received a new packet while thinking!
{Sat 13:01:00 Step:1402} Server_Comm.py: Received a new packet while thinking!
{Sat 13:01:00 Step:1404} Server_Comm.py: The agent lost 1 packet! Is syncmode enabled?
{Sat 13:01:00 Step:1405} Server_Comm.py: Received a new packet while on world.update()!
{Sat 13:01:01 Step:1411} Server_Comm.py: Received a new packet while thinking!
{Sat 13:01:01 Step:1412} Server_Comm.py: Received a new packet while thinking!
{Sat 13:01:01 Step:1414} Server_Comm.py: The agent lost 1 packet! Is syncmode enabled?
{Sat 13:01:01 Step:1415} Server_Comm.py: Received a new packet while thinking!
{Sat 13:01:01 Step:1416} Server_Comm.py: Received a new packet while thinking!
{Sat 13:01:01 Step:1417} Server_Comm.py: Received a new packet while on world.update()!
{Sat 13:01:02 Step:1425} Server_Comm.py: Received a new packet while on world.update()!
{Sat 13:01:02 Step:1427} Server_Comm.py: Received a new packet while thinking!
{Sat 13:01:02 Step:1429} Server_Comm.py: The agent lost 1 packet! Is syncmode enabled?
{Sat 13:01:02 Step:1429} Server_Comm.py: Received a new packet while on world.update()!
{Sat 13:01:02 Step:1435} Server_Comm.py: Received a new packet while thinking!
{Sat 13:01:03 Step:1441} Server_Comm.py: Received a new packet while thinking!
{Sat 13:01:03 Step:1444} Server_Comm.py: The agent lost 2 consecutive packets! Is syncmode disabled?
{Sat 13:01:03 Step:1446} Server_Comm.py: The agent lost 1 packet! Is syncmode enabled?
{Sat 13:01:03 Step:1447} Server_Comm.py: Received a new packet while thinking!
{Sat 13:01:03 Step:1448} Server_Comm.py: Received a new packet while thinking!
{Sat 13:01:03 Step:1450} Server_Comm.py: The agent lost 1 packet! Is syncmode enabled?
{Sat 13:01:03 Step:1451} Server_Comm.py: Received a new packet while thinking!
{Sat 13:01:03 Step:1452} Server_Comm.py: Received a new packet while thinking!
{Sat 13:01:03 Step:1454} Server_Comm.py: The agent lost 1 packet! Is syncmode enabled?
{Sat 13:01:03 Step:1455} Server_Comm.py: Received a new packet while thinking!
{Sat 13:01:04 Step:1456} Server_Comm.py: Received a new packet while thinking!
{Sat 13:01:04 Step:1458} Server_Comm.py: The agent lost 1 packet! Is syncmode enabled?
