{Sat 16:06:55 Step:5} Server_Comm.py: The agent lost 1 packet! Is syncmode enabled?
{Sat 16:06:55 Step:5} Server_Comm.py: Received a new packet while on world.update()!
{Sat 16:06:55 Step:7} Server_Comm.py: The agent lost 1 packet! Is syncmode enabled?
{Sat 16:06:55 Step:7} Server_Comm.py: Received a new packet while on world.update()!
{Sat 16:06:55 Step:8} Server_Comm.py: Received a new packet while on world.update()!
{Sat 16:06:55 Step:10} Server_Comm.py: The agent lost 1 packet! Is syncmode enabled?
{Sat 16:06:55 Step:11} Server_Comm.py: Received a new packet while on world.update()!
{Sat 16:06:55 Step:14} Server_Comm.py: The agent lost 2 consecutive packets! Is syncmode disabled?
{Sat 16:06:56 Step:14} Server_Comm.py: Received a new packet while thinking!
{Sat 16:06:56 Step:42} Server_Comm.py: The agent lost 27 consecutive packets! Is syncmode disabled?
{Sat 16:06:56 Step:43} Server_Comm.py: Received a new packet while on world.update()!
{Sat 16:06:56 Step:47} Server_Comm.py: The agent lost 3 consecutive packets! Is syncmode disabled?
{Sat 16:06:57 Step:47} Server_Comm.py: Received a new packet while on world.update()!
{Sat 16:06:57 Step:56} Server_Comm.py: The agent lost 8 consecutive packets! Is syncmode disabled?
{Sat 16:06:57 Step:56} Server_Comm.py: Received a new packet while on world.update()!
{Sat 16:06:57 Step:62} Server_Comm.py: The agent lost 5 consecutive packets! Is syncmode disabled?
{Sat 16:06:57 Step:62} Server_Comm.py: Received a new packet while on world.update()!
{Sat 16:06:57 Step:63} Server_Comm.py: Received a new packet while on world.update()!
{Sat 16:06:57 Step:67} Server_Comm.py: The agent lost 3 consecutive packets! Is syncmode disabled?
{Sat 16:06:57 Step:67} Server_Comm.py: Received a new packet while on world.update()!
{Sat 16:06:57 Step:70} Server_Comm.py: Received a new packet while on world.update()!
{Sat 16:06:57 Step:72} Server_Comm.py: The agent lost 1 packet! Is syncmode enabled?
{Sat 16:06:57 Step:73} Server_Comm.py: Received a new packet while on world.update()!
{Sat 16:06:57 Step:75} Server_Comm.py: The agent lost 1 packet! Is syncmode enabled?
{Sat 16:06:57 Step:75} Server_Comm.py: Received a new packet while on world.update()!
{Sat 16:06:57 Step:83} Server_Comm.py: The agent lost 7 consecutive packets! Is syncmode disabled?
{Sat 16:06:57 Step:83} Server_Comm.py: Received a new packet while on world.update()!
{Sat 16:06:57 Step:87} Server_Comm.py: The agent lost 3 consecutive packets! Is syncmode disabled?
{Sat 16:06:57 Step:87} Server_Comm.py: Received a new packet while on world.update()!
{Sat 16:06:58 Step:89} Server_Comm.py: The agent lost 1 packet! Is syncmode enabled?
{Sat 16:06:58 Step:89} Server_Comm.py: Received a new packet while on world.update()!
{Sat 16:06:58 Step:91} Server_Comm.py: The agent lost 1 packet! Is syncmode enabled?
{Sat 16:06:58 Step:91} Server_Comm.py: Received a new packet while on world.update()!
{Sat 16:06:58 Step:98} Server_Comm.py: Received a new packet while thinking!
{Sat 16:06:58 Step:99} Server_Comm.py: Received a new packet while on world.update()!
{Sat 16:06:58 Step:100} Server_Comm.py: Received a new packet while on world.update()!
{Sat 16:06:58 Step:101} Server_Comm.py: Received a new packet while on world.update()!
{Sat 16:06:58 Step:102} Server_Comm.py: Received a new packet while on world.update()!
{Sat 16:06:58 Step:103} Server_Comm.py: Received a new packet while on world.update()!
{Sat 16:06:58 Step:106} Server_Comm.py: The agent lost 2 consecutive packets! Is syncmode disabled?
{Sat 16:06:58 Step:107} Server_Comm.py: Received a new packet while thinking!
{Sat 16:06:58 Step:108} Server_Comm.py: Received a new packet while thinking!
{Sat 16:06:58 Step:109} Server_Comm.py: Received a new packet while on world.update()!
{Sat 16:06:59 Step:113} Server_Comm.py: The agent lost 3 consecutive packets! Is syncmode disabled?
{Sat 16:06:59 Step:113} Server_Comm.py: Received a new packet while on world.update()!
{Sat 16:06:59 Step:115} Server_Comm.py: The agent lost 1 packet! Is syncmode enabled?
{Sat 16:06:59 Step:117} Server_Comm.py: Received a new packet while on world.update()!
{Sat 16:06:59 Step:119} Server_Comm.py: Received a new packet while on world.update()!
{Sat 16:06:59 Step:121} Server_Comm.py: Received a new packet while on world.update()!
{Sat 16:06:59 Step:124} Server_Comm.py: Received a new packet while thinking!
{Sat 16:06:59 Step:127} Server_Comm.py: The agent lost 1 packet! Is syncmode enabled?
{Sat 16:07:00 Step:129} Server_Comm.py: Received a new packet while on world.update()!
{Sat 16:07:00 Step:134} Server_Comm.py: Received a new packet while on world.update()!
{Sat 16:07:00 Step:135} Server_Comm.py: Received a new packet while on world.update()!
{Sat 16:07:00 Step:141} Server_Comm.py: The agent lost 4 consecutive packets! Is syncmode disabled?
{Sat 16:07:00 Step:141} Server_Comm.py: Received a new packet while on world.update()!
{Sat 16:07:00 Step:144} Server_Comm.py: The agent lost 2 consecutive packets! Is syncmode disabled?
{Sat 16:07:00 Step:144} Server_Comm.py: Received a new packet while on world.update()!
{Sat 16:07:00 Step:146} Server_Comm.py: The agent lost 1 packet! Is syncmode enabled?
{Sat 16:07:00 Step:146} Server_Comm.py: Received a new packet while on world.update()!
{Sat 16:07:00 Step:147} Server_Comm.py: Received a new packet while on world.update()!
{Sat 16:07:01 Step:154} Server_Comm.py: The agent lost 2 consecutive packets! Is syncmode disabled?
{Sat 16:07:01 Step:156} Server_Comm.py: The agent lost 1 packet! Is syncmode enabled?
{Sat 16:07:01 Step:156} Server_Comm.py: Received a new packet while on world.update()!
{Sat 16:07:01 Step:161} Server_Comm.py: Received a new packet while on world.update()!
{Sat 16:07:01 Step:163} Server_Comm.py: Received a new packet while thinking!
{Sat 16:07:01 Step:164} Server_Comm.py: Received a new packet while thinking!
{Sat 16:07:01 Step:166} Server_Comm.py: The agent lost 1 packet! Is syncmode enabled?
{Sat 16:07:01 Step:168} Server_Comm.py: The agent lost 1 packet! Is syncmode enabled?
{Sat 16:07:01 Step:168} Server_Comm.py: Received a new packet while on world.update()!
{Sat 16:07:01 Step:170} Server_Comm.py: The agent lost 1 packet! Is syncmode enabled?
{Sat 16:07:01 Step:171} Server_Comm.py: Received a new packet while on world.update()!
{Sat 16:07:01 Step:172} Server_Comm.py: Received a new packet while on world.update()!
{Sat 16:07:02 Step:173} Server_Comm.py: Received a new packet while thinking!
{Sat 16:07:02 Step:175} Server_Comm.py: Received a new packet while on world.update()!
{Sat 16:07:02 Step:178} Server_Comm.py: The agent lost 2 consecutive packets! Is syncmode disabled?
{Sat 16:07:02 Step:178} Server_Comm.py: Received a new packet while on world.update()!
{Sat 16:07:02 Step:179} Server_Comm.py: Received a new packet while on world.update()!
{Sat 16:07:02 Step:184} Server_Comm.py: The agent lost 4 consecutive packets! Is syncmode disabled?
{Sat 16:07:02 Step:185} Server_Comm.py: Received a new packet while thinking!
{Sat 16:07:02 Step:186} Server_Comm.py: Received a new packet while on world.update()!
{Sat 16:07:02 Step:187} Server_Comm.py: Received a new packet while on world.update()!
{Sat 16:07:02 Step:189} Server_Comm.py: The agent lost 1 packet! Is syncmode enabled?
{Sat 16:07:02 Step:189} Server_Comm.py: Received a new packet while on world.update()!
{Sat 16:07:02 Step:191} Server_Comm.py: The agent lost 1 packet! Is syncmode enabled?
{Sat 16:07:02 Step:191} Server_Comm.py: Received a new packet while on world.update()!
{Sat 16:07:02 Step:193} Server_Comm.py: The agent lost 1 packet! Is syncmode enabled?
{Sat 16:07:02 Step:193} Server_Comm.py: Received a new packet while on world.update()!
{Sat 16:07:02 Step:195} Server_Comm.py: The agent lost 1 packet! Is syncmode enabled?
{Sat 16:07:02 Step:195} Server_Comm.py: Received a new packet while on world.update()!
{Sat 16:07:03 Step:196} Server_Comm.py: Received a new packet while on world.update()!
{Sat 16:07:03 Step:197} Server_Comm.py: Received a new packet while on world.update()!
{Sat 16:07:03 Step:201} Server_Comm.py: The agent lost 3 consecutive packets! Is syncmode disabled?
{Sat 16:07:03 Step:201} Server_Comm.py: Received a new packet while on world.update()!
{Sat 16:07:03 Step:206} Server_Comm.py: The agent lost 4 consecutive packets! Is syncmode disabled?
{Sat 16:07:03 Step:206} Server_Comm.py: Received a new packet while on world.update()!
{Sat 16:07:03 Step:208} Server_Comm.py: The agent lost 1 packet! Is syncmode enabled?
{Sat 16:07:03 Step:208} Server_Comm.py: Received a new packet while on world.update()!
{Sat 16:07:04 Step:219} Server_Comm.py: Received a new packet while on world.update()!
{Sat 16:07:04 Step:227} Server_Comm.py: Received a new packet while on world.update()!
{Sat 16:07:04 Step:230} Server_Comm.py: The agent lost 1 packet! Is syncmode enabled?
{Sat 16:07:04 Step:230} Server_Comm.py: Received a new packet while thinking!
{Sat 16:07:04 Step:231} Server_Comm.py: Received a new packet while on world.update()!
{Sat 16:07:04 Step:233} Server_Comm.py: The agent lost 1 packet! Is syncmode enabled?
{Sat 16:07:04 Step:233} Server_Comm.py: Received a new packet while thinking!
{Sat 16:07:05 Step:247} Server_Comm.py: Received a new packet while thinking!
{Sat 16:07:08 Step:299} Server_Comm.py: Received a new packet while on world.update()!
{Sat 16:07:09 Step:301} Server_Comm.py: Received a new packet while on world.update()!
{Sat 16:07:09 Step:303} Server_Comm.py: The agent lost 1 packet! Is syncmode enabled?
{Sat 16:07:09 Step:307} Server_Comm.py: Received a new packet while on world.update()!
{Sat 16:07:09 Step:308} Server_Comm.py: Received a new packet while thinking!
{Sat 16:07:10 Step:311} Server_Comm.py: Received a new packet while on world.update()!
{Sat 16:07:10 Step:322} Server_Comm.py: The agent lost 1 packet! Is syncmode enabled?
{Sat 16:07:10 Step:322} Server_Comm.py: Received a new packet while thinking!
{Sat 16:07:10 Step:327} Server_Comm.py: The agent lost 4 consecutive packets! Is syncmode disabled?
{Sat 16:07:11 Step:327} Server_Comm.py: Received a new packet while on world.update()!
{Sat 16:07:11 Step:329} Server_Comm.py: The agent lost 1 packet! Is syncmode enabled?
{Sat 16:07:11 Step:329} Server_Comm.py: Received a new packet while on world.update()!
{Sat 16:07:11 Step:331} Server_Comm.py: Received a new packet while on world.update()!
{Sat 16:07:11 Step:339} Server_Comm.py: Received a new packet while on world.update()!
{Sat 16:07:11 Step:341} Server_Comm.py: The agent lost 1 packet! Is syncmode enabled?
{Sat 16:07:11 Step:341} Server_Comm.py: Received a new packet while thinking!
{Sat 16:07:11 Step:343} Server_Comm.py: Received a new packet while on world.update()!
{Sat 16:07:12 Step:348} Server_Comm.py: Received a new packet while on world.update()!
{Sat 16:07:12 Step:351} Server_Comm.py: Received a new packet while thinking!
{Sat 16:07:13 Step:375} Server_Comm.py: Received a new packet while thinking!
{Sat 16:07:14 Step:378} Server_Comm.py: Received a new packet while thinking!
{Sat 16:07:14 Step:380} Server_Comm.py: The agent lost 1 packet! Is syncmode enabled?
{Sat 16:07:14 Step:380} Server_Comm.py: Received a new packet while thinking!
{Sat 16:07:14 Step:382} Server_Comm.py: The agent lost 1 packet! Is syncmode enabled?
{Sat 16:07:14 Step:382} Server_Comm.py: Received a new packet while on world.update()!
{Sat 16:07:14 Step:383} Server_Comm.py: Received a new packet while thinking!
{Sat 16:07:14 Step:384} Server_Comm.py: Received a new packet while thinking!
{Sat 16:07:14 Step:386} Server_Comm.py: The agent lost 1 packet! Is syncmode enabled?
{Sat 16:07:14 Step:386} Server_Comm.py: Received a new packet while on world.update()!
{Sat 16:07:14 Step:389} Server_Comm.py: The agent lost 2 consecutive packets! Is syncmode disabled?
{Sat 16:07:14 Step:389} Server_Comm.py: Received a new packet while on world.update()!
{Sat 16:07:14 Step:393} Server_Comm.py: The agent lost 3 consecutive packets! Is syncmode disabled?
{Sat 16:07:14 Step:393} Server_Comm.py: Received a new packet while on world.update()!
{Sat 16:07:14 Step:395} Server_Comm.py: The agent lost 1 packet! Is syncmode enabled?
{Sat 16:07:14 Step:395} Server_Comm.py: Received a new packet while on world.update()!
{Sat 16:07:14 Step:397} Server_Comm.py: The agent lost 1 packet! Is syncmode enabled?
{Sat 16:07:14 Step:397} Server_Comm.py: Received a new packet while on world.update()!
{Sat 16:07:15 Step:399} Server_Comm.py: Received a new packet while thinking!
{Sat 16:07:15 Step:401} Server_Comm.py: The agent lost 1 packet! Is syncmode enabled?
{Sat 16:07:15 Step:401} Server_Comm.py: Received a new packet while thinking!
{Sat 16:07:15 Step:403} Server_Comm.py: The agent lost 1 packet! Is syncmode enabled?
{Sat 16:07:15 Step:403} Server_Comm.py: Received a new packet while on world.update()!
{Sat 16:07:15 Step:404} Server_Comm.py: Received a new packet while thinking!
{Sat 16:07:15 Step:405} Server_Comm.py: Received a new packet while on world.update()!
{Sat 16:07:15 Step:407} Server_Comm.py: The agent lost 1 packet! Is syncmode enabled?
{Sat 16:07:15 Step:407} Server_Comm.py: Received a new packet while on world.update()!
{Sat 16:07:15 Step:409} Server_Comm.py: The agent lost 1 packet! Is syncmode enabled?
{Sat 16:07:15 Step:409} Server_Comm.py: Received a new packet while on world.update()!
{Sat 16:07:15 Step:411} Server_Comm.py: The agent lost 1 packet! Is syncmode enabled?
{Sat 16:07:15 Step:411} Server_Comm.py: Received a new packet while thinking!
{Sat 16:07:15 Step:413} Server_Comm.py: Received a new packet while thinking!
{Sat 16:07:16 Step:414} Server_Comm.py: Received a new packet while thinking!
{Sat 16:07:16 Step:416} Server_Comm.py: The agent lost 1 packet! Is syncmode enabled?
{Sat 16:07:16 Step:416} Server_Comm.py: Received a new packet while on world.update()!
{Sat 16:07:16 Step:418} Server_Comm.py: The agent lost 1 packet! Is syncmode enabled?
{Sat 16:07:16 Step:418} Server_Comm.py: Received a new packet while on world.update()!
{Sat 16:07:16 Step:419} Server_Comm.py: Received a new packet while on world.update()!
{Sat 16:07:16 Step:420} Server_Comm.py: Received a new packet while thinking!
{Sat 16:07:16 Step:423} Server_Comm.py: The agent lost 2 consecutive packets! Is syncmode disabled?
{Sat 16:07:16 Step:423} Server_Comm.py: Received a new packet while on world.update()!
{Sat 16:07:16 Step:425} Server_Comm.py: The agent lost 1 packet! Is syncmode enabled?
{Sat 16:07:16 Step:425} Server_Comm.py: Received a new packet while thinking!
{Sat 16:07:16 Step:427} Server_Comm.py: The agent lost 1 packet! Is syncmode enabled?
{Sat 16:07:16 Step:431} Server_Comm.py: Received a new packet while on world.update()!
{Sat 16:07:16 Step:434} Server_Comm.py: The agent lost 2 consecutive packets! Is syncmode disabled?
{Sat 16:07:16 Step:434} Server_Comm.py: Received a new packet while thinking!
{Sat 16:07:16 Step:435} Server_Comm.py: Received a new packet while thinking!
{Sat 16:07:17 Step:436} Server_Comm.py: Received a new packet while thinking!
{Sat 16:07:17 Step:439} Server_Comm.py: The agent lost 2 consecutive packets! Is syncmode disabled?
{Sat 16:07:17 Step:443} Server_Comm.py: Received a new packet while thinking!
{Sat 16:07:17 Step:444} Server_Comm.py: Received a new packet while thinking!
{Sat 16:07:17 Step:451} Server_Comm.py: The agent lost 2 consecutive packets! Is syncmode disabled?
{Sat 16:07:17 Step:451} Server_Comm.py: Received a new packet while thinking!
{Sat 16:07:17 Step:453} Server_Comm.py: The agent lost 1 packet! Is syncmode enabled?
{Sat 16:07:17 Step:453} Server_Comm.py: Received a new packet while thinking!
{Sat 16:07:18 Step:454} Server_Comm.py: Received a new packet while on world.update()!
{Sat 16:07:18 Step:456} Server_Comm.py: The agent lost 1 packet! Is syncmode enabled?
{Sat 16:07:18 Step:456} Server_Comm.py: Received a new packet while on world.update()!
{Sat 16:07:18 Step:457} Server_Comm.py: Received a new packet while on world.update()!
{Sat 16:07:18 Step:460} Server_Comm.py: The agent lost 2 consecutive packets! Is syncmode disabled?
{Sat 16:07:18 Step:466} Server_Comm.py: Received a new packet while thinking!
{Sat 16:07:20 Step:515} Server_Comm.py: Received a new packet while on world.update()!
{Sat 16:07:21 Step:536} Server_Comm.py: Received a new packet while thinking!
{Sat 16:07:22 Step:542} Server_Comm.py: The agent lost 1 packet! Is syncmode enabled?
{Sat 16:07:22 Step:542} Server_Comm.py: Received a new packet while on world.update()!
{Sat 16:07:22 Step:547} Server_Comm.py: Received a new packet while thinking!
{Sat 16:07:22 Step:549} Server_Comm.py: The agent lost 1 packet! Is syncmode enabled?
{Sat 16:07:22 Step:549} Server_Comm.py: Received a new packet while on world.update()!
{Sat 16:07:22 Step:555} Server_Comm.py: Received a new packet while thinking!
{Sat 16:07:22 Step:557} Server_Comm.py: The agent lost 1 packet! Is syncmode enabled?
{Sat 16:07:22 Step:557} Server_Comm.py: Received a new packet while on world.update()!
{Sat 16:07:22 Step:560} Server_Comm.py: The agent lost 2 consecutive packets! Is syncmode disabled?
{Sat 16:07:23 Step:564} Server_Comm.py: The agent lost 1 packet! Is syncmode enabled?
{Sat 16:07:23 Step:564} Server_Comm.py: Received a new packet while thinking!
{Sat 16:07:23 Step:565} Server_Comm.py: Received a new packet while thinking!
{Sat 16:07:23 Step:568} Server_Comm.py: The agent lost 1 packet! Is syncmode enabled?
{Sat 16:07:23 Step:570} Server_Comm.py: Received a new packet while thinking!
{Sat 16:07:23 Step:573} Server_Comm.py: The agent lost 2 consecutive packets! Is syncmode disabled?
{Sat 16:07:23 Step:573} Server_Comm.py: Received a new packet while thinking!
{Sat 16:07:23 Step:578} Server_Comm.py: The agent lost 4 consecutive packets! Is syncmode disabled?
{Sat 16:07:24 Step:578} Server_Comm.py: Received a new packet while thinking!
{Sat 16:07:24 Step:586} Server_Comm.py: The agent lost 7 consecutive packets! Is syncmode disabled?
{Sat 16:07:24 Step:587} Server_Comm.py: Received a new packet while thinking!
{Sat 16:07:24 Step:589} Server_Comm.py: Received a new packet while thinking!
{Sat 16:07:24 Step:592} Server_Comm.py: The agent lost 2 consecutive packets! Is syncmode disabled?
{Sat 16:07:24 Step:592} Server_Comm.py: Received a new packet while on world.update()!
{Sat 16:07:24 Step:593} Server_Comm.py: Received a new packet while on world.update()!
{Sat 16:07:24 Step:594} Server_Comm.py: Received a new packet while on world.update()!
{Sat 16:07:24 Step:595} Server_Comm.py: Received a new packet while on world.update()!
{Sat 16:07:24 Step:598} Server_Comm.py: The agent lost 2 consecutive packets! Is syncmode disabled?
{Sat 16:07:24 Step:598} Server_Comm.py: Received a new packet while thinking!
{Sat 16:07:24 Step:600} Server_Comm.py: The agent lost 1 packet! Is syncmode enabled?
{Sat 16:07:25 Step:610} Server_Comm.py: Received a new packet while on world.update()!
{Sat 16:07:25 Step:612} Server_Comm.py: The agent lost 1 packet! Is syncmode enabled?
{Sat 16:07:27 Step:635} Server_Comm.py: Received a new packet while on world.update()!
{Sat 16:07:27 Step:636} Server_Comm.py: Received a new packet while on world.update()!
{Sat 16:07:27 Step:637} Server_Comm.py: Received a new packet while on world.update()!
{Sat 16:07:27 Step:640} Server_Comm.py: The agent lost 2 consecutive packets! Is syncmode disabled?
{Sat 16:07:27 Step:643} Server_Comm.py: Received a new packet while thinking!
{Sat 16:07:28 Step:666} Server_Comm.py: Received a new packet while thinking!
{Sat 16:07:29 Step:669} Server_Comm.py: The agent lost 2 consecutive packets! Is syncmode disabled?
{Sat 16:07:29 Step:677} Server_Comm.py: Received a new packet while on world.update()!
{Sat 16:07:29 Step:678} Server_Comm.py: Received a new packet while thinking!
{Sat 16:07:30 Step:690} Server_Comm.py: Received a new packet while thinking!
{Sat 16:07:30 Step:691} Server_Comm.py: Received a new packet while on world.update()!
{Sat 16:07:30 Step:693} Server_Comm.py: The agent lost 1 packet! Is syncmode enabled?
{Sat 16:07:30 Step:693} Server_Comm.py: Received a new packet while thinking!
{Sat 16:07:30 Step:699} Server_Comm.py: Received a new packet while thinking!
{Sat 16:07:30 Step:700} Server_Comm.py: Received a new packet while on world.update()!
{Sat 16:07:31 Step:709} Server_Comm.py: The agent lost 1 packet! Is syncmode enabled?
{Sat 16:07:31 Step:717} Server_Comm.py: Received a new packet while on world.update()!
{Sat 16:07:31 Step:719} Server_Comm.py: The agent lost 1 packet! Is syncmode enabled?
{Sat 16:07:31 Step:719} Server_Comm.py: Received a new packet while on world.update()!
{Sat 16:07:31 Step:722} Server_Comm.py: The agent lost 2 consecutive packets! Is syncmode disabled?
{Sat 16:07:32 Step:734} Server_Comm.py: Received a new packet while thinking!
{Sat 16:07:32 Step:736} Server_Comm.py: Received a new packet while on world.update()!
{Sat 16:07:32 Step:737} Server_Comm.py: Received a new packet while on world.update()!
{Sat 16:07:32 Step:741} Server_Comm.py: Received a new packet while thinking!
{Sat 16:07:33 Step:744} Server_Comm.py: Received a new packet while thinking!
{Sat 16:07:33 Step:745} Server_Comm.py: Received a new packet while thinking!
{Sat 16:07:33 Step:746} Server_Comm.py: Received a new packet while thinking!
{Sat 16:07:33 Step:747} Server_Comm.py: Received a new packet while thinking!
{Sat 16:07:33 Step:749} Server_Comm.py: The agent lost 1 packet! Is syncmode enabled?
{Sat 16:07:33 Step:749} Server_Comm.py: Received a new packet while thinking!
{Sat 16:07:33 Step:750} Server_Comm.py: Received a new packet while thinking!
{Sat 16:07:33 Step:751} Server_Comm.py: Received a new packet while thinking!
{Sat 16:07:33 Step:754} Server_Comm.py: The agent lost 2 consecutive packets! Is syncmode disabled?
{Sat 16:07:33 Step:755} Server_Comm.py: Received a new packet while thinking!
{Sat 16:07:33 Step:758} Server_Comm.py: The agent lost 2 consecutive packets! Is syncmode disabled?
{Sat 16:07:33 Step:758} Server_Comm.py: Received a new packet while thinking!
{Sat 16:07:33 Step:760} Server_Comm.py: The agent lost 1 packet! Is syncmode enabled?
{Sat 16:07:33 Step:760} Server_Comm.py: Received a new packet while thinking!
{Sat 16:07:34 Step:763} Server_Comm.py: Received a new packet while thinking!
{Sat 16:07:34 Step:764} Server_Comm.py: Received a new packet while thinking!
{Sat 16:07:34 Step:774} Server_Comm.py: Received a new packet while on world.update()!
{Sat 16:07:35 Step:777} Server_Comm.py: Received a new packet while thinking!
{Sat 16:07:35 Step:783} Server_Comm.py: The agent lost 1 packet! Is syncmode enabled?
{Sat 16:07:35 Step:783} Server_Comm.py: Received a new packet while thinking!
{Sat 16:07:35 Step:784} Server_Comm.py: Received a new packet while thinking!
{Sat 16:07:35 Step:787} Server_Comm.py: The agent lost 2 consecutive packets! Is syncmode disabled?
{Sat 16:07:35 Step:788} Server_Comm.py: Received a new packet while thinking!
{Sat 16:07:35 Step:790} Server_Comm.py: The agent lost 1 packet! Is syncmode enabled?
{Sat 16:07:35 Step:792} Server_Comm.py: Received a new packet while thinking!
{Sat 16:07:36 Step:793} Server_Comm.py: Received a new packet while on world.update()!
{Sat 16:07:36 Step:795} Server_Comm.py: The agent lost 1 packet! Is syncmode enabled?
{Sat 16:07:36 Step:795} Server_Comm.py: Received a new packet while thinking!
{Sat 16:07:36 Step:797} Server_Comm.py: The agent lost 1 packet! Is syncmode enabled?
{Sat 16:07:36 Step:797} Server_Comm.py: Received a new packet while thinking!
{Sat 16:07:36 Step:803} Server_Comm.py: Received a new packet while on world.update()!
{Sat 16:07:36 Step:811} Server_Comm.py: Received a new packet while thinking!
{Sat 16:07:38 Step:834} Server_Comm.py: Received a new packet while thinking!
{Sat 16:07:38 Step:835} Server_Comm.py: Received a new packet while on world.update()!
{Sat 16:07:38 Step:840} Server_Comm.py: The agent lost 4 consecutive packets! Is syncmode disabled?
{Sat 16:07:38 Step:840} Server_Comm.py: Received a new packet while on world.update()!
{Sat 16:07:40 Step:874} Server_Comm.py: The agent lost 1 packet! Is syncmode enabled?
{Sat 16:07:40 Step:882} Server_Comm.py: The agent lost 1 packet! Is syncmode enabled?
{Sat 16:07:41 Step:891} Server_Comm.py: Received a new packet while thinking!
{Sat 16:07:41 Step:897} Server_Comm.py: Received a new packet while on world.update()!
{Sat 16:07:41 Step:900} Server_Comm.py: The agent lost 2 consecutive packets! Is syncmode disabled?
{Sat 16:07:41 Step:903} Server_Comm.py: Received a new packet while on world.update()!
{Sat 16:07:41 Step:905} Server_Comm.py: The agent lost 1 packet! Is syncmode enabled?
{Sat 16:07:42 Step:905} Server_Comm.py: Received a new packet while thinking!
{Sat 16:07:42 Step:907} Server_Comm.py: The agent lost 1 packet! Is syncmode enabled?
{Sat 16:07:42 Step:907} Server_Comm.py: Received a new packet while on world.update()!
{Sat 16:07:42 Step:910} Server_Comm.py: Received a new packet while thinking!
{Sat 16:07:42 Step:913} Server_Comm.py: The agent lost 2 consecutive packets! Is syncmode disabled?
{Sat 16:07:42 Step:913} Server_Comm.py: Received a new packet while on world.update()!
{Sat 16:07:42 Step:917} Server_Comm.py: The agent lost 3 consecutive packets! Is syncmode disabled?
{Sat 16:07:42 Step:917} Server_Comm.py: Received a new packet while on world.update()!
{Sat 16:07:42 Step:921} Server_Comm.py: The agent lost 3 consecutive packets! Is syncmode disabled?
{Sat 16:07:42 Step:921} Server_Comm.py: Received a new packet while on world.update()!
{Sat 16:07:42 Step:922} Server_Comm.py: Received a new packet while on world.update()!
{Sat 16:07:42 Step:924} Server_Comm.py: The agent lost 1 packet! Is syncmode enabled?
{Sat 16:07:42 Step:924} Server_Comm.py: Received a new packet while thinking!
{Sat 16:07:42 Step:929} Server_Comm.py: The agent lost 4 consecutive packets! Is syncmode disabled?
{Sat 16:07:43 Step:929} Server_Comm.py: Received a new packet while on world.update()!
{Sat 16:07:43 Step:933} Server_Comm.py: Received a new packet while on world.update()!
{Sat 16:07:43 Step:936} Server_Comm.py: The agent lost 2 consecutive packets! Is syncmode disabled?
{Sat 16:07:44 Step:960} Server_Comm.py: The agent lost 1 packet! Is syncmode enabled?
{Sat 16:07:44 Step:960} Server_Comm.py: Received a new packet while on world.update()!
{Sat 16:07:45 Step:979} Server_Comm.py: Received a new packet while thinking!
{Sat 16:07:45 Step:989} Server_Comm.py: Received a new packet while on world.update()!
{Sat 16:07:47 Step:1014} Server_Comm.py: Received a new packet while thinking!
{Sat 16:07:50 Step:1059} Server_Comm.py: The agent lost 1 packet! Is syncmode enabled?
{Sat 16:07:51 Step:1065} Server_Comm.py: Received a new packet while on world.update()!
{Sat 16:07:51 Step:1067} Server_Comm.py: The agent lost 1 packet! Is syncmode enabled?
{Sat 16:07:51 Step:1071} Server_Comm.py: Received a new packet while thinking!
{Sat 16:07:51 Step:1073} Server_Comm.py: The agent lost 1 packet! Is syncmode enabled?
{Sat 16:07:51 Step:1073} Server_Comm.py: Received a new packet while thinking!
{Sat 16:07:51 Step:1076} Server_Comm.py: The agent lost 2 consecutive packets! Is syncmode disabled?
{Sat 16:07:51 Step:1076} Server_Comm.py: Received a new packet while thinking!
{Sat 16:07:51 Step:1077} Server_Comm.py: Received a new packet while thinking!
{Sat 16:07:51 Step:1079} Server_Comm.py: The agent lost 1 packet! Is syncmode enabled?
{Sat 16:07:51 Step:1079} Server_Comm.py: Received a new packet while thinking!
{Sat 16:07:52 Step:1082} Server_Comm.py: Received a new packet while on world.update()!
{Sat 16:07:52 Step:1083} Server_Comm.py: Received a new packet while on world.update()!
{Sat 16:07:52 Step:1084} Server_Comm.py: Received a new packet while thinking!
{Sat 16:07:52 Step:1086} Server_Comm.py: The agent lost 1 packet! Is syncmode enabled?
{Sat 16:07:52 Step:1086} Server_Comm.py: Received a new packet while thinking!
{Sat 16:07:52 Step:1089} Server_Comm.py: The agent lost 2 consecutive packets! Is syncmode disabled?
{Sat 16:07:52 Step:1089} Server_Comm.py: Received a new packet while thinking!
{Sat 16:07:52 Step:1090} Server_Comm.py: Received a new packet while thinking!
{Sat 16:07:52 Step:1091} Server_Comm.py: Received a new packet while thinking!
{Sat 16:07:52 Step:1094} Server_Comm.py: Received a new packet while thinking!
{Sat 16:07:52 Step:1095} Server_Comm.py: Received a new packet while on world.update()!
{Sat 16:07:52 Step:1096} Server_Comm.py: Received a new packet while thinking!
{Sat 16:07:52 Step:1098} Server_Comm.py: The agent lost 1 packet! Is syncmode enabled?
{Sat 16:07:53 Step:1100} Server_Comm.py: The agent lost 1 packet! Is syncmode enabled?
{Sat 16:07:53 Step:1100} Server_Comm.py: Received a new packet while on world.update()!
{Sat 16:07:53 Step:1102} Server_Comm.py: The agent lost 1 packet! Is syncmode enabled?
{Sat 16:07:53 Step:1102} Server_Comm.py: Received a new packet while on world.update()!
{Sat 16:07:53 Step:1103} Server_Comm.py: Received a new packet while on world.update()!
{Sat 16:07:53 Step:1104} Server_Comm.py: Received a new packet while thinking!
{Sat 16:07:53 Step:1105} Server_Comm.py: Received a new packet while thinking!
{Sat 16:07:53 Step:1109} Server_Comm.py: Received a new packet while thinking!
{Sat 16:07:53 Step:1113} Server_Comm.py: Received a new packet while thinking!
{Sat 16:07:55 Step:1142} Server_Comm.py: The agent lost 2 consecutive packets! Is syncmode disabled?
{Sat 16:07:55 Step:1142} Server_Comm.py: Received a new packet while on world.update()!
{Sat 16:07:58 Step:1187} Server_Comm.py: Received a new packet while thinking!
{Sat 16:07:58 Step:1189} Server_Comm.py: Received a new packet while on world.update()!
{Sat 16:07:58 Step:1190} Server_Comm.py: Received a new packet while thinking!
{Sat 16:07:58 Step:1192} Server_Comm.py: The agent lost 1 packet! Is syncmode enabled?
{Sat 16:07:59 Step:1193} Server_Comm.py: Received a new packet while on world.update()!
{Sat 16:07:59 Step:1195} Server_Comm.py: Received a new packet while thinking!
{Sat 16:08:01 Step:1211} Server_Comm.py: Received a new packet while on world.update()!
{Sat 16:08:01 Step:1213} Server_Comm.py: Received a new packet while thinking!
{Sat 16:08:01 Step:1214} Server_Comm.py: Received a new packet while on world.update()!
{Sat 16:08:02 Step:1218} Server_Comm.py: The agent lost 3 consecutive packets! Is syncmode disabled?
{Sat 16:08:02 Step:1225} Server_Comm.py: Received a new packet while on world.update()!
{Sat 16:08:02 Step:1227} Server_Comm.py: The agent lost 1 packet! Is syncmode enabled?
{Sat 16:08:02 Step:1227} Server_Comm.py: Received a new packet while on world.update()!
{Sat 16:08:03 Step:1229} Server_Comm.py: The agent lost 1 packet! Is syncmode enabled?
{Sat 16:08:03 Step:1229} Server_Comm.py: Received a new packet while thinking!
{Sat 16:08:03 Step:1232} Server_Comm.py: The agent lost 2 consecutive packets! Is syncmode disabled?
{Sat 16:08:03 Step:1233} Server_Comm.py: Received a new packet while thinking!
{Sat 16:08:03 Step:1237} Server_Comm.py: Received a new packet while on world.update()!
{Sat 16:08:03 Step:1238} Server_Comm.py: Received a new packet while on world.update()!
{Sat 16:08:03 Step:1242} Server_Comm.py: Received a new packet while thinking!
{Sat 16:08:03 Step:1246} Server_Comm.py: The agent lost 3 consecutive packets! Is syncmode disabled?
{Sat 16:08:03 Step:1246} Server_Comm.py: Received a new packet while thinking!
{Sat 16:08:04 Step:1250} Server_Comm.py: The agent lost 1 packet! Is syncmode enabled?
{Sat 16:08:04 Step:1250} Server_Comm.py: Received a new packet while on world.update()!
{Sat 16:08:05 Step:1263} Server_Comm.py: Received a new packet while thinking!
{Sat 16:08:05 Step:1266} Server_Comm.py: The agent lost 2 consecutive packets! Is syncmode disabled?
{Sat 16:08:05 Step:1266} Server_Comm.py: Received a new packet while thinking!
{Sat 16:08:05 Step:1268} Server_Comm.py: The agent lost 1 packet! Is syncmode enabled?
{Sat 16:08:05 Step:1269} Server_Comm.py: Received a new packet while thinking!
{Sat 16:08:05 Step:1273} Server_Comm.py: The agent lost 3 consecutive packets! Is syncmode disabled?
{Sat 16:08:05 Step:1273} Server_Comm.py: Received a new packet while on world.update()!
{Sat 16:08:05 Step:1276} Server_Comm.py: The agent lost 2 consecutive packets! Is syncmode disabled?
{Sat 16:08:05 Step:1276} Server_Comm.py: Received a new packet while thinking!
{Sat 16:08:06 Step:1277} Server_Comm.py: Received a new packet while thinking!
{Sat 16:08:06 Step:1280} Server_Comm.py: The agent lost 2 consecutive packets! Is syncmode disabled?
{Sat 16:08:06 Step:1280} Server_Comm.py: Received a new packet while thinking!
{Sat 16:08:06 Step:1282} Server_Comm.py: The agent lost 1 packet! Is syncmode enabled?
{Sat 16:08:06 Step:1282} Server_Comm.py: Received a new packet while thinking!
{Sat 16:08:06 Step:1284} Server_Comm.py: The agent lost 1 packet! Is syncmode enabled?
{Sat 16:08:06 Step:1284} Server_Comm.py: Received a new packet while thinking!
{Sat 16:08:07 Step:1289} Server_Comm.py: Received a new packet while on world.update()!
{Sat 16:08:07 Step:1302} Server_Comm.py: The agent lost 12 consecutive packets! Is syncmode disabled?
{Sat 16:08:07 Step:1302} Server_Comm.py: Received a new packet while thinking!
{Sat 16:08:07 Step:1304} Server_Comm.py: The agent lost 1 packet! Is syncmode enabled?
{Sat 16:08:07 Step:1304} Server_Comm.py: Received a new packet while on world.update()!
{Sat 16:08:07 Step:1311} Server_Comm.py: The agent lost 6 consecutive packets! Is syncmode disabled?
{Sat 16:08:08 Step:1311} Server_Comm.py: Received a new packet while on world.update()!
{Sat 16:08:08 Step:1314} Server_Comm.py: The agent lost 2 consecutive packets! Is syncmode disabled?
{Sat 16:08:08 Step:1314} Server_Comm.py: Received a new packet while thinking!
{Sat 16:08:08 Step:1317} Server_Comm.py: Received a new packet while on world.update()!
{Sat 16:08:08 Step:1320} Server_Comm.py: The agent lost 2 consecutive packets! Is syncmode disabled?
{Sat 16:08:08 Step:1322} Server_Comm.py: The agent lost 1 packet! Is syncmode enabled?
{Sat 16:08:10 Step:1361} Server_Comm.py: Received a new packet while on world.update()!
{Sat 16:08:11 Step:1373} Server_Comm.py: Received a new packet while thinking!
{Sat 16:08:11 Step:1375} Server_Comm.py: Received a new packet while on world.update()!
{Sat 16:08:11 Step:1381} Server_Comm.py: Received a new packet while thinking!
{Sat 16:08:11 Step:1383} Server_Comm.py: The agent lost 1 packet! Is syncmode enabled?
{Sat 16:08:12 Step:1383} Server_Comm.py: Received a new packet while on world.update()!
{Sat 16:08:12 Step:1386} Server_Comm.py: The agent lost 2 consecutive packets! Is syncmode disabled?
{Sat 16:08:12 Step:1386} Server_Comm.py: Received a new packet while thinking!
{Sat 16:08:12 Step:1387} Server_Comm.py: Received a new packet while on world.update()!
{Sat 16:08:12 Step:1388} Server_Comm.py: Received a new packet while on world.update()!
{Sat 16:08:12 Step:1390} Server_Comm.py: The agent lost 1 packet! Is syncmode enabled?
{Sat 16:08:12 Step:1391} Server_Comm.py: Received a new packet while thinking!
{Sat 16:08:12 Step:1393} Server_Comm.py: The agent lost 1 packet! Is syncmode enabled?
{Sat 16:08:12 Step:1393} Server_Comm.py: Received a new packet while thinking!
{Sat 16:08:13 Step:1401} Server_Comm.py: Received a new packet while on world.update()!
{Sat 16:08:13 Step:1403} Server_Comm.py: Received a new packet while thinking!
{Sat 16:08:13 Step:1404} Server_Comm.py: Received a new packet while thinking!
{Sat 16:08:13 Step:1406} Server_Comm.py: The agent lost 1 packet! Is syncmode enabled?
{Sat 16:08:13 Step:1407} Server_Comm.py: Received a new packet while on world.update()!
{Sat 16:08:13 Step:1410} Server_Comm.py: The agent lost 2 consecutive packets! Is syncmode disabled?
{Sat 16:08:13 Step:1410} Server_Comm.py: Received a new packet while on world.update()!
{Sat 16:08:13 Step:1412} Server_Comm.py: The agent lost 1 packet! Is syncmode enabled?
{Sat 16:08:13 Step:1412} Server_Comm.py: Received a new packet while on world.update()!
{Sat 16:08:13 Step:1414} Server_Comm.py: The agent lost 1 packet! Is syncmode enabled?
{Sat 16:08:13 Step:1414} Server_Comm.py: Received a new packet while thinking!
{Sat 16:08:14 Step:1418} Server_Comm.py: The agent lost 3 consecutive packets! Is syncmode disabled?
{Sat 16:08:14 Step:1418} Server_Comm.py: Received a new packet while on world.update()!
{Sat 16:08:14 Step:1420} Server_Comm.py: The agent lost 1 packet! Is syncmode enabled?
{Sat 16:08:14 Step:1420} Server_Comm.py: Received a new packet while thinking!
{Sat 16:08:16 Step:1450} Server_Comm.py: Received a new packet while on world.update()!
{Sat 16:08:16 Step:1461} Server_Comm.py: Received a new packet while on world.update()!
{Sat 16:08:17 Step:1465} Server_Comm.py: The agent lost 3 consecutive packets! Is syncmode disabled?
{Sat 16:08:17 Step:1465} Server_Comm.py: Received a new packet while thinking!
{Sat 16:08:17 Step:1476} Server_Comm.py: The agent lost 3 consecutive packets! Is syncmode disabled?
{Sat 16:08:17 Step:1476} Server_Comm.py: Received a new packet while thinking!
{Sat 16:08:18 Step:1483} Server_Comm.py: The agent lost 6 consecutive packets! Is syncmode disabled?
{Sat 16:08:18 Step:1485} Server_Comm.py: The agent lost 1 packet! Is syncmode enabled?
{Sat 16:08:18 Step:1485} Server_Comm.py: Received a new packet while on world.update()!
{Sat 16:08:18 Step:1488} Server_Comm.py: The agent lost 2 consecutive packets! Is syncmode disabled?
{Sat 16:08:18 Step:1488} Server_Comm.py: Received a new packet while on world.update()!
{Sat 16:08:18 Step:1490} Server_Comm.py: The agent lost 1 packet! Is syncmode enabled?
{Sat 16:08:18 Step:1490} Server_Comm.py: Received a new packet while on world.update()!
{Sat 16:08:19 Step:1496} Server_Comm.py: The agent lost 1 packet! Is syncmode enabled?
{Sat 16:08:20 Step:1503} Server_Comm.py: Received a new packet while on world.update()!
{Sat 16:08:20 Step:1507} Server_Comm.py: The agent lost 3 consecutive packets! Is syncmode disabled?
{Sat 16:08:20 Step:1507} Server_Comm.py: Received a new packet while on world.update()!
{Sat 16:08:21 Step:1520} Server_Comm.py: The agent lost 12 consecutive packets! Is syncmode disabled?
{Sat 16:08:21 Step:1522} Server_Comm.py: The agent lost 1 packet! Is syncmode enabled?
{Sat 16:08:21 Step:1522} Server_Comm.py: Received a new packet while on world.update()!
{Sat 16:08:21 Step:1525} Server_Comm.py: The agent lost 2 consecutive packets! Is syncmode disabled?
{Sat 16:08:21 Step:1525} Server_Comm.py: Received a new packet while on world.update()!
{Sat 16:08:21 Step:1531} Server_Comm.py: The agent lost 5 consecutive packets! Is syncmode disabled?
{Sat 16:08:21 Step:1531} Server_Comm.py: Received a new packet while thinking!
{Sat 16:08:21 Step:1533} Server_Comm.py: The agent lost 1 packet! Is syncmode enabled?
{Sat 16:08:22 Step:1536} Server_Comm.py: Received a new packet while thinking!
{Sat 16:08:22 Step:1540} Server_Comm.py: Received a new packet while thinking!
{Sat 16:08:22 Step:1545} Server_Comm.py: The agent lost 4 consecutive packets! Is syncmode disabled?
{Sat 16:08:22 Step:1545} Server_Comm.py: Received a new packet while on world.update()!
{Sat 16:08:22 Step:1546} Server_Comm.py: Received a new packet while on world.update()!
{Sat 16:08:23 Step:1548} Server_Comm.py: Received a new packet while thinking!
{Sat 16:08:23 Step:1551} Server_Comm.py: The agent lost 2 consecutive packets! Is syncmode disabled?
{Sat 16:08:23 Step:1551} Server_Comm.py: Received a new packet while on world.update()!
{Sat 16:08:23 Step:1560} Server_Comm.py: The agent lost 2 consecutive packets! Is syncmode disabled?
{Sat 16:08:23 Step:1563} Server_Comm.py: The agent lost 2 consecutive packets! Is syncmode disabled?
{Sat 16:08:24 Step:1567} Server_Comm.py: The agent lost 2 consecutive packets! Is syncmode disabled?
{Sat 16:08:24 Step:1567} Server_Comm.py: Received a new packet while on world.update()!
{Sat 16:08:24 Step:1570} Server_Comm.py: The agent lost 2 consecutive packets! Is syncmode disabled?
{Sat 16:08:24 Step:1570} Server_Comm.py: Received a new packet while thinking!
{Sat 16:08:24 Step:1579} Server_Comm.py: The agent lost 8 consecutive packets! Is syncmode disabled?
{Sat 16:08:24 Step:1580} Server_Comm.py: Received a new packet while thinking!
