{Sat 12:59:27 Step:52} Server_Comm.py: Received a new packet while thinking!
{Sat 12:59:27 Step:54} Server_Comm.py: The agent lost 1 packet! Is syncmode enabled?
{Sat 12:59:28 Step:61} Server_Comm.py: Received a new packet while thinking!
{Sat 12:59:28 Step:62} Server_Comm.py: Received a new packet while thinking!
{Sat 12:59:28 Step:64} Server_Comm.py: The agent lost 1 packet! Is syncmode enabled?
{Sat 12:59:28 Step:64} Server_Comm.py: Received a new packet while thinking!
{Sat 12:59:28 Step:65} Server_Comm.py: Received a new packet while on world.update()!
{Sat 12:59:28 Step:69} Server_Comm.py: Received a new packet while thinking!
{Sat 12:59:28 Step:70} Server_Comm.py: Received a new packet while thinking!
{Sat 12:59:28 Step:71} Server_Comm.py: Received a new packet while on world.update()!
{Sat 12:59:29 Step:77} Server_Comm.py: Received a new packet while thinking!
{Sat 12:59:29 Step:78} Server_Comm.py: Received a new packet while thinking!
{Sat 12:59:29 Step:79} Server_Comm.py: Received a new packet while on world.update()!
{Sat 12:59:29 Step:83} Server_Comm.py: Received a new packet while thinking!
{Sat 12:59:29 Step:84} Server_Comm.py: Received a new packet while thinking!
{Sat 12:59:29 Step:86} Server_Comm.py: The agent lost 1 packet! Is syncmode enabled?
{Sat 12:59:29 Step:91} Server_Comm.py: Received a new packet while thinking!
{Sat 12:59:29 Step:95} Server_Comm.py: Received a new packet while thinking!
{Sat 12:59:29 Step:96} Server_Comm.py: Received a new packet while thinking!
{Sat 12:59:29 Step:97} Server_Comm.py: Received a new packet while thinking!
{Sat 12:59:29 Step:98} Server_Comm.py: Received a new packet while thinking!
{Sat 12:59:30 Step:99} Server_Comm.py: Received a new packet while thinking!
{Sat 12:59:30 Step:100} Server_Comm.py: Received a new packet while thinking!
{Sat 12:59:30 Step:102} Server_Comm.py: The agent lost 1 packet! Is syncmode enabled?
{Sat 12:59:30 Step:107} Server_Comm.py: Received a new packet while thinking!
{Sat 12:59:30 Step:108} Server_Comm.py: Received a new packet while thinking!
{Sat 12:59:30 Step:109} Server_Comm.py: Received a new packet while thinking!
{Sat 12:59:30 Step:110} Server_Comm.py: Received a new packet while thinking!
{Sat 12:59:30 Step:111} Server_Comm.py: Received a new packet while on world.update()!
{Sat 12:59:31 Step:121} Server_Comm.py: Received a new packet while thinking!
{Sat 12:59:31 Step:123} Server_Comm.py: Received a new packet while thinking!
{Sat 12:59:31 Step:124} Server_Comm.py: Received a new packet while thinking!
{Sat 12:59:31 Step:125} Server_Comm.py: Received a new packet while on world.update()!
{Sat 12:59:31 Step:127} Server_Comm.py: Received a new packet while thinking!
{Sat 12:59:31 Step:128} Server_Comm.py: Received a new packet while on world.update()!
{Sat 12:59:31 Step:129} Server_Comm.py: Received a new packet while thinking!
{Sat 12:59:31 Step:130} Server_Comm.py: Received a new packet while thinking!
{Sat 12:59:31 Step:134} Server_Comm.py: The agent lost 3 consecutive packets! Is syncmode disabled?
{Sat 12:59:31 Step:134} Server_Comm.py: Received a new packet while thinking!
{Sat 12:59:31 Step:136} Server_Comm.py: The agent lost 1 packet! Is syncmode enabled?
{Sat 12:59:31 Step:139} Server_Comm.py: Received a new packet while thinking!
{Sat 12:59:31 Step:140} Server_Comm.py: Received a new packet while thinking!
{Sat 12:59:31 Step:141} Server_Comm.py: Received a new packet while thinking!
{Sat 12:59:32 Step:142} Server_Comm.py: Received a new packet while thinking!
{Sat 12:59:32 Step:144} Server_Comm.py: The agent lost 1 packet! Is syncmode enabled?
{Sat 12:59:32 Step:145} Server_Comm.py: Received a new packet while thinking!
{Sat 12:59:32 Step:147} Server_Comm.py: Received a new packet while on world.update()!
{Sat 12:59:32 Step:151} Server_Comm.py: Received a new packet while thinking!
{Sat 12:59:32 Step:163} Server_Comm.py: Received a new packet while thinking!
{Sat 12:59:33 Step:165} Server_Comm.py: Received a new packet while thinking!
{Sat 12:59:33 Step:166} Server_Comm.py: Received a new packet while thinking!
{Sat 12:59:33 Step:167} Server_Comm.py: Received a new packet while thinking!
{Sat 12:59:33 Step:168} Server_Comm.py: Received a new packet while thinking!
{Sat 12:59:33 Step:169} Server_Comm.py: Received a new packet while thinking!
{Sat 12:59:33 Step:170} Server_Comm.py: Received a new packet while thinking!
{Sat 12:59:33 Step:171} Server_Comm.py: Received a new packet while thinking!
{Sat 12:59:33 Step:172} Server_Comm.py: Received a new packet while thinking!
{Sat 12:59:33 Step:173} Server_Comm.py: Received a new packet while thinking!
{Sat 12:59:33 Step:174} Server_Comm.py: Received a new packet while thinking!
{Sat 12:59:33 Step:175} Server_Comm.py: Received a new packet while on world.update()!
{Sat 12:59:33 Step:177} Server_Comm.py: Received a new packet while thinking!
{Sat 12:59:34 Step:199} Server_Comm.py: Received a new packet while thinking!
{Sat 12:59:34 Step:200} Server_Comm.py: Received a new packet while thinking!
{Sat 12:59:34 Step:201} Server_Comm.py: Received a new packet while thinking!
{Sat 12:59:34 Step:202} Server_Comm.py: Received a new packet while thinking!
{Sat 12:59:34 Step:203} Server_Comm.py: Received a new packet while thinking!
{Sat 12:59:34 Step:204} Server_Comm.py: Received a new packet while thinking!
{Sat 12:59:34 Step:205} Server_Comm.py: Received a new packet while thinking!
{Sat 12:59:34 Step:206} Server_Comm.py: Received a new packet while thinking!
{Sat 12:59:34 Step:207} Server_Comm.py: Received a new packet while on world.update()!
{Sat 12:59:34 Step:209} Server_Comm.py: Received a new packet while thinking!
{Sat 12:59:34 Step:210} Server_Comm.py: Received a new packet while thinking!
{Sat 12:59:34 Step:212} Server_Comm.py: The agent lost 1 packet! Is syncmode enabled?
{Sat 12:59:35 Step:212} Server_Comm.py: Received a new packet while thinking!
{Sat 12:59:35 Step:213} Server_Comm.py: Received a new packet while thinking!
{Sat 12:59:35 Step:214} Server_Comm.py: Received a new packet while thinking!
{Sat 12:59:35 Step:215} Server_Comm.py: Received a new packet while thinking!
{Sat 12:59:35 Step:216} Server_Comm.py: Received a new packet while thinking!
{Sat 12:59:35 Step:218} Server_Comm.py: The agent lost 1 packet! Is syncmode enabled?
{Sat 12:59:35 Step:221} Server_Comm.py: Received a new packet while thinking!
{Sat 12:59:35 Step:222} Server_Comm.py: Received a new packet while thinking!
{Sat 12:59:35 Step:223} Server_Comm.py: Received a new packet while thinking!
{Sat 12:59:35 Step:224} Server_Comm.py: Received a new packet while thinking!
{Sat 12:59:35 Step:225} Server_Comm.py: Received a new packet while thinking!
{Sat 12:59:35 Step:226} Server_Comm.py: Received a new packet while thinking!
{Sat 12:59:35 Step:227} Server_Comm.py: Received a new packet while on world.update()!
{Sat 12:59:35 Step:229} Server_Comm.py: Received a new packet while thinking!
{Sat 12:59:35 Step:230} Server_Comm.py: Received a new packet while thinking!
{Sat 12:59:35 Step:231} Server_Comm.py: Received a new packet while on world.update()!
{Sat 12:59:36 Step:241} Server_Comm.py: Received a new packet while thinking!
{Sat 12:59:36 Step:242} Server_Comm.py: Received a new packet while thinking!
{Sat 12:59:36 Step:243} Server_Comm.py: Received a new packet while thinking!
{Sat 12:59:36 Step:244} Server_Comm.py: Received a new packet while thinking!
{Sat 12:59:36 Step:245} Server_Comm.py: Received a new packet while thinking!
{Sat 12:59:36 Step:246} Server_Comm.py: Received a new packet while thinking!
{Sat 12:59:36 Step:247} Server_Comm.py: Received a new packet while thinking!
{Sat 12:59:36 Step:248} Server_Comm.py: Received a new packet while thinking!
{Sat 12:59:36 Step:249} Server_Comm.py: Received a new packet while thinking!
{Sat 12:59:36 Step:250} Server_Comm.py: Received a new packet while thinking!
{Sat 12:59:36 Step:251} Server_Comm.py: Received a new packet while thinking!
{Sat 12:59:36 Step:252} Server_Comm.py: Received a new packet while thinking!
{Sat 12:59:36 Step:253} Server_Comm.py: Received a new packet while thinking!
{Sat 12:59:36 Step:254} Server_Comm.py: Received a new packet while thinking!
{Sat 12:59:36 Step:255} Server_Comm.py: Received a new packet while thinking!
{Sat 12:59:36 Step:256} Server_Comm.py: Received a new packet while thinking!
{Sat 12:59:36 Step:257} Server_Comm.py: Received a new packet while thinking!
{Sat 12:59:37 Step:258} Server_Comm.py: Received a new packet while thinking!
{Sat 12:59:37 Step:259} Server_Comm.py: Received a new packet while thinking!
{Sat 12:59:37 Step:260} Server_Comm.py: Received a new packet while thinking!
{Sat 12:59:37 Step:261} Server_Comm.py: Received a new packet while thinking!
{Sat 12:59:37 Step:262} Server_Comm.py: Received a new packet while thinking!
{Sat 12:59:37 Step:263} Server_Comm.py: Received a new packet while on world.update()!
{Sat 12:59:37 Step:265} Server_Comm.py: Received a new packet while thinking!
{Sat 12:59:37 Step:266} Server_Comm.py: Received a new packet while thinking!
{Sat 12:59:37 Step:267} Server_Comm.py: Received a new packet while thinking!
{Sat 12:59:37 Step:268} Server_Comm.py: Received a new packet while thinking!
{Sat 12:59:37 Step:269} Server_Comm.py: Received a new packet while thinking!
{Sat 12:59:37 Step:270} Server_Comm.py: Received a new packet while thinking!
{Sat 12:59:37 Step:272} Server_Comm.py: The agent lost 1 packet! Is syncmode enabled?
{Sat 12:59:38 Step:296} Server_Comm.py: The agent lost 1 packet! Is syncmode enabled?
{Sat 12:59:38 Step:297} Server_Comm.py: Received a new packet while on world.update()!
{Sat 12:59:39 Step:309} Server_Comm.py: Received a new packet while thinking!
{Sat 12:59:39 Step:310} Server_Comm.py: Received a new packet while thinking!
{Sat 12:59:39 Step:311} Server_Comm.py: Received a new packet while thinking!
{Sat 12:59:39 Step:312} Server_Comm.py: Received a new packet while thinking!
{Sat 12:59:39 Step:313} Server_Comm.py: Received a new packet while thinking!
{Sat 12:59:39 Step:314} Server_Comm.py: Received a new packet while thinking!
{Sat 12:59:39 Step:315} Server_Comm.py: Received a new packet while thinking!
{Sat 12:59:39 Step:316} Server_Comm.py: Received a new packet while thinking!
{Sat 12:59:39 Step:318} Server_Comm.py: The agent lost 1 packet! Is syncmode enabled?
{Sat 12:59:39 Step:318} Server_Comm.py: Received a new packet while thinking!
{Sat 12:59:39 Step:319} Server_Comm.py: Received a new packet while thinking!
{Sat 12:59:39 Step:320} Server_Comm.py: Received a new packet while thinking!
{Sat 12:59:39 Step:321} Server_Comm.py: Received a new packet while thinking!
{Sat 12:59:39 Step:322} Server_Comm.py: Received a new packet while thinking!
{Sat 12:59:39 Step:324} Server_Comm.py: The agent lost 1 packet! Is syncmode enabled?
{Sat 12:59:40 Step:329} Server_Comm.py: Received a new packet while thinking!
{Sat 12:59:40 Step:330} Server_Comm.py: Received a new packet while thinking!
{Sat 12:59:40 Step:331} Server_Comm.py: Received a new packet while on world.update()!
{Sat 12:59:40 Step:341} Server_Comm.py: Received a new packet while thinking!
{Sat 12:59:41 Step:355} Server_Comm.py: Received a new packet while thinking!
{Sat 12:59:41 Step:357} Server_Comm.py: Received a new packet while on world.update()!
{Sat 12:59:41 Step:358} Server_Comm.py: Received a new packet while thinking!
{Sat 12:59:41 Step:360} Server_Comm.py: The agent lost 1 packet! Is syncmode enabled?
{Sat 12:59:42 Step:379} Server_Comm.py: Received a new packet while thinking!
{Sat 12:59:42 Step:380} Server_Comm.py: Received a new packet while thinking!
{Sat 12:59:42 Step:382} Server_Comm.py: The agent lost 1 packet! Is syncmode enabled?
{Sat 12:59:42 Step:383} Server_Comm.py: Received a new packet while on world.update()!
{Sat 12:59:42 Step:385} Server_Comm.py: Received a new packet while thinking!
{Sat 12:59:42 Step:386} Server_Comm.py: Received a new packet while thinking!
{Sat 12:59:42 Step:388} Server_Comm.py: The agent lost 1 packet! Is syncmode enabled?
{Sat 12:59:43 Step:388} Server_Comm.py: Received a new packet while thinking!
{Sat 12:59:43 Step:389} Server_Comm.py: Received a new packet while thinking!
{Sat 12:59:43 Step:390} Server_Comm.py: Received a new packet while thinking!
{Sat 12:59:43 Step:391} Server_Comm.py: Received a new packet while on world.update()!
{Sat 12:59:44 Step:407} Server_Comm.py: Received a new packet while on world.update()!
{Sat 12:59:44 Step:409} Server_Comm.py: Received a new packet while thinking!
{Sat 12:59:44 Step:410} Server_Comm.py: Received a new packet while thinking!
{Sat 12:59:44 Step:412} Server_Comm.py: The agent lost 1 packet! Is syncmode enabled?
{Sat 12:59:44 Step:419} Server_Comm.py: Received a new packet while thinking!
{Sat 12:59:44 Step:420} Server_Comm.py: Received a new packet while thinking!
{Sat 12:59:44 Step:421} Server_Comm.py: Received a new packet while thinking!
{Sat 12:59:44 Step:422} Server_Comm.py: Received a new packet while thinking!
{Sat 12:59:44 Step:423} Server_Comm.py: Received a new packet while thinking!
{Sat 12:59:44 Step:424} Server_Comm.py: Received a new packet while thinking!
{Sat 12:59:44 Step:425} Server_Comm.py: Received a new packet while thinking!
{Sat 12:59:45 Step:426} Server_Comm.py: Received a new packet while thinking!
{Sat 12:59:45 Step:427} Server_Comm.py: Received a new packet while thinking!
{Sat 12:59:45 Step:428} Server_Comm.py: Received a new packet while thinking!
{Sat 12:59:45 Step:429} Server_Comm.py: Received a new packet while thinking!
{Sat 12:59:45 Step:430} Server_Comm.py: Received a new packet while thinking!
{Sat 12:59:45 Step:432} Server_Comm.py: The agent lost 1 packet! Is syncmode enabled?
{Sat 12:59:45 Step:435} Server_Comm.py: Received a new packet while thinking!
{Sat 12:59:45 Step:436} Server_Comm.py: Received a new packet while thinking!
{Sat 12:59:45 Step:438} Server_Comm.py: The agent lost 1 packet! Is syncmode enabled?
{Sat 12:59:45 Step:439} Server_Comm.py: Received a new packet while thinking!
{Sat 12:59:45 Step:440} Server_Comm.py: Received a new packet while thinking!
{Sat 12:59:45 Step:441} Server_Comm.py: Received a new packet while on world.update()!
{Sat 12:59:45 Step:445} Server_Comm.py: Received a new packet while thinking!
{Sat 12:59:45 Step:446} Server_Comm.py: Received a new packet while thinking!
{Sat 12:59:45 Step:447} Server_Comm.py: Received a new packet while thinking!
{Sat 12:59:45 Step:448} Server_Comm.py: Received a new packet while thinking!
{Sat 12:59:46 Step:449} Server_Comm.py: Received a new packet while on world.update()!
{Sat 12:59:46 Step:451} Server_Comm.py: Received a new packet while thinking!
{Sat 12:59:46 Step:452} Server_Comm.py: Received a new packet while thinking!
{Sat 12:59:46 Step:453} Server_Comm.py: Received a new packet while on world.update()!
{Sat 12:59:46 Step:455} Server_Comm.py: Received a new packet while thinking!
{Sat 12:59:46 Step:456} Server_Comm.py: Received a new packet while thinking!
{Sat 12:59:46 Step:458} Server_Comm.py: The agent lost 1 packet! Is syncmode enabled?
{Sat 12:59:46 Step:467} Server_Comm.py: Received a new packet while thinking!
{Sat 12:59:46 Step:469} Server_Comm.py: Received a new packet while thinking!
{Sat 12:59:46 Step:470} Server_Comm.py: Received a new packet while thinking!
{Sat 12:59:46 Step:471} Server_Comm.py: Received a new packet while on world.update()!
{Sat 12:59:47 Step:491} Server_Comm.py: Received a new packet while thinking!
{Sat 12:59:48 Step:496} Server_Comm.py: Received a new packet while thinking!
{Sat 12:59:48 Step:498} Server_Comm.py: The agent lost 1 packet! Is syncmode enabled?
{Sat 12:59:48 Step:498} Server_Comm.py: Received a new packet while thinking!
{Sat 12:59:48 Step:500} Server_Comm.py: The agent lost 1 packet! Is syncmode enabled?
{Sat 12:59:48 Step:500} Server_Comm.py: Received a new packet while thinking!
{Sat 12:59:48 Step:501} Server_Comm.py: Received a new packet while thinking!
{Sat 12:59:48 Step:502} Server_Comm.py: Received a new packet while thinking!
{Sat 12:59:48 Step:503} Server_Comm.py: Received a new packet while on world.update()!
{Sat 12:59:48 Step:505} Server_Comm.py: Received a new packet while thinking!
{Sat 12:59:48 Step:507} Server_Comm.py: Received a new packet while thinking!
{Sat 12:59:48 Step:508} Server_Comm.py: Received a new packet while thinking!
{Sat 12:59:48 Step:509} Server_Comm.py: Received a new packet while on world.update()!
{Sat 12:59:48 Step:511} Server_Comm.py: Received a new packet while thinking!
{Sat 12:59:48 Step:512} Server_Comm.py: Received a new packet while thinking!
{Sat 12:59:48 Step:513} Server_Comm.py: Received a new packet while thinking!
{Sat 12:59:48 Step:514} Server_Comm.py: Received a new packet while thinking!
{Sat 12:59:48 Step:516} Server_Comm.py: The agent lost 1 packet! Is syncmode enabled?
{Sat 12:59:50 Step:537} Server_Comm.py: Received a new packet while on world.update()!
{Sat 12:59:50 Step:539} Server_Comm.py: Received a new packet while thinking!
{Sat 12:59:50 Step:540} Server_Comm.py: Received a new packet while thinking!
{Sat 12:59:50 Step:541} Server_Comm.py: Received a new packet while thinking!
{Sat 12:59:50 Step:542} Server_Comm.py: Received a new packet while thinking!
{Sat 12:59:50 Step:544} Server_Comm.py: The agent lost 1 packet! Is syncmode enabled?
{Sat 12:59:50 Step:544} Server_Comm.py: Received a new packet while thinking!
{Sat 12:59:50 Step:545} Server_Comm.py: Received a new packet while thinking!
{Sat 12:59:50 Step:546} Server_Comm.py: Received a new packet while thinking!
{Sat 12:59:50 Step:548} Server_Comm.py: The agent lost 1 packet! Is syncmode enabled?
{Sat 12:59:50 Step:549} Server_Comm.py: Received a new packet while on world.update()!
{Sat 12:59:51 Step:561} Server_Comm.py: Received a new packet while thinking!
{Sat 12:59:51 Step:562} Server_Comm.py: Received a new packet while thinking!
{Sat 12:59:51 Step:563} Server_Comm.py: Received a new packet while thinking!
{Sat 12:59:51 Step:564} Server_Comm.py: Received a new packet while thinking!
{Sat 12:59:51 Step:565} Server_Comm.py: Received a new packet while thinking!
{Sat 12:59:51 Step:566} Server_Comm.py: Received a new packet while thinking!
{Sat 12:59:51 Step:567} Server_Comm.py: Received a new packet while on world.update()!
{Sat 12:59:52 Step:573} Server_Comm.py: Received a new packet while thinking!
{Sat 12:59:52 Step:574} Server_Comm.py: Received a new packet while thinking!
{Sat 12:59:52 Step:575} Server_Comm.py: Received a new packet while thinking!
{Sat 12:59:52 Step:576} Server_Comm.py: Received a new packet while thinking!
{Sat 12:59:52 Step:577} Server_Comm.py: Received a new packet while thinking!
{Sat 12:59:52 Step:578} Server_Comm.py: Received a new packet while thinking!
{Sat 12:59:52 Step:579} Server_Comm.py: Received a new packet while on world.update()!
{Sat 12:59:52 Step:581} Server_Comm.py: Received a new packet while thinking!
{Sat 12:59:52 Step:582} Server_Comm.py: Received a new packet while thinking!
{Sat 12:59:52 Step:583} Server_Comm.py: Received a new packet while thinking!
{Sat 12:59:52 Step:584} Server_Comm.py: Received a new packet while thinking!
{Sat 12:59:52 Step:585} Server_Comm.py: Received a new packet while thinking!
{Sat 12:59:53 Step:586} Server_Comm.py: Received a new packet while thinking!
{Sat 12:59:53 Step:587} Server_Comm.py: Received a new packet while on world.update()!
{Sat 12:59:53 Step:589} Server_Comm.py: Received a new packet while thinking!
{Sat 12:59:53 Step:590} Server_Comm.py: Received a new packet while thinking!
{Sat 12:59:53 Step:592} Server_Comm.py: The agent lost 1 packet! Is syncmode enabled?
{Sat 12:59:53 Step:593} Server_Comm.py: Received a new packet while on world.update()!
{Sat 12:59:53 Step:595} Server_Comm.py: Received a new packet while on world.update()!
{Sat 12:59:53 Step:596} Server_Comm.py: Received a new packet while thinking!
{Sat 12:59:53 Step:597} Server_Comm.py: Received a new packet while thinking!
{Sat 12:59:53 Step:598} Server_Comm.py: Received a new packet while thinking!
{Sat 12:59:53 Step:599} Server_Comm.py: Received a new packet while thinking!
{Sat 12:59:53 Step:600} Server_Comm.py: Received a new packet while thinking!
{Sat 12:59:53 Step:601} Server_Comm.py: Received a new packet while thinking!
{Sat 12:59:53 Step:602} Server_Comm.py: Received a new packet while thinking!
{Sat 12:59:53 Step:603} Server_Comm.py: Received a new packet while thinking!
{Sat 12:59:53 Step:604} Server_Comm.py: Received a new packet while thinking!
{Sat 12:59:54 Step:605} Server_Comm.py: Received a new packet while thinking!
{Sat 12:59:54 Step:606} Server_Comm.py: Received a new packet while thinking!
{Sat 12:59:54 Step:607} Server_Comm.py: Received a new packet while thinking!
{Sat 12:59:54 Step:608} Server_Comm.py: Received a new packet while thinking!
{Sat 12:59:54 Step:609} Server_Comm.py: Received a new packet while thinking!
{Sat 12:59:54 Step:610} Server_Comm.py: Received a new packet while thinking!
{Sat 12:59:54 Step:611} Server_Comm.py: Received a new packet while thinking!
{Sat 12:59:54 Step:612} Server_Comm.py: Received a new packet while thinking!
{Sat 12:59:54 Step:614} Server_Comm.py: The agent lost 1 packet! Is syncmode enabled?
{Sat 12:59:54 Step:615} Server_Comm.py: Received a new packet while thinking!
{Sat 12:59:54 Step:616} Server_Comm.py: Received a new packet while thinking!
{Sat 12:59:54 Step:617} Server_Comm.py: Received a new packet while thinking!
{Sat 12:59:54 Step:618} Server_Comm.py: Received a new packet while thinking!
{Sat 12:59:54 Step:619} Server_Comm.py: Received a new packet while thinking!
{Sat 12:59:54 Step:620} Server_Comm.py: Received a new packet while thinking!
{Sat 12:59:54 Step:621} Server_Comm.py: Received a new packet while thinking!
{Sat 12:59:54 Step:622} Server_Comm.py: Received a new packet while thinking!
{Sat 12:59:54 Step:623} Server_Comm.py: Received a new packet while thinking!
{Sat 12:59:54 Step:624} Server_Comm.py: Received a new packet while thinking!
{Sat 12:59:55 Step:625} Server_Comm.py: Received a new packet while thinking!
{Sat 12:59:55 Step:626} Server_Comm.py: Received a new packet while thinking!
{Sat 12:59:55 Step:627} Server_Comm.py: Received a new packet while thinking!
{Sat 12:59:55 Step:628} Server_Comm.py: Received a new packet while thinking!
{Sat 12:59:55 Step:629} Server_Comm.py: Received a new packet while thinking!
{Sat 12:59:55 Step:630} Server_Comm.py: Received a new packet while thinking!
{Sat 12:59:55 Step:631} Server_Comm.py: Received a new packet while thinking!
{Sat 12:59:55 Step:632} Server_Comm.py: Received a new packet while thinking!
{Sat 12:59:55 Step:633} Server_Comm.py: Received a new packet while thinking!
{Sat 12:59:55 Step:634} Server_Comm.py: Received a new packet while thinking!
{Sat 12:59:55 Step:636} Server_Comm.py: The agent lost 1 packet! Is syncmode enabled?
{Sat 12:59:56 Step:647} Server_Comm.py: Received a new packet while thinking!
{Sat 12:59:56 Step:648} Server_Comm.py: Received a new packet while thinking!
{Sat 12:59:56 Step:649} Server_Comm.py: Received a new packet while thinking!
{Sat 12:59:56 Step:650} Server_Comm.py: Received a new packet while thinking!
{Sat 12:59:56 Step:651} Server_Comm.py: Received a new packet while thinking!
{Sat 12:59:56 Step:652} Server_Comm.py: Received a new packet while thinking!
{Sat 12:59:56 Step:653} Server_Comm.py: Received a new packet while on world.update()!
{Sat 12:59:56 Step:655} Server_Comm.py: Received a new packet while on world.update()!
{Sat 12:59:56 Step:657} Server_Comm.py: Received a new packet while on world.update()!
{Sat 12:59:56 Step:659} Server_Comm.py: Received a new packet while on world.update()!
{Sat 12:59:56 Step:660} Server_Comm.py: Received a new packet while thinking!
{Sat 12:59:56 Step:661} Server_Comm.py: Received a new packet while on world.update()!
{Sat 12:59:57 Step:663} Server_Comm.py: Received a new packet while thinking!
{Sat 12:59:57 Step:664} Server_Comm.py: Received a new packet while thinking!
{Sat 12:59:57 Step:666} Server_Comm.py: The agent lost 1 packet! Is syncmode enabled?
{Sat 12:59:57 Step:667} Server_Comm.py: Received a new packet while thinking!
{Sat 12:59:57 Step:668} Server_Comm.py: Received a new packet while thinking!
{Sat 12:59:57 Step:670} Server_Comm.py: The agent lost 1 packet! Is syncmode enabled?
{Sat 12:59:57 Step:671} Server_Comm.py: Received a new packet while on world.update()!
{Sat 12:59:57 Step:672} Server_Comm.py: Received a new packet while thinking!
{Sat 12:59:57 Step:674} Server_Comm.py: The agent lost 1 packet! Is syncmode enabled?
{Sat 12:59:57 Step:674} Server_Comm.py: Received a new packet while on world.update()!
{Sat 12:59:58 Step:675} Server_Comm.py: Received a new packet while thinking!
{Sat 12:59:58 Step:676} Server_Comm.py: Received a new packet while thinking!
{Sat 12:59:58 Step:677} Server_Comm.py: Received a new packet while on world.update()!
{Sat 12:59:58 Step:687} Server_Comm.py: Received a new packet while thinking!
{Sat 12:59:58 Step:688} Server_Comm.py: Received a new packet while thinking!
{Sat 12:59:58 Step:690} Server_Comm.py: The agent lost 1 packet! Is syncmode enabled?
{Sat 12:59:58 Step:691} Server_Comm.py: Received a new packet while thinking!
{Sat 12:59:58 Step:694} Server_Comm.py: Received a new packet while thinking!
{Sat 12:59:59 Step:695} Server_Comm.py: Received a new packet while on world.update()!
{Sat 12:59:59 Step:705} Server_Comm.py: Received a new packet while thinking!
{Sat 12:59:59 Step:706} Server_Comm.py: Received a new packet while thinking!
{Sat 12:59:59 Step:707} Server_Comm.py: Received a new packet while thinking!
{Sat 12:59:59 Step:708} Server_Comm.py: Received a new packet while thinking!
{Sat 12:59:59 Step:709} Server_Comm.py: Received a new packet while on world.update()!
{Sat 13:00:00 Step:721} Server_Comm.py: Received a new packet while thinking!
{Sat 13:00:00 Step:722} Server_Comm.py: Received a new packet while thinking!
{Sat 13:00:00 Step:726} Server_Comm.py: The agent lost 3 consecutive packets! Is syncmode disabled?
{Sat 13:00:00 Step:726} Server_Comm.py: Received a new packet while thinking!
{Sat 13:00:00 Step:727} Server_Comm.py: Received a new packet while thinking!
{Sat 13:00:00 Step:728} Server_Comm.py: Received a new packet while thinking!
{Sat 13:00:00 Step:729} Server_Comm.py: Received a new packet while on world.update()!
{Sat 13:00:00 Step:731} Server_Comm.py: Received a new packet while thinking!
{Sat 13:00:00 Step:732} Server_Comm.py: Received a new packet while thinking!
{Sat 13:00:00 Step:734} Server_Comm.py: The agent lost 1 packet! Is syncmode enabled?
{Sat 13:00:01 Step:734} Server_Comm.py: Received a new packet while thinking!
{Sat 13:00:01 Step:735} Server_Comm.py: Received a new packet while thinking!
{Sat 13:00:01 Step:736} Server_Comm.py: Received a new packet while thinking!
{Sat 13:00:01 Step:737} Server_Comm.py: Received a new packet while on world.update()!
{Sat 13:00:01 Step:743} Server_Comm.py: Received a new packet while thinking!
{Sat 13:00:01 Step:744} Server_Comm.py: Received a new packet while thinking!
{Sat 13:00:01 Step:746} Server_Comm.py: The agent lost 1 packet! Is syncmode enabled?
{Sat 13:00:01 Step:746} Server_Comm.py: Received a new packet while thinking!
{Sat 13:00:01 Step:747} Server_Comm.py: Received a new packet while on world.update()!
{Sat 13:00:01 Step:749} Server_Comm.py: Received a new packet while thinking!
{Sat 13:00:02 Step:761} Server_Comm.py: Received a new packet while thinking!
{Sat 13:00:02 Step:769} Server_Comm.py: Received a new packet while thinking!
{Sat 13:00:02 Step:770} Server_Comm.py: Received a new packet while thinking!
{Sat 13:00:02 Step:772} Server_Comm.py: The agent lost 1 packet! Is syncmode enabled?
{Sat 13:00:03 Step:795} Server_Comm.py: Received a new packet while thinking!
{Sat 13:00:03 Step:796} Server_Comm.py: Received a new packet while thinking!
{Sat 13:00:03 Step:797} Server_Comm.py: Received a new packet while thinking!
{Sat 13:00:03 Step:798} Server_Comm.py: Received a new packet while thinking!
{Sat 13:00:03 Step:799} Server_Comm.py: Received a new packet while thinking!
{Sat 13:00:03 Step:800} Server_Comm.py: Received a new packet while thinking!
{Sat 13:00:04 Step:801} Server_Comm.py: Received a new packet while thinking!
{Sat 13:00:04 Step:802} Server_Comm.py: Received a new packet while thinking!
{Sat 13:00:04 Step:804} Server_Comm.py: The agent lost 1 packet! Is syncmode enabled?
{Sat 13:00:04 Step:809} Server_Comm.py: Received a new packet while on world.update()!
{Sat 13:00:04 Step:811} Server_Comm.py: Received a new packet while thinking!
{Sat 13:00:04 Step:812} Server_Comm.py: Received a new packet while thinking!
{Sat 13:00:04 Step:814} Server_Comm.py: The agent lost 1 packet! Is syncmode enabled?
{Sat 13:00:04 Step:820} Server_Comm.py: The agent lost 1 packet! Is syncmode enabled?
{Sat 13:00:04 Step:820} Server_Comm.py: Received a new packet while thinking!
{Sat 13:00:04 Step:821} Server_Comm.py: Received a new packet while thinking!
{Sat 13:00:04 Step:822} Server_Comm.py: Received a new packet while thinking!
{Sat 13:00:04 Step:824} Server_Comm.py: The agent lost 1 packet! Is syncmode enabled?
{Sat 13:00:05 Step:833} Server_Comm.py: Received a new packet while thinking!
{Sat 13:00:05 Step:834} Server_Comm.py: Received a new packet while thinking!
{Sat 13:00:05 Step:835} Server_Comm.py: Received a new packet while on world.update()!
{Sat 13:00:05 Step:843} Server_Comm.py: Received a new packet while thinking!
{Sat 13:00:05 Step:844} Server_Comm.py: Received a new packet while thinking!
{Sat 13:00:05 Step:845} Server_Comm.py: Received a new packet while thinking!
{Sat 13:00:05 Step:846} Server_Comm.py: Received a new packet while thinking!
{Sat 13:00:06 Step:847} Server_Comm.py: Received a new packet while thinking!
{Sat 13:00:06 Step:848} Server_Comm.py: Received a new packet while thinking!
{Sat 13:00:06 Step:849} Server_Comm.py: Received a new packet while on world.update()!
{Sat 13:00:06 Step:859} Server_Comm.py: Received a new packet while thinking!
{Sat 13:00:06 Step:860} Server_Comm.py: Received a new packet while thinking!
{Sat 13:00:06 Step:861} Server_Comm.py: Received a new packet while on world.update()!
{Sat 13:00:06 Step:863} Server_Comm.py: Received a new packet while thinking!
{Sat 13:00:07 Step:864} Server_Comm.py: Received a new packet while thinking!
{Sat 13:00:07 Step:865} Server_Comm.py: Received a new packet while on world.update()!
{Sat 13:00:07 Step:867} Server_Comm.py: Received a new packet while thinking!
{Sat 13:00:07 Step:869} Server_Comm.py: The agent lost 1 packet! Is syncmode enabled?
{Sat 13:00:07 Step:869} Server_Comm.py: Received a new packet while on world.update()!
{Sat 13:00:07 Step:873} Server_Comm.py: Received a new packet while thinking!
{Sat 13:00:07 Step:874} Server_Comm.py: Received a new packet while thinking!
{Sat 13:00:07 Step:875} Server_Comm.py: Received a new packet while thinking!
{Sat 13:00:07 Step:876} Server_Comm.py: Received a new packet while thinking!
{Sat 13:00:07 Step:877} Server_Comm.py: Received a new packet while thinking!
{Sat 13:00:07 Step:878} Server_Comm.py: Received a new packet while thinking!
{Sat 13:00:07 Step:879} Server_Comm.py: Received a new packet while thinking!
{Sat 13:00:07 Step:880} Server_Comm.py: Received a new packet while thinking!
{Sat 13:00:07 Step:881} Server_Comm.py: Received a new packet while on world.update()!
{Sat 13:00:07 Step:883} Server_Comm.py: Received a new packet while on world.update()!
{Sat 13:00:08 Step:885} Server_Comm.py: Received a new packet while thinking!
{Sat 13:00:08 Step:887} Server_Comm.py: The agent lost 1 packet! Is syncmode enabled?
{Sat 13:00:08 Step:887} Server_Comm.py: Received a new packet while on world.update()!
{Sat 13:00:08 Step:889} Server_Comm.py: Received a new packet while thinking!
{Sat 13:00:08 Step:890} Server_Comm.py: Received a new packet while thinking!
{Sat 13:00:08 Step:891} Server_Comm.py: Received a new packet while thinking!
{Sat 13:00:08 Step:892} Server_Comm.py: Received a new packet while thinking!
{Sat 13:00:08 Step:895} Server_Comm.py: The agent lost 2 consecutive packets! Is syncmode disabled?
{Sat 13:00:08 Step:895} Server_Comm.py: Received a new packet while on world.update()!
{Sat 13:00:08 Step:900} Server_Comm.py: The agent lost 1 packet! Is syncmode enabled?
{Sat 13:00:08 Step:900} Server_Comm.py: Received a new packet while on world.update()!
{Sat 13:00:08 Step:901} Server_Comm.py: Received a new packet while thinking!
{Sat 13:00:09 Step:902} Server_Comm.py: Received a new packet while thinking!
{Sat 13:00:09 Step:903} Server_Comm.py: Received a new packet while thinking!
{Sat 13:00:09 Step:904} Server_Comm.py: Received a new packet while thinking!
{Sat 13:00:09 Step:905} Server_Comm.py: Received a new packet while thinking!
{Sat 13:00:09 Step:906} Server_Comm.py: Received a new packet while thinking!
{Sat 13:00:09 Step:907} Server_Comm.py: Received a new packet while thinking!
{Sat 13:00:09 Step:908} Server_Comm.py: Received a new packet while thinking!
{Sat 13:00:09 Step:910} Server_Comm.py: The agent lost 1 packet! Is syncmode enabled?
{Sat 13:00:09 Step:911} Server_Comm.py: Received a new packet while thinking!
{Sat 13:00:09 Step:912} Server_Comm.py: Received a new packet while thinking!
{Sat 13:00:09 Step:913} Server_Comm.py: Received a new packet while on world.update()!
{Sat 13:00:09 Step:915} Server_Comm.py: Received a new packet while on world.update()!
{Sat 13:00:09 Step:917} Server_Comm.py: Received a new packet while on world.update()!
{Sat 13:00:10 Step:919} Server_Comm.py: Received a new packet while thinking!
{Sat 13:00:10 Step:920} Server_Comm.py: Received a new packet while on world.update()!
{Sat 13:00:10 Step:935} Server_Comm.py: Received a new packet while thinking!
{Sat 13:00:10 Step:936} Server_Comm.py: Received a new packet while on world.update()!
{Sat 13:00:11 Step:943} Server_Comm.py: Received a new packet while thinking!
{Sat 13:00:11 Step:944} Server_Comm.py: Received a new packet while thinking!
{Sat 13:00:11 Step:945} Server_Comm.py: Received a new packet while thinking!
{Sat 13:00:11 Step:946} Server_Comm.py: Received a new packet while thinking!
{Sat 13:00:11 Step:948} Server_Comm.py: The agent lost 1 packet! Is syncmode enabled?
{Sat 13:00:12 Step:949} Server_Comm.py: Received a new packet while thinking!
{Sat 13:00:12 Step:950} Server_Comm.py: Received a new packet while thinking!
{Sat 13:00:12 Step:952} Server_Comm.py: The agent lost 1 packet! Is syncmode enabled?
{Sat 13:00:12 Step:952} Server_Comm.py: Received a new packet while thinking!
{Sat 13:00:12 Step:953} Server_Comm.py: Received a new packet while thinking!
{Sat 13:00:12 Step:954} Server_Comm.py: Received a new packet while thinking!
{Sat 13:00:12 Step:955} Server_Comm.py: Received a new packet while thinking!
{Sat 13:00:12 Step:956} Server_Comm.py: Received a new packet while thinking!
{Sat 13:00:12 Step:957} Server_Comm.py: Received a new packet while thinking!
{Sat 13:00:12 Step:958} Server_Comm.py: Received a new packet while thinking!
{Sat 13:00:12 Step:960} Server_Comm.py: The agent lost 1 packet! Is syncmode enabled?
{Sat 13:00:12 Step:961} Server_Comm.py: Received a new packet while thinking!
{Sat 13:00:12 Step:962} Server_Comm.py: Received a new packet while thinking!
{Sat 13:00:12 Step:963} Server_Comm.py: Received a new packet while on world.update()!
{Sat 13:00:12 Step:965} Server_Comm.py: Received a new packet while thinking!
{Sat 13:00:13 Step:966} Server_Comm.py: Received a new packet while thinking!
{Sat 13:00:13 Step:967} Server_Comm.py: Received a new packet while thinking!
{Sat 13:00:13 Step:968} Server_Comm.py: Received a new packet while thinking!
{Sat 13:00:13 Step:969} Server_Comm.py: Received a new packet while on world.update()!
{Sat 13:00:13 Step:974} Server_Comm.py: Received a new packet while on world.update()!
{Sat 13:00:13 Step:975} Server_Comm.py: Received a new packet while thinking!
{Sat 13:00:13 Step:976} Server_Comm.py: Received a new packet while thinking!
{Sat 13:00:13 Step:977} Server_Comm.py: Received a new packet while thinking!
{Sat 13:00:13 Step:978} Server_Comm.py: Received a new packet while thinking!
{Sat 13:00:13 Step:979} Server_Comm.py: Received a new packet while on world.update()!
{Sat 13:00:13 Step:982} Server_Comm.py: The agent lost 1 packet! Is syncmode enabled?
{Sat 13:00:14 Step:983} Server_Comm.py: Received a new packet while on world.update()!
{Sat 13:00:14 Step:985} Server_Comm.py: Received a new packet while thinking!
{Sat 13:00:14 Step:986} Server_Comm.py: Received a new packet while thinking!
{Sat 13:00:14 Step:988} Server_Comm.py: The agent lost 1 packet! Is syncmode enabled?
{Sat 13:00:14 Step:989} Server_Comm.py: Received a new packet while thinking!
{Sat 13:00:14 Step:994} Server_Comm.py: The agent lost 4 consecutive packets! Is syncmode disabled?
{Sat 13:00:14 Step:994} Server_Comm.py: Received a new packet while on world.update()!
{Sat 13:00:14 Step:996} Server_Comm.py: The agent lost 1 packet! Is syncmode enabled?
{Sat 13:00:15 Step:996} Server_Comm.py: Received a new packet while thinking!
{Sat 13:00:15 Step:997} Server_Comm.py: Received a new packet while thinking!
{Sat 13:00:15 Step:998} Server_Comm.py: Received a new packet while thinking!
{Sat 13:00:15 Step:999} Server_Comm.py: Received a new packet while thinking!
{Sat 13:00:15 Step:1000} Server_Comm.py: Received a new packet while thinking!
{Sat 13:00:15 Step:1001} Server_Comm.py: Received a new packet while thinking!
{Sat 13:00:15 Step:1002} Server_Comm.py: Received a new packet while thinking!
{Sat 13:00:15 Step:1003} Server_Comm.py: Received a new packet while thinking!
{Sat 13:00:15 Step:1004} Server_Comm.py: Received a new packet while thinking!
{Sat 13:00:15 Step:1005} Server_Comm.py: Received a new packet while on world.update()!
{Sat 13:00:16 Step:1009} Server_Comm.py: Received a new packet while thinking!
{Sat 13:00:16 Step:1011} Server_Comm.py: Received a new packet while thinking!
{Sat 13:00:16 Step:1012} Server_Comm.py: Received a new packet while thinking!
{Sat 13:00:16 Step:1013} Server_Comm.py: Received a new packet while thinking!
{Sat 13:00:16 Step:1014} Server_Comm.py: Received a new packet while thinking!
{Sat 13:00:16 Step:1015} Server_Comm.py: Received a new packet while on world.update()!
{Sat 13:00:16 Step:1016} Server_Comm.py: Received a new packet while thinking!
{Sat 13:00:16 Step:1019} Server_Comm.py: Received a new packet while thinking!
{Sat 13:00:16 Step:1021} Server_Comm.py: The agent lost 1 packet! Is syncmode enabled?
{Sat 13:00:16 Step:1021} Server_Comm.py: Received a new packet while thinking!
{Sat 13:00:17 Step:1022} Server_Comm.py: Received a new packet while thinking!
{Sat 13:00:17 Step:1023} Server_Comm.py: Received a new packet while thinking!
{Sat 13:00:17 Step:1024} Server_Comm.py: Received a new packet while thinking!
{Sat 13:00:17 Step:1025} Server_Comm.py: Received a new packet while on world.update()!
{Sat 13:00:17 Step:1029} Server_Comm.py: Received a new packet while on world.update()!
{Sat 13:00:17 Step:1033} Server_Comm.py: Received a new packet while thinking!
{Sat 13:00:18 Step:1034} Server_Comm.py: Received a new packet while thinking!
{Sat 13:00:18 Step:1035} Server_Comm.py: Received a new packet while on world.update()!
{Sat 13:00:18 Step:1038} Server_Comm.py: The agent lost 2 consecutive packets! Is syncmode disabled?
{Sat 13:00:18 Step:1038} Server_Comm.py: Received a new packet while thinking!
{Sat 13:00:18 Step:1040} Server_Comm.py: The agent lost 1 packet! Is syncmode enabled?
{Sat 13:00:18 Step:1040} Server_Comm.py: Received a new packet while thinking!
{Sat 13:00:18 Step:1041} Server_Comm.py: Received a new packet while on world.update()!
{Sat 13:00:18 Step:1045} Server_Comm.py: Received a new packet while on world.update()!
{Sat 13:00:19 Step:1047} Server_Comm.py: Received a new packet while thinking!
{Sat 13:00:19 Step:1048} Server_Comm.py: Received a new packet while thinking!
{Sat 13:00:19 Step:1050} Server_Comm.py: The agent lost 1 packet! Is syncmode enabled?
{Sat 13:00:19 Step:1051} Server_Comm.py: Received a new packet while on world.update()!
{Sat 13:00:20 Step:1057} Server_Comm.py: Received a new packet while on world.update()!
{Sat 13:00:20 Step:1059} Server_Comm.py: Received a new packet while on world.update()!
{Sat 13:00:20 Step:1063} Server_Comm.py: Received a new packet while thinking!
{Sat 13:00:21 Step:1064} Server_Comm.py: Received a new packet while thinking!
{Sat 13:00:21 Step:1066} Server_Comm.py: The agent lost 1 packet! Is syncmode enabled?
{Sat 13:00:21 Step:1066} Server_Comm.py: Received a new packet while thinking!
{Sat 13:00:21 Step:1068} Server_Comm.py: The agent lost 1 packet! Is syncmode enabled?
{Sat 13:00:21 Step:1068} Server_Comm.py: Received a new packet while thinking!
{Sat 13:00:21 Step:1069} Server_Comm.py: Received a new packet while thinking!
{Sat 13:00:21 Step:1070} Server_Comm.py: Received a new packet while thinking!
{Sat 13:00:21 Step:1071} Server_Comm.py: Received a new packet while thinking!
{Sat 13:00:21 Step:1072} Server_Comm.py: Received a new packet while thinking!
{Sat 13:00:22 Step:1073} Server_Comm.py: Received a new packet while thinking!
{Sat 13:00:22 Step:1074} Server_Comm.py: Received a new packet while thinking!
{Sat 13:00:22 Step:1075} Server_Comm.py: Received a new packet while thinking!
{Sat 13:00:22 Step:1076} Server_Comm.py: Received a new packet while thinking!
{Sat 13:00:22 Step:1077} Server_Comm.py: Received a new packet while on world.update()!
{Sat 13:00:23 Step:1081} Server_Comm.py: Received a new packet while thinking!
{Sat 13:00:23 Step:1082} Server_Comm.py: Received a new packet while thinking!
{Sat 13:00:23 Step:1083} Server_Comm.py: Received a new packet while thinking!
{Sat 13:00:23 Step:1084} Server_Comm.py: Received a new packet while thinking!
{Sat 13:00:23 Step:1085} Server_Comm.py: Received a new packet while thinking!
{Sat 13:00:23 Step:1086} Server_Comm.py: Received a new packet while thinking!
{Sat 13:00:23 Step:1088} Server_Comm.py: The agent lost 1 packet! Is syncmode enabled?
{Sat 13:00:24 Step:1091} Server_Comm.py: Received a new packet while thinking!
{Sat 13:00:24 Step:1092} Server_Comm.py: Received a new packet while thinking!
{Sat 13:00:24 Step:1093} Server_Comm.py: Received a new packet while thinking!
{Sat 13:00:24 Step:1094} Server_Comm.py: Received a new packet while thinking!
{Sat 13:00:24 Step:1096} Server_Comm.py: The agent lost 1 packet! Is syncmode enabled?
{Sat 13:00:24 Step:1099} Server_Comm.py: Received a new packet while thinking!
{Sat 13:00:24 Step:1100} Server_Comm.py: Received a new packet while on world.update()!
{Sat 13:00:25 Step:1101} Server_Comm.py: Received a new packet while thinking!
{Sat 13:00:25 Step:1102} Server_Comm.py: Received a new packet while thinking!
{Sat 13:00:25 Step:1103} Server_Comm.py: Received a new packet while thinking!
{Sat 13:00:25 Step:1104} Server_Comm.py: Received a new packet while thinking!
{Sat 13:00:25 Step:1105} Server_Comm.py: Received a new packet while on world.update()!
{Sat 13:00:27 Step:1113} Server_Comm.py: Received a new packet while thinking!
{Sat 13:00:27 Step:1115} Server_Comm.py: The agent lost 1 packet! Is syncmode enabled?
{Sat 13:00:27 Step:1115} Server_Comm.py: Received a new packet while on world.update()!
{Sat 13:00:27 Step:1116} Server_Comm.py: Received a new packet while thinking!
{Sat 13:00:27 Step:1117} Server_Comm.py: Received a new packet while on world.update()!
{Sat 13:00:27 Step:1119} Server_Comm.py: The agent lost 1 packet! Is syncmode enabled?
{Sat 13:00:28 Step:1119} Server_Comm.py: Received a new packet while thinking!
{Sat 13:00:28 Step:1121} Server_Comm.py: The agent lost 1 packet! Is syncmode enabled?
{Sat 13:00:28 Step:1125} Server_Comm.py: Received a new packet while thinking!
{Sat 13:00:28 Step:1126} Server_Comm.py: Received a new packet while thinking!
{Sat 13:00:28 Step:1127} Server_Comm.py: Received a new packet while on world.update()!
{Sat 13:00:29 Step:1129} Server_Comm.py: Received a new packet while thinking!
{Sat 13:00:29 Step:1131} Server_Comm.py: The agent lost 1 packet! Is syncmode enabled?
{Sat 13:00:29 Step:1131} Server_Comm.py: Received a new packet while thinking!
{Sat 13:00:29 Step:1132} Server_Comm.py: Received a new packet while thinking!
{Sat 13:00:29 Step:1133} Server_Comm.py: Received a new packet while on world.update()!
{Sat 13:00:30 Step:1139} Server_Comm.py: Received a new packet while thinking!
{Sat 13:00:30 Step:1143} Server_Comm.py: Received a new packet while thinking!
{Sat 13:00:31 Step:1147} Server_Comm.py: Received a new packet while thinking!
{Sat 13:00:32 Step:1154} Server_Comm.py: The agent lost 1 packet! Is syncmode enabled?
{Sat 13:00:33 Step:1163} Server_Comm.py: Received a new packet while thinking!
{Sat 13:00:33 Step:1164} Server_Comm.py: Received a new packet while thinking!
{Sat 13:00:33 Step:1165} Server_Comm.py: Received a new packet while thinking!
{Sat 13:00:33 Step:1166} Server_Comm.py: Received a new packet while thinking!
{Sat 13:00:33 Step:1168} Server_Comm.py: The agent lost 1 packet! Is syncmode enabled?
{Sat 13:00:33 Step:1168} Server_Comm.py: Received a new packet while thinking!
{Sat 13:00:33 Step:1169} Server_Comm.py: Received a new packet while thinking!
{Sat 13:00:34 Step:1170} Server_Comm.py: Received a new packet while thinking!
{Sat 13:00:34 Step:1171} Server_Comm.py: Received a new packet while thinking!
{Sat 13:00:34 Step:1172} Server_Comm.py: Received a new packet while thinking!
{Sat 13:00:34 Step:1173} Server_Comm.py: Received a new packet while on world.update()!
{Sat 13:00:36 Step:1195} Server_Comm.py: Received a new packet while on world.update()!
{Sat 13:00:38 Step:1210} Server_Comm.py: The agent lost 1 packet! Is syncmode enabled?
{Sat 13:00:40 Step:1223} Server_Comm.py: Received a new packet while thinking!
{Sat 13:00:42 Step:1235} Server_Comm.py: Received a new packet while on world.update()!
{Sat 13:00:42 Step:1237} Server_Comm.py: Received a new packet while thinking!
{Sat 13:00:42 Step:1238} Server_Comm.py: Received a new packet while thinking!
{Sat 13:00:42 Step:1239} Server_Comm.py: Received a new packet while thinking!
{Sat 13:00:42 Step:1240} Server_Comm.py: Received a new packet while thinking!
{Sat 13:00:42 Step:1241} Server_Comm.py: Received a new packet while on world.update()!
{Sat 13:00:42 Step:1243} Server_Comm.py: The agent lost 1 packet! Is syncmode enabled?
{Sat 13:00:43 Step:1245} Server_Comm.py: Received a new packet while thinking!
{Sat 13:00:43 Step:1247} Server_Comm.py: The agent lost 1 packet! Is syncmode enabled?
{Sat 13:00:43 Step:1247} Server_Comm.py: Received a new packet while thinking!
{Sat 13:00:43 Step:1248} Server_Comm.py: Received a new packet while thinking!
{Sat 13:00:43 Step:1249} Server_Comm.py: Received a new packet while thinking!
{Sat 13:00:43 Step:1250} Server_Comm.py: Received a new packet while thinking!
{Sat 13:00:43 Step:1251} Server_Comm.py: Received a new packet while thinking!
{Sat 13:00:44 Step:1252} Server_Comm.py: Received a new packet while thinking!
{Sat 13:00:44 Step:1253} Server_Comm.py: Received a new packet while thinking!
{Sat 13:00:44 Step:1254} Server_Comm.py: Received a new packet while thinking!
{Sat 13:00:44 Step:1255} Server_Comm.py: Received a new packet while thinking!
{Sat 13:00:44 Step:1256} Server_Comm.py: Received a new packet while thinking!
{Sat 13:00:44 Step:1257} Server_Comm.py: Received a new packet while thinking!
{Sat 13:00:44 Step:1258} Server_Comm.py: Received a new packet while thinking!
{Sat 13:00:45 Step:1259} Server_Comm.py: Received a new packet while thinking!
{Sat 13:00:45 Step:1260} Server_Comm.py: Received a new packet while thinking!
{Sat 13:00:45 Step:1262} Server_Comm.py: The agent lost 1 packet! Is syncmode enabled?
{Sat 13:00:45 Step:1263} Server_Comm.py: Received a new packet while on world.update()!
{Sat 13:00:46 Step:1269} Server_Comm.py: Received a new packet while thinking!
{Sat 13:00:46 Step:1270} Server_Comm.py: Received a new packet while thinking!
{Sat 13:00:46 Step:1271} Server_Comm.py: Received a new packet while on world.update()!
{Sat 13:00:46 Step:1273} Server_Comm.py: Received a new packet while thinking!
{Sat 13:00:46 Step:1274} Server_Comm.py: Received a new packet while thinking!
{Sat 13:00:46 Step:1275} Server_Comm.py: Received a new packet while thinking!
{Sat 13:00:46 Step:1276} Server_Comm.py: Received a new packet while thinking!
{Sat 13:00:46 Step:1277} Server_Comm.py: Received a new packet while thinking!
{Sat 13:00:47 Step:1278} Server_Comm.py: Received a new packet while thinking!
{Sat 13:00:47 Step:1280} Server_Comm.py: The agent lost 1 packet! Is syncmode enabled?
{Sat 13:00:47 Step:1280} Server_Comm.py: Received a new packet while thinking!
{Sat 13:00:47 Step:1281} Server_Comm.py: Received a new packet while thinking!
{Sat 13:00:47 Step:1282} Server_Comm.py: Received a new packet while thinking!
{Sat 13:00:47 Step:1283} Server_Comm.py: Received a new packet while thinking!
{Sat 13:00:47 Step:1284} Server_Comm.py: Received a new packet while thinking!
{Sat 13:00:47 Step:1285} Server_Comm.py: Received a new packet while thinking!
{Sat 13:00:47 Step:1286} Server_Comm.py: Received a new packet while thinking!
{Sat 13:00:47 Step:1288} Server_Comm.py: The agent lost 1 packet! Is syncmode enabled?
{Sat 13:00:48 Step:1291} Server_Comm.py: Received a new packet while thinking!
{Sat 13:00:48 Step:1293} Server_Comm.py: The agent lost 1 packet! Is syncmode enabled?
{Sat 13:00:48 Step:1293} Server_Comm.py: Received a new packet while thinking!
{Sat 13:00:48 Step:1294} Server_Comm.py: Received a new packet while thinking!
{Sat 13:00:49 Step:1295} Server_Comm.py: Received a new packet while on world.update()!
{Sat 13:00:49 Step:1297} Server_Comm.py: The agent lost 1 packet! Is syncmode enabled?
{Sat 13:00:49 Step:1297} Server_Comm.py: Received a new packet while thinking!
{Sat 13:00:49 Step:1298} Server_Comm.py: Received a new packet while thinking!
{Sat 13:00:49 Step:1300} Server_Comm.py: The agent lost 1 packet! Is syncmode enabled?
{Sat 13:00:49 Step:1300} Server_Comm.py: Received a new packet while thinking!
{Sat 13:00:49 Step:1302} Server_Comm.py: The agent lost 1 packet! Is syncmode enabled?
{Sat 13:00:50 Step:1302} Server_Comm.py: Received a new packet while thinking!
{Sat 13:00:50 Step:1304} Server_Comm.py: The agent lost 1 packet! Is syncmode enabled?
{Sat 13:00:50 Step:1304} Server_Comm.py: Received a new packet while on world.update()!
{Sat 13:00:50 Step:1305} Server_Comm.py: Received a new packet while on world.update()!
{Sat 13:00:50 Step:1307} Server_Comm.py: Received a new packet while thinking!
{Sat 13:00:51 Step:1308} Server_Comm.py: Received a new packet while thinking!
{Sat 13:00:51 Step:1309} Server_Comm.py: Received a new packet while on world.update()!
{Sat 13:00:51 Step:1313} Server_Comm.py: Received a new packet while on world.update()!
{Sat 13:00:52 Step:1315} Server_Comm.py: Received a new packet while thinking!
{Sat 13:00:52 Step:1316} Server_Comm.py: Received a new packet while thinking!
{Sat 13:00:53 Step:1317} Server_Comm.py: Received a new packet while on world.update()!
{Sat 13:00:53 Step:1319} Server_Comm.py: Received a new packet while thinking!
{Sat 13:00:53 Step:1320} Server_Comm.py: Received a new packet while thinking!
{Sat 13:00:53 Step:1322} Server_Comm.py: The agent lost 1 packet! Is syncmode enabled?
{Sat 13:00:54 Step:1323} Server_Comm.py: Received a new packet while thinking!
{Sat 13:00:54 Step:1324} Server_Comm.py: Received a new packet while on world.update()!
{Sat 13:00:54 Step:1325} Server_Comm.py: Received a new packet while on world.update()!
{Sat 13:00:54 Step:1326} Server_Comm.py: Received a new packet while thinking!
{Sat 13:00:54 Step:1328} Server_Comm.py: The agent lost 1 packet! Is syncmode enabled?
{Sat 13:00:54 Step:1328} Server_Comm.py: Received a new packet while thinking!
{Sat 13:00:54 Step:1329} Server_Comm.py: Received a new packet while on world.update()!
{Sat 13:00:55 Step:1331} Server_Comm.py: Received a new packet while thinking!
{Sat 13:00:55 Step:1332} Server_Comm.py: Received a new packet while thinking!
{Sat 13:00:55 Step:1333} Server_Comm.py: Received a new packet while on world.update()!
{Sat 13:00:55 Step:1335} Server_Comm.py: Received a new packet while thinking!
{Sat 13:00:55 Step:1336} Server_Comm.py: Received a new packet while thinking!
{Sat 13:00:56 Step:1338} Server_Comm.py: The agent lost 1 packet! Is syncmode enabled?
{Sat 13:00:56 Step:1339} Server_Comm.py: Received a new packet while thinking!
{Sat 13:00:56 Step:1340} Server_Comm.py: Received a new packet while thinking!
{Sat 13:00:56 Step:1342} Server_Comm.py: The agent lost 1 packet! Is syncmode enabled?
{Sat 13:00:56 Step:1342} Server_Comm.py: Received a new packet while thinking!
{Sat 13:00:56 Step:1344} Server_Comm.py: The agent lost 1 packet! Is syncmode enabled?
{Sat 13:00:56 Step:1345} Server_Comm.py: Received a new packet while thinking!
{Sat 13:00:56 Step:1346} Server_Comm.py: Received a new packet while on world.update()!
{Sat 13:00:56 Step:1347} Server_Comm.py: Received a new packet while thinking!
{Sat 13:00:57 Step:1353} Server_Comm.py: Received a new packet while thinking!
{Sat 13:00:57 Step:1355} Server_Comm.py: The agent lost 1 packet! Is syncmode enabled?
{Sat 13:00:57 Step:1355} Server_Comm.py: Received a new packet while on world.update()!
{Sat 13:00:57 Step:1357} Server_Comm.py: Received a new packet while thinking!
{Sat 13:00:57 Step:1358} Server_Comm.py: Received a new packet while thinking!
{Sat 13:00:57 Step:1359} Server_Comm.py: Received a new packet while thinking!
{Sat 13:00:58 Step:1360} Server_Comm.py: Received a new packet while thinking!
{Sat 13:00:58 Step:1361} Server_Comm.py: Received a new packet while thinking!
{Sat 13:00:58 Step:1362} Server_Comm.py: Received a new packet while thinking!
{Sat 13:00:58 Step:1363} Server_Comm.py: Received a new packet while on world.update()!
{Sat 13:00:58 Step:1365} Server_Comm.py: Received a new packet while thinking!
{Sat 13:00:58 Step:1367} Server_Comm.py: Received a new packet while thinking!
{Sat 13:00:58 Step:1368} Server_Comm.py: Received a new packet while thinking!
{Sat 13:00:58 Step:1369} Server_Comm.py: Received a new packet while thinking!
{Sat 13:00:58 Step:1370} Server_Comm.py: Received a new packet while thinking!
{Sat 13:00:58 Step:1371} Server_Comm.py: Received a new packet while on world.update()!
{Sat 13:00:58 Step:1375} Server_Comm.py: Received a new packet while on world.update()!
{Sat 13:00:59 Step:1377} Server_Comm.py: Received a new packet while thinking!
{Sat 13:00:59 Step:1378} Server_Comm.py: Received a new packet while thinking!
{Sat 13:00:59 Step:1380} Server_Comm.py: The agent lost 1 packet! Is syncmode enabled?
{Sat 13:00:59 Step:1381} Server_Comm.py: Received a new packet while thinking!
{Sat 13:00:59 Step:1382} Server_Comm.py: Received a new packet while thinking!
{Sat 13:00:59 Step:1384} Server_Comm.py: The agent lost 1 packet! Is syncmode enabled?
{Sat 13:00:59 Step:1385} Server_Comm.py: Received a new packet while thinking!
{Sat 13:00:59 Step:1386} Server_Comm.py: Received a new packet while thinking!
{Sat 13:00:59 Step:1388} Server_Comm.py: The agent lost 1 packet! Is syncmode enabled?
{Sat 13:00:59 Step:1388} Server_Comm.py: Received a new packet while thinking!
{Sat 13:00:59 Step:1390} Server_Comm.py: The agent lost 1 packet! Is syncmode enabled?
{Sat 13:00:59 Step:1391} Server_Comm.py: Received a new packet while thinking!
{Sat 13:00:59 Step:1392} Server_Comm.py: Received a new packet while thinking!
{Sat 13:00:59 Step:1393} Server_Comm.py: Received a new packet while on world.update()!
{Sat 13:01:00 Step:1395} Server_Comm.py: Received a new packet while on world.update()!
{Sat 13:01:00 Step:1397} Server_Comm.py: Received a new packet while thinking!
{Sat 13:01:00 Step:1398} Server_Comm.py: Received a new packet while thinking!
{Sat 13:01:00 Step:1400} Server_Comm.py: The agent lost 1 packet! Is syncmode enabled?
{Sat 13:01:00 Step:1401} Server_Comm.py: Received a new packet while thinking!
{Sat 13:01:00 Step:1402} Server_Comm.py: Received a new packet while thinking!
{Sat 13:01:00 Step:1403} Server_Comm.py: Received a new packet while thinking!
{Sat 13:01:00 Step:1404} Server_Comm.py: Received a new packet while thinking!
{Sat 13:01:00 Step:1406} Server_Comm.py: The agent lost 1 packet! Is syncmode enabled?
{Sat 13:01:00 Step:1406} Server_Comm.py: Received a new packet while thinking!
{Sat 13:01:00 Step:1407} Server_Comm.py: Received a new packet while on world.update()!
{Sat 13:01:01 Step:1409} Server_Comm.py: Received a new packet while thinking!
{Sat 13:01:01 Step:1410} Server_Comm.py: Received a new packet while thinking!
{Sat 13:01:01 Step:1411} Server_Comm.py: Received a new packet while thinking!
{Sat 13:01:01 Step:1412} Server_Comm.py: Received a new packet while thinking!
{Sat 13:01:01 Step:1413} Server_Comm.py: Received a new packet while on world.update()!
{Sat 13:01:01 Step:1415} Server_Comm.py: Received a new packet while on world.update()!
{Sat 13:01:01 Step:1417} Server_Comm.py: Received a new packet while thinking!
{Sat 13:01:01 Step:1418} Server_Comm.py: Received a new packet while thinking!
{Sat 13:01:01 Step:1419} Server_Comm.py: Received a new packet while thinking!
{Sat 13:01:01 Step:1420} Server_Comm.py: Received a new packet while thinking!
{Sat 13:01:01 Step:1422} Server_Comm.py: The agent lost 1 packet! Is syncmode enabled?
{Sat 13:01:01 Step:1422} Server_Comm.py: Received a new packet while on world.update()!
{Sat 13:01:01 Step:1423} Server_Comm.py: Received a new packet while on world.update()!
{Sat 13:01:02 Step:1424} Server_Comm.py: Received a new packet while thinking!
{Sat 13:01:02 Step:1426} Server_Comm.py: The agent lost 1 packet! Is syncmode enabled?
{Sat 13:01:02 Step:1426} Server_Comm.py: Received a new packet while on world.update()!
{Sat 13:01:02 Step:1428} Server_Comm.py: The agent lost 1 packet! Is syncmode enabled?
{Sat 13:01:02 Step:1429} Server_Comm.py: Received a new packet while thinking!
{Sat 13:01:02 Step:1430} Server_Comm.py: Received a new packet while thinking!
{Sat 13:01:02 Step:1431} Server_Comm.py: Received a new packet while thinking!
{Sat 13:01:02 Step:1432} Server_Comm.py: Received a new packet while thinking!
{Sat 13:01:02 Step:1433} Server_Comm.py: Received a new packet while thinking!
{Sat 13:01:02 Step:1434} Server_Comm.py: Received a new packet while thinking!
{Sat 13:01:02 Step:1436} Server_Comm.py: The agent lost 1 packet! Is syncmode enabled?
{Sat 13:01:02 Step:1437} Server_Comm.py: Received a new packet while thinking!
{Sat 13:01:02 Step:1438} Server_Comm.py: Received a new packet while thinking!
{Sat 13:01:03 Step:1439} Server_Comm.py: Received a new packet while thinking!
{Sat 13:01:03 Step:1440} Server_Comm.py: Received a new packet while thinking!
{Sat 13:01:03 Step:1441} Server_Comm.py: Received a new packet while on world.update()!
{Sat 13:01:03 Step:1443} Server_Comm.py: Received a new packet while thinking!
{Sat 13:01:03 Step:1447} Server_Comm.py: Received a new packet while thinking!
{Sat 13:01:03 Step:1448} Server_Comm.py: Received a new packet while on world.update()!
{Sat 13:01:03 Step:1449} Server_Comm.py: Received a new packet while thinking!
{Sat 13:01:03 Step:1450} Server_Comm.py: Received a new packet while thinking!
{Sat 13:01:03 Step:1452} Server_Comm.py: The agent lost 1 packet! Is syncmode enabled?
{Sat 13:01:03 Step:1452} Server_Comm.py: Received a new packet while thinking!
{Sat 13:01:03 Step:1453} Server_Comm.py: Received a new packet while thinking!
{Sat 13:01:03 Step:1454} Server_Comm.py: Received a new packet while thinking!
{Sat 13:01:03 Step:1455} Server_Comm.py: Received a new packet while on world.update()!
