{Sat 16:06:55 Step:1} Server_Comm.py: Received a new packet while on world.update()!
{Sat 16:06:55 Step:12} Server_Comm.py: The agent lost 10 consecutive packets! Is syncmode disabled?
{Sat 16:06:55 Step:12} Server_Comm.py: Received a new packet while on world.update()!
{Sat 16:06:55 Step:14} Server_Comm.py: The agent lost 1 packet! Is syncmode enabled?
{Sat 16:06:55 Step:14} Server_Comm.py: Received a new packet while on world.update()!
{Sat 16:06:55 Step:17} Server_Comm.py: The agent lost 2 consecutive packets! Is syncmode disabled?
{Sat 16:06:56 Step:17} Server_Comm.py: Received a new packet while on world.update()!
{Sat 16:06:56 Step:24} Server_Comm.py: The agent lost 6 consecutive packets! Is syncmode disabled?
{Sat 16:06:56 Step:24} Server_Comm.py: Received a new packet while on world.update()!
{Sat 16:06:56 Step:32} Server_Comm.py: The agent lost 7 consecutive packets! Is syncmode disabled?
{Sat 16:06:56 Step:32} Server_Comm.py: Received a new packet while on world.update()!
{Sat 16:06:56 Step:40} Server_Comm.py: The agent lost 7 consecutive packets! Is syncmode disabled?
{Sat 16:06:56 Step:42} Server_Comm.py: The agent lost 1 packet! Is syncmode enabled?
{Sat 16:06:56 Step:42} Server_Comm.py: Received a new packet while on world.update()!
{Sat 16:06:56 Step:44} Server_Comm.py: The agent lost 1 packet! Is syncmode enabled?
{Sat 16:06:56 Step:44} Server_Comm.py: Received a new packet while on world.update()!
{Sat 16:06:56 Step:46} Server_Comm.py: The agent lost 1 packet! Is syncmode enabled?
{Sat 16:06:56 Step:48} Server_Comm.py: The agent lost 1 packet! Is syncmode enabled?
{Sat 16:06:57 Step:49} Server_Comm.py: Received a new packet while on world.update()!
{Sat 16:06:57 Step:51} Server_Comm.py: The agent lost 1 packet! Is syncmode enabled?
{Sat 16:06:57 Step:51} Server_Comm.py: Received a new packet while on world.update()!
{Sat 16:06:57 Step:53} Server_Comm.py: The agent lost 1 packet! Is syncmode enabled?
{Sat 16:06:57 Step:53} Server_Comm.py: Received a new packet while on world.update()!
{Sat 16:06:57 Step:55} Server_Comm.py: The agent lost 1 packet! Is syncmode enabled?
{Sat 16:06:57 Step:55} Server_Comm.py: Received a new packet while on world.update()!
{Sat 16:06:57 Step:57} Server_Comm.py: The agent lost 1 packet! Is syncmode enabled?
{Sat 16:06:57 Step:57} Server_Comm.py: Received a new packet while on world.update()!
{Sat 16:06:57 Step:60} Server_Comm.py: The agent lost 2 consecutive packets! Is syncmode disabled?
{Sat 16:06:57 Step:61} Server_Comm.py: Received a new packet while thinking!
{Sat 16:06:57 Step:72} Server_Comm.py: The agent lost 10 consecutive packets! Is syncmode disabled?
{Sat 16:06:57 Step:72} Server_Comm.py: Received a new packet while on world.update()!
{Sat 16:06:57 Step:74} Server_Comm.py: The agent lost 1 packet! Is syncmode enabled?
{Sat 16:06:57 Step:74} Server_Comm.py: Received a new packet while thinking!
{Sat 16:06:57 Step:78} Server_Comm.py: The agent lost 3 consecutive packets! Is syncmode disabled?
{Sat 16:06:57 Step:78} Server_Comm.py: Received a new packet while on world.update()!
{Sat 16:06:57 Step:81} Server_Comm.py: The agent lost 2 consecutive packets! Is syncmode disabled?
{Sat 16:06:57 Step:81} Server_Comm.py: Received a new packet while on world.update()!
{Sat 16:06:58 Step:85} Server_Comm.py: Received a new packet while on world.update()!
{Sat 16:06:58 Step:90} Server_Comm.py: The agent lost 4 consecutive packets! Is syncmode disabled?
{Sat 16:06:58 Step:92} Server_Comm.py: Received a new packet while on world.update()!
{Sat 16:06:58 Step:94} Server_Comm.py: The agent lost 1 packet! Is syncmode enabled?
{Sat 16:06:58 Step:95} Server_Comm.py: Received a new packet while on world.update()!
{Sat 16:06:58 Step:97} Server_Comm.py: The agent lost 1 packet! Is syncmode enabled?
{Sat 16:06:58 Step:98} Server_Comm.py: Received a new packet while thinking!
{Sat 16:06:58 Step:99} Server_Comm.py: Received a new packet while on world.update()!
{Sat 16:06:58 Step:100} Server_Comm.py: Received a new packet while on world.update()!
{Sat 16:06:58 Step:103} Server_Comm.py: Received a new packet while on world.update()!
{Sat 16:06:58 Step:110} Server_Comm.py: The agent lost 6 consecutive packets! Is syncmode disabled?
{Sat 16:06:59 Step:117} Server_Comm.py: Received a new packet while on world.update()!
{Sat 16:06:59 Step:120} Server_Comm.py: The agent lost 2 consecutive packets! Is syncmode disabled?
{Sat 16:06:59 Step:120} Server_Comm.py: Received a new packet while on world.update()!
{Sat 16:06:59 Step:121} Server_Comm.py: Received a new packet while on world.update()!
{Sat 16:06:59 Step:123} Server_Comm.py: Received a new packet while thinking!
{Sat 16:06:59 Step:125} Server_Comm.py: Received a new packet while on world.update()!
{Sat 16:07:00 Step:127} Server_Comm.py: Received a new packet while on world.update()!
{Sat 16:07:00 Step:131} Server_Comm.py: Received a new packet while on world.update()!
{Sat 16:07:00 Step:132} Server_Comm.py: Received a new packet while thinking!
{Sat 16:07:00 Step:135} Server_Comm.py: Received a new packet while on world.update()!
{Sat 16:07:00 Step:138} Server_Comm.py: The agent lost 2 consecutive packets! Is syncmode disabled?
{Sat 16:07:00 Step:138} Server_Comm.py: Received a new packet while on world.update()!
{Sat 16:07:00 Step:141} Server_Comm.py: The agent lost 2 consecutive packets! Is syncmode disabled?
{Sat 16:07:00 Step:141} Server_Comm.py: Received a new packet while on world.update()!
{Sat 16:07:00 Step:146} Server_Comm.py: The agent lost 4 consecutive packets! Is syncmode disabled?
{Sat 16:07:00 Step:146} Server_Comm.py: Received a new packet while on world.update()!
{Sat 16:07:00 Step:148} Server_Comm.py: The agent lost 1 packet! Is syncmode enabled?
{Sat 16:07:01 Step:166} Server_Comm.py: Received a new packet while on world.update()!
{Sat 16:07:01 Step:167} Server_Comm.py: Received a new packet while thinking!
{Sat 16:07:01 Step:169} Server_Comm.py: The agent lost 1 packet! Is syncmode enabled?
{Sat 16:07:01 Step:169} Server_Comm.py: Received a new packet while thinking!
{Sat 16:07:01 Step:170} Server_Comm.py: Received a new packet while thinking!
{Sat 16:07:02 Step:171} Server_Comm.py: Received a new packet while thinking!
{Sat 16:07:02 Step:183} Server_Comm.py: Received a new packet while thinking!
{Sat 16:07:02 Step:192} Server_Comm.py: The agent lost 8 consecutive packets! Is syncmode disabled?
{Sat 16:07:02 Step:192} Server_Comm.py: Received a new packet while on world.update()!
{Sat 16:07:03 Step:193} Server_Comm.py: Received a new packet while on world.update()!
{Sat 16:07:03 Step:198} Server_Comm.py: The agent lost 4 consecutive packets! Is syncmode disabled?
{Sat 16:07:03 Step:198} Server_Comm.py: Received a new packet while on world.update()!
{Sat 16:07:03 Step:204} Server_Comm.py: The agent lost 5 consecutive packets! Is syncmode disabled?
{Sat 16:07:03 Step:204} Server_Comm.py: Received a new packet while on world.update()!
{Sat 16:07:03 Step:206} Server_Comm.py: The agent lost 1 packet! Is syncmode enabled?
{Sat 16:07:03 Step:208} Server_Comm.py: The agent lost 1 packet! Is syncmode enabled?
{Sat 16:07:03 Step:208} Server_Comm.py: Received a new packet while on world.update()!
{Sat 16:07:03 Step:210} Server_Comm.py: The agent lost 1 packet! Is syncmode enabled?
{Sat 16:07:04 Step:218} Server_Comm.py: The agent lost 1 packet! Is syncmode enabled?
{Sat 16:07:04 Step:219} Server_Comm.py: Received a new packet while on world.update()!
{Sat 16:07:04 Step:220} Server_Comm.py: Received a new packet while thinking!
{Sat 16:07:04 Step:221} Server_Comm.py: Received a new packet while on world.update()!
{Sat 16:07:04 Step:223} Server_Comm.py: Received a new packet while on world.update()!
{Sat 16:07:04 Step:225} Server_Comm.py: The agent lost 1 packet! Is syncmode enabled?
{Sat 16:07:04 Step:225} Server_Comm.py: Received a new packet while on world.update()!
{Sat 16:07:04 Step:230} Server_Comm.py: The agent lost 4 consecutive packets! Is syncmode disabled?
{Sat 16:07:04 Step:231} Server_Comm.py: Received a new packet while on world.update()!
{Sat 16:07:06 Step:253} Server_Comm.py: Received a new packet while on world.update()!
{Sat 16:07:06 Step:255} Server_Comm.py: The agent lost 1 packet! Is syncmode enabled?
{Sat 16:07:06 Step:255} Server_Comm.py: Received a new packet while on world.update()!
{Sat 16:07:06 Step:256} Server_Comm.py: Received a new packet while thinking!
{Sat 16:07:07 Step:275} Server_Comm.py: Received a new packet while thinking!
{Sat 16:07:07 Step:277} Server_Comm.py: Received a new packet while on world.update()!
{Sat 16:07:07 Step:282} Server_Comm.py: Received a new packet while on world.update()!
{Sat 16:07:09 Step:299} Server_Comm.py: Received a new packet while on world.update()!
{Sat 16:07:09 Step:305} Server_Comm.py: Received a new packet while on world.update()!
{Sat 16:07:11 Step:325} Server_Comm.py: Received a new packet while on world.update()!
{Sat 16:07:11 Step:327} Server_Comm.py: Received a new packet while on world.update()!
{Sat 16:07:11 Step:328} Server_Comm.py: Received a new packet while thinking!
{Sat 16:07:11 Step:332} Server_Comm.py: The agent lost 3 consecutive packets! Is syncmode disabled?
{Sat 16:07:11 Step:332} Server_Comm.py: Received a new packet while on world.update()!
{Sat 16:07:11 Step:336} Server_Comm.py: The agent lost 3 consecutive packets! Is syncmode disabled?
{Sat 16:07:11 Step:336} Server_Comm.py: Received a new packet while on world.update()!
{Sat 16:07:11 Step:337} Server_Comm.py: Received a new packet while on world.update()!
{Sat 16:07:11 Step:338} Server_Comm.py: Received a new packet while thinking!
{Sat 16:07:11 Step:341} Server_Comm.py: The agent lost 2 consecutive packets! Is syncmode disabled?
{Sat 16:07:11 Step:341} Server_Comm.py: Received a new packet while on world.update()!
{Sat 16:07:13 Step:373} Server_Comm.py: Received a new packet while thinking!
{Sat 16:07:14 Step:376} Server_Comm.py: Received a new packet while thinking!
{Sat 16:07:14 Step:378} Server_Comm.py: The agent lost 1 packet! Is syncmode enabled?
{Sat 16:07:14 Step:378} Server_Comm.py: Received a new packet while on world.update()!
{Sat 16:07:14 Step:381} Server_Comm.py: The agent lost 2 consecutive packets! Is syncmode disabled?
{Sat 16:07:14 Step:381} Server_Comm.py: Received a new packet while on world.update()!
{Sat 16:07:14 Step:386} Server_Comm.py: The agent lost 4 consecutive packets! Is syncmode disabled?
{Sat 16:07:14 Step:386} Server_Comm.py: Received a new packet while thinking!
{Sat 16:07:14 Step:387} Server_Comm.py: Received a new packet while on world.update()!
{Sat 16:07:14 Step:388} Server_Comm.py: Received a new packet while thinking!
{Sat 16:07:14 Step:390} Server_Comm.py: The agent lost 1 packet! Is syncmode enabled?
{Sat 16:07:14 Step:390} Server_Comm.py: Received a new packet while thinking!
{Sat 16:07:14 Step:394} Server_Comm.py: The agent lost 3 consecutive packets! Is syncmode disabled?
{Sat 16:07:14 Step:394} Server_Comm.py: Received a new packet while on world.update()!
{Sat 16:07:15 Step:396} Server_Comm.py: The agent lost 1 packet! Is syncmode enabled?
{Sat 16:07:15 Step:396} Server_Comm.py: Received a new packet while thinking!
{Sat 16:07:15 Step:399} Server_Comm.py: The agent lost 2 consecutive packets! Is syncmode disabled?
{Sat 16:07:15 Step:399} Server_Comm.py: Received a new packet while on world.update()!
{Sat 16:07:15 Step:401} Server_Comm.py: The agent lost 1 packet! Is syncmode enabled?
{Sat 16:07:15 Step:401} Server_Comm.py: Received a new packet while thinking!
{Sat 16:07:15 Step:402} Server_Comm.py: Received a new packet while on world.update()!
{Sat 16:07:15 Step:404} Server_Comm.py: Received a new packet while thinking!
{Sat 16:07:15 Step:406} Server_Comm.py: The agent lost 1 packet! Is syncmode enabled?
{Sat 16:07:15 Step:406} Server_Comm.py: Received a new packet while on world.update()!
{Sat 16:07:15 Step:408} Server_Comm.py: The agent lost 1 packet! Is syncmode enabled?
{Sat 16:07:15 Step:408} Server_Comm.py: Received a new packet while on world.update()!
{Sat 16:07:15 Step:409} Server_Comm.py: Received a new packet while thinking!
{Sat 16:07:16 Step:411} Server_Comm.py: Received a new packet while on world.update()!
{Sat 16:07:16 Step:416} Server_Comm.py: The agent lost 4 consecutive packets! Is syncmode disabled?
{Sat 16:07:16 Step:416} Server_Comm.py: Received a new packet while on world.update()!
{Sat 16:07:16 Step:417} Server_Comm.py: Received a new packet while on world.update()!
{Sat 16:07:16 Step:418} Server_Comm.py: Received a new packet while thinking!
{Sat 16:07:16 Step:420} Server_Comm.py: The agent lost 1 packet! Is syncmode enabled?
{Sat 16:07:16 Step:420} Server_Comm.py: Received a new packet while thinking!
{Sat 16:07:16 Step:422} Server_Comm.py: The agent lost 1 packet! Is syncmode enabled?
{Sat 16:07:16 Step:422} Server_Comm.py: Received a new packet while thinking!
{Sat 16:07:16 Step:423} Server_Comm.py: Received a new packet while thinking!
{Sat 16:07:16 Step:424} Server_Comm.py: Received a new packet while thinking!
{Sat 16:07:16 Step:428} Server_Comm.py: Received a new packet while thinking!
{Sat 16:07:16 Step:431} Server_Comm.py: The agent lost 2 consecutive packets! Is syncmode disabled?
{Sat 16:07:16 Step:431} Server_Comm.py: Received a new packet while on world.update()!
{Sat 16:07:16 Step:432} Server_Comm.py: Received a new packet while thinking!
{Sat 16:07:16 Step:434} Server_Comm.py: The agent lost 1 packet! Is syncmode enabled?
{Sat 16:07:17 Step:434} Server_Comm.py: Received a new packet while on world.update()!
{Sat 16:07:17 Step:437} Server_Comm.py: The agent lost 2 consecutive packets! Is syncmode disabled?
{Sat 16:07:17 Step:439} Server_Comm.py: Received a new packet while on world.update()!
{Sat 16:07:17 Step:441} Server_Comm.py: The agent lost 1 packet! Is syncmode enabled?
{Sat 16:07:17 Step:447} Server_Comm.py: Received a new packet while thinking!
{Sat 16:07:17 Step:450} Server_Comm.py: The agent lost 2 consecutive packets! Is syncmode disabled?
{Sat 16:07:18 Step:453} Server_Comm.py: Received a new packet while thinking!
{Sat 16:07:18 Step:455} Server_Comm.py: The agent lost 1 packet! Is syncmode enabled?
{Sat 16:07:18 Step:455} Server_Comm.py: Received a new packet while thinking!
{Sat 16:07:18 Step:457} Server_Comm.py: The agent lost 1 packet! Is syncmode enabled?
{Sat 16:07:22 Step:537} Server_Comm.py: Received a new packet while on world.update()!
{Sat 16:07:22 Step:539} Server_Comm.py: The agent lost 1 packet! Is syncmode enabled?
{Sat 16:07:22 Step:539} Server_Comm.py: Received a new packet while on world.update()!
{Sat 16:07:22 Step:541} Server_Comm.py: The agent lost 1 packet! Is syncmode enabled?
{Sat 16:07:22 Step:541} Server_Comm.py: Received a new packet while on world.update()!
{Sat 16:07:22 Step:546} Server_Comm.py: The agent lost 4 consecutive packets! Is syncmode disabled?
{Sat 16:07:22 Step:546} Server_Comm.py: Received a new packet while on world.update()!
{Sat 16:07:22 Step:551} Server_Comm.py: The agent lost 4 consecutive packets! Is syncmode disabled?
{Sat 16:07:22 Step:551} Server_Comm.py: Received a new packet while on world.update()!
{Sat 16:07:22 Step:553} Server_Comm.py: Received a new packet while thinking!
{Sat 16:07:22 Step:554} Server_Comm.py: Received a new packet while thinking!
{Sat 16:07:22 Step:556} Server_Comm.py: The agent lost 1 packet! Is syncmode enabled?
{Sat 16:07:22 Step:556} Server_Comm.py: Received a new packet while thinking!
{Sat 16:07:22 Step:557} Server_Comm.py: Received a new packet while on world.update()!
{Sat 16:07:22 Step:558} Server_Comm.py: Received a new packet while thinking!
{Sat 16:07:23 Step:559} Server_Comm.py: Received a new packet while thinking!
{Sat 16:07:23 Step:564} Server_Comm.py: The agent lost 4 consecutive packets! Is syncmode disabled?
{Sat 16:07:23 Step:564} Server_Comm.py: Received a new packet while on world.update()!
{Sat 16:07:23 Step:567} Server_Comm.py: Received a new packet while on world.update()!
{Sat 16:07:23 Step:570} Server_Comm.py: The agent lost 2 consecutive packets! Is syncmode disabled?
{Sat 16:07:23 Step:570} Server_Comm.py: Received a new packet while thinking!
{Sat 16:07:23 Step:571} Server_Comm.py: Received a new packet while on world.update()!
{Sat 16:07:23 Step:572} Server_Comm.py: Received a new packet while thinking!
{Sat 16:07:23 Step:575} Server_Comm.py: The agent lost 2 consecutive packets! Is syncmode disabled?
{Sat 16:07:24 Step:575} Server_Comm.py: Received a new packet while on world.update()!
{Sat 16:07:24 Step:582} Server_Comm.py: The agent lost 6 consecutive packets! Is syncmode disabled?
{Sat 16:07:24 Step:585} Server_Comm.py: Received a new packet while on world.update()!
{Sat 16:07:24 Step:586} Server_Comm.py: Received a new packet while thinking!
{Sat 16:07:24 Step:595} Server_Comm.py: Received a new packet while on world.update()!
{Sat 16:07:25 Step:603} Server_Comm.py: The agent lost 1 packet! Is syncmode enabled?
{Sat 16:07:26 Step:627} Server_Comm.py: Received a new packet while on world.update()!
{Sat 16:07:27 Step:632} Server_Comm.py: Received a new packet while on world.update()!
{Sat 16:07:27 Step:635} Server_Comm.py: The agent lost 2 consecutive packets! Is syncmode disabled?
{Sat 16:07:27 Step:635} Server_Comm.py: Received a new packet while on world.update()!
{Sat 16:07:27 Step:637} Server_Comm.py: Received a new packet while thinking!
{Sat 16:07:27 Step:640} Server_Comm.py: Received a new packet while on world.update()!
{Sat 16:07:27 Step:641} Server_Comm.py: Received a new packet while on world.update()!
{Sat 16:07:27 Step:644} Server_Comm.py: The agent lost 2 consecutive packets! Is syncmode disabled?
{Sat 16:07:28 Step:651} Server_Comm.py: Received a new packet while on world.update()!
{Sat 16:07:28 Step:664} Server_Comm.py: Received a new packet while on world.update()!
{Sat 16:07:28 Step:665} Server_Comm.py: Received a new packet while on world.update()!
{Sat 16:07:29 Step:666} Server_Comm.py: Received a new packet while on world.update()!
{Sat 16:07:29 Step:668} Server_Comm.py: The agent lost 1 packet! Is syncmode enabled?
{Sat 16:07:29 Step:668} Server_Comm.py: Received a new packet while on world.update()!
{Sat 16:07:29 Step:671} Server_Comm.py: The agent lost 2 consecutive packets! Is syncmode disabled?
{Sat 16:07:29 Step:673} Server_Comm.py: Received a new packet while on world.update()!
{Sat 16:07:29 Step:674} Server_Comm.py: Received a new packet while on world.update()!
{Sat 16:07:29 Step:675} Server_Comm.py: Received a new packet while on world.update()!
{Sat 16:07:29 Step:676} Server_Comm.py: Received a new packet while thinking!
{Sat 16:07:29 Step:678} Server_Comm.py: Received a new packet while thinking!
{Sat 16:07:29 Step:680} Server_Comm.py: The agent lost 1 packet! Is syncmode enabled?
{Sat 16:07:29 Step:681} Server_Comm.py: Received a new packet while thinking!
{Sat 16:07:29 Step:682} Server_Comm.py: Received a new packet while thinking!
{Sat 16:07:29 Step:684} Server_Comm.py: The agent lost 1 packet! Is syncmode enabled?
{Sat 16:07:30 Step:684} Server_Comm.py: Received a new packet while thinking!
{Sat 16:07:30 Step:686} Server_Comm.py: The agent lost 1 packet! Is syncmode enabled?
{Sat 16:07:30 Step:686} Server_Comm.py: Received a new packet while thinking!
{Sat 16:07:30 Step:688} Server_Comm.py: The agent lost 1 packet! Is syncmode enabled?
{Sat 16:07:30 Step:688} Server_Comm.py: Received a new packet while thinking!
{Sat 16:07:30 Step:689} Server_Comm.py: Received a new packet while thinking!
{Sat 16:07:30 Step:692} Server_Comm.py: The agent lost 2 consecutive packets! Is syncmode disabled?
{Sat 16:07:30 Step:692} Server_Comm.py: Received a new packet while thinking!
{Sat 16:07:30 Step:693} Server_Comm.py: Received a new packet while thinking!
{Sat 16:07:30 Step:697} Server_Comm.py: The agent lost 3 consecutive packets! Is syncmode disabled?
{Sat 16:07:30 Step:697} Server_Comm.py: Received a new packet while on world.update()!
{Sat 16:07:30 Step:699} Server_Comm.py: The agent lost 1 packet! Is syncmode enabled?
{Sat 16:07:30 Step:699} Server_Comm.py: Received a new packet while on world.update()!
{Sat 16:07:30 Step:700} Server_Comm.py: Received a new packet while on world.update()!
{Sat 16:07:30 Step:702} Server_Comm.py: Received a new packet while on world.update()!
{Sat 16:07:30 Step:703} Server_Comm.py: Received a new packet while thinking!
{Sat 16:07:31 Step:708} Server_Comm.py: Received a new packet while on world.update()!
{Sat 16:07:33 Step:747} Server_Comm.py: Received a new packet while thinking!
{Sat 16:07:33 Step:749} Server_Comm.py: Received a new packet while on world.update()!
{Sat 16:07:33 Step:754} Server_Comm.py: Received a new packet while on world.update()!
{Sat 16:07:33 Step:755} Server_Comm.py: Received a new packet while thinking!
{Sat 16:07:35 Step:779} Server_Comm.py: Received a new packet while on world.update()!
{Sat 16:07:35 Step:782} Server_Comm.py: Received a new packet while thinking!
{Sat 16:07:35 Step:783} Server_Comm.py: Received a new packet while on world.update()!
{Sat 16:07:35 Step:785} Server_Comm.py: The agent lost 1 packet! Is syncmode enabled?
{Sat 16:07:35 Step:785} Server_Comm.py: Received a new packet while on world.update()!
{Sat 16:07:35 Step:786} Server_Comm.py: Received a new packet while thinking!
{Sat 16:07:35 Step:788} Server_Comm.py: The agent lost 1 packet! Is syncmode enabled?
{Sat 16:07:35 Step:788} Server_Comm.py: Received a new packet while thinking!
{Sat 16:07:35 Step:789} Server_Comm.py: Received a new packet while on world.update()!
{Sat 16:07:35 Step:790} Server_Comm.py: Received a new packet while thinking!
{Sat 16:07:36 Step:798} Server_Comm.py: Received a new packet while on world.update()!
{Sat 16:07:36 Step:802} Server_Comm.py: Received a new packet while on world.update()!
{Sat 16:07:36 Step:804} Server_Comm.py: The agent lost 1 packet! Is syncmode enabled?
{Sat 16:07:36 Step:804} Server_Comm.py: Received a new packet while thinking!
{Sat 16:07:36 Step:806} Server_Comm.py: The agent lost 1 packet! Is syncmode enabled?
{Sat 16:07:36 Step:808} Server_Comm.py: Received a new packet while thinking!
{Sat 16:07:36 Step:809} Server_Comm.py: Received a new packet while on world.update()!
{Sat 16:07:37 Step:811} Server_Comm.py: Received a new packet while thinking!
{Sat 16:07:37 Step:813} Server_Comm.py: Received a new packet while thinking!
{Sat 16:07:37 Step:814} Server_Comm.py: Received a new packet while thinking!
{Sat 16:07:37 Step:816} Server_Comm.py: The agent lost 1 packet! Is syncmode enabled?
{Sat 16:07:37 Step:816} Server_Comm.py: Received a new packet while thinking!
{Sat 16:07:37 Step:823} Server_Comm.py: Received a new packet while thinking!
{Sat 16:07:37 Step:824} Server_Comm.py: Received a new packet while on world.update()!
{Sat 16:07:38 Step:825} Server_Comm.py: Received a new packet while thinking!
{Sat 16:07:38 Step:826} Server_Comm.py: Received a new packet while thinking!
{Sat 16:07:38 Step:828} Server_Comm.py: Received a new packet while thinking!
{Sat 16:07:38 Step:829} Server_Comm.py: Received a new packet while thinking!
{Sat 16:07:38 Step:831} Server_Comm.py: Received a new packet while thinking!
{Sat 16:07:38 Step:836} Server_Comm.py: The agent lost 4 consecutive packets! Is syncmode disabled?
{Sat 16:07:38 Step:836} Server_Comm.py: Received a new packet while on world.update()!
{Sat 16:07:38 Step:838} Server_Comm.py: The agent lost 1 packet! Is syncmode enabled?
{Sat 16:07:38 Step:838} Server_Comm.py: Received a new packet while thinking!
{Sat 16:07:38 Step:842} Server_Comm.py: The agent lost 3 consecutive packets! Is syncmode disabled?
{Sat 16:07:40 Step:867} Server_Comm.py: Received a new packet while on world.update()!
{Sat 16:07:40 Step:868} Server_Comm.py: Received a new packet while on world.update()!
{Sat 16:07:40 Step:869} Server_Comm.py: Received a new packet while thinking!
{Sat 16:07:40 Step:871} Server_Comm.py: Received a new packet while on world.update()!
{Sat 16:07:40 Step:872} Server_Comm.py: Received a new packet while on world.update()!
{Sat 16:07:40 Step:874} Server_Comm.py: The agent lost 1 packet! Is syncmode enabled?
{Sat 16:07:40 Step:874} Server_Comm.py: Received a new packet while thinking!
{Sat 16:07:40 Step:875} Server_Comm.py: Received a new packet while on world.update()!
{Sat 16:07:40 Step:877} Server_Comm.py: The agent lost 1 packet! Is syncmode enabled?
{Sat 16:07:40 Step:877} Server_Comm.py: Received a new packet while on world.update()!
{Sat 16:07:42 Step:915} Server_Comm.py: Received a new packet while on world.update()!
{Sat 16:07:42 Step:917} Server_Comm.py: The agent lost 1 packet! Is syncmode enabled?
{Sat 16:07:42 Step:917} Server_Comm.py: Received a new packet while on world.update()!
{Sat 16:07:42 Step:918} Server_Comm.py: Received a new packet while on world.update()!
{Sat 16:07:42 Step:919} Server_Comm.py: Received a new packet while on world.update()!
{Sat 16:07:42 Step:921} Server_Comm.py: The agent lost 1 packet! Is syncmode enabled?
{Sat 16:07:42 Step:921} Server_Comm.py: Received a new packet while on world.update()!
{Sat 16:07:42 Step:924} Server_Comm.py: The agent lost 2 consecutive packets! Is syncmode disabled?
{Sat 16:07:45 Step:968} Server_Comm.py: The agent lost 1 packet! Is syncmode enabled?
{Sat 16:07:47 Step:1012} Server_Comm.py: Received a new packet while thinking!
{Sat 16:07:47 Step:1013} Server_Comm.py: Received a new packet while on world.update()!
{Sat 16:07:48 Step:1027} Server_Comm.py: The agent lost 1 packet! Is syncmode enabled?
{Sat 16:07:49 Step:1047} Server_Comm.py: Received a new packet while on world.update()!
{Sat 16:07:50 Step:1052} Server_Comm.py: Received a new packet while thinking!
{Sat 16:07:50 Step:1055} Server_Comm.py: Received a new packet while thinking!
{Sat 16:07:50 Step:1056} Server_Comm.py: Received a new packet while on world.update()!
{Sat 16:07:51 Step:1062} Server_Comm.py: Received a new packet while thinking!
{Sat 16:07:51 Step:1065} Server_Comm.py: The agent lost 2 consecutive packets! Is syncmode disabled?
{Sat 16:07:51 Step:1065} Server_Comm.py: Received a new packet while thinking!
{Sat 16:07:51 Step:1069} Server_Comm.py: Received a new packet while on world.update()!
{Sat 16:07:51 Step:1070} Server_Comm.py: Received a new packet while thinking!
{Sat 16:07:51 Step:1073} Server_Comm.py: Received a new packet while thinking!
{Sat 16:07:51 Step:1075} Server_Comm.py: The agent lost 1 packet! Is syncmode enabled?
{Sat 16:07:52 Step:1080} Server_Comm.py: Received a new packet while thinking!
{Sat 16:07:52 Step:1084} Server_Comm.py: The agent lost 3 consecutive packets! Is syncmode disabled?
{Sat 16:07:52 Step:1084} Server_Comm.py: Received a new packet while thinking!
{Sat 16:07:52 Step:1087} Server_Comm.py: The agent lost 2 consecutive packets! Is syncmode disabled?
{Sat 16:07:52 Step:1087} Server_Comm.py: Received a new packet while thinking!
{Sat 16:07:52 Step:1089} Server_Comm.py: Received a new packet while thinking!
{Sat 16:07:52 Step:1090} Server_Comm.py: Received a new packet while thinking!
{Sat 16:07:52 Step:1093} Server_Comm.py: The agent lost 1 packet! Is syncmode enabled?
{Sat 16:07:52 Step:1093} Server_Comm.py: Received a new packet while thinking!
{Sat 16:07:52 Step:1094} Server_Comm.py: Received a new packet while on world.update()!
{Sat 16:07:53 Step:1097} Server_Comm.py: Received a new packet while thinking!
{Sat 16:07:53 Step:1098} Server_Comm.py: Received a new packet while on world.update()!
{Sat 16:07:53 Step:1099} Server_Comm.py: Received a new packet while on world.update()!
{Sat 16:07:53 Step:1100} Server_Comm.py: Received a new packet while thinking!
{Sat 16:07:53 Step:1101} Server_Comm.py: Received a new packet while thinking!
{Sat 16:07:53 Step:1102} Server_Comm.py: Received a new packet while thinking!
{Sat 16:07:53 Step:1103} Server_Comm.py: Received a new packet while on world.update()!
{Sat 16:07:53 Step:1106} Server_Comm.py: Received a new packet while thinking!
{Sat 16:07:53 Step:1108} Server_Comm.py: The agent lost 1 packet! Is syncmode enabled?
{Sat 16:07:53 Step:1109} Server_Comm.py: Received a new packet while thinking!
{Sat 16:07:53 Step:1111} Server_Comm.py: The agent lost 1 packet! Is syncmode enabled?
{Sat 16:07:53 Step:1111} Server_Comm.py: Received a new packet while on world.update()!
{Sat 16:07:53 Step:1112} Server_Comm.py: Received a new packet while thinking!
{Sat 16:07:54 Step:1117} Server_Comm.py: Received a new packet while thinking!
{Sat 16:07:55 Step:1149} Server_Comm.py: Received a new packet while thinking!
{Sat 16:07:55 Step:1151} Server_Comm.py: The agent lost 1 packet! Is syncmode enabled?
{Sat 16:07:58 Step:1185} Server_Comm.py: Received a new packet while on world.update()!
{Sat 16:07:58 Step:1186} Server_Comm.py: Received a new packet while on world.update()!
{Sat 16:07:58 Step:1187} Server_Comm.py: Received a new packet while thinking!
{Sat 16:07:58 Step:1189} Server_Comm.py: The agent lost 1 packet! Is syncmode enabled?
{Sat 16:07:58 Step:1189} Server_Comm.py: Received a new packet while on world.update()!
{Sat 16:07:59 Step:1192} Server_Comm.py: The agent lost 1 packet! Is syncmode enabled?
{Sat 16:08:00 Step:1192} Server_Comm.py: Received a new packet while thinking!
{Sat 16:08:00 Step:1196} Server_Comm.py: The agent lost 3 consecutive packets! Is syncmode disabled?
{Sat 16:08:00 Step:1196} Server_Comm.py: Received a new packet while on world.update()!
{Sat 16:08:00 Step:1197} Server_Comm.py: Received a new packet while on world.update()!
{Sat 16:08:00 Step:1198} Server_Comm.py: Received a new packet while on world.update()!
{Sat 16:08:00 Step:1199} Server_Comm.py: Received a new packet while on world.update()!
{Sat 16:08:00 Step:1201} Server_Comm.py: The agent lost 1 packet! Is syncmode enabled?
{Sat 16:08:00 Step:1201} Server_Comm.py: Received a new packet while on world.update()!
{Sat 16:08:00 Step:1203} Server_Comm.py: The agent lost 1 packet! Is syncmode enabled?
{Sat 16:08:00 Step:1203} Server_Comm.py: Received a new packet while thinking!
{Sat 16:08:00 Step:1204} Server_Comm.py: Received a new packet while on world.update()!
{Sat 16:08:00 Step:1205} Server_Comm.py: Received a new packet while thinking!
{Sat 16:08:01 Step:1206} Server_Comm.py: Received a new packet while thinking!
{Sat 16:08:01 Step:1208} Server_Comm.py: The agent lost 1 packet! Is syncmode enabled?
{Sat 16:08:01 Step:1208} Server_Comm.py: Received a new packet while thinking!
{Sat 16:08:01 Step:1210} Server_Comm.py: The agent lost 1 packet! Is syncmode enabled?
{Sat 16:08:01 Step:1210} Server_Comm.py: Received a new packet while thinking!
{Sat 16:08:01 Step:1212} Server_Comm.py: The agent lost 1 packet! Is syncmode enabled?
{Sat 16:08:02 Step:1212} Server_Comm.py: Received a new packet while thinking!
{Sat 16:08:02 Step:1215} Server_Comm.py: The agent lost 2 consecutive packets! Is syncmode disabled?
{Sat 16:08:02 Step:1215} Server_Comm.py: Received a new packet while on world.update()!
{Sat 16:08:02 Step:1217} Server_Comm.py: The agent lost 1 packet! Is syncmode enabled?
{Sat 16:08:02 Step:1217} Server_Comm.py: Received a new packet while thinking!
{Sat 16:08:02 Step:1219} Server_Comm.py: Received a new packet while thinking!
{Sat 16:08:02 Step:1226} Server_Comm.py: The agent lost 6 consecutive packets! Is syncmode disabled?
{Sat 16:08:02 Step:1226} Server_Comm.py: Received a new packet while on world.update()!
{Sat 16:08:03 Step:1227} Server_Comm.py: Received a new packet while thinking!
{Sat 16:08:03 Step:1228} Server_Comm.py: Received a new packet while thinking!
{Sat 16:08:03 Step:1233} Server_Comm.py: Received a new packet while thinking!
{Sat 16:08:03 Step:1234} Server_Comm.py: Received a new packet while thinking!
{Sat 16:08:03 Step:1235} Server_Comm.py: Received a new packet while on world.update()!
{Sat 16:08:03 Step:1238} Server_Comm.py: The agent lost 2 consecutive packets! Is syncmode disabled?
{Sat 16:08:03 Step:1238} Server_Comm.py: Received a new packet while thinking!
{Sat 16:08:03 Step:1241} Server_Comm.py: The agent lost 2 consecutive packets! Is syncmode disabled?
{Sat 16:08:03 Step:1241} Server_Comm.py: Received a new packet while thinking!
{Sat 16:08:03 Step:1243} Server_Comm.py: The agent lost 1 packet! Is syncmode enabled?
{Sat 16:08:04 Step:1243} Server_Comm.py: Received a new packet while on world.update()!
{Sat 16:08:04 Step:1245} Server_Comm.py: The agent lost 1 packet! Is syncmode enabled?
{Sat 16:08:04 Step:1245} Server_Comm.py: Received a new packet while on world.update()!
{Sat 16:08:04 Step:1248} Server_Comm.py: The agent lost 2 consecutive packets! Is syncmode disabled?
{Sat 16:08:04 Step:1250} Server_Comm.py: Received a new packet while thinking!
{Sat 16:08:04 Step:1252} Server_Comm.py: Received a new packet while thinking!
{Sat 16:08:04 Step:1253} Server_Comm.py: Received a new packet while on world.update()!
{Sat 16:08:05 Step:1258} Server_Comm.py: Received a new packet while thinking!
{Sat 16:08:05 Step:1259} Server_Comm.py: Received a new packet while on world.update()!
{Sat 16:08:05 Step:1264} Server_Comm.py: Received a new packet while on world.update()!
{Sat 16:08:05 Step:1273} Server_Comm.py: The agent lost 1 packet! Is syncmode enabled?
{Sat 16:08:05 Step:1273} Server_Comm.py: Received a new packet while on world.update()!
{Sat 16:08:05 Step:1275} Server_Comm.py: The agent lost 1 packet! Is syncmode enabled?
{Sat 16:08:07 Step:1293} Server_Comm.py: Received a new packet while on world.update()!
{Sat 16:08:07 Step:1297} Server_Comm.py: The agent lost 3 consecutive packets! Is syncmode disabled?
{Sat 16:08:07 Step:1297} Server_Comm.py: Received a new packet while on world.update()!
{Sat 16:08:07 Step:1299} Server_Comm.py: The agent lost 1 packet! Is syncmode enabled?
{Sat 16:08:07 Step:1299} Server_Comm.py: Received a new packet while on world.update()!
{Sat 16:08:07 Step:1300} Server_Comm.py: Received a new packet while on world.update()!
{Sat 16:08:07 Step:1301} Server_Comm.py: Received a new packet while on world.update()!
{Sat 16:08:07 Step:1306} Server_Comm.py: The agent lost 2 consecutive packets! Is syncmode disabled?
{Sat 16:08:07 Step:1307} Server_Comm.py: Received a new packet while on world.update()!
{Sat 16:08:07 Step:1308} Server_Comm.py: Received a new packet while on world.update()!
{Sat 16:08:07 Step:1309} Server_Comm.py: Received a new packet while thinking!
{Sat 16:08:08 Step:1310} Server_Comm.py: Received a new packet while thinking!
{Sat 16:08:08 Step:1315} Server_Comm.py: Received a new packet while on world.update()!
{Sat 16:08:08 Step:1317} Server_Comm.py: The agent lost 1 packet! Is syncmode enabled?
{Sat 16:08:08 Step:1320} Server_Comm.py: The agent lost 1 packet! Is syncmode enabled?
{Sat 16:08:10 Step:1356} Server_Comm.py: Received a new packet while on world.update()!
{Sat 16:08:10 Step:1358} Server_Comm.py: The agent lost 1 packet! Is syncmode enabled?
{Sat 16:08:10 Step:1358} Server_Comm.py: Received a new packet while on world.update()!
{Sat 16:08:10 Step:1359} Server_Comm.py: Received a new packet while thinking!
{Sat 16:08:10 Step:1361} Server_Comm.py: The agent lost 1 packet! Is syncmode enabled?
{Sat 16:08:10 Step:1361} Server_Comm.py: Received a new packet while on world.update()!
{Sat 16:08:10 Step:1363} Server_Comm.py: The agent lost 1 packet! Is syncmode enabled?
{Sat 16:08:11 Step:1369} Server_Comm.py: Received a new packet while on world.update()!
{Sat 16:08:11 Step:1373} Server_Comm.py: The agent lost 2 consecutive packets! Is syncmode disabled?
{Sat 16:08:11 Step:1373} Server_Comm.py: Received a new packet while on world.update()!
{Sat 16:08:11 Step:1380} Server_Comm.py: Received a new packet while thinking!
{Sat 16:08:11 Step:1382} Server_Comm.py: Received a new packet while on world.update()!
{Sat 16:08:12 Step:1389} Server_Comm.py: Received a new packet while on world.update()!
{Sat 16:08:13 Step:1404} Server_Comm.py: The agent lost 1 packet! Is syncmode enabled?
{Sat 16:08:13 Step:1415} Server_Comm.py: The agent lost 1 packet! Is syncmode enabled?
{Sat 16:08:14 Step:1415} Server_Comm.py: Received a new packet while on world.update()!
{Sat 16:08:14 Step:1419} Server_Comm.py: The agent lost 2 consecutive packets! Is syncmode disabled?
{Sat 16:08:14 Step:1419} Server_Comm.py: Received a new packet while thinking!
{Sat 16:08:16 Step:1456} Server_Comm.py: Received a new packet while thinking!
{Sat 16:08:16 Step:1459} Server_Comm.py: The agent lost 2 consecutive packets! Is syncmode disabled?
{Sat 16:08:17 Step:1461} Server_Comm.py: Received a new packet while thinking!
{Sat 16:08:17 Step:1462} Server_Comm.py: Received a new packet while thinking!
{Sat 16:08:17 Step:1464} Server_Comm.py: The agent lost 1 packet! Is syncmode enabled?
{Sat 16:08:17 Step:1464} Server_Comm.py: Received a new packet while on world.update()!
{Sat 16:08:17 Step:1465} Server_Comm.py: Received a new packet while thinking!
{Sat 16:08:17 Step:1469} Server_Comm.py: The agent lost 1 packet! Is syncmode enabled?
{Sat 16:08:17 Step:1471} Server_Comm.py: The agent lost 1 packet! Is syncmode enabled?
{Sat 16:08:17 Step:1471} Server_Comm.py: Received a new packet while thinking!
{Sat 16:08:17 Step:1473} Server_Comm.py: Received a new packet while thinking!
{Sat 16:08:17 Step:1474} Server_Comm.py: Received a new packet while thinking!
{Sat 16:08:17 Step:1477} Server_Comm.py: The agent lost 2 consecutive packets! Is syncmode disabled?
{Sat 16:08:17 Step:1479} Server_Comm.py: The agent lost 1 packet! Is syncmode enabled?
{Sat 16:08:18 Step:1483} Server_Comm.py: Received a new packet while on world.update()!
{Sat 16:08:18 Step:1486} Server_Comm.py: The agent lost 2 consecutive packets! Is syncmode disabled?
{Sat 16:08:18 Step:1489} Server_Comm.py: Received a new packet while thinking!
{Sat 16:08:18 Step:1491} Server_Comm.py: The agent lost 1 packet! Is syncmode enabled?
{Sat 16:08:19 Step:1493} Server_Comm.py: The agent lost 1 packet! Is syncmode enabled?
{Sat 16:08:19 Step:1493} Server_Comm.py: Received a new packet while on world.update()!
{Sat 16:08:19 Step:1495} Server_Comm.py: The agent lost 1 packet! Is syncmode enabled?
{Sat 16:08:19 Step:1495} Server_Comm.py: Received a new packet while on world.update()!
{Sat 16:08:20 Step:1500} Server_Comm.py: Received a new packet while thinking!
{Sat 16:08:20 Step:1502} Server_Comm.py: The agent lost 1 packet! Is syncmode enabled?
{Sat 16:08:20 Step:1502} Server_Comm.py: Received a new packet while thinking!
{Sat 16:08:20 Step:1505} Server_Comm.py: The agent lost 2 consecutive packets! Is syncmode disabled?
{Sat 16:08:20 Step:1505} Server_Comm.py: Received a new packet while thinking!
{Sat 16:08:21 Step:1513} Server_Comm.py: The agent lost 7 consecutive packets! Is syncmode disabled?
{Sat 16:08:21 Step:1513} Server_Comm.py: Received a new packet while on world.update()!
{Sat 16:08:21 Step:1515} Server_Comm.py: The agent lost 1 packet! Is syncmode enabled?
{Sat 16:08:21 Step:1515} Server_Comm.py: Received a new packet while on world.update()!
{Sat 16:08:21 Step:1517} Server_Comm.py: The agent lost 1 packet! Is syncmode enabled?
{Sat 16:08:21 Step:1519} Server_Comm.py: Received a new packet while thinking!
{Sat 16:08:21 Step:1521} Server_Comm.py: The agent lost 1 packet! Is syncmode enabled?
{Sat 16:08:21 Step:1521} Server_Comm.py: Received a new packet while thinking!
{Sat 16:08:21 Step:1524} Server_Comm.py: The agent lost 2 consecutive packets! Is syncmode disabled?
{Sat 16:08:21 Step:1524} Server_Comm.py: Received a new packet while on world.update()!
{Sat 16:08:22 Step:1525} Server_Comm.py: Received a new packet while thinking!
{Sat 16:08:22 Step:1535} Server_Comm.py: The agent lost 9 consecutive packets! Is syncmode disabled?
{Sat 16:08:22 Step:1535} Server_Comm.py: Received a new packet while on world.update()!
{Sat 16:08:23 Step:1554} Server_Comm.py: The agent lost 18 consecutive packets! Is syncmode disabled?
{Sat 16:08:23 Step:1554} Server_Comm.py: Received a new packet while on world.update()!
{Sat 16:08:23 Step:1555} Server_Comm.py: Received a new packet while on world.update()!
{Sat 16:08:23 Step:1558} Server_Comm.py: The agent lost 2 consecutive packets! Is syncmode disabled?
{Sat 16:08:23 Step:1561} Server_Comm.py: The agent lost 2 consecutive packets! Is syncmode disabled?
{Sat 16:08:24 Step:1565} Server_Comm.py: The agent lost 2 consecutive packets! Is syncmode disabled?
{Sat 16:08:24 Step:1565} Server_Comm.py: Received a new packet while on world.update()!
{Sat 16:08:24 Step:1566} Server_Comm.py: Received a new packet while thinking!
{Sat 16:08:24 Step:1569} Server_Comm.py: The agent lost 2 consecutive packets! Is syncmode disabled?
{Sat 16:08:24 Step:1569} Server_Comm.py: Received a new packet while thinking!
{Sat 16:08:24 Step:1571} Server_Comm.py: The agent lost 1 packet! Is syncmode enabled?
{Sat 16:08:24 Step:1572} Server_Comm.py: Received a new packet while on world.update()!
{Sat 16:08:24 Step:1577} Server_Comm.py: The agent lost 3 consecutive packets! Is syncmode disabled?
{Sat 16:08:24 Step:1578} Server_Comm.py: Received a new packet while on world.update()!
