{Sat 12:59:25 Step:1} Server_Comm.py: Received a new packet while on world.update()!
{Sat 12:59:26 Step:13} Server_Comm.py: Received a new packet while thinking!
{Sat 12:59:26 Step:14} Server_Comm.py: Received a new packet while thinking!
{Sat 12:59:26 Step:15} Server_Comm.py: Received a new packet while thinking!
{Sat 12:59:26 Step:16} Server_Comm.py: Received a new packet while thinking!
{Sat 12:59:26 Step:18} Server_Comm.py: The agent lost 1 packet! Is syncmode enabled?
{Sat 12:59:27 Step:35} Server_Comm.py: Received a new packet while on world.update()!
{Sat 12:59:27 Step:37} Server_Comm.py: Received a new packet while thinking!
{Sat 12:59:27 Step:38} Server_Comm.py: Received a new packet while thinking!
{Sat 12:59:27 Step:40} Server_Comm.py: The agent lost 1 packet! Is syncmode enabled?
{Sat 12:59:27 Step:40} Server_Comm.py: Received a new packet while thinking!
{Sat 12:59:27 Step:41} Server_Comm.py: Received a new packet while on world.update()!
{Sat 12:59:27 Step:53} Server_Comm.py: Received a new packet while thinking!
{Sat 12:59:27 Step:54} Server_Comm.py: Received a new packet while thinking!
{Sat 12:59:27 Step:56} Server_Comm.py: The agent lost 1 packet! Is syncmode enabled?
{Sat 12:59:28 Step:56} Server_Comm.py: Received a new packet while thinking!
{Sat 12:59:28 Step:58} Server_Comm.py: The agent lost 1 packet! Is syncmode enabled?
{Sat 12:59:28 Step:59} Server_Comm.py: Received a new packet while thinking!
{Sat 12:59:28 Step:61} Server_Comm.py: Received a new packet while thinking!
{Sat 12:59:28 Step:62} Server_Comm.py: Received a new packet while thinking!
{Sat 12:59:28 Step:63} Server_Comm.py: Received a new packet while thinking!
{Sat 12:59:28 Step:64} Server_Comm.py: Received a new packet while thinking!
{Sat 12:59:28 Step:65} Server_Comm.py: Received a new packet while on world.update()!
{Sat 12:59:28 Step:67} Server_Comm.py: Received a new packet while thinking!
{Sat 12:59:28 Step:68} Server_Comm.py: Received a new packet while thinking!
{Sat 12:59:28 Step:69} Server_Comm.py: Received a new packet while thinking!
{Sat 12:59:28 Step:70} Server_Comm.py: Received a new packet while thinking!
{Sat 12:59:28 Step:71} Server_Comm.py: Received a new packet while thinking!
{Sat 12:59:28 Step:72} Server_Comm.py: Received a new packet while thinking!
{Sat 12:59:28 Step:73} Server_Comm.py: Received a new packet while thinking!
{Sat 12:59:28 Step:74} Server_Comm.py: Received a new packet while thinking!
{Sat 12:59:28 Step:75} Server_Comm.py: Received a new packet while thinking!
{Sat 12:59:28 Step:76} Server_Comm.py: Received a new packet while thinking!
{Sat 12:59:29 Step:77} Server_Comm.py: Received a new packet while thinking!
{Sat 12:59:29 Step:78} Server_Comm.py: Received a new packet while thinking!
{Sat 12:59:29 Step:80} Server_Comm.py: The agent lost 1 packet! Is syncmode enabled?
{Sat 12:59:29 Step:83} Server_Comm.py: Received a new packet while thinking!
{Sat 12:59:29 Step:84} Server_Comm.py: Received a new packet while thinking!
{Sat 12:59:29 Step:86} Server_Comm.py: The agent lost 1 packet! Is syncmode enabled?
{Sat 12:59:29 Step:89} Server_Comm.py: Received a new packet while thinking!
{Sat 12:59:29 Step:90} Server_Comm.py: Received a new packet while thinking!
{Sat 12:59:29 Step:92} Server_Comm.py: The agent lost 1 packet! Is syncmode enabled?
{Sat 12:59:29 Step:92} Server_Comm.py: Received a new packet while thinking!
{Sat 12:59:29 Step:93} Server_Comm.py: Received a new packet while thinking!
{Sat 12:59:29 Step:94} Server_Comm.py: Received a new packet while thinking!
{Sat 12:59:29 Step:95} Server_Comm.py: Received a new packet while on world.update()!
{Sat 12:59:29 Step:97} Server_Comm.py: Received a new packet while thinking!
{Sat 12:59:29 Step:98} Server_Comm.py: Received a new packet while thinking!
{Sat 12:59:30 Step:99} Server_Comm.py: Received a new packet while thinking!
{Sat 12:59:30 Step:100} Server_Comm.py: Received a new packet while thinking!
{Sat 12:59:30 Step:101} Server_Comm.py: Received a new packet while thinking!
{Sat 12:59:30 Step:102} Server_Comm.py: Received a new packet while thinking!
{Sat 12:59:30 Step:103} Server_Comm.py: Received a new packet while thinking!
{Sat 12:59:30 Step:104} Server_Comm.py: Received a new packet while thinking!
{Sat 12:59:30 Step:106} Server_Comm.py: The agent lost 1 packet! Is syncmode enabled?
{Sat 12:59:30 Step:107} Server_Comm.py: Received a new packet while thinking!
{Sat 12:59:30 Step:108} Server_Comm.py: Received a new packet while thinking!
{Sat 12:59:30 Step:109} Server_Comm.py: Received a new packet while thinking!
{Sat 12:59:30 Step:110} Server_Comm.py: Received a new packet while thinking!
{Sat 12:59:30 Step:111} Server_Comm.py: Received a new packet while thinking!
{Sat 12:59:30 Step:112} Server_Comm.py: Received a new packet while thinking!
{Sat 12:59:30 Step:113} Server_Comm.py: Received a new packet while thinking!
{Sat 12:59:30 Step:114} Server_Comm.py: Received a new packet while thinking!
{Sat 12:59:30 Step:115} Server_Comm.py: Received a new packet while thinking!
{Sat 12:59:30 Step:116} Server_Comm.py: Received a new packet while thinking!
{Sat 12:59:30 Step:117} Server_Comm.py: Received a new packet while thinking!
{Sat 12:59:30 Step:118} Server_Comm.py: Received a new packet while thinking!
{Sat 12:59:30 Step:119} Server_Comm.py: Received a new packet while on world.update()!
{Sat 12:59:31 Step:123} Server_Comm.py: Received a new packet while thinking!
{Sat 12:59:31 Step:127} Server_Comm.py: Received a new packet while thinking!
{Sat 12:59:31 Step:128} Server_Comm.py: Received a new packet while thinking!
{Sat 12:59:31 Step:129} Server_Comm.py: Received a new packet while thinking!
{Sat 12:59:31 Step:130} Server_Comm.py: Received a new packet while thinking!
{Sat 12:59:31 Step:132} Server_Comm.py: The agent lost 1 packet! Is syncmode enabled?
{Sat 12:59:31 Step:132} Server_Comm.py: Received a new packet while on world.update()!
{Sat 12:59:31 Step:133} Server_Comm.py: Received a new packet while thinking!
{Sat 12:59:31 Step:134} Server_Comm.py: Received a new packet while thinking!
{Sat 12:59:31 Step:135} Server_Comm.py: Received a new packet while on world.update()!
{Sat 12:59:31 Step:136} Server_Comm.py: Received a new packet while thinking!
{Sat 12:59:31 Step:137} Server_Comm.py: Received a new packet while on world.update()!
{Sat 12:59:32 Step:151} Server_Comm.py: Received a new packet while thinking!
{Sat 12:59:32 Step:152} Server_Comm.py: Received a new packet while thinking!
{Sat 12:59:32 Step:153} Server_Comm.py: Received a new packet while thinking!
{Sat 12:59:32 Step:154} Server_Comm.py: Received a new packet while thinking!
{Sat 12:59:32 Step:155} Server_Comm.py: Received a new packet while on world.update()!
{Sat 12:59:33 Step:165} Server_Comm.py: Received a new packet while thinking!
{Sat 12:59:33 Step:166} Server_Comm.py: Received a new packet while thinking!
{Sat 12:59:33 Step:167} Server_Comm.py: Received a new packet while thinking!
{Sat 12:59:33 Step:168} Server_Comm.py: Received a new packet while thinking!
{Sat 12:59:33 Step:169} Server_Comm.py: Received a new packet while thinking!
{Sat 12:59:33 Step:170} Server_Comm.py: Received a new packet while thinking!
{Sat 12:59:33 Step:171} Server_Comm.py: Received a new packet while thinking!
{Sat 12:59:33 Step:172} Server_Comm.py: Received a new packet while thinking!
{Sat 12:59:33 Step:173} Server_Comm.py: Received a new packet while thinking!
{Sat 12:59:33 Step:174} Server_Comm.py: Received a new packet while thinking!
{Sat 12:59:33 Step:175} Server_Comm.py: Received a new packet while thinking!
{Sat 12:59:33 Step:176} Server_Comm.py: Received a new packet while thinking!
{Sat 12:59:33 Step:177} Server_Comm.py: Received a new packet while thinking!
{Sat 12:59:33 Step:178} Server_Comm.py: Received a new packet while thinking!
{Sat 12:59:33 Step:179} Server_Comm.py: Received a new packet while thinking!
{Sat 12:59:33 Step:180} Server_Comm.py: Received a new packet while thinking!
{Sat 12:59:33 Step:181} Server_Comm.py: Received a new packet while thinking!
{Sat 12:59:33 Step:182} Server_Comm.py: Received a new packet while thinking!
{Sat 12:59:33 Step:184} Server_Comm.py: The agent lost 1 packet! Is syncmode enabled?
{Sat 12:59:34 Step:189} Server_Comm.py: Received a new packet while thinking!
{Sat 12:59:34 Step:191} Server_Comm.py: Received a new packet while thinking!
{Sat 12:59:34 Step:192} Server_Comm.py: Received a new packet while thinking!
{Sat 12:59:34 Step:194} Server_Comm.py: The agent lost 1 packet! Is syncmode enabled?
{Sat 12:59:34 Step:194} Server_Comm.py: Received a new packet while thinking!
{Sat 12:59:34 Step:195} Server_Comm.py: Received a new packet while thinking!
{Sat 12:59:34 Step:196} Server_Comm.py: Received a new packet while thinking!
{Sat 12:59:34 Step:198} Server_Comm.py: The agent lost 1 packet! Is syncmode enabled?
{Sat 12:59:34 Step:209} Server_Comm.py: Received a new packet while on world.update()!
{Sat 12:59:34 Step:211} Server_Comm.py: Received a new packet while thinking!
{Sat 12:59:35 Step:212} Server_Comm.py: Received a new packet while thinking!
{Sat 12:59:35 Step:213} Server_Comm.py: Received a new packet while thinking!
{Sat 12:59:35 Step:214} Server_Comm.py: Received a new packet while thinking!
{Sat 12:59:35 Step:215} Server_Comm.py: Received a new packet while on world.update()!
{Sat 12:59:35 Step:219} Server_Comm.py: Received a new packet while on world.update()!
{Sat 12:59:35 Step:221} Server_Comm.py: Received a new packet while on world.update()!
{Sat 12:59:35 Step:223} Server_Comm.py: Received a new packet while thinking!
{Sat 12:59:35 Step:224} Server_Comm.py: Received a new packet while thinking!
{Sat 12:59:35 Step:225} Server_Comm.py: Received a new packet while thinking!
{Sat 12:59:35 Step:226} Server_Comm.py: Received a new packet while thinking!
{Sat 12:59:35 Step:227} Server_Comm.py: Received a new packet while thinking!
{Sat 12:59:35 Step:228} Server_Comm.py: Received a new packet while thinking!
{Sat 12:59:35 Step:230} Server_Comm.py: The agent lost 1 packet! Is syncmode enabled?
{Sat 12:59:35 Step:231} Server_Comm.py: Received a new packet while thinking!
{Sat 12:59:35 Step:232} Server_Comm.py: Received a new packet while thinking!
{Sat 12:59:35 Step:233} Server_Comm.py: Received a new packet while on world.update()!
{Sat 12:59:36 Step:249} Server_Comm.py: Received a new packet while thinking!
{Sat 12:59:36 Step:250} Server_Comm.py: Received a new packet while thinking!
{Sat 12:59:36 Step:251} Server_Comm.py: Received a new packet while thinking!
{Sat 12:59:36 Step:252} Server_Comm.py: Received a new packet while thinking!
{Sat 12:59:36 Step:253} Server_Comm.py: Received a new packet while thinking!
{Sat 12:59:36 Step:254} Server_Comm.py: Received a new packet while thinking!
{Sat 12:59:36 Step:255} Server_Comm.py: Received a new packet while thinking!
{Sat 12:59:36 Step:256} Server_Comm.py: Received a new packet while thinking!
{Sat 12:59:36 Step:258} Server_Comm.py: The agent lost 1 packet! Is syncmode enabled?
{Sat 12:59:37 Step:258} Server_Comm.py: Received a new packet while thinking!
{Sat 12:59:37 Step:260} Server_Comm.py: The agent lost 1 packet! Is syncmode enabled?
{Sat 12:59:37 Step:260} Server_Comm.py: Received a new packet while on world.update()!
{Sat 12:59:37 Step:263} Server_Comm.py: Received a new packet while on world.update()!
{Sat 12:59:37 Step:267} Server_Comm.py: Received a new packet while thinking!
{Sat 12:59:37 Step:268} Server_Comm.py: Received a new packet while thinking!
{Sat 12:59:37 Step:269} Server_Comm.py: Received a new packet while thinking!
{Sat 12:59:37 Step:270} Server_Comm.py: Received a new packet while thinking!
{Sat 12:59:37 Step:271} Server_Comm.py: Received a new packet while thinking!
{Sat 12:59:37 Step:272} Server_Comm.py: Received a new packet while thinking!
{Sat 12:59:37 Step:273} Server_Comm.py: Received a new packet while on world.update()!
{Sat 12:59:38 Step:285} Server_Comm.py: Received a new packet while thinking!
{Sat 12:59:38 Step:287} Server_Comm.py: Received a new packet while thinking!
{Sat 12:59:38 Step:301} Server_Comm.py: Received a new packet while on world.update()!
{Sat 12:59:39 Step:302} Server_Comm.py: Received a new packet while thinking!
{Sat 12:59:39 Step:304} Server_Comm.py: The agent lost 1 packet! Is syncmode enabled?
{Sat 12:59:39 Step:305} Server_Comm.py: Received a new packet while thinking!
{Sat 12:59:39 Step:307} Server_Comm.py: Received a new packet while thinking!
{Sat 12:59:39 Step:308} Server_Comm.py: Received a new packet while thinking!
{Sat 12:59:39 Step:309} Server_Comm.py: Received a new packet while thinking!
{Sat 12:59:39 Step:310} Server_Comm.py: Received a new packet while thinking!
{Sat 12:59:39 Step:311} Server_Comm.py: Received a new packet while thinking!
{Sat 12:59:39 Step:312} Server_Comm.py: Received a new packet while thinking!
{Sat 12:59:39 Step:314} Server_Comm.py: The agent lost 1 packet! Is syncmode enabled?
{Sat 12:59:39 Step:317} Server_Comm.py: Received a new packet while thinking!
{Sat 12:59:39 Step:318} Server_Comm.py: Received a new packet while thinking!
{Sat 12:59:39 Step:319} Server_Comm.py: Received a new packet while thinking!
{Sat 12:59:39 Step:320} Server_Comm.py: Received a new packet while thinking!
{Sat 12:59:39 Step:321} Server_Comm.py: Received a new packet while thinking!
{Sat 12:59:39 Step:322} Server_Comm.py: Received a new packet while thinking!
{Sat 12:59:39 Step:323} Server_Comm.py: Received a new packet while thinking!
{Sat 12:59:39 Step:324} Server_Comm.py: Received a new packet while thinking!
{Sat 12:59:40 Step:325} Server_Comm.py: Received a new packet while thinking!
{Sat 12:59:40 Step:326} Server_Comm.py: Received a new packet while thinking!
{Sat 12:59:40 Step:328} Server_Comm.py: The agent lost 1 packet! Is syncmode enabled?
{Sat 12:59:40 Step:329} Server_Comm.py: Received a new packet while thinking!
{Sat 12:59:40 Step:343} Server_Comm.py: Received a new packet while thinking!
{Sat 12:59:40 Step:344} Server_Comm.py: Received a new packet while thinking!
{Sat 12:59:40 Step:345} Server_Comm.py: Received a new packet while thinking!
{Sat 12:59:40 Step:346} Server_Comm.py: Received a new packet while thinking!
{Sat 12:59:41 Step:347} Server_Comm.py: Received a new packet while thinking!
{Sat 12:59:41 Step:348} Server_Comm.py: Received a new packet while thinking!
{Sat 12:59:41 Step:349} Server_Comm.py: Received a new packet while thinking!
{Sat 12:59:41 Step:350} Server_Comm.py: Received a new packet while thinking!
{Sat 12:59:41 Step:352} Server_Comm.py: The agent lost 1 packet! Is syncmode enabled?
{Sat 12:59:41 Step:357} Server_Comm.py: Received a new packet while thinking!
{Sat 12:59:41 Step:358} Server_Comm.py: Received a new packet while thinking!
{Sat 12:59:41 Step:359} Server_Comm.py: Received a new packet while on world.update()!
{Sat 12:59:42 Step:375} Server_Comm.py: Received a new packet while thinking!
{Sat 12:59:42 Step:376} Server_Comm.py: Received a new packet while thinking!
{Sat 12:59:42 Step:377} Server_Comm.py: Received a new packet while on world.update()!
{Sat 12:59:42 Step:387} Server_Comm.py: Received a new packet while thinking!
{Sat 12:59:43 Step:388} Server_Comm.py: Received a new packet while on world.update()!
{Sat 12:59:43 Step:390} Server_Comm.py: The agent lost 1 packet! Is syncmode enabled?
{Sat 12:59:43 Step:391} Server_Comm.py: Received a new packet while thinking!
{Sat 12:59:43 Step:392} Server_Comm.py: Received a new packet while thinking!
{Sat 12:59:43 Step:393} Server_Comm.py: Received a new packet while on world.update()!
{Sat 12:59:43 Step:397} Server_Comm.py: Received a new packet while thinking!
{Sat 12:59:43 Step:398} Server_Comm.py: Received a new packet while thinking!
{Sat 12:59:43 Step:399} Server_Comm.py: Received a new packet while thinking!
{Sat 12:59:43 Step:400} Server_Comm.py: Received a new packet while thinking!
{Sat 12:59:43 Step:401} Server_Comm.py: Received a new packet while thinking!
{Sat 12:59:43 Step:402} Server_Comm.py: Received a new packet while thinking!
{Sat 12:59:43 Step:404} Server_Comm.py: The agent lost 1 packet! Is syncmode enabled?
{Sat 12:59:44 Step:407} Server_Comm.py: Received a new packet while thinking!
{Sat 12:59:44 Step:408} Server_Comm.py: Received a new packet while thinking!
{Sat 12:59:44 Step:409} Server_Comm.py: Received a new packet while thinking!
{Sat 12:59:44 Step:410} Server_Comm.py: Received a new packet while thinking!
{Sat 12:59:44 Step:411} Server_Comm.py: Received a new packet while thinking!
{Sat 12:59:44 Step:412} Server_Comm.py: Received a new packet while thinking!
{Sat 12:59:44 Step:413} Server_Comm.py: Received a new packet while thinking!
{Sat 12:59:44 Step:414} Server_Comm.py: Received a new packet while thinking!
{Sat 12:59:44 Step:415} Server_Comm.py: Received a new packet while thinking!
{Sat 12:59:44 Step:416} Server_Comm.py: Received a new packet while thinking!
{Sat 12:59:44 Step:417} Server_Comm.py: Received a new packet while thinking!
{Sat 12:59:44 Step:418} Server_Comm.py: Received a new packet while thinking!
{Sat 12:59:44 Step:419} Server_Comm.py: Received a new packet while thinking!
{Sat 12:59:44 Step:420} Server_Comm.py: Received a new packet while thinking!
{Sat 12:59:44 Step:421} Server_Comm.py: Received a new packet while thinking!
{Sat 12:59:44 Step:422} Server_Comm.py: Received a new packet while thinking!
{Sat 12:59:44 Step:423} Server_Comm.py: Received a new packet while thinking!
{Sat 12:59:44 Step:424} Server_Comm.py: Received a new packet while thinking!
{Sat 12:59:44 Step:425} Server_Comm.py: Received a new packet while thinking!
{Sat 12:59:45 Step:426} Server_Comm.py: Received a new packet while thinking!
{Sat 12:59:45 Step:427} Server_Comm.py: Received a new packet while thinking!
{Sat 12:59:45 Step:428} Server_Comm.py: Received a new packet while thinking!
{Sat 12:59:45 Step:429} Server_Comm.py: Received a new packet while thinking!
{Sat 12:59:45 Step:430} Server_Comm.py: Received a new packet while thinking!
{Sat 12:59:45 Step:431} Server_Comm.py: Received a new packet while on world.update()!
{Sat 12:59:45 Step:437} Server_Comm.py: Received a new packet while thinking!
{Sat 12:59:45 Step:438} Server_Comm.py: Received a new packet while thinking!
{Sat 12:59:45 Step:440} Server_Comm.py: The agent lost 1 packet! Is syncmode enabled?
{Sat 12:59:45 Step:443} Server_Comm.py: Received a new packet while thinking!
{Sat 12:59:45 Step:444} Server_Comm.py: Received a new packet while thinking!
{Sat 12:59:45 Step:446} Server_Comm.py: The agent lost 1 packet! Is syncmode enabled?
{Sat 12:59:46 Step:452} Server_Comm.py: Received a new packet while thinking!
{Sat 12:59:46 Step:454} Server_Comm.py: The agent lost 1 packet! Is syncmode enabled?
{Sat 12:59:46 Step:454} Server_Comm.py: Received a new packet while thinking!
{Sat 12:59:46 Step:456} Server_Comm.py: The agent lost 1 packet! Is syncmode enabled?
{Sat 12:59:47 Step:479} Server_Comm.py: Received a new packet while thinking!
{Sat 12:59:48 Step:495} Server_Comm.py: Received a new packet while thinking!
{Sat 12:59:48 Step:496} Server_Comm.py: Received a new packet while thinking!
{Sat 12:59:48 Step:497} Server_Comm.py: Received a new packet while on world.update()!
{Sat 12:59:48 Step:513} Server_Comm.py: Received a new packet while thinking!
{Sat 12:59:48 Step:514} Server_Comm.py: Received a new packet while thinking!
{Sat 12:59:48 Step:516} Server_Comm.py: The agent lost 1 packet! Is syncmode enabled?
{Sat 12:59:49 Step:517} Server_Comm.py: Received a new packet while thinking!
{Sat 12:59:49 Step:518} Server_Comm.py: Received a new packet while thinking!
{Sat 12:59:49 Step:519} Server_Comm.py: Received a new packet while thinking!
{Sat 12:59:49 Step:520} Server_Comm.py: Received a new packet while thinking!
{Sat 12:59:49 Step:521} Server_Comm.py: Received a new packet while thinking!
{Sat 12:59:49 Step:522} Server_Comm.py: Received a new packet while thinking!
{Sat 12:59:49 Step:524} Server_Comm.py: The agent lost 1 packet! Is syncmode enabled?
{Sat 12:59:49 Step:531} Server_Comm.py: Received a new packet while thinking!
{Sat 12:59:50 Step:537} Server_Comm.py: Received a new packet while on world.update()!
{Sat 12:59:50 Step:543} Server_Comm.py: Received a new packet while thinking!
{Sat 12:59:50 Step:544} Server_Comm.py: Received a new packet while thinking!
{Sat 12:59:50 Step:545} Server_Comm.py: Received a new packet while on world.update()!
{Sat 12:59:50 Step:549} Server_Comm.py: Received a new packet while thinking!
{Sat 12:59:50 Step:551} Server_Comm.py: Received a new packet while thinking!
{Sat 12:59:50 Step:552} Server_Comm.py: Received a new packet while thinking!
{Sat 12:59:50 Step:554} Server_Comm.py: The agent lost 1 packet! Is syncmode enabled?
{Sat 12:59:50 Step:554} Server_Comm.py: Received a new packet while thinking!
{Sat 12:59:51 Step:555} Server_Comm.py: Received a new packet while thinking!
{Sat 12:59:51 Step:556} Server_Comm.py: Received a new packet while thinking!
{Sat 12:59:51 Step:557} Server_Comm.py: Received a new packet while thinking!
{Sat 12:59:51 Step:558} Server_Comm.py: Received a new packet while thinking!
{Sat 12:59:51 Step:559} Server_Comm.py: Received a new packet while thinking!
{Sat 12:59:51 Step:560} Server_Comm.py: Received a new packet while thinking!
{Sat 12:59:51 Step:561} Server_Comm.py: Received a new packet while on world.update()!
{Sat 12:59:51 Step:565} Server_Comm.py: Received a new packet while thinking!
{Sat 12:59:51 Step:567} Server_Comm.py: Received a new packet while on world.update()!
{Sat 12:59:51 Step:571} Server_Comm.py: Received a new packet while thinking!
{Sat 12:59:52 Step:572} Server_Comm.py: Received a new packet while thinking!
{Sat 12:59:52 Step:574} Server_Comm.py: The agent lost 1 packet! Is syncmode enabled?
{Sat 12:59:52 Step:575} Server_Comm.py: Received a new packet while thinking!
{Sat 12:59:52 Step:576} Server_Comm.py: Received a new packet while thinking!
{Sat 12:59:52 Step:577} Server_Comm.py: Received a new packet while on world.update()!
{Sat 12:59:53 Step:587} Server_Comm.py: Received a new packet while thinking!
{Sat 12:59:53 Step:589} Server_Comm.py: Received a new packet while thinking!
{Sat 12:59:53 Step:593} Server_Comm.py: Received a new packet while thinking!
{Sat 12:59:53 Step:594} Server_Comm.py: Received a new packet while thinking!
{Sat 12:59:53 Step:595} Server_Comm.py: Received a new packet while on world.update()!
{Sat 12:59:53 Step:596} Server_Comm.py: Received a new packet while thinking!
{Sat 12:59:53 Step:597} Server_Comm.py: Received a new packet while thinking!
{Sat 12:59:53 Step:598} Server_Comm.py: Received a new packet while thinking!
{Sat 12:59:53 Step:599} Server_Comm.py: Received a new packet while thinking!
{Sat 12:59:53 Step:600} Server_Comm.py: Received a new packet while thinking!
{Sat 12:59:53 Step:602} Server_Comm.py: The agent lost 1 packet! Is syncmode enabled?
{Sat 12:59:53 Step:603} Server_Comm.py: Received a new packet while thinking!
{Sat 12:59:54 Step:604} Server_Comm.py: Received a new packet while thinking!
{Sat 12:59:54 Step:605} Server_Comm.py: Received a new packet while on world.update()!
{Sat 12:59:55 Step:627} Server_Comm.py: Received a new packet while thinking!
{Sat 12:59:55 Step:635} Server_Comm.py: Received a new packet while on world.update()!
{Sat 12:59:55 Step:639} Server_Comm.py: Received a new packet while thinking!
{Sat 12:59:55 Step:640} Server_Comm.py: Received a new packet while thinking!
{Sat 12:59:55 Step:641} Server_Comm.py: Received a new packet while on world.update()!
{Sat 12:59:55 Step:643} Server_Comm.py: Received a new packet while thinking!
{Sat 12:59:55 Step:644} Server_Comm.py: Received a new packet while thinking!
{Sat 12:59:56 Step:645} Server_Comm.py: Received a new packet while on world.update()!
{Sat 12:59:56 Step:653} Server_Comm.py: Received a new packet while thinking!
{Sat 12:59:56 Step:654} Server_Comm.py: Received a new packet while thinking!
{Sat 12:59:56 Step:656} Server_Comm.py: The agent lost 1 packet! Is syncmode enabled?
{Sat 12:59:56 Step:657} Server_Comm.py: Received a new packet while thinking!
{Sat 12:59:56 Step:658} Server_Comm.py: Received a new packet while thinking!
{Sat 12:59:56 Step:661} Server_Comm.py: The agent lost 2 consecutive packets! Is syncmode disabled?
{Sat 12:59:57 Step:667} Server_Comm.py: Received a new packet while thinking!
{Sat 12:59:57 Step:669} Server_Comm.py: The agent lost 1 packet! Is syncmode enabled?
{Sat 12:59:57 Step:669} Server_Comm.py: Received a new packet while on world.update()!
{Sat 12:59:57 Step:671} Server_Comm.py: Received a new packet while thinking!
{Sat 12:59:58 Step:672} Server_Comm.py: Received a new packet while thinking!
{Sat 12:59:58 Step:676} Server_Comm.py: The agent lost 3 consecutive packets! Is syncmode disabled?
{Sat 12:59:58 Step:676} Server_Comm.py: Received a new packet while thinking!
{Sat 12:59:58 Step:677} Server_Comm.py: Received a new packet while thinking!
{Sat 12:59:58 Step:678} Server_Comm.py: Received a new packet while thinking!
{Sat 12:59:58 Step:679} Server_Comm.py: Received a new packet while thinking!
{Sat 12:59:58 Step:680} Server_Comm.py: Received a new packet while thinking!
{Sat 12:59:58 Step:681} Server_Comm.py: Received a new packet while thinking!
{Sat 12:59:58 Step:682} Server_Comm.py: Received a new packet while thinking!
{Sat 12:59:58 Step:684} Server_Comm.py: The agent lost 1 packet! Is syncmode enabled?
{Sat 12:59:58 Step:684} Server_Comm.py: Received a new packet while on world.update()!
{Sat 12:59:58 Step:687} Server_Comm.py: Received a new packet while on world.update()!
{Sat 12:59:58 Step:691} Server_Comm.py: Received a new packet while thinking!
{Sat 12:59:58 Step:692} Server_Comm.py: Received a new packet while thinking!
{Sat 12:59:58 Step:694} Server_Comm.py: The agent lost 1 packet! Is syncmode enabled?
{Sat 12:59:59 Step:695} Server_Comm.py: Received a new packet while thinking!
{Sat 12:59:59 Step:696} Server_Comm.py: Received a new packet while thinking!
{Sat 12:59:59 Step:697} Server_Comm.py: Received a new packet while on world.update()!
{Sat 12:59:59 Step:699} Server_Comm.py: Received a new packet while thinking!
{Sat 12:59:59 Step:700} Server_Comm.py: Received a new packet while thinking!
{Sat 12:59:59 Step:702} Server_Comm.py: The agent lost 1 packet! Is syncmode enabled?
{Sat 12:59:59 Step:709} Server_Comm.py: Received a new packet while thinking!
{Sat 12:59:59 Step:710} Server_Comm.py: Received a new packet while thinking!
{Sat 12:59:59 Step:711} Server_Comm.py: Received a new packet while thinking!
{Sat 12:59:59 Step:712} Server_Comm.py: Received a new packet while thinking!
{Sat 12:59:59 Step:713} Server_Comm.py: Received a new packet while thinking!
{Sat 12:59:59 Step:714} Server_Comm.py: Received a new packet while thinking!
{Sat 13:00:00 Step:715} Server_Comm.py: Received a new packet while thinking!
{Sat 13:00:00 Step:716} Server_Comm.py: Received a new packet while thinking!
{Sat 13:00:00 Step:717} Server_Comm.py: Received a new packet while thinking!
{Sat 13:00:00 Step:718} Server_Comm.py: Received a new packet while thinking!
{Sat 13:00:00 Step:720} Server_Comm.py: The agent lost 1 packet! Is syncmode enabled?
{Sat 13:00:00 Step:720} Server_Comm.py: Received a new packet while thinking!
{Sat 13:00:00 Step:722} Server_Comm.py: The agent lost 1 packet! Is syncmode enabled?
{Sat 13:00:00 Step:724} Server_Comm.py: The agent lost 1 packet! Is syncmode enabled?
{Sat 13:00:00 Step:729} Server_Comm.py: Received a new packet while thinking!
{Sat 13:00:00 Step:730} Server_Comm.py: Received a new packet while thinking!
{Sat 13:00:00 Step:731} Server_Comm.py: Received a new packet while thinking!
{Sat 13:00:00 Step:732} Server_Comm.py: Received a new packet while thinking!
{Sat 13:00:00 Step:733} Server_Comm.py: Received a new packet while thinking!
{Sat 13:00:01 Step:734} Server_Comm.py: Received a new packet while thinking!
{Sat 13:00:01 Step:735} Server_Comm.py: Received a new packet while on world.update()!
{Sat 13:00:02 Step:769} Server_Comm.py: Received a new packet while thinking!
{Sat 13:00:02 Step:770} Server_Comm.py: Received a new packet while thinking!
{Sat 13:00:02 Step:771} Server_Comm.py: Received a new packet while on world.update()!
{Sat 13:00:02 Step:773} Server_Comm.py: Received a new packet while thinking!
{Sat 13:00:02 Step:774} Server_Comm.py: Received a new packet while thinking!
{Sat 13:00:02 Step:775} Server_Comm.py: Received a new packet while thinking!
{Sat 13:00:02 Step:776} Server_Comm.py: Received a new packet while thinking!
{Sat 13:00:02 Step:777} Server_Comm.py: Received a new packet while thinking!
{Sat 13:00:03 Step:778} Server_Comm.py: Received a new packet while thinking!
{Sat 13:00:03 Step:779} Server_Comm.py: Received a new packet while on world.update()!
{Sat 13:00:03 Step:791} Server_Comm.py: Received a new packet while on world.update()!
{Sat 13:00:03 Step:793} Server_Comm.py: Received a new packet while thinking!
{Sat 13:00:03 Step:796} Server_Comm.py: The agent lost 2 consecutive packets! Is syncmode disabled?
{Sat 13:00:04 Step:807} Server_Comm.py: Received a new packet while thinking!
{Sat 13:00:04 Step:808} Server_Comm.py: Received a new packet while thinking!
{Sat 13:00:04 Step:810} Server_Comm.py: The agent lost 1 packet! Is syncmode enabled?
{Sat 13:00:04 Step:813} Server_Comm.py: Received a new packet while thinking!
{Sat 13:00:04 Step:815} Server_Comm.py: Received a new packet while thinking!
{Sat 13:00:04 Step:817} Server_Comm.py: Received a new packet while thinking!
{Sat 13:00:04 Step:819} Server_Comm.py: Received a new packet while thinking!
{Sat 13:00:04 Step:820} Server_Comm.py: Received a new packet while thinking!
{Sat 13:00:04 Step:822} Server_Comm.py: The agent lost 1 packet! Is syncmode enabled?
{Sat 13:00:04 Step:823} Server_Comm.py: Received a new packet while thinking!
{Sat 13:00:05 Step:824} Server_Comm.py: Received a new packet while on world.update()!
{Sat 13:00:05 Step:827} Server_Comm.py: Received a new packet while thinking!
{Sat 13:00:05 Step:828} Server_Comm.py: Received a new packet while thinking!
{Sat 13:00:05 Step:829} Server_Comm.py: Received a new packet while on world.update()!
{Sat 13:00:05 Step:835} Server_Comm.py: Received a new packet while thinking!
{Sat 13:00:06 Step:849} Server_Comm.py: Received a new packet while thinking!
{Sat 13:00:06 Step:853} Server_Comm.py: Received a new packet while thinking!
{Sat 13:00:06 Step:854} Server_Comm.py: Received a new packet while thinking!
{Sat 13:00:06 Step:855} Server_Comm.py: Received a new packet while thinking!
{Sat 13:00:06 Step:856} Server_Comm.py: Received a new packet while thinking!
{Sat 13:00:06 Step:857} Server_Comm.py: Received a new packet while on world.update()!
{Sat 13:00:07 Step:865} Server_Comm.py: Received a new packet while thinking!
{Sat 13:00:07 Step:866} Server_Comm.py: Received a new packet while thinking!
{Sat 13:00:07 Step:868} Server_Comm.py: The agent lost 1 packet! Is syncmode enabled?
{Sat 13:00:07 Step:868} Server_Comm.py: Received a new packet while thinking!
{Sat 13:00:07 Step:869} Server_Comm.py: Received a new packet while thinking!
{Sat 13:00:07 Step:870} Server_Comm.py: Received a new packet while thinking!
{Sat 13:00:07 Step:871} Server_Comm.py: Received a new packet while on world.update()!
{Sat 13:00:07 Step:879} Server_Comm.py: Received a new packet while thinking!
{Sat 13:00:07 Step:880} Server_Comm.py: Received a new packet while thinking!
{Sat 13:00:07 Step:882} Server_Comm.py: The agent lost 1 packet! Is syncmode enabled?
{Sat 13:00:07 Step:883} Server_Comm.py: Received a new packet while on world.update()!
{Sat 13:00:08 Step:885} Server_Comm.py: Received a new packet while on world.update()!
{Sat 13:00:08 Step:887} Server_Comm.py: Received a new packet while thinking!
{Sat 13:00:08 Step:888} Server_Comm.py: Received a new packet while thinking!
{Sat 13:00:08 Step:890} Server_Comm.py: The agent lost 1 packet! Is syncmode enabled?
{Sat 13:00:08 Step:890} Server_Comm.py: Received a new packet while thinking!
{Sat 13:00:08 Step:891} Server_Comm.py: Received a new packet while thinking!
{Sat 13:00:08 Step:892} Server_Comm.py: Received a new packet while thinking!
{Sat 13:00:08 Step:894} Server_Comm.py: The agent lost 1 packet! Is syncmode enabled?
{Sat 13:00:08 Step:895} Server_Comm.py: Received a new packet while thinking!
{Sat 13:00:08 Step:896} Server_Comm.py: Received a new packet while thinking!
{Sat 13:00:08 Step:898} Server_Comm.py: The agent lost 1 packet! Is syncmode enabled?
{Sat 13:00:08 Step:899} Server_Comm.py: Received a new packet while thinking!
{Sat 13:00:09 Step:911} Server_Comm.py: Received a new packet while thinking!
{Sat 13:00:09 Step:913} Server_Comm.py: Received a new packet while thinking!
{Sat 13:00:09 Step:914} Server_Comm.py: Received a new packet while thinking!
{Sat 13:00:09 Step:916} Server_Comm.py: The agent lost 1 packet! Is syncmode enabled?
{Sat 13:00:09 Step:917} Server_Comm.py: Received a new packet while on world.update()!
{Sat 13:00:09 Step:918} Server_Comm.py: Received a new packet while thinking!
{Sat 13:00:10 Step:919} Server_Comm.py: Received a new packet while on world.update()!
{Sat 13:00:10 Step:920} Server_Comm.py: Received a new packet while thinking!
{Sat 13:00:10 Step:927} Server_Comm.py: Received a new packet while thinking!
{Sat 13:00:10 Step:929} Server_Comm.py: The agent lost 1 packet! Is syncmode enabled?
{Sat 13:00:10 Step:929} Server_Comm.py: Received a new packet while thinking!
{Sat 13:00:10 Step:930} Server_Comm.py: Received a new packet while thinking!
{Sat 13:00:10 Step:932} Server_Comm.py: The agent lost 1 packet! Is syncmode enabled?
{Sat 13:00:10 Step:932} Server_Comm.py: Received a new packet while thinking!
{Sat 13:00:10 Step:933} Server_Comm.py: Received a new packet while thinking!
{Sat 13:00:10 Step:934} Server_Comm.py: Received a new packet while thinking!
{Sat 13:00:11 Step:937} Server_Comm.py: The agent lost 2 consecutive packets! Is syncmode disabled?
{Sat 13:00:11 Step:937} Server_Comm.py: Received a new packet while thinking!
{Sat 13:00:11 Step:938} Server_Comm.py: Received a new packet while thinking!
{Sat 13:00:11 Step:940} Server_Comm.py: The agent lost 1 packet! Is syncmode enabled?
{Sat 13:00:11 Step:943} Server_Comm.py: Received a new packet while thinking!
{Sat 13:00:11 Step:944} Server_Comm.py: Received a new packet while thinking!
{Sat 13:00:11 Step:946} Server_Comm.py: The agent lost 1 packet! Is syncmode enabled?
{Sat 13:00:12 Step:949} Server_Comm.py: Received a new packet while thinking!
{Sat 13:00:12 Step:950} Server_Comm.py: Received a new packet while thinking!
{Sat 13:00:12 Step:951} Server_Comm.py: Received a new packet while on world.update()!
{Sat 13:00:12 Step:953} Server_Comm.py: Received a new packet while thinking!
{Sat 13:00:12 Step:957} Server_Comm.py: Received a new packet while thinking!
{Sat 13:00:12 Step:958} Server_Comm.py: Received a new packet while thinking!
{Sat 13:00:12 Step:960} Server_Comm.py: The agent lost 1 packet! Is syncmode enabled?
{Sat 13:00:12 Step:960} Server_Comm.py: Received a new packet while thinking!
{Sat 13:00:12 Step:961} Server_Comm.py: Received a new packet while on world.update()!
{Sat 13:00:12 Step:965} Server_Comm.py: Received a new packet while thinking!
{Sat 13:00:13 Step:969} Server_Comm.py: Received a new packet while thinking!
{Sat 13:00:13 Step:970} Server_Comm.py: Received a new packet while thinking!
{Sat 13:00:13 Step:971} Server_Comm.py: Received a new packet while thinking!
{Sat 13:00:13 Step:972} Server_Comm.py: Received a new packet while thinking!
{Sat 13:00:13 Step:974} Server_Comm.py: The agent lost 1 packet! Is syncmode enabled?
{Sat 13:00:13 Step:975} Server_Comm.py: Received a new packet while thinking!
{Sat 13:00:13 Step:977} Server_Comm.py: The agent lost 1 packet! Is syncmode enabled?
{Sat 13:00:13 Step:979} Server_Comm.py: Received a new packet while thinking!
{Sat 13:00:14 Step:989} Server_Comm.py: Received a new packet while thinking!
{Sat 13:00:14 Step:992} Server_Comm.py: The agent lost 2 consecutive packets! Is syncmode disabled?
{Sat 13:00:14 Step:993} Server_Comm.py: Received a new packet while thinking!
{Sat 13:00:14 Step:996} Server_Comm.py: The agent lost 2 consecutive packets! Is syncmode disabled?
{Sat 13:00:15 Step:996} Server_Comm.py: Received a new packet while thinking!
{Sat 13:00:15 Step:997} Server_Comm.py: Received a new packet while thinking!
{Sat 13:00:15 Step:998} Server_Comm.py: Received a new packet while thinking!
{Sat 13:00:15 Step:999} Server_Comm.py: Received a new packet while thinking!
{Sat 13:00:15 Step:1000} Server_Comm.py: Received a new packet while thinking!
{Sat 13:00:15 Step:1002} Server_Comm.py: The agent lost 1 packet! Is syncmode enabled?
{Sat 13:00:16 Step:1011} Server_Comm.py: Received a new packet while thinking!
{Sat 13:00:16 Step:1017} Server_Comm.py: Received a new packet while thinking!
{Sat 13:00:16 Step:1018} Server_Comm.py: Received a new packet while thinking!
{Sat 13:00:16 Step:1022} Server_Comm.py: The agent lost 3 consecutive packets! Is syncmode disabled?
{Sat 13:00:17 Step:1025} Server_Comm.py: Received a new packet while thinking!
{Sat 13:00:17 Step:1026} Server_Comm.py: Received a new packet while thinking!
{Sat 13:00:17 Step:1027} Server_Comm.py: Received a new packet while thinking!
{Sat 13:00:17 Step:1028} Server_Comm.py: Received a new packet while thinking!
{Sat 13:00:17 Step:1030} Server_Comm.py: The agent lost 1 packet! Is syncmode enabled?
{Sat 13:00:17 Step:1030} Server_Comm.py: Received a new packet while thinking!
{Sat 13:00:17 Step:1032} Server_Comm.py: The agent lost 1 packet! Is syncmode enabled?
{Sat 13:00:17 Step:1033} Server_Comm.py: Received a new packet while thinking!
{Sat 13:00:18 Step:1034} Server_Comm.py: Received a new packet while thinking!
{Sat 13:00:18 Step:1035} Server_Comm.py: Received a new packet while on world.update()!
{Sat 13:00:18 Step:1036} Server_Comm.py: Received a new packet while thinking!
{Sat 13:00:18 Step:1038} Server_Comm.py: The agent lost 1 packet! Is syncmode enabled?
{Sat 13:00:18 Step:1039} Server_Comm.py: Received a new packet while on world.update()!
{Sat 13:00:18 Step:1041} Server_Comm.py: Received a new packet while thinking!
{Sat 13:00:18 Step:1042} Server_Comm.py: Received a new packet while thinking!
{Sat 13:00:18 Step:1043} Server_Comm.py: Received a new packet while thinking!
{Sat 13:00:18 Step:1044} Server_Comm.py: Received a new packet while thinking!
{Sat 13:00:18 Step:1045} Server_Comm.py: Received a new packet while on world.update()!
{Sat 13:00:19 Step:1051} Server_Comm.py: Received a new packet while thinking!
{Sat 13:00:19 Step:1052} Server_Comm.py: Received a new packet while thinking!
{Sat 13:00:20 Step:1053} Server_Comm.py: Received a new packet while thinking!
{Sat 13:00:20 Step:1054} Server_Comm.py: Received a new packet while thinking!
{Sat 13:00:20 Step:1055} Server_Comm.py: Received a new packet while on world.update()!
{Sat 13:00:20 Step:1061} Server_Comm.py: Received a new packet while thinking!
{Sat 13:00:20 Step:1062} Server_Comm.py: Received a new packet while thinking!
{Sat 13:00:20 Step:1064} Server_Comm.py: The agent lost 1 packet! Is syncmode enabled?
{Sat 13:00:21 Step:1067} Server_Comm.py: Received a new packet while thinking!
{Sat 13:00:21 Step:1068} Server_Comm.py: Received a new packet while thinking!
{Sat 13:00:21 Step:1069} Server_Comm.py: Received a new packet while on world.update()!
{Sat 13:00:22 Step:1073} Server_Comm.py: Received a new packet while on world.update()!
{Sat 13:00:22 Step:1075} Server_Comm.py: Received a new packet while thinking!
{Sat 13:00:22 Step:1076} Server_Comm.py: Received a new packet while thinking!
{Sat 13:00:22 Step:1078} Server_Comm.py: The agent lost 1 packet! Is syncmode enabled?
{Sat 13:00:23 Step:1081} Server_Comm.py: Received a new packet while thinking!
{Sat 13:00:23 Step:1082} Server_Comm.py: Received a new packet while thinking!
{Sat 13:00:23 Step:1083} Server_Comm.py: Received a new packet while thinking!
{Sat 13:00:23 Step:1084} Server_Comm.py: Received a new packet while thinking!
{Sat 13:00:23 Step:1085} Server_Comm.py: Received a new packet while thinking!
{Sat 13:00:23 Step:1086} Server_Comm.py: Received a new packet while thinking!
{Sat 13:00:23 Step:1088} Server_Comm.py: The agent lost 1 packet! Is syncmode enabled?
{Sat 13:00:24 Step:1092} Server_Comm.py: The agent lost 1 packet! Is syncmode enabled?
{Sat 13:00:25 Step:1101} Server_Comm.py: Received a new packet while on world.update()!
{Sat 13:00:26 Step:1111} Server_Comm.py: Received a new packet while on world.update()!
{Sat 13:00:27 Step:1112} Server_Comm.py: Received a new packet while thinking!
{Sat 13:00:27 Step:1114} Server_Comm.py: The agent lost 1 packet! Is syncmode enabled?
{Sat 13:00:27 Step:1114} Server_Comm.py: Received a new packet while on world.update()!
{Sat 13:00:27 Step:1117} Server_Comm.py: The agent lost 2 consecutive packets! Is syncmode disabled?
{Sat 13:00:27 Step:1117} Server_Comm.py: Received a new packet while thinking!
{Sat 13:00:27 Step:1118} Server_Comm.py: Received a new packet while thinking!
{Sat 13:00:28 Step:1120} Server_Comm.py: The agent lost 1 packet! Is syncmode enabled?
{Sat 13:00:28 Step:1120} Server_Comm.py: Received a new packet while thinking!
{Sat 13:00:28 Step:1121} Server_Comm.py: Received a new packet while thinking!
{Sat 13:00:28 Step:1122} Server_Comm.py: Received a new packet while thinking!
{Sat 13:00:28 Step:1123} Server_Comm.py: Received a new packet while thinking!
{Sat 13:00:28 Step:1124} Server_Comm.py: Received a new packet while thinking!
{Sat 13:00:28 Step:1125} Server_Comm.py: Received a new packet while on world.update()!
{Sat 13:00:28 Step:1127} Server_Comm.py: Received a new packet while thinking!
{Sat 13:00:29 Step:1129} Server_Comm.py: Received a new packet while thinking!
{Sat 13:00:29 Step:1130} Server_Comm.py: Received a new packet while thinking!
{Sat 13:00:29 Step:1134} Server_Comm.py: The agent lost 3 consecutive packets! Is syncmode disabled?
{Sat 13:00:29 Step:1134} Server_Comm.py: Received a new packet while thinking!
{Sat 13:00:29 Step:1136} Server_Comm.py: The agent lost 1 packet! Is syncmode enabled?
{Sat 13:00:30 Step:1137} Server_Comm.py: Received a new packet while thinking!
{Sat 13:00:30 Step:1143} Server_Comm.py: Received a new packet while thinking!
{Sat 13:00:30 Step:1144} Server_Comm.py: Received a new packet while thinking!
{Sat 13:00:31 Step:1145} Server_Comm.py: Received a new packet while thinking!
{Sat 13:00:31 Step:1146} Server_Comm.py: Received a new packet while thinking!
{Sat 13:00:31 Step:1147} Server_Comm.py: Received a new packet while thinking!
{Sat 13:00:31 Step:1148} Server_Comm.py: Received a new packet while thinking!
{Sat 13:00:31 Step:1149} Server_Comm.py: Received a new packet while thinking!
{Sat 13:00:31 Step:1150} Server_Comm.py: Received a new packet while thinking!
{Sat 13:00:31 Step:1151} Server_Comm.py: Received a new packet while thinking!
{Sat 13:00:32 Step:1152} Server_Comm.py: Received a new packet while thinking!
{Sat 13:00:32 Step:1153} Server_Comm.py: Received a new packet while on world.update()!
{Sat 13:00:34 Step:1175} Server_Comm.py: Received a new packet while thinking!
{Sat 13:00:35 Step:1179} Server_Comm.py: Received a new packet while thinking!
{Sat 13:00:35 Step:1180} Server_Comm.py: Received a new packet while thinking!
{Sat 13:00:35 Step:1181} Server_Comm.py: Received a new packet while thinking!
{Sat 13:00:35 Step:1182} Server_Comm.py: Received a new packet while thinking!
{Sat 13:00:35 Step:1183} Server_Comm.py: Received a new packet while on world.update()!
{Sat 13:00:36 Step:1195} Server_Comm.py: Received a new packet while on world.update()!
{Sat 13:00:37 Step:1197} Server_Comm.py: Received a new packet while on world.update()!
{Sat 13:00:38 Step:1207} Server_Comm.py: Received a new packet while on world.update()!
{Sat 13:00:38 Step:1211} Server_Comm.py: Received a new packet while thinking!
{Sat 13:00:39 Step:1212} Server_Comm.py: Received a new packet while thinking!
{Sat 13:00:39 Step:1213} Server_Comm.py: Received a new packet while thinking!
{Sat 13:00:39 Step:1214} Server_Comm.py: Received a new packet while thinking!
{Sat 13:00:39 Step:1215} Server_Comm.py: Received a new packet while thinking!
{Sat 13:00:39 Step:1216} Server_Comm.py: Received a new packet while thinking!
{Sat 13:00:39 Step:1217} Server_Comm.py: Received a new packet while thinking!
{Sat 13:00:39 Step:1218} Server_Comm.py: Received a new packet while thinking!
{Sat 13:00:39 Step:1219} Server_Comm.py: Received a new packet while on world.update()!
{Sat 13:00:40 Step:1223} Server_Comm.py: Received a new packet while on world.update()!
{Sat 13:00:40 Step:1225} Server_Comm.py: Received a new packet while thinking!
{Sat 13:00:40 Step:1226} Server_Comm.py: Received a new packet while thinking!
{Sat 13:00:40 Step:1228} Server_Comm.py: The agent lost 1 packet! Is syncmode enabled?
{Sat 13:00:41 Step:1228} Server_Comm.py: Received a new packet while thinking!
{Sat 13:00:41 Step:1229} Server_Comm.py: Received a new packet while thinking!
{Sat 13:00:41 Step:1230} Server_Comm.py: Received a new packet while thinking!
{Sat 13:00:41 Step:1231} Server_Comm.py: Received a new packet while thinking!
{Sat 13:00:41 Step:1232} Server_Comm.py: Received a new packet while thinking!
{Sat 13:00:41 Step:1233} Server_Comm.py: Received a new packet while thinking!
{Sat 13:00:41 Step:1234} Server_Comm.py: Received a new packet while thinking!
{Sat 13:00:41 Step:1235} Server_Comm.py: Received a new packet while thinking!
{Sat 13:00:42 Step:1236} Server_Comm.py: Received a new packet while thinking!
{Sat 13:00:42 Step:1238} Server_Comm.py: The agent lost 1 packet! Is syncmode enabled?
{Sat 13:00:42 Step:1238} Server_Comm.py: Received a new packet while thinking!
{Sat 13:00:42 Step:1239} Server_Comm.py: Received a new packet while thinking!
{Sat 13:00:42 Step:1240} Server_Comm.py: Received a new packet while thinking!
{Sat 13:00:43 Step:1244} Server_Comm.py: The agent lost 3 consecutive packets! Is syncmode disabled?
{Sat 13:00:43 Step:1244} Server_Comm.py: Received a new packet while thinking!
{Sat 13:00:43 Step:1246} Server_Comm.py: The agent lost 1 packet! Is syncmode enabled?
{Sat 13:00:43 Step:1246} Server_Comm.py: Received a new packet while thinking!
{Sat 13:00:43 Step:1249} Server_Comm.py: The agent lost 2 consecutive packets! Is syncmode disabled?
{Sat 13:00:43 Step:1249} Server_Comm.py: Received a new packet while thinking!
{Sat 13:00:44 Step:1250} Server_Comm.py: Received a new packet while thinking!
{Sat 13:00:44 Step:1252} Server_Comm.py: The agent lost 1 packet! Is syncmode enabled?
{Sat 13:00:45 Step:1261} Server_Comm.py: Received a new packet while thinking!
{Sat 13:00:45 Step:1263} Server_Comm.py: Received a new packet while thinking!
{Sat 13:00:45 Step:1264} Server_Comm.py: Received a new packet while thinking!
{Sat 13:00:45 Step:1266} Server_Comm.py: The agent lost 1 packet! Is syncmode enabled?
{Sat 13:00:45 Step:1267} Server_Comm.py: Received a new packet while on world.update()!
{Sat 13:00:46 Step:1269} Server_Comm.py: Received a new packet while on world.update()!
{Sat 13:00:46 Step:1271} Server_Comm.py: Received a new packet while thinking!
{Sat 13:00:46 Step:1272} Server_Comm.py: Received a new packet while thinking!
{Sat 13:00:46 Step:1274} Server_Comm.py: The agent lost 1 packet! Is syncmode enabled?
{Sat 13:00:46 Step:1274} Server_Comm.py: Received a new packet while thinking!
{Sat 13:00:46 Step:1276} Server_Comm.py: The agent lost 1 packet! Is syncmode enabled?
{Sat 13:00:47 Step:1279} Server_Comm.py: Received a new packet while thinking!
{Sat 13:00:47 Step:1280} Server_Comm.py: Received a new packet while thinking!
{Sat 13:00:47 Step:1282} Server_Comm.py: The agent lost 1 packet! Is syncmode enabled?
{Sat 13:00:47 Step:1282} Server_Comm.py: Received a new packet while thinking!
{Sat 13:00:47 Step:1283} Server_Comm.py: Received a new packet while on world.update()!
{Sat 13:00:47 Step:1287} Server_Comm.py: Received a new packet while thinking!
{Sat 13:00:48 Step:1288} Server_Comm.py: Received a new packet while thinking!
{Sat 13:00:48 Step:1289} Server_Comm.py: Received a new packet while thinking!
{Sat 13:00:48 Step:1290} Server_Comm.py: Received a new packet while thinking!
{Sat 13:00:48 Step:1292} Server_Comm.py: The agent lost 1 packet! Is syncmode enabled?
{Sat 13:00:48 Step:1292} Server_Comm.py: Received a new packet while thinking!
{Sat 13:00:48 Step:1293} Server_Comm.py: Received a new packet while thinking!
{Sat 13:00:48 Step:1294} Server_Comm.py: Received a new packet while thinking!
{Sat 13:00:48 Step:1295} Server_Comm.py: Received a new packet while thinking!
{Sat 13:00:48 Step:1296} Server_Comm.py: Received a new packet while thinking!
{Sat 13:00:49 Step:1297} Server_Comm.py: Received a new packet while thinking!
{Sat 13:00:49 Step:1298} Server_Comm.py: Received a new packet while thinking!
{Sat 13:00:49 Step:1300} Server_Comm.py: The agent lost 1 packet! Is syncmode enabled?
{Sat 13:00:49 Step:1300} Server_Comm.py: Received a new packet while thinking!
{Sat 13:00:49 Step:1301} Server_Comm.py: Received a new packet while on world.update()!
{Sat 13:00:50 Step:1307} Server_Comm.py: Received a new packet while on world.update()!
{Sat 13:00:51 Step:1313} Server_Comm.py: Received a new packet while thinking!
{Sat 13:00:52 Step:1314} Server_Comm.py: Received a new packet while thinking!
{Sat 13:00:52 Step:1315} Server_Comm.py: Received a new packet while on world.update()!
{Sat 13:00:53 Step:1321} Server_Comm.py: Received a new packet while thinking!
{Sat 13:00:54 Step:1325} Server_Comm.py: Received a new packet while thinking!
{Sat 13:00:54 Step:1327} Server_Comm.py: The agent lost 1 packet! Is syncmode enabled?
{Sat 13:00:54 Step:1327} Server_Comm.py: Received a new packet while on world.update()!
{Sat 13:00:54 Step:1329} Server_Comm.py: Received a new packet while on world.update()!
{Sat 13:00:55 Step:1333} Server_Comm.py: Received a new packet while thinking!
{Sat 13:00:55 Step:1334} Server_Comm.py: Received a new packet while thinking!
{Sat 13:00:55 Step:1335} Server_Comm.py: Received a new packet while on world.update()!
{Sat 13:00:55 Step:1337} Server_Comm.py: The agent lost 1 packet! Is syncmode enabled?
{Sat 13:00:56 Step:1337} Server_Comm.py: Received a new packet while thinking!
{Sat 13:00:56 Step:1338} Server_Comm.py: Received a new packet while thinking!
{Sat 13:00:56 Step:1340} Server_Comm.py: The agent lost 1 packet! Is syncmode enabled?
{Sat 13:00:56 Step:1340} Server_Comm.py: Received a new packet while thinking!
{Sat 13:00:56 Step:1341} Server_Comm.py: Received a new packet while on world.update()!
{Sat 13:00:56 Step:1343} Server_Comm.py: Received a new packet while thinking!
{Sat 13:00:56 Step:1344} Server_Comm.py: Received a new packet while thinking!
{Sat 13:00:56 Step:1347} Server_Comm.py: The agent lost 2 consecutive packets! Is syncmode disabled?
{Sat 13:00:56 Step:1347} Server_Comm.py: Received a new packet while thinking!
{Sat 13:00:56 Step:1348} Server_Comm.py: Received a new packet while thinking!
{Sat 13:00:57 Step:1349} Server_Comm.py: Received a new packet while on world.update()!
{Sat 13:00:57 Step:1351} Server_Comm.py: Received a new packet while thinking!
{Sat 13:00:57 Step:1352} Server_Comm.py: Received a new packet while thinking!
{Sat 13:00:57 Step:1356} Server_Comm.py: The agent lost 3 consecutive packets! Is syncmode disabled?
{Sat 13:00:57 Step:1357} Server_Comm.py: Received a new packet while on world.update()!
{Sat 13:00:58 Step:1359} Server_Comm.py: Received a new packet while on world.update()!
{Sat 13:00:58 Step:1361} Server_Comm.py: Received a new packet while on world.update()!
{Sat 13:00:58 Step:1363} Server_Comm.py: Received a new packet while thinking!
{Sat 13:00:58 Step:1364} Server_Comm.py: Received a new packet while thinking!
{Sat 13:00:58 Step:1365} Server_Comm.py: Received a new packet while on world.update()!
{Sat 13:00:58 Step:1367} Server_Comm.py: Received a new packet while thinking!
{Sat 13:00:58 Step:1368} Server_Comm.py: Received a new packet while thinking!
{Sat 13:00:58 Step:1369} Server_Comm.py: Received a new packet while on world.update()!
{Sat 13:00:58 Step:1371} Server_Comm.py: Received a new packet while thinking!
{Sat 13:00:58 Step:1372} Server_Comm.py: Received a new packet while thinking!
{Sat 13:00:58 Step:1373} Server_Comm.py: Received a new packet while thinking!
{Sat 13:00:58 Step:1374} Server_Comm.py: Received a new packet while thinking!
{Sat 13:00:58 Step:1375} Server_Comm.py: Received a new packet while thinking!
{Sat 13:00:59 Step:1376} Server_Comm.py: Received a new packet while thinking!
{Sat 13:00:59 Step:1377} Server_Comm.py: Received a new packet while thinking!
{Sat 13:00:59 Step:1378} Server_Comm.py: Received a new packet while thinking!
{Sat 13:00:59 Step:1379} Server_Comm.py: Received a new packet while on world.update()!
{Sat 13:00:59 Step:1381} Server_Comm.py: Received a new packet while thinking!
{Sat 13:00:59 Step:1382} Server_Comm.py: Received a new packet while thinking!
{Sat 13:00:59 Step:1383} Server_Comm.py: Received a new packet while on world.update()!
{Sat 13:00:59 Step:1385} Server_Comm.py: Received a new packet while thinking!
{Sat 13:00:59 Step:1386} Server_Comm.py: Received a new packet while thinking!
{Sat 13:00:59 Step:1388} Server_Comm.py: The agent lost 1 packet! Is syncmode enabled?
{Sat 13:00:59 Step:1388} Server_Comm.py: Received a new packet while thinking!
{Sat 13:00:59 Step:1390} Server_Comm.py: The agent lost 1 packet! Is syncmode enabled?
{Sat 13:00:59 Step:1390} Server_Comm.py: Received a new packet while thinking!
{Sat 13:00:59 Step:1392} Server_Comm.py: The agent lost 1 packet! Is syncmode enabled?
{Sat 13:00:59 Step:1393} Server_Comm.py: Received a new packet while on world.update()!
{Sat 13:01:00 Step:1395} Server_Comm.py: Received a new packet while on world.update()!
{Sat 13:01:00 Step:1397} Server_Comm.py: Received a new packet while thinking!
{Sat 13:01:00 Step:1398} Server_Comm.py: Received a new packet while thinking!
{Sat 13:01:00 Step:1400} Server_Comm.py: The agent lost 1 packet! Is syncmode enabled?
{Sat 13:01:00 Step:1400} Server_Comm.py: Received a new packet while thinking!
{Sat 13:01:00 Step:1402} Server_Comm.py: The agent lost 1 packet! Is syncmode enabled?
{Sat 13:01:00 Step:1405} Server_Comm.py: Received a new packet while thinking!
{Sat 13:01:00 Step:1407} Server_Comm.py: The agent lost 1 packet! Is syncmode enabled?
{Sat 13:01:01 Step:1413} Server_Comm.py: Received a new packet while thinking!
{Sat 13:01:01 Step:1421} Server_Comm.py: Received a new packet while thinking!
{Sat 13:01:02 Step:1424} Server_Comm.py: The agent lost 2 consecutive packets! Is syncmode disabled?
{Sat 13:01:02 Step:1424} Server_Comm.py: Received a new packet while on world.update()!
{Sat 13:01:02 Step:1425} Server_Comm.py: Received a new packet while thinking!
{Sat 13:01:02 Step:1426} Server_Comm.py: Received a new packet while thinking!
{Sat 13:01:02 Step:1428} Server_Comm.py: The agent lost 1 packet! Is syncmode enabled?
{Sat 13:01:03 Step:1439} Server_Comm.py: Received a new packet while thinking!
{Sat 13:01:03 Step:1441} Server_Comm.py: The agent lost 1 packet! Is syncmode enabled?
{Sat 13:01:03 Step:1441} Server_Comm.py: Received a new packet while thinking!
{Sat 13:01:03 Step:1444} Server_Comm.py: The agent lost 2 consecutive packets! Is syncmode disabled?
{Sat 13:01:03 Step:1444} Server_Comm.py: Received a new packet while thinking!
{Sat 13:01:03 Step:1446} Server_Comm.py: The agent lost 1 packet! Is syncmode enabled?
{Sat 13:01:03 Step:1447} Server_Comm.py: Received a new packet while on world.update()!
{Sat 13:01:03 Step:1449} Server_Comm.py: Received a new packet while on world.update()!
{Sat 13:01:03 Step:1451} Server_Comm.py: Received a new packet while thinking!
{Sat 13:01:03 Step:1452} Server_Comm.py: Received a new packet while thinking!
{Sat 13:01:03 Step:1453} Server_Comm.py: Received a new packet while thinking!
{Sat 13:01:03 Step:1454} Server_Comm.py: Received a new packet while thinking!
{Sat 13:01:03 Step:1455} Server_Comm.py: Received a new packet while thinking!
{Sat 13:01:04 Step:1456} Server_Comm.py: Received a new packet while thinking!
{Sat 13:01:04 Step:1458} Server_Comm.py: The agent lost 1 packet! Is syncmode enabled?
