{Sat 12:59:26 Step:25} Server_Comm.py: Received a new packet while thinking!
{Sat 12:59:26 Step:26} Server_Comm.py: Received a new packet while thinking!
{Sat 12:59:27 Step:27} Server_Comm.py: Received a new packet while thinking!
{Sat 12:59:27 Step:28} Server_Comm.py: Received a new packet while thinking!
{Sat 12:59:27 Step:29} Server_Comm.py: Received a new packet while on world.update()!
{Sat 12:59:27 Step:35} Server_Comm.py: Received a new packet while thinking!
{Sat 12:59:27 Step:36} Server_Comm.py: Received a new packet while thinking!
{Sat 12:59:27 Step:37} Server_Comm.py: Received a new packet while thinking!
{Sat 12:59:27 Step:38} Server_Comm.py: Received a new packet while thinking!
{Sat 12:59:27 Step:39} Server_Comm.py: Received a new packet while thinking!
{Sat 12:59:27 Step:40} Server_Comm.py: Received a new packet while thinking!
{Sat 12:59:27 Step:42} Server_Comm.py: The agent lost 1 packet! Is syncmode enabled?
{Sat 12:59:28 Step:57} Server_Comm.py: Received a new packet while thinking!
{Sat 12:59:28 Step:59} Server_Comm.py: Received a new packet while thinking!
{Sat 12:59:28 Step:60} Server_Comm.py: Received a new packet while thinking!
{Sat 12:59:28 Step:62} Server_Comm.py: The agent lost 1 packet! Is syncmode enabled?
{Sat 12:59:28 Step:69} Server_Comm.py: Received a new packet while thinking!
{Sat 12:59:29 Step:77} Server_Comm.py: Received a new packet while thinking!
{Sat 12:59:29 Step:78} Server_Comm.py: Received a new packet while thinking!
{Sat 12:59:29 Step:79} Server_Comm.py: Received a new packet while thinking!
{Sat 12:59:29 Step:80} Server_Comm.py: Received a new packet while thinking!
{Sat 12:59:29 Step:81} Server_Comm.py: Received a new packet while thinking!
{Sat 12:59:29 Step:82} Server_Comm.py: Received a new packet while thinking!
{Sat 12:59:29 Step:83} Server_Comm.py: Received a new packet while on world.update()!
{Sat 12:59:29 Step:85} Server_Comm.py: Received a new packet while thinking!
{Sat 12:59:29 Step:86} Server_Comm.py: Received a new packet while thinking!
{Sat 12:59:29 Step:88} Server_Comm.py: The agent lost 1 packet! Is syncmode enabled?
{Sat 12:59:29 Step:89} Server_Comm.py: Received a new packet while thinking!
{Sat 12:59:29 Step:90} Server_Comm.py: Received a new packet while thinking!
{Sat 12:59:29 Step:92} Server_Comm.py: The agent lost 1 packet! Is syncmode enabled?
{Sat 12:59:29 Step:92} Server_Comm.py: Received a new packet while on world.update()!
{Sat 12:59:29 Step:93} Server_Comm.py: Received a new packet while thinking!
{Sat 12:59:29 Step:94} Server_Comm.py: Received a new packet while thinking!
{Sat 12:59:29 Step:96} Server_Comm.py: The agent lost 1 packet! Is syncmode enabled?
{Sat 12:59:29 Step:96} Server_Comm.py: Received a new packet while on world.update()!
{Sat 12:59:29 Step:97} Server_Comm.py: Received a new packet while thinking!
{Sat 12:59:29 Step:98} Server_Comm.py: Received a new packet while thinking!
{Sat 12:59:30 Step:100} Server_Comm.py: The agent lost 1 packet! Is syncmode enabled?
{Sat 12:59:30 Step:101} Server_Comm.py: Received a new packet while on world.update()!
{Sat 12:59:30 Step:102} Server_Comm.py: Received a new packet while thinking!
{Sat 12:59:30 Step:103} Server_Comm.py: Received a new packet while on world.update()!
{Sat 12:59:30 Step:105} Server_Comm.py: Received a new packet while thinking!
{Sat 12:59:30 Step:106} Server_Comm.py: Received a new packet while thinking!
{Sat 12:59:30 Step:107} Server_Comm.py: Received a new packet while thinking!
{Sat 12:59:30 Step:108} Server_Comm.py: Received a new packet while thinking!
{Sat 12:59:30 Step:109} Server_Comm.py: Received a new packet while thinking!
{Sat 12:59:30 Step:110} Server_Comm.py: Received a new packet while thinking!
{Sat 12:59:30 Step:111} Server_Comm.py: Received a new packet while thinking!
{Sat 12:59:30 Step:112} Server_Comm.py: Received a new packet while thinking!
{Sat 12:59:30 Step:113} Server_Comm.py: Received a new packet while thinking!
{Sat 12:59:30 Step:114} Server_Comm.py: Received a new packet while thinking!
{Sat 12:59:30 Step:115} Server_Comm.py: Received a new packet while thinking!
{Sat 12:59:30 Step:116} Server_Comm.py: Received a new packet while thinking!
{Sat 12:59:30 Step:117} Server_Comm.py: Received a new packet while on world.update()!
{Sat 12:59:31 Step:123} Server_Comm.py: Received a new packet while on world.update()!
{Sat 12:59:31 Step:129} Server_Comm.py: Received a new packet while thinking!
{Sat 12:59:31 Step:130} Server_Comm.py: Received a new packet while thinking!
{Sat 12:59:31 Step:131} Server_Comm.py: Received a new packet while thinking!
{Sat 12:59:31 Step:132} Server_Comm.py: Received a new packet while on world.update()!
{Sat 12:59:31 Step:133} Server_Comm.py: Received a new packet while thinking!
{Sat 12:59:31 Step:134} Server_Comm.py: Received a new packet while thinking!
{Sat 12:59:31 Step:136} Server_Comm.py: The agent lost 1 packet! Is syncmode enabled?
{Sat 12:59:31 Step:139} Server_Comm.py: Received a new packet while thinking!
{Sat 12:59:31 Step:140} Server_Comm.py: Received a new packet while thinking!
{Sat 12:59:31 Step:141} Server_Comm.py: Received a new packet while thinking!
{Sat 12:59:32 Step:142} Server_Comm.py: Received a new packet while thinking!
{Sat 12:59:32 Step:143} Server_Comm.py: Received a new packet while on world.update()!
{Sat 12:59:32 Step:155} Server_Comm.py: Received a new packet while thinking!
{Sat 12:59:32 Step:156} Server_Comm.py: Received a new packet while thinking!
{Sat 12:59:32 Step:158} Server_Comm.py: The agent lost 1 packet! Is syncmode enabled?
{Sat 12:59:32 Step:163} Server_Comm.py: Received a new packet while thinking!
{Sat 12:59:33 Step:164} Server_Comm.py: Received a new packet while thinking!
{Sat 12:59:33 Step:166} Server_Comm.py: The agent lost 1 packet! Is syncmode enabled?
{Sat 12:59:33 Step:183} Server_Comm.py: Received a new packet while thinking!
{Sat 12:59:33 Step:184} Server_Comm.py: Received a new packet while thinking!
{Sat 12:59:33 Step:186} Server_Comm.py: The agent lost 1 packet! Is syncmode enabled?
{Sat 12:59:33 Step:187} Server_Comm.py: Received a new packet while thinking!
{Sat 12:59:34 Step:188} Server_Comm.py: Received a new packet while thinking!
{Sat 12:59:34 Step:190} Server_Comm.py: The agent lost 1 packet! Is syncmode enabled?
{Sat 12:59:34 Step:190} Server_Comm.py: Received a new packet while on world.update()!
{Sat 12:59:34 Step:195} Server_Comm.py: Received a new packet while thinking!
{Sat 12:59:34 Step:196} Server_Comm.py: Received a new packet while thinking!
{Sat 12:59:34 Step:198} Server_Comm.py: The agent lost 1 packet! Is syncmode enabled?
{Sat 12:59:34 Step:199} Server_Comm.py: Received a new packet while thinking!
{Sat 12:59:34 Step:200} Server_Comm.py: Received a new packet while thinking!
{Sat 12:59:34 Step:201} Server_Comm.py: Received a new packet while on world.update()!
{Sat 12:59:34 Step:203} Server_Comm.py: Received a new packet while on world.update()!
{Sat 12:59:34 Step:205} Server_Comm.py: Received a new packet while thinking!
{Sat 12:59:34 Step:206} Server_Comm.py: Received a new packet while thinking!
{Sat 12:59:34 Step:208} Server_Comm.py: The agent lost 1 packet! Is syncmode enabled?
{Sat 12:59:35 Step:215} Server_Comm.py: Received a new packet while thinking!
{Sat 12:59:35 Step:216} Server_Comm.py: Received a new packet while thinking!
{Sat 12:59:35 Step:217} Server_Comm.py: Received a new packet while thinking!
{Sat 12:59:35 Step:218} Server_Comm.py: Received a new packet while thinking!
{Sat 12:59:35 Step:219} Server_Comm.py: Received a new packet while on world.update()!
{Sat 12:59:35 Step:223} Server_Comm.py: Received a new packet while thinking!
{Sat 12:59:35 Step:224} Server_Comm.py: Received a new packet while thinking!
{Sat 12:59:35 Step:225} Server_Comm.py: Received a new packet while thinking!
{Sat 12:59:35 Step:226} Server_Comm.py: Received a new packet while thinking!
{Sat 12:59:35 Step:227} Server_Comm.py: Received a new packet while thinking!
{Sat 12:59:35 Step:228} Server_Comm.py: Received a new packet while thinking!
{Sat 12:59:35 Step:229} Server_Comm.py: Received a new packet while on world.update()!
{Sat 12:59:35 Step:233} Server_Comm.py: Received a new packet while thinking!
{Sat 12:59:36 Step:235} Server_Comm.py: Received a new packet while thinking!
{Sat 12:59:36 Step:236} Server_Comm.py: Received a new packet while thinking!
{Sat 12:59:36 Step:238} Server_Comm.py: The agent lost 1 packet! Is syncmode enabled?
{Sat 12:59:36 Step:239} Server_Comm.py: Received a new packet while thinking!
{Sat 12:59:36 Step:240} Server_Comm.py: Received a new packet while thinking!
{Sat 12:59:36 Step:241} Server_Comm.py: Received a new packet while thinking!
{Sat 12:59:36 Step:242} Server_Comm.py: Received a new packet while thinking!
{Sat 12:59:36 Step:243} Server_Comm.py: Received a new packet while thinking!
{Sat 12:59:36 Step:244} Server_Comm.py: Received a new packet while thinking!
{Sat 12:59:36 Step:245} Server_Comm.py: Received a new packet while thinking!
{Sat 12:59:36 Step:246} Server_Comm.py: Received a new packet while thinking!
{Sat 12:59:36 Step:247} Server_Comm.py: Received a new packet while thinking!
{Sat 12:59:36 Step:248} Server_Comm.py: Received a new packet while thinking!
{Sat 12:59:36 Step:250} Server_Comm.py: The agent lost 1 packet! Is syncmode enabled?
{Sat 12:59:36 Step:253} Server_Comm.py: Received a new packet while thinking!
{Sat 12:59:36 Step:254} Server_Comm.py: Received a new packet while thinking!
{Sat 12:59:36 Step:256} Server_Comm.py: The agent lost 1 packet! Is syncmode enabled?
{Sat 12:59:36 Step:256} Server_Comm.py: Received a new packet while thinking!
{Sat 12:59:36 Step:258} Server_Comm.py: The agent lost 1 packet! Is syncmode enabled?
{Sat 12:59:37 Step:258} Server_Comm.py: Received a new packet while thinking!
{Sat 12:59:37 Step:260} Server_Comm.py: The agent lost 1 packet! Is syncmode enabled?
{Sat 12:59:37 Step:261} Server_Comm.py: Received a new packet while thinking!
{Sat 12:59:37 Step:262} Server_Comm.py: Received a new packet while thinking!
{Sat 12:59:37 Step:264} Server_Comm.py: The agent lost 1 packet! Is syncmode enabled?
{Sat 12:59:37 Step:267} Server_Comm.py: Received a new packet while thinking!
{Sat 12:59:37 Step:268} Server_Comm.py: Received a new packet while thinking!
{Sat 12:59:37 Step:270} Server_Comm.py: The agent lost 1 packet! Is syncmode enabled?
{Sat 12:59:37 Step:271} Server_Comm.py: Received a new packet while on world.update()!
{Sat 12:59:37 Step:273} Server_Comm.py: Received a new packet while thinking!
{Sat 12:59:37 Step:274} Server_Comm.py: Received a new packet while thinking!
{Sat 12:59:37 Step:275} Server_Comm.py: Received a new packet while thinking!
{Sat 12:59:37 Step:276} Server_Comm.py: Received a new packet while thinking!
{Sat 12:59:37 Step:277} Server_Comm.py: Received a new packet while thinking!
{Sat 12:59:37 Step:278} Server_Comm.py: Received a new packet while thinking!
{Sat 12:59:37 Step:279} Server_Comm.py: Received a new packet while thinking!
{Sat 12:59:38 Step:280} Server_Comm.py: Received a new packet while thinking!
{Sat 12:59:38 Step:282} Server_Comm.py: The agent lost 1 packet! Is syncmode enabled?
{Sat 12:59:38 Step:291} Server_Comm.py: Received a new packet while thinking!
{Sat 12:59:38 Step:292} Server_Comm.py: Received a new packet while thinking!
{Sat 12:59:38 Step:294} Server_Comm.py: The agent lost 1 packet! Is syncmode enabled?
{Sat 12:59:38 Step:294} Server_Comm.py: Received a new packet while thinking!
{Sat 12:59:38 Step:296} Server_Comm.py: The agent lost 1 packet! Is syncmode enabled?
{Sat 12:59:38 Step:296} Server_Comm.py: Received a new packet while thinking!
{Sat 12:59:38 Step:298} Server_Comm.py: The agent lost 1 packet! Is syncmode enabled?
{Sat 12:59:39 Step:301} Server_Comm.py: Received a new packet while thinking!
{Sat 12:59:39 Step:304} Server_Comm.py: The agent lost 2 consecutive packets! Is syncmode disabled?
{Sat 12:59:39 Step:305} Server_Comm.py: Received a new packet while thinking!
{Sat 12:59:39 Step:306} Server_Comm.py: Received a new packet while thinking!
{Sat 12:59:39 Step:307} Server_Comm.py: Received a new packet while thinking!
{Sat 12:59:39 Step:308} Server_Comm.py: Received a new packet while thinking!
{Sat 12:59:39 Step:309} Server_Comm.py: Received a new packet while on world.update()!
{Sat 12:59:39 Step:313} Server_Comm.py: Received a new packet while thinking!
{Sat 12:59:39 Step:314} Server_Comm.py: Received a new packet while thinking!
{Sat 12:59:39 Step:315} Server_Comm.py: Received a new packet while thinking!
{Sat 12:59:39 Step:316} Server_Comm.py: Received a new packet while thinking!
{Sat 12:59:39 Step:318} Server_Comm.py: The agent lost 1 packet! Is syncmode enabled?
{Sat 12:59:40 Step:329} Server_Comm.py: Received a new packet while thinking!
{Sat 12:59:40 Step:330} Server_Comm.py: Received a new packet while thinking!
{Sat 12:59:40 Step:331} Server_Comm.py: Received a new packet while on world.update()!
{Sat 12:59:40 Step:339} Server_Comm.py: Received a new packet while thinking!
{Sat 12:59:40 Step:340} Server_Comm.py: Received a new packet while thinking!
{Sat 12:59:40 Step:342} Server_Comm.py: The agent lost 1 packet! Is syncmode enabled?
{Sat 12:59:40 Step:342} Server_Comm.py: Received a new packet while thinking!
{Sat 12:59:40 Step:345} Server_Comm.py: The agent lost 2 consecutive packets! Is syncmode disabled?
{Sat 12:59:41 Step:349} Server_Comm.py: Received a new packet while thinking!
{Sat 12:59:41 Step:350} Server_Comm.py: Received a new packet while thinking!
{Sat 12:59:41 Step:351} Server_Comm.py: Received a new packet while thinking!
{Sat 12:59:41 Step:352} Server_Comm.py: Received a new packet while thinking!
{Sat 12:59:41 Step:353} Server_Comm.py: Received a new packet while thinking!
{Sat 12:59:41 Step:354} Server_Comm.py: Received a new packet while thinking!
{Sat 12:59:41 Step:356} Server_Comm.py: The agent lost 1 packet! Is syncmode enabled?
{Sat 12:59:41 Step:357} Server_Comm.py: Received a new packet while thinking!
{Sat 12:59:41 Step:361} Server_Comm.py: Received a new packet while thinking!
{Sat 12:59:41 Step:362} Server_Comm.py: Received a new packet while thinking!
{Sat 12:59:41 Step:363} Server_Comm.py: Received a new packet while on world.update()!
{Sat 12:59:42 Step:381} Server_Comm.py: Received a new packet while thinking!
{Sat 12:59:42 Step:382} Server_Comm.py: Received a new packet while thinking!
{Sat 12:59:42 Step:383} Server_Comm.py: Received a new packet while thinking!
{Sat 12:59:42 Step:384} Server_Comm.py: Received a new packet while thinking!
{Sat 12:59:42 Step:385} Server_Comm.py: Received a new packet while thinking!
{Sat 12:59:42 Step:386} Server_Comm.py: Received a new packet while thinking!
{Sat 12:59:42 Step:389} Server_Comm.py: The agent lost 2 consecutive packets! Is syncmode disabled?
{Sat 12:59:43 Step:391} Server_Comm.py: Received a new packet while on world.update()!
{Sat 12:59:43 Step:392} Server_Comm.py: Received a new packet while thinking!
{Sat 12:59:43 Step:394} Server_Comm.py: The agent lost 1 packet! Is syncmode enabled?
{Sat 12:59:43 Step:395} Server_Comm.py: Received a new packet while thinking!
{Sat 12:59:43 Step:396} Server_Comm.py: Received a new packet while thinking!
{Sat 12:59:43 Step:398} Server_Comm.py: The agent lost 1 packet! Is syncmode enabled?
{Sat 12:59:43 Step:398} Server_Comm.py: Received a new packet while thinking!
{Sat 12:59:43 Step:400} Server_Comm.py: The agent lost 1 packet! Is syncmode enabled?
{Sat 12:59:43 Step:403} Server_Comm.py: Received a new packet while thinking!
{Sat 12:59:43 Step:404} Server_Comm.py: Received a new packet while thinking!
{Sat 12:59:43 Step:406} Server_Comm.py: The agent lost 1 packet! Is syncmode enabled?
{Sat 12:59:44 Step:407} Server_Comm.py: Received a new packet while on world.update()!
{Sat 12:59:44 Step:415} Server_Comm.py: Received a new packet while thinking!
{Sat 12:59:44 Step:416} Server_Comm.py: Received a new packet while thinking!
{Sat 12:59:44 Step:417} Server_Comm.py: Received a new packet while thinking!
{Sat 12:59:44 Step:418} Server_Comm.py: Received a new packet while thinking!
{Sat 12:59:44 Step:420} Server_Comm.py: The agent lost 1 packet! Is syncmode enabled?
{Sat 12:59:45 Step:431} Server_Comm.py: Received a new packet while thinking!
{Sat 12:59:45 Step:434} Server_Comm.py: The agent lost 2 consecutive packets! Is syncmode disabled?
{Sat 12:59:45 Step:439} Server_Comm.py: Received a new packet while thinking!
{Sat 12:59:45 Step:440} Server_Comm.py: Received a new packet while thinking!
{Sat 12:59:45 Step:441} Server_Comm.py: Received a new packet while thinking!
{Sat 12:59:45 Step:442} Server_Comm.py: Received a new packet while thinking!
{Sat 12:59:45 Step:443} Server_Comm.py: Received a new packet while on world.update()!
{Sat 12:59:45 Step:445} Server_Comm.py: Received a new packet while on world.update()!
{Sat 12:59:46 Step:449} Server_Comm.py: Received a new packet while thinking!
{Sat 12:59:46 Step:450} Server_Comm.py: Received a new packet while thinking!
{Sat 12:59:46 Step:452} Server_Comm.py: The agent lost 1 packet! Is syncmode enabled?
{Sat 12:59:46 Step:452} Server_Comm.py: Received a new packet while thinking!
{Sat 12:59:46 Step:454} Server_Comm.py: The agent lost 1 packet! Is syncmode enabled?
{Sat 12:59:46 Step:455} Server_Comm.py: Received a new packet while on world.update()!
{Sat 12:59:46 Step:457} Server_Comm.py: Received a new packet while on world.update()!
{Sat 12:59:46 Step:461} Server_Comm.py: Received a new packet while thinking!
{Sat 12:59:46 Step:465} Server_Comm.py: Received a new packet while thinking!
{Sat 12:59:46 Step:466} Server_Comm.py: Received a new packet while thinking!
{Sat 12:59:46 Step:467} Server_Comm.py: Received a new packet while thinking!
{Sat 12:59:46 Step:468} Server_Comm.py: Received a new packet while thinking!
{Sat 12:59:46 Step:469} Server_Comm.py: Received a new packet while on world.update()!
{Sat 12:59:46 Step:471} Server_Comm.py: Received a new packet while thinking!
{Sat 12:59:47 Step:472} Server_Comm.py: Received a new packet while thinking!
{Sat 12:59:47 Step:473} Server_Comm.py: Received a new packet while thinking!
{Sat 12:59:47 Step:474} Server_Comm.py: Received a new packet while thinking!
{Sat 12:59:47 Step:476} Server_Comm.py: The agent lost 1 packet! Is syncmode enabled?
{Sat 12:59:47 Step:479} Server_Comm.py: Received a new packet while thinking!
{Sat 12:59:47 Step:481} Server_Comm.py: Received a new packet while thinking!
{Sat 12:59:47 Step:482} Server_Comm.py: Received a new packet while thinking!
{Sat 12:59:47 Step:483} Server_Comm.py: Received a new packet while on world.update()!
{Sat 12:59:47 Step:485} Server_Comm.py: Received a new packet while thinking!
{Sat 12:59:47 Step:486} Server_Comm.py: Received a new packet while thinking!
{Sat 12:59:47 Step:488} Server_Comm.py: The agent lost 1 packet! Is syncmode enabled?
{Sat 12:59:47 Step:489} Server_Comm.py: Received a new packet while on world.update()!
{Sat 12:59:47 Step:491} Server_Comm.py: Received a new packet while thinking!
{Sat 12:59:47 Step:492} Server_Comm.py: Received a new packet while thinking!
{Sat 12:59:48 Step:496} Server_Comm.py: The agent lost 3 consecutive packets! Is syncmode disabled?
{Sat 12:59:48 Step:496} Server_Comm.py: Received a new packet while thinking!
{Sat 12:59:48 Step:498} Server_Comm.py: The agent lost 1 packet! Is syncmode enabled?
{Sat 12:59:48 Step:498} Server_Comm.py: Received a new packet while thinking!
{Sat 12:59:48 Step:500} Server_Comm.py: The agent lost 1 packet! Is syncmode enabled?
{Sat 12:59:48 Step:500} Server_Comm.py: Received a new packet while thinking!
{Sat 12:59:48 Step:502} Server_Comm.py: The agent lost 1 packet! Is syncmode enabled?
{Sat 12:59:48 Step:507} Server_Comm.py: Received a new packet while thinking!
{Sat 12:59:48 Step:508} Server_Comm.py: Received a new packet while thinking!
{Sat 12:59:48 Step:510} Server_Comm.py: The agent lost 1 packet! Is syncmode enabled?
{Sat 12:59:48 Step:510} Server_Comm.py: Received a new packet while thinking!
{Sat 12:59:48 Step:512} Server_Comm.py: The agent lost 1 packet! Is syncmode enabled?
{Sat 12:59:48 Step:512} Server_Comm.py: Received a new packet while thinking!
{Sat 12:59:48 Step:513} Server_Comm.py: Received a new packet while thinking!
{Sat 12:59:48 Step:514} Server_Comm.py: Received a new packet while thinking!
{Sat 12:59:48 Step:516} Server_Comm.py: The agent lost 1 packet! Is syncmode enabled?
{Sat 12:59:49 Step:517} Server_Comm.py: Received a new packet while on world.update()!
{Sat 12:59:49 Step:519} Server_Comm.py: Received a new packet while thinking!
{Sat 12:59:49 Step:524} Server_Comm.py: The agent lost 1 packet! Is syncmode enabled?
{Sat 12:59:49 Step:527} Server_Comm.py: Received a new packet while thinking!
{Sat 12:59:49 Step:528} Server_Comm.py: Received a new packet while thinking!
{Sat 12:59:49 Step:529} Server_Comm.py: Received a new packet while on world.update()!
{Sat 12:59:49 Step:535} Server_Comm.py: Received a new packet while thinking!
{Sat 12:59:50 Step:536} Server_Comm.py: Received a new packet while thinking!
{Sat 12:59:50 Step:538} Server_Comm.py: The agent lost 1 packet! Is syncmode enabled?
{Sat 12:59:50 Step:539} Server_Comm.py: Received a new packet while thinking!
{Sat 12:59:50 Step:540} Server_Comm.py: Received a new packet while thinking!
{Sat 12:59:50 Step:541} Server_Comm.py: Received a new packet while thinking!
{Sat 12:59:50 Step:542} Server_Comm.py: Received a new packet while thinking!
{Sat 12:59:50 Step:544} Server_Comm.py: The agent lost 1 packet! Is syncmode enabled?
{Sat 12:59:50 Step:549} Server_Comm.py: Received a new packet while on world.update()!
{Sat 12:59:50 Step:553} Server_Comm.py: Received a new packet while thinking!
{Sat 12:59:51 Step:554} Server_Comm.py: Received a new packet while thinking!
{Sat 12:59:51 Step:556} Server_Comm.py: The agent lost 1 packet! Is syncmode enabled?
{Sat 12:59:51 Step:557} Server_Comm.py: Received a new packet while on world.update()!
{Sat 12:59:51 Step:559} Server_Comm.py: Received a new packet while on world.update()!
{Sat 12:59:51 Step:563} Server_Comm.py: Received a new packet while thinking!
{Sat 12:59:51 Step:564} Server_Comm.py: Received a new packet while thinking!
{Sat 12:59:51 Step:565} Server_Comm.py: Received a new packet while thinking!
{Sat 12:59:51 Step:566} Server_Comm.py: Received a new packet while thinking!
{Sat 12:59:51 Step:568} Server_Comm.py: The agent lost 1 packet! Is syncmode enabled?
{Sat 12:59:52 Step:573} Server_Comm.py: Received a new packet while thinking!
{Sat 12:59:52 Step:574} Server_Comm.py: Received a new packet while thinking!
{Sat 12:59:52 Step:575} Server_Comm.py: Received a new packet while on world.update()!
{Sat 12:59:52 Step:577} Server_Comm.py: Received a new packet while thinking!
{Sat 12:59:52 Step:578} Server_Comm.py: Received a new packet while thinking!
{Sat 12:59:52 Step:579} Server_Comm.py: Received a new packet while on world.update()!
{Sat 12:59:52 Step:581} Server_Comm.py: Received a new packet while on world.update()!
{Sat 12:59:52 Step:582} Server_Comm.py: Received a new packet while thinking!
{Sat 12:59:52 Step:583} Server_Comm.py: Received a new packet while thinking!
{Sat 12:59:52 Step:584} Server_Comm.py: Received a new packet while thinking!
{Sat 12:59:52 Step:585} Server_Comm.py: Received a new packet while on world.update()!
{Sat 12:59:53 Step:587} Server_Comm.py: Received a new packet while thinking!
{Sat 12:59:53 Step:588} Server_Comm.py: Received a new packet while thinking!
{Sat 12:59:53 Step:589} Server_Comm.py: Received a new packet while on world.update()!
{Sat 12:59:53 Step:593} Server_Comm.py: Received a new packet while thinking!
{Sat 12:59:53 Step:596} Server_Comm.py: The agent lost 2 consecutive packets! Is syncmode disabled?
{Sat 12:59:53 Step:596} Server_Comm.py: Received a new packet while thinking!
{Sat 12:59:53 Step:597} Server_Comm.py: Received a new packet while on world.update()!
{Sat 12:59:54 Step:607} Server_Comm.py: Received a new packet while thinking!
{Sat 12:59:54 Step:608} Server_Comm.py: Received a new packet while thinking!
{Sat 12:59:54 Step:610} Server_Comm.py: The agent lost 1 packet! Is syncmode enabled?
{Sat 12:59:54 Step:613} Server_Comm.py: Received a new packet while thinking!
{Sat 12:59:54 Step:614} Server_Comm.py: Received a new packet while thinking!
{Sat 12:59:54 Step:616} Server_Comm.py: The agent lost 1 packet! Is syncmode enabled?
{Sat 12:59:54 Step:617} Server_Comm.py: Received a new packet while on world.update()!
{Sat 12:59:54 Step:621} Server_Comm.py: Received a new packet while thinking!
{Sat 12:59:55 Step:625} Server_Comm.py: Received a new packet while thinking!
{Sat 12:59:55 Step:626} Server_Comm.py: Received a new packet while thinking!
{Sat 12:59:55 Step:627} Server_Comm.py: Received a new packet while on world.update()!
{Sat 12:59:55 Step:631} Server_Comm.py: Received a new packet while thinking!
{Sat 12:59:55 Step:632} Server_Comm.py: Received a new packet while thinking!
{Sat 12:59:55 Step:633} Server_Comm.py: Received a new packet while thinking!
{Sat 12:59:55 Step:634} Server_Comm.py: Received a new packet while thinking!
{Sat 12:59:55 Step:635} Server_Comm.py: Received a new packet while on world.update()!
{Sat 12:59:55 Step:637} Server_Comm.py: Received a new packet while thinking!
{Sat 12:59:55 Step:638} Server_Comm.py: Received a new packet while thinking!
{Sat 12:59:55 Step:639} Server_Comm.py: Received a new packet while thinking!
{Sat 12:59:55 Step:640} Server_Comm.py: Received a new packet while thinking!
{Sat 12:59:55 Step:641} Server_Comm.py: Received a new packet while thinking!
{Sat 12:59:55 Step:642} Server_Comm.py: Received a new packet while thinking!
{Sat 12:59:55 Step:644} Server_Comm.py: The agent lost 1 packet! Is syncmode enabled?
{Sat 12:59:56 Step:647} Server_Comm.py: Received a new packet while thinking!
{Sat 12:59:56 Step:648} Server_Comm.py: Received a new packet while thinking!
{Sat 12:59:56 Step:649} Server_Comm.py: Received a new packet while on world.update()!
{Sat 12:59:56 Step:651} Server_Comm.py: Received a new packet while thinking!
{Sat 12:59:56 Step:652} Server_Comm.py: Received a new packet while thinking!
{Sat 12:59:56 Step:653} Server_Comm.py: Received a new packet while thinking!
{Sat 12:59:56 Step:654} Server_Comm.py: Received a new packet while thinking!
{Sat 12:59:56 Step:656} Server_Comm.py: The agent lost 1 packet! Is syncmode enabled?
{Sat 12:59:56 Step:657} Server_Comm.py: Received a new packet while on world.update()!
{Sat 12:59:56 Step:659} Server_Comm.py: Received a new packet while on world.update()!
{Sat 12:59:56 Step:661} Server_Comm.py: Received a new packet while thinking!
{Sat 12:59:57 Step:662} Server_Comm.py: Received a new packet while thinking!
{Sat 12:59:57 Step:664} Server_Comm.py: The agent lost 1 packet! Is syncmode enabled?
{Sat 12:59:57 Step:664} Server_Comm.py: Received a new packet while thinking!
{Sat 12:59:57 Step:666} Server_Comm.py: The agent lost 1 packet! Is syncmode enabled?
{Sat 12:59:57 Step:667} Server_Comm.py: Received a new packet while thinking!
{Sat 12:59:57 Step:668} Server_Comm.py: Received a new packet while thinking!
{Sat 12:59:57 Step:670} Server_Comm.py: The agent lost 1 packet! Is syncmode enabled?
{Sat 12:59:57 Step:671} Server_Comm.py: Received a new packet while on world.update()!
{Sat 12:59:57 Step:673} Server_Comm.py: Received a new packet while thinking!
{Sat 12:59:57 Step:674} Server_Comm.py: Received a new packet while thinking!
{Sat 12:59:58 Step:675} Server_Comm.py: Received a new packet while thinking!
{Sat 12:59:58 Step:676} Server_Comm.py: Received a new packet while thinking!
{Sat 12:59:58 Step:678} Server_Comm.py: The agent lost 1 packet! Is syncmode enabled?
{Sat 12:59:58 Step:678} Server_Comm.py: Received a new packet while thinking!
{Sat 12:59:58 Step:679} Server_Comm.py: Received a new packet while thinking!
{Sat 12:59:58 Step:680} Server_Comm.py: Received a new packet while thinking!
{Sat 12:59:58 Step:681} Server_Comm.py: Received a new packet while thinking!
{Sat 12:59:58 Step:682} Server_Comm.py: Received a new packet while thinking!
{Sat 12:59:58 Step:684} Server_Comm.py: The agent lost 1 packet! Is syncmode enabled?
{Sat 12:59:58 Step:689} Server_Comm.py: Received a new packet while thinking!
{Sat 12:59:58 Step:690} Server_Comm.py: Received a new packet while thinking!
{Sat 12:59:58 Step:691} Server_Comm.py: Received a new packet while on world.update()!
{Sat 12:59:58 Step:693} Server_Comm.py: Received a new packet while thinking!
{Sat 12:59:58 Step:694} Server_Comm.py: Received a new packet while thinking!
{Sat 12:59:59 Step:695} Server_Comm.py: Received a new packet while thinking!
{Sat 12:59:59 Step:696} Server_Comm.py: Received a new packet while thinking!
{Sat 12:59:59 Step:697} Server_Comm.py: Received a new packet while thinking!
{Sat 12:59:59 Step:698} Server_Comm.py: Received a new packet while thinking!
{Sat 12:59:59 Step:700} Server_Comm.py: The agent lost 1 packet! Is syncmode enabled?
{Sat 12:59:59 Step:701} Server_Comm.py: Received a new packet while thinking!
{Sat 12:59:59 Step:707} Server_Comm.py: Received a new packet while thinking!
{Sat 12:59:59 Step:708} Server_Comm.py: Received a new packet while thinking!
{Sat 12:59:59 Step:709} Server_Comm.py: Received a new packet while thinking!
{Sat 12:59:59 Step:710} Server_Comm.py: Received a new packet while thinking!
{Sat 12:59:59 Step:711} Server_Comm.py: Received a new packet while on world.update()!
{Sat 12:59:59 Step:713} Server_Comm.py: Received a new packet while thinking!
{Sat 12:59:59 Step:714} Server_Comm.py: Received a new packet while thinking!
{Sat 13:00:00 Step:715} Server_Comm.py: Received a new packet while on world.update()!
{Sat 13:00:00 Step:716} Server_Comm.py: Received a new packet while thinking!
{Sat 13:00:00 Step:717} Server_Comm.py: Received a new packet while thinking!
{Sat 13:00:00 Step:718} Server_Comm.py: Received a new packet while thinking!
{Sat 13:00:00 Step:720} Server_Comm.py: The agent lost 1 packet! Is syncmode enabled?
{Sat 13:00:00 Step:721} Server_Comm.py: Received a new packet while thinking!
{Sat 13:00:00 Step:722} Server_Comm.py: Received a new packet while thinking!
{Sat 13:00:00 Step:723} Server_Comm.py: Received a new packet while thinking!
{Sat 13:00:00 Step:724} Server_Comm.py: Received a new packet while thinking!
{Sat 13:00:00 Step:726} Server_Comm.py: The agent lost 1 packet! Is syncmode enabled?
{Sat 13:00:00 Step:726} Server_Comm.py: Received a new packet while thinking!
{Sat 13:00:00 Step:727} Server_Comm.py: Received a new packet while thinking!
{Sat 13:00:00 Step:728} Server_Comm.py: Received a new packet while thinking!
{Sat 13:00:00 Step:729} Server_Comm.py: Received a new packet while thinking!
{Sat 13:00:00 Step:730} Server_Comm.py: Received a new packet while thinking!
{Sat 13:00:00 Step:731} Server_Comm.py: Received a new packet while thinking!
{Sat 13:00:00 Step:732} Server_Comm.py: Received a new packet while thinking!
{Sat 13:00:00 Step:734} Server_Comm.py: The agent lost 1 packet! Is syncmode enabled?
{Sat 13:00:01 Step:739} Server_Comm.py: Received a new packet while thinking!
{Sat 13:00:01 Step:740} Server_Comm.py: Received a new packet while thinking!
{Sat 13:00:01 Step:742} Server_Comm.py: The agent lost 1 packet! Is syncmode enabled?
{Sat 13:00:01 Step:742} Server_Comm.py: Received a new packet while thinking!
{Sat 13:00:01 Step:744} Server_Comm.py: The agent lost 1 packet! Is syncmode enabled?
{Sat 13:00:01 Step:745} Server_Comm.py: Received a new packet while thinking!
{Sat 13:00:01 Step:747} Server_Comm.py: Received a new packet while thinking!
{Sat 13:00:01 Step:748} Server_Comm.py: Received a new packet while thinking!
{Sat 13:00:01 Step:750} Server_Comm.py: The agent lost 1 packet! Is syncmode enabled?
{Sat 13:00:01 Step:751} Server_Comm.py: Received a new packet while thinking!
{Sat 13:00:01 Step:752} Server_Comm.py: Received a new packet while thinking!
{Sat 13:00:01 Step:753} Server_Comm.py: Received a new packet while thinking!
{Sat 13:00:01 Step:754} Server_Comm.py: Received a new packet while thinking!
{Sat 13:00:01 Step:756} Server_Comm.py: The agent lost 1 packet! Is syncmode enabled?
{Sat 13:00:02 Step:756} Server_Comm.py: Received a new packet while thinking!
{Sat 13:00:02 Step:757} Server_Comm.py: Received a new packet while thinking!
{Sat 13:00:02 Step:758} Server_Comm.py: Received a new packet while thinking!
{Sat 13:00:02 Step:760} Server_Comm.py: The agent lost 1 packet! Is syncmode enabled?
{Sat 13:00:02 Step:761} Server_Comm.py: Received a new packet while thinking!
{Sat 13:00:02 Step:763} Server_Comm.py: Received a new packet while on world.update()!
{Sat 13:00:02 Step:765} Server_Comm.py: Received a new packet while on world.update()!
{Sat 13:00:02 Step:767} Server_Comm.py: Received a new packet while thinking!
{Sat 13:00:02 Step:768} Server_Comm.py: Received a new packet while thinking!
{Sat 13:00:02 Step:770} Server_Comm.py: The agent lost 1 packet! Is syncmode enabled?
{Sat 13:00:02 Step:771} Server_Comm.py: Received a new packet while thinking!
{Sat 13:00:02 Step:772} Server_Comm.py: Received a new packet while thinking!
{Sat 13:00:02 Step:774} Server_Comm.py: The agent lost 1 packet! Is syncmode enabled?
{Sat 13:00:02 Step:775} Server_Comm.py: Received a new packet while thinking!
{Sat 13:00:03 Step:783} Server_Comm.py: Received a new packet while thinking!
{Sat 13:00:03 Step:784} Server_Comm.py: Received a new packet while thinking!
{Sat 13:00:03 Step:785} Server_Comm.py: Received a new packet while on world.update()!
{Sat 13:00:03 Step:787} Server_Comm.py: Received a new packet while thinking!
{Sat 13:00:03 Step:788} Server_Comm.py: Received a new packet while thinking!
{Sat 13:00:03 Step:790} Server_Comm.py: The agent lost 1 packet! Is syncmode enabled?
{Sat 13:00:03 Step:793} Server_Comm.py: Received a new packet while thinking!
{Sat 13:00:03 Step:796} Server_Comm.py: The agent lost 2 consecutive packets! Is syncmode disabled?
{Sat 13:00:03 Step:797} Server_Comm.py: Received a new packet while thinking!
{Sat 13:00:03 Step:798} Server_Comm.py: Received a new packet while thinking!
{Sat 13:00:03 Step:799} Server_Comm.py: Received a new packet while thinking!
{Sat 13:00:03 Step:800} Server_Comm.py: Received a new packet while thinking!
{Sat 13:00:04 Step:801} Server_Comm.py: Received a new packet while thinking!
{Sat 13:00:04 Step:802} Server_Comm.py: Received a new packet while thinking!
{Sat 13:00:04 Step:804} Server_Comm.py: The agent lost 1 packet! Is syncmode enabled?
{Sat 13:00:04 Step:804} Server_Comm.py: Received a new packet while thinking!
{Sat 13:00:04 Step:806} Server_Comm.py: The agent lost 1 packet! Is syncmode enabled?
{Sat 13:00:04 Step:806} Server_Comm.py: Received a new packet while thinking!
{Sat 13:00:04 Step:808} Server_Comm.py: The agent lost 1 packet! Is syncmode enabled?
{Sat 13:00:04 Step:808} Server_Comm.py: Received a new packet while thinking!
{Sat 13:00:04 Step:810} Server_Comm.py: The agent lost 1 packet! Is syncmode enabled?
{Sat 13:00:04 Step:813} Server_Comm.py: Received a new packet while thinking!
{Sat 13:00:04 Step:821} Server_Comm.py: Received a new packet while thinking!
{Sat 13:00:04 Step:822} Server_Comm.py: Received a new packet while thinking!
{Sat 13:00:04 Step:823} Server_Comm.py: Received a new packet while thinking!
{Sat 13:00:05 Step:824} Server_Comm.py: Received a new packet while thinking!
{Sat 13:00:05 Step:825} Server_Comm.py: Received a new packet while thinking!
{Sat 13:00:05 Step:826} Server_Comm.py: Received a new packet while thinking!
{Sat 13:00:05 Step:827} Server_Comm.py: Received a new packet while on world.update()!
{Sat 13:00:05 Step:833} Server_Comm.py: Received a new packet while thinking!
{Sat 13:00:05 Step:834} Server_Comm.py: Received a new packet while thinking!
{Sat 13:00:05 Step:836} Server_Comm.py: The agent lost 1 packet! Is syncmode enabled?
{Sat 13:00:05 Step:837} Server_Comm.py: Received a new packet while thinking!
{Sat 13:00:05 Step:841} Server_Comm.py: Received a new packet while thinking!
{Sat 13:00:05 Step:842} Server_Comm.py: Received a new packet while thinking!
{Sat 13:00:05 Step:843} Server_Comm.py: Received a new packet while thinking!
{Sat 13:00:05 Step:844} Server_Comm.py: Received a new packet while thinking!
{Sat 13:00:05 Step:845} Server_Comm.py: Received a new packet while on world.update()!
{Sat 13:00:06 Step:849} Server_Comm.py: Received a new packet while on world.update()!
{Sat 13:00:06 Step:851} Server_Comm.py: Received a new packet while thinking!
{Sat 13:00:06 Step:852} Server_Comm.py: Received a new packet while thinking!
{Sat 13:00:06 Step:854} Server_Comm.py: The agent lost 1 packet! Is syncmode enabled?
{Sat 13:00:06 Step:855} Server_Comm.py: Received a new packet while thinking!
{Sat 13:00:06 Step:857} Server_Comm.py: Received a new packet while thinking!
{Sat 13:00:06 Step:858} Server_Comm.py: Received a new packet while thinking!
{Sat 13:00:06 Step:860} Server_Comm.py: The agent lost 1 packet! Is syncmode enabled?
{Sat 13:00:06 Step:861} Server_Comm.py: Received a new packet while thinking!
{Sat 13:00:06 Step:862} Server_Comm.py: Received a new packet while thinking!
{Sat 13:00:06 Step:864} Server_Comm.py: The agent lost 1 packet! Is syncmode enabled?
{Sat 13:00:06 Step:864} Server_Comm.py: Received a new packet while thinking!
{Sat 13:00:07 Step:865} Server_Comm.py: Received a new packet while thinking!
{Sat 13:00:07 Step:866} Server_Comm.py: Received a new packet while thinking!
{Sat 13:00:07 Step:867} Server_Comm.py: Received a new packet while thinking!
{Sat 13:00:07 Step:868} Server_Comm.py: Received a new packet while thinking!
{Sat 13:00:07 Step:869} Server_Comm.py: Received a new packet while on world.update()!
{Sat 13:00:07 Step:871} Server_Comm.py: Received a new packet while thinking!
{Sat 13:00:07 Step:872} Server_Comm.py: Received a new packet while thinking!
{Sat 13:00:07 Step:873} Server_Comm.py: Received a new packet while on world.update()!
{Sat 13:00:07 Step:875} Server_Comm.py: Received a new packet while on world.update()!
{Sat 13:00:07 Step:881} Server_Comm.py: Received a new packet while thinking!
{Sat 13:00:07 Step:884} Server_Comm.py: The agent lost 2 consecutive packets! Is syncmode disabled?
{Sat 13:00:08 Step:885} Server_Comm.py: Received a new packet while thinking!
{Sat 13:00:08 Step:886} Server_Comm.py: Received a new packet while thinking!
{Sat 13:00:08 Step:889} Server_Comm.py: The agent lost 2 consecutive packets! Is syncmode disabled?
{Sat 13:00:08 Step:889} Server_Comm.py: Received a new packet while thinking!
{Sat 13:00:08 Step:890} Server_Comm.py: Received a new packet while thinking!
{Sat 13:00:08 Step:891} Server_Comm.py: Received a new packet while on world.update()!
{Sat 13:00:08 Step:893} Server_Comm.py: Received a new packet while thinking!
{Sat 13:00:08 Step:894} Server_Comm.py: Received a new packet while thinking!
{Sat 13:00:08 Step:895} Server_Comm.py: Received a new packet while thinking!
{Sat 13:00:08 Step:896} Server_Comm.py: Received a new packet while thinking!
{Sat 13:00:08 Step:898} Server_Comm.py: The agent lost 1 packet! Is syncmode enabled?
{Sat 13:00:08 Step:899} Server_Comm.py: Received a new packet while thinking!
{Sat 13:00:09 Step:900} Server_Comm.py: Received a new packet while thinking!
{Sat 13:00:09 Step:902} Server_Comm.py: The agent lost 1 packet! Is syncmode enabled?
{Sat 13:00:09 Step:902} Server_Comm.py: Received a new packet while thinking!
{Sat 13:00:09 Step:904} Server_Comm.py: The agent lost 1 packet! Is syncmode enabled?
{Sat 13:00:09 Step:909} Server_Comm.py: Received a new packet while thinking!
{Sat 13:00:09 Step:910} Server_Comm.py: Received a new packet while thinking!
{Sat 13:00:09 Step:912} Server_Comm.py: The agent lost 1 packet! Is syncmode enabled?
{Sat 13:00:09 Step:912} Server_Comm.py: Received a new packet while on world.update()!
{Sat 13:00:09 Step:913} Server_Comm.py: Received a new packet while thinking!
{Sat 13:00:09 Step:914} Server_Comm.py: Received a new packet while thinking!
{Sat 13:00:09 Step:917} Server_Comm.py: The agent lost 2 consecutive packets! Is syncmode disabled?
{Sat 13:00:09 Step:917} Server_Comm.py: Received a new packet while thinking!
{Sat 13:00:09 Step:918} Server_Comm.py: Received a new packet while thinking!
{Sat 13:00:10 Step:920} Server_Comm.py: The agent lost 1 packet! Is syncmode enabled?
{Sat 13:00:10 Step:927} Server_Comm.py: Received a new packet while on world.update()!
{Sat 13:00:10 Step:928} Server_Comm.py: Received a new packet while thinking!
{Sat 13:00:10 Step:929} Server_Comm.py: Received a new packet while thinking!
{Sat 13:00:10 Step:930} Server_Comm.py: Received a new packet while thinking!
{Sat 13:00:10 Step:932} Server_Comm.py: The agent lost 1 packet! Is syncmode enabled?
{Sat 13:00:10 Step:935} Server_Comm.py: Received a new packet while thinking!
{Sat 13:00:11 Step:937} Server_Comm.py: The agent lost 1 packet! Is syncmode enabled?
{Sat 13:00:11 Step:939} Server_Comm.py: Received a new packet while thinking!
{Sat 13:00:11 Step:945} Server_Comm.py: Received a new packet while thinking!
{Sat 13:00:11 Step:946} Server_Comm.py: Received a new packet while thinking!
{Sat 13:00:11 Step:948} Server_Comm.py: The agent lost 1 packet! Is syncmode enabled?
{Sat 13:00:11 Step:948} Server_Comm.py: Received a new packet while thinking!
{Sat 13:00:12 Step:950} Server_Comm.py: The agent lost 1 packet! Is syncmode enabled?
{Sat 13:00:12 Step:951} Server_Comm.py: Received a new packet while on world.update()!
{Sat 13:00:12 Step:953} Server_Comm.py: Received a new packet while on world.update()!
{Sat 13:00:12 Step:959} Server_Comm.py: Received a new packet while thinking!
{Sat 13:00:12 Step:961} Server_Comm.py: The agent lost 1 packet! Is syncmode enabled?
{Sat 13:00:12 Step:961} Server_Comm.py: Received a new packet while on world.update()!
{Sat 13:00:12 Step:963} Server_Comm.py: Received a new packet while thinking!
{Sat 13:00:12 Step:964} Server_Comm.py: Received a new packet while thinking!
{Sat 13:00:12 Step:966} Server_Comm.py: The agent lost 1 packet! Is syncmode enabled?
{Sat 13:00:12 Step:966} Server_Comm.py: Received a new packet while thinking!
{Sat 13:00:13 Step:969} Server_Comm.py: Received a new packet while thinking!
{Sat 13:00:13 Step:974} Server_Comm.py: The agent lost 1 packet! Is syncmode enabled?
{Sat 13:00:13 Step:974} Server_Comm.py: Received a new packet while thinking!
{Sat 13:00:13 Step:976} Server_Comm.py: The agent lost 1 packet! Is syncmode enabled?
{Sat 13:00:13 Step:981} Server_Comm.py: Received a new packet while on world.update()!
{Sat 13:00:13 Step:983} Server_Comm.py: Received a new packet while on world.update()!
{Sat 13:00:14 Step:989} Server_Comm.py: Received a new packet while thinking!
{Sat 13:00:14 Step:991} Server_Comm.py: Received a new packet while thinking!
{Sat 13:00:14 Step:992} Server_Comm.py: Received a new packet while on world.update()!
{Sat 13:00:14 Step:993} Server_Comm.py: Received a new packet while on world.update()!
{Sat 13:00:16 Step:1015} Server_Comm.py: Received a new packet while thinking!
{Sat 13:00:16 Step:1016} Server_Comm.py: Received a new packet while thinking!
{Sat 13:00:16 Step:1017} Server_Comm.py: Received a new packet while on world.update()!
{Sat 13:00:16 Step:1020} Server_Comm.py: The agent lost 1 packet! Is syncmode enabled?
{Sat 13:00:16 Step:1021} Server_Comm.py: Received a new packet while thinking!
{Sat 13:00:17 Step:1022} Server_Comm.py: Received a new packet while thinking!
{Sat 13:00:17 Step:1023} Server_Comm.py: Received a new packet while thinking!
{Sat 13:00:17 Step:1024} Server_Comm.py: Received a new packet while thinking!
{Sat 13:00:17 Step:1026} Server_Comm.py: The agent lost 1 packet! Is syncmode enabled?
{Sat 13:00:17 Step:1026} Server_Comm.py: Received a new packet while thinking!
{Sat 13:00:17 Step:1027} Server_Comm.py: Received a new packet while thinking!
{Sat 13:00:17 Step:1028} Server_Comm.py: Received a new packet while thinking!
{Sat 13:00:17 Step:1030} Server_Comm.py: The agent lost 1 packet! Is syncmode enabled?
{Sat 13:00:17 Step:1031} Server_Comm.py: Received a new packet while thinking!
{Sat 13:00:17 Step:1032} Server_Comm.py: Received a new packet while thinking!
{Sat 13:00:17 Step:1034} Server_Comm.py: The agent lost 1 packet! Is syncmode enabled?
{Sat 13:00:18 Step:1036} Server_Comm.py: The agent lost 1 packet! Is syncmode enabled?
{Sat 13:00:18 Step:1037} Server_Comm.py: Received a new packet while thinking!
{Sat 13:00:18 Step:1039} Server_Comm.py: The agent lost 1 packet! Is syncmode enabled?
{Sat 13:00:18 Step:1039} Server_Comm.py: Received a new packet while thinking!
{Sat 13:00:18 Step:1040} Server_Comm.py: Received a new packet while thinking!
{Sat 13:00:18 Step:1042} Server_Comm.py: The agent lost 1 packet! Is syncmode enabled?
{Sat 13:00:18 Step:1042} Server_Comm.py: Received a new packet while thinking!
{Sat 13:00:18 Step:1043} Server_Comm.py: Received a new packet while thinking!
{Sat 13:00:18 Step:1044} Server_Comm.py: Received a new packet while thinking!
{Sat 13:00:18 Step:1046} Server_Comm.py: The agent lost 1 packet! Is syncmode enabled?
{Sat 13:00:19 Step:1046} Server_Comm.py: Received a new packet while thinking!
{Sat 13:00:19 Step:1047} Server_Comm.py: Received a new packet while thinking!
{Sat 13:00:19 Step:1048} Server_Comm.py: Received a new packet while thinking!
{Sat 13:00:19 Step:1050} Server_Comm.py: The agent lost 1 packet! Is syncmode enabled?
{Sat 13:00:19 Step:1051} Server_Comm.py: Received a new packet while on world.update()!
{Sat 13:00:20 Step:1057} Server_Comm.py: Received a new packet while on world.update()!
{Sat 13:00:20 Step:1060} Server_Comm.py: The agent lost 1 packet! Is syncmode enabled?
{Sat 13:00:20 Step:1061} Server_Comm.py: Received a new packet while thinking!
{Sat 13:00:20 Step:1062} Server_Comm.py: Received a new packet while thinking!
{Sat 13:00:20 Step:1063} Server_Comm.py: Received a new packet while on world.update()!
{Sat 13:00:21 Step:1067} Server_Comm.py: Received a new packet while thinking!
{Sat 13:00:21 Step:1068} Server_Comm.py: Received a new packet while thinking!
{Sat 13:00:21 Step:1070} Server_Comm.py: The agent lost 1 packet! Is syncmode enabled?
{Sat 13:00:21 Step:1070} Server_Comm.py: Received a new packet while thinking!
{Sat 13:00:21 Step:1071} Server_Comm.py: Received a new packet while thinking!
{Sat 13:00:21 Step:1072} Server_Comm.py: Received a new packet while thinking!
{Sat 13:00:22 Step:1073} Server_Comm.py: Received a new packet while thinking!
{Sat 13:00:22 Step:1074} Server_Comm.py: Received a new packet while thinking!
{Sat 13:00:22 Step:1075} Server_Comm.py: Received a new packet while thinking!
{Sat 13:00:22 Step:1076} Server_Comm.py: Received a new packet while thinking!
{Sat 13:00:22 Step:1078} Server_Comm.py: The agent lost 1 packet! Is syncmode enabled?
{Sat 13:00:22 Step:1078} Server_Comm.py: Received a new packet while thinking!
{Sat 13:00:22 Step:1080} Server_Comm.py: The agent lost 1 packet! Is syncmode enabled?
{Sat 13:00:23 Step:1087} Server_Comm.py: Received a new packet while thinking!
{Sat 13:00:23 Step:1088} Server_Comm.py: Received a new packet while thinking!
{Sat 13:00:23 Step:1089} Server_Comm.py: Received a new packet while on world.update()!
{Sat 13:00:24 Step:1092} Server_Comm.py: The agent lost 1 packet! Is syncmode enabled?
{Sat 13:00:24 Step:1093} Server_Comm.py: Received a new packet while thinking!
{Sat 13:00:24 Step:1094} Server_Comm.py: Received a new packet while thinking!
{Sat 13:00:24 Step:1095} Server_Comm.py: Received a new packet while on world.update()!
{Sat 13:00:24 Step:1099} Server_Comm.py: Received a new packet while thinking!
{Sat 13:00:24 Step:1101} Server_Comm.py: Received a new packet while on world.update()!
{Sat 13:00:25 Step:1103} Server_Comm.py: Received a new packet while thinking!
{Sat 13:00:25 Step:1104} Server_Comm.py: Received a new packet while thinking!
{Sat 13:00:25 Step:1106} Server_Comm.py: The agent lost 1 packet! Is syncmode enabled?
{Sat 13:00:26 Step:1111} Server_Comm.py: Received a new packet while on world.update()!
{Sat 13:00:26 Step:1112} Server_Comm.py: Received a new packet while thinking!
{Sat 13:00:27 Step:1115} Server_Comm.py: The agent lost 2 consecutive packets! Is syncmode disabled?
{Sat 13:00:27 Step:1115} Server_Comm.py: Received a new packet while on world.update()!
{Sat 13:00:27 Step:1116} Server_Comm.py: Received a new packet while thinking!
{Sat 13:00:27 Step:1118} Server_Comm.py: The agent lost 1 packet! Is syncmode enabled?
{Sat 13:00:27 Step:1118} Server_Comm.py: Received a new packet while thinking!
{Sat 13:00:28 Step:1120} Server_Comm.py: The agent lost 1 packet! Is syncmode enabled?
{Sat 13:00:28 Step:1120} Server_Comm.py: Received a new packet while thinking!
{Sat 13:00:28 Step:1121} Server_Comm.py: Received a new packet while thinking!
{Sat 13:00:28 Step:1122} Server_Comm.py: Received a new packet while thinking!
{Sat 13:00:28 Step:1123} Server_Comm.py: Received a new packet while on world.update()!
{Sat 13:00:28 Step:1126} Server_Comm.py: The agent lost 1 packet! Is syncmode enabled?
{Sat 13:00:28 Step:1127} Server_Comm.py: Received a new packet while thinking!
{Sat 13:00:29 Step:1128} Server_Comm.py: Received a new packet while thinking!
{Sat 13:00:29 Step:1130} Server_Comm.py: The agent lost 1 packet! Is syncmode enabled?
{Sat 13:00:29 Step:1131} Server_Comm.py: Received a new packet while on world.update()!
{Sat 13:00:29 Step:1132} Server_Comm.py: Received a new packet while thinking!
{Sat 13:00:29 Step:1134} Server_Comm.py: The agent lost 1 packet! Is syncmode enabled?
{Sat 13:00:29 Step:1134} Server_Comm.py: Received a new packet while thinking!
{Sat 13:00:29 Step:1136} Server_Comm.py: The agent lost 1 packet! Is syncmode enabled?
{Sat 13:00:30 Step:1137} Server_Comm.py: Received a new packet while on world.update()!
{Sat 13:00:30 Step:1139} Server_Comm.py: Received a new packet while on world.update()!
{Sat 13:00:30 Step:1143} Server_Comm.py: Received a new packet while thinking!
{Sat 13:00:30 Step:1144} Server_Comm.py: Received a new packet while thinking!
{Sat 13:00:31 Step:1145} Server_Comm.py: Received a new packet while thinking!
{Sat 13:00:31 Step:1146} Server_Comm.py: Received a new packet while thinking!
{Sat 13:00:31 Step:1148} Server_Comm.py: The agent lost 1 packet! Is syncmode enabled?
{Sat 13:00:31 Step:1148} Server_Comm.py: Received a new packet while thinking!
{Sat 13:00:31 Step:1150} Server_Comm.py: The agent lost 1 packet! Is syncmode enabled?
{Sat 13:00:31 Step:1150} Server_Comm.py: Received a new packet while on world.update()!
{Sat 13:00:32 Step:1158} Server_Comm.py: The agent lost 1 packet! Is syncmode enabled?
{Sat 13:00:33 Step:1163} Server_Comm.py: Received a new packet while on world.update()!
{Sat 13:00:33 Step:1169} Server_Comm.py: Received a new packet while on world.update()!
{Sat 13:00:34 Step:1170} Server_Comm.py: Received a new packet while thinking!
{Sat 13:00:34 Step:1171} Server_Comm.py: Received a new packet while on world.update()!
{Sat 13:00:35 Step:1187} Server_Comm.py: Received a new packet while thinking!
{Sat 13:00:36 Step:1188} Server_Comm.py: Received a new packet while thinking!
{Sat 13:00:36 Step:1189} Server_Comm.py: Received a new packet while thinking!
{Sat 13:00:36 Step:1190} Server_Comm.py: Received a new packet while thinking!
{Sat 13:00:36 Step:1191} Server_Comm.py: Received a new packet while thinking!
{Sat 13:00:36 Step:1192} Server_Comm.py: Received a new packet while thinking!
{Sat 13:00:36 Step:1193} Server_Comm.py: Received a new packet while thinking!
{Sat 13:00:36 Step:1194} Server_Comm.py: Received a new packet while thinking!
{Sat 13:00:36 Step:1196} Server_Comm.py: The agent lost 1 packet! Is syncmode enabled?
{Sat 13:00:36 Step:1196} Server_Comm.py: Received a new packet while thinking!
{Sat 13:00:37 Step:1197} Server_Comm.py: Received a new packet while on world.update()!
{Sat 13:00:37 Step:1199} Server_Comm.py: Received a new packet while thinking!
{Sat 13:00:37 Step:1200} Server_Comm.py: Received a new packet while thinking!
{Sat 13:00:37 Step:1201} Server_Comm.py: Received a new packet while thinking!
{Sat 13:00:37 Step:1202} Server_Comm.py: Received a new packet while thinking!
{Sat 13:00:37 Step:1204} Server_Comm.py: The agent lost 1 packet! Is syncmode enabled?
{Sat 13:00:38 Step:1205} Server_Comm.py: Received a new packet while thinking!
{Sat 13:00:38 Step:1207} Server_Comm.py: Received a new packet while thinking!
{Sat 13:00:38 Step:1208} Server_Comm.py: Received a new packet while thinking!
{Sat 13:00:38 Step:1211} Server_Comm.py: The agent lost 2 consecutive packets! Is syncmode disabled?
{Sat 13:00:38 Step:1211} Server_Comm.py: Received a new packet while on world.update()!
{Sat 13:00:39 Step:1215} Server_Comm.py: Received a new packet while on world.update()!
{Sat 13:00:39 Step:1216} Server_Comm.py: Received a new packet while thinking!
{Sat 13:00:39 Step:1219} Server_Comm.py: Received a new packet while thinking!
{Sat 13:00:40 Step:1220} Server_Comm.py: Received a new packet while thinking!
{Sat 13:00:40 Step:1221} Server_Comm.py: Received a new packet while thinking!
{Sat 13:00:40 Step:1222} Server_Comm.py: Received a new packet while thinking!
{Sat 13:00:40 Step:1223} Server_Comm.py: Received a new packet while on world.update()!
{Sat 13:00:40 Step:1225} Server_Comm.py: Received a new packet while thinking!
{Sat 13:00:40 Step:1226} Server_Comm.py: Received a new packet while thinking!
{Sat 13:00:40 Step:1227} Server_Comm.py: Received a new packet while on world.update()!
{Sat 13:00:41 Step:1233} Server_Comm.py: Received a new packet while thinking!
{Sat 13:00:42 Step:1234} Server_Comm.py: Received a new packet while thinking!
{Sat 13:00:42 Step:1236} Server_Comm.py: The agent lost 1 packet! Is syncmode enabled?
{Sat 13:00:42 Step:1236} Server_Comm.py: Received a new packet while thinking!
{Sat 13:00:42 Step:1238} Server_Comm.py: The agent lost 1 packet! Is syncmode enabled?
{Sat 13:00:42 Step:1238} Server_Comm.py: Received a new packet while thinking!
{Sat 13:00:42 Step:1240} Server_Comm.py: The agent lost 1 packet! Is syncmode enabled?
{Sat 13:00:42 Step:1240} Server_Comm.py: Received a new packet while thinking!
{Sat 13:00:42 Step:1242} Server_Comm.py: The agent lost 1 packet! Is syncmode enabled?
{Sat 13:00:43 Step:1242} Server_Comm.py: Received a new packet while thinking!
{Sat 13:00:43 Step:1244} Server_Comm.py: The agent lost 1 packet! Is syncmode enabled?
{Sat 13:00:43 Step:1244} Server_Comm.py: Received a new packet while thinking!
{Sat 13:00:43 Step:1246} Server_Comm.py: The agent lost 1 packet! Is syncmode enabled?
{Sat 13:00:43 Step:1246} Server_Comm.py: Received a new packet while on world.update()!
{Sat 13:00:43 Step:1248} Server_Comm.py: The agent lost 1 packet! Is syncmode enabled?
{Sat 13:00:43 Step:1248} Server_Comm.py: Received a new packet while thinking!
{Sat 13:00:43 Step:1249} Server_Comm.py: Received a new packet while thinking!
{Sat 13:00:43 Step:1250} Server_Comm.py: Received a new packet while thinking!
{Sat 13:00:43 Step:1252} Server_Comm.py: The agent lost 1 packet! Is syncmode enabled?
{Sat 13:00:45 Step:1260} Server_Comm.py: The agent lost 1 packet! Is syncmode enabled?
{Sat 13:00:45 Step:1261} Server_Comm.py: Received a new packet while on world.update()!
{Sat 13:00:45 Step:1263} Server_Comm.py: Received a new packet while thinking!
{Sat 13:00:45 Step:1264} Server_Comm.py: Received a new packet while thinking!
{Sat 13:00:45 Step:1266} Server_Comm.py: The agent lost 1 packet! Is syncmode enabled?
{Sat 13:00:45 Step:1266} Server_Comm.py: Received a new packet while thinking!
{Sat 13:00:45 Step:1268} Server_Comm.py: The agent lost 1 packet! Is syncmode enabled?
{Sat 13:00:46 Step:1268} Server_Comm.py: Received a new packet while thinking!
{Sat 13:00:46 Step:1269} Server_Comm.py: Received a new packet while on world.update()!
{Sat 13:00:46 Step:1270} Server_Comm.py: Received a new packet while thinking!
{Sat 13:00:46 Step:1272} Server_Comm.py: The agent lost 1 packet! Is syncmode enabled?
{Sat 13:00:46 Step:1273} Server_Comm.py: Received a new packet while thinking!
{Sat 13:00:46 Step:1274} Server_Comm.py: Received a new packet while thinking!
{Sat 13:00:46 Step:1275} Server_Comm.py: Received a new packet while on world.update()!
{Sat 13:00:47 Step:1279} Server_Comm.py: Received a new packet while thinking!
{Sat 13:00:47 Step:1280} Server_Comm.py: Received a new packet while thinking!
{Sat 13:00:47 Step:1281} Server_Comm.py: Received a new packet while on world.update()!
{Sat 13:00:47 Step:1283} Server_Comm.py: Received a new packet while on world.update()!
{Sat 13:00:47 Step:1285} Server_Comm.py: Received a new packet while on world.update()!
{Sat 13:00:48 Step:1291} Server_Comm.py: Received a new packet while on world.update()!
{Sat 13:00:48 Step:1292} Server_Comm.py: Received a new packet while thinking!
{Sat 13:00:48 Step:1294} Server_Comm.py: The agent lost 1 packet! Is syncmode enabled?
{Sat 13:00:48 Step:1296} Server_Comm.py: The agent lost 1 packet! Is syncmode enabled?
{Sat 13:00:48 Step:1296} Server_Comm.py: Received a new packet while on world.update()!
{Sat 13:00:49 Step:1297} Server_Comm.py: Received a new packet while thinking!
{Sat 13:00:49 Step:1298} Server_Comm.py: Received a new packet while thinking!
{Sat 13:00:49 Step:1300} Server_Comm.py: The agent lost 1 packet! Is syncmode enabled?
{Sat 13:00:49 Step:1300} Server_Comm.py: Received a new packet while thinking!
{Sat 13:00:49 Step:1302} Server_Comm.py: The agent lost 1 packet! Is syncmode enabled?
{Sat 13:00:50 Step:1303} Server_Comm.py: Received a new packet while on world.update()!
{Sat 13:00:50 Step:1307} Server_Comm.py: Received a new packet while on world.update()!
{Sat 13:00:51 Step:1309} Server_Comm.py: Received a new packet while thinking!
{Sat 13:00:51 Step:1310} Server_Comm.py: Received a new packet while thinking!
{Sat 13:00:52 Step:1315} Server_Comm.py: The agent lost 4 consecutive packets! Is syncmode disabled?
{Sat 13:00:52 Step:1315} Server_Comm.py: Received a new packet while on world.update()!
{Sat 13:00:53 Step:1317} Server_Comm.py: Received a new packet while thinking!
{Sat 13:00:53 Step:1318} Server_Comm.py: Received a new packet while thinking!
{Sat 13:00:53 Step:1320} Server_Comm.py: The agent lost 1 packet! Is syncmode enabled?
{Sat 13:00:53 Step:1320} Server_Comm.py: Received a new packet while thinking!
{Sat 13:00:53 Step:1322} Server_Comm.py: The agent lost 1 packet! Is syncmode enabled?
{Sat 13:00:53 Step:1322} Server_Comm.py: Received a new packet while thinking!
{Sat 13:00:54 Step:1323} Server_Comm.py: Received a new packet while thinking!
{Sat 13:00:54 Step:1324} Server_Comm.py: Received a new packet while on world.update()!
{Sat 13:00:54 Step:1325} Server_Comm.py: Received a new packet while on world.update()!
{Sat 13:00:54 Step:1329} Server_Comm.py: Received a new packet while thinking!
{Sat 13:00:55 Step:1330} Server_Comm.py: Received a new packet while thinking!
{Sat 13:00:55 Step:1331} Server_Comm.py: Received a new packet while on world.update()!
{Sat 13:00:55 Step:1333} Server_Comm.py: Received a new packet while thinking!
{Sat 13:00:55 Step:1334} Server_Comm.py: Received a new packet while thinking!
{Sat 13:00:55 Step:1336} Server_Comm.py: The agent lost 1 packet! Is syncmode enabled?
{Sat 13:00:56 Step:1337} Server_Comm.py: Received a new packet while on world.update()!
{Sat 13:00:56 Step:1339} Server_Comm.py: Received a new packet while on world.update()!
{Sat 13:00:56 Step:1340} Server_Comm.py: Received a new packet while thinking!
{Sat 13:00:56 Step:1342} Server_Comm.py: The agent lost 1 packet! Is syncmode enabled?
{Sat 13:00:56 Step:1342} Server_Comm.py: Received a new packet while on world.update()!
{Sat 13:00:56 Step:1343} Server_Comm.py: Received a new packet while on world.update()!
{Sat 13:00:56 Step:1345} Server_Comm.py: The agent lost 1 packet! Is syncmode enabled?
{Sat 13:00:56 Step:1345} Server_Comm.py: Received a new packet while on world.update()!
{Sat 13:00:56 Step:1347} Server_Comm.py: Received a new packet while thinking!
{Sat 13:00:56 Step:1348} Server_Comm.py: Received a new packet while thinking!
{Sat 13:00:56 Step:1349} Server_Comm.py: Received a new packet while thinking!
{Sat 13:00:57 Step:1350} Server_Comm.py: Received a new packet while thinking!
{Sat 13:00:57 Step:1352} Server_Comm.py: The agent lost 1 packet! Is syncmode enabled?
{Sat 13:00:57 Step:1353} Server_Comm.py: Received a new packet while thinking!
{Sat 13:00:57 Step:1357} Server_Comm.py: The agent lost 3 consecutive packets! Is syncmode disabled?
{Sat 13:00:57 Step:1357} Server_Comm.py: Received a new packet while on world.update()!
{Sat 13:00:58 Step:1358} Server_Comm.py: Received a new packet while thinking!
{Sat 13:00:58 Step:1360} Server_Comm.py: The agent lost 1 packet! Is syncmode enabled?
{Sat 13:00:58 Step:1360} Server_Comm.py: Received a new packet while thinking!
{Sat 13:00:58 Step:1362} Server_Comm.py: The agent lost 1 packet! Is syncmode enabled?
{Sat 13:00:58 Step:1362} Server_Comm.py: Received a new packet while thinking!
{Sat 13:00:58 Step:1363} Server_Comm.py: Received a new packet while on world.update()!
{Sat 13:00:58 Step:1365} Server_Comm.py: Received a new packet while thinking!
{Sat 13:00:58 Step:1366} Server_Comm.py: Received a new packet while thinking!
{Sat 13:00:58 Step:1368} Server_Comm.py: The agent lost 1 packet! Is syncmode enabled?
{Sat 13:00:58 Step:1369} Server_Comm.py: Received a new packet while thinking!
{Sat 13:00:58 Step:1370} Server_Comm.py: Received a new packet while thinking!
{Sat 13:00:58 Step:1371} Server_Comm.py: Received a new packet while on world.update()!
{Sat 13:00:58 Step:1375} Server_Comm.py: Received a new packet while thinking!
{Sat 13:00:59 Step:1376} Server_Comm.py: Received a new packet while thinking!
{Sat 13:00:59 Step:1377} Server_Comm.py: Received a new packet while thinking!
{Sat 13:00:59 Step:1378} Server_Comm.py: Received a new packet while thinking!
{Sat 13:00:59 Step:1380} Server_Comm.py: The agent lost 1 packet! Is syncmode enabled?
{Sat 13:00:59 Step:1382} Server_Comm.py: The agent lost 1 packet! Is syncmode enabled?
{Sat 13:00:59 Step:1383} Server_Comm.py: Received a new packet while on world.update()!
{Sat 13:00:59 Step:1385} Server_Comm.py: Received a new packet while thinking!
{Sat 13:00:59 Step:1386} Server_Comm.py: Received a new packet while thinking!
{Sat 13:00:59 Step:1388} Server_Comm.py: The agent lost 1 packet! Is syncmode enabled?
{Sat 13:00:59 Step:1388} Server_Comm.py: Received a new packet while on world.update()!
{Sat 13:00:59 Step:1389} Server_Comm.py: Received a new packet while on world.update()!
{Sat 13:00:59 Step:1390} Server_Comm.py: Received a new packet while thinking!
{Sat 13:00:59 Step:1394} Server_Comm.py: The agent lost 3 consecutive packets! Is syncmode disabled?
{Sat 13:01:00 Step:1395} Server_Comm.py: Received a new packet while on world.update()!
{Sat 13:01:00 Step:1397} Server_Comm.py: Received a new packet while thinking!
{Sat 13:01:00 Step:1398} Server_Comm.py: Received a new packet while thinking!
{Sat 13:01:00 Step:1400} Server_Comm.py: The agent lost 1 packet! Is syncmode enabled?
{Sat 13:01:00 Step:1400} Server_Comm.py: Received a new packet while on world.update()!
{Sat 13:01:00 Step:1401} Server_Comm.py: Received a new packet while thinking!
{Sat 13:01:00 Step:1402} Server_Comm.py: Received a new packet while thinking!
{Sat 13:01:00 Step:1403} Server_Comm.py: Received a new packet while thinking!
{Sat 13:01:00 Step:1404} Server_Comm.py: Received a new packet while thinking!
{Sat 13:01:00 Step:1406} Server_Comm.py: The agent lost 1 packet! Is syncmode enabled?
{Sat 13:01:01 Step:1413} Server_Comm.py: Received a new packet while thinking!
{Sat 13:01:01 Step:1414} Server_Comm.py: Received a new packet while thinking!
{Sat 13:01:01 Step:1416} Server_Comm.py: The agent lost 1 packet! Is syncmode enabled?
{Sat 13:01:01 Step:1416} Server_Comm.py: Received a new packet while thinking!
{Sat 13:01:01 Step:1418} Server_Comm.py: The agent lost 1 packet! Is syncmode enabled?
{Sat 13:01:01 Step:1418} Server_Comm.py: Received a new packet while thinking!
{Sat 13:01:01 Step:1419} Server_Comm.py: Received a new packet while thinking!
{Sat 13:01:01 Step:1420} Server_Comm.py: Received a new packet while thinking!
{Sat 13:01:01 Step:1422} Server_Comm.py: The agent lost 1 packet! Is syncmode enabled?
{Sat 13:01:01 Step:1422} Server_Comm.py: Received a new packet while on world.update()!
{Sat 13:01:01 Step:1423} Server_Comm.py: Received a new packet while thinking!
{Sat 13:01:02 Step:1424} Server_Comm.py: Received a new packet while on world.update()!
{Sat 13:01:02 Step:1425} Server_Comm.py: Received a new packet while thinking!
{Sat 13:01:02 Step:1426} Server_Comm.py: Received a new packet while thinking!
{Sat 13:01:02 Step:1428} Server_Comm.py: The agent lost 1 packet! Is syncmode enabled?
{Sat 13:01:02 Step:1428} Server_Comm.py: Received a new packet while thinking!
{Sat 13:01:02 Step:1430} Server_Comm.py: The agent lost 1 packet! Is syncmode enabled?
{Sat 13:01:03 Step:1439} Server_Comm.py: Received a new packet while thinking!
{Sat 13:01:03 Step:1440} Server_Comm.py: Received a new packet while thinking!
{Sat 13:01:03 Step:1444} Server_Comm.py: The agent lost 3 consecutive packets! Is syncmode disabled?
{Sat 13:01:03 Step:1444} Server_Comm.py: Received a new packet while thinking!
{Sat 13:01:03 Step:1445} Server_Comm.py: Received a new packet while on world.update()!
{Sat 13:01:03 Step:1447} Server_Comm.py: Received a new packet while on world.update()!
{Sat 13:01:03 Step:1449} Server_Comm.py: The agent lost 1 packet! Is syncmode enabled?
{Sat 13:01:03 Step:1449} Server_Comm.py: Received a new packet while on world.update()!
{Sat 13:01:03 Step:1453} Server_Comm.py: Received a new packet while thinking!
{Sat 13:01:03 Step:1454} Server_Comm.py: Received a new packet while thinking!
{Sat 13:01:03 Step:1456} Server_Comm.py: The agent lost 1 packet! Is syncmode enabled?
{Sat 13:01:04 Step:1457} Server_Comm.py: Received a new packet while thinking!
